<?xml version="1.0" encoding="UTF-8"?>
<testsuite xmlns:xsi="http://www.w3.org/2001/XMLSchema-instance" xsi:noNamespaceSchemaLocation="https://maven.apache.org/surefire/maven-failsafe-plugin/xsd/failsafe-test-report-3.0.xsd" version="3.0" name="CucumberTestSuite" time="100.858" tests="7" errors="0" skipped="0" failures="0">
  <properties>
    <property name="java.specification.version" value="13"/>
    <property name="webdriver.chrome.driver" value="C:\Users\ASUS\Desktop\stupen\repo\21_Review Web UI Testing with Serenity\Praktikum\qaBooks\src\test\resources\webdriver\chromedriver.exe"/>
    <property name="sun.cpu.isalist" value="amd64"/>
    <property name="sun.jnu.encoding" value="Cp1252"/>
    <property name="java.class.path" value="C:\Users\ASUS\Desktop\stupen\repo\21_Review Web UI Testing with Serenity\Praktikum\qaBooks\target\test-classes;C:\Users\ASUS\.m2\repository\net\serenity-bdd\serenity-core\3.2.1\serenity-core-3.2.1.jar;C:\Users\ASUS\.m2\repository\net\serenity-bdd\serenity-model\3.2.1\serenity-model-3.2.1.jar;C:\Users\ASUS\.m2\repository\org\apache\commons\commons-text\1.9\commons-text-1.9.jar;C:\Users\ASUS\.m2\repository\commons-net\commons-net\3.8.0\commons-net-3.8.0.jar;C:\Users\ASUS\.m2\repository\com\google\guava\guava\31.1-jre\guava-31.1-jre.jar;C:\Users\ASUS\.m2\repository\com\google\guava\failureaccess\1.0.1\failureaccess-1.0.1.jar;C:\Users\ASUS\.m2\repository\com\google\guava\listenablefuture\9999.0-empty-to-avoid-conflict-with-guava\listenablefuture-9999.0-empty-to-avoid-conflict-with-guava.jar;C:\Users\ASUS\.m2\repository\com\google\code\findbugs\jsr305\3.0.2\jsr305-3.0.2.jar;C:\Users\ASUS\.m2\repository\org\checkerframework\checker-qual\3.12.0\checker-qual-3.12.0.jar;C:\Users\ASUS\.m2\repository\com\google\errorprone\error_prone_annotations\2.11.0\error_prone_annotations-2.11.0.jar;C:\Users\ASUS\.m2\repository\com\google\j2objc\j2objc-annotations\1.3\j2objc-annotations-1.3.jar;C:\Users\ASUS\.m2\repository\com\google\inject\guice\5.1.0\guice-5.1.0.jar;C:\Users\ASUS\.m2\repository\javax\inject\javax.inject\1\javax.inject-1.jar;C:\Users\ASUS\.m2\repository\aopalliance\aopalliance\1.0\aopalliance-1.0.jar;C:\Users\ASUS\.m2\repository\org\jsoup\jsoup\1.14.3\jsoup-1.14.3.jar;C:\Users\ASUS\.m2\repository\com\thoughtworks\xstream\xstream\1.4.19\xstream-1.4.19.jar;C:\Users\ASUS\.m2\repository\io\github\x-stream\mxparser\1.2.2\mxparser-1.2.2.jar;C:\Users\ASUS\.m2\repository\xmlpull\xmlpull\1.1.3.1\xmlpull-1.1.3.1.jar;C:\Users\ASUS\.m2\repository\io\cucumber\cucumber-java\7.2.3\cucumber-java-7.2.3.jar;C:\Users\ASUS\.m2\repository\com\typesafe\config\1.4.2\config-1.4.2.jar;C:\Users\ASUS\.m2\repository\org\imgscalr\imgscalr-lib\4.2\imgscalr-lib-4.2.jar;C:\Users\ASUS\.m2\repository\org\awaitility\awaitility\4.2.0\awaitility-4.2.0.jar;C:\Users\ASUS\.m2\repository\org\freemarker\freemarker\2.3.31\freemarker-2.3.31.jar;C:\Users\ASUS\.m2\repository\io\github\classgraph\classgraph\4.8.138\classgraph-4.8.138.jar;C:\Users\ASUS\.m2\repository\net\sourceforge\jexcelapi\jxl\2.6.12\jxl-2.6.12.jar;C:\Users\ASUS\.m2\repository\net\bytebuddy\byte-buddy\1.12.8\byte-buddy-1.12.8.jar;C:\Users\ASUS\.m2\repository\net\bytebuddy\byte-buddy-agent\1.12.8\byte-buddy-agent-1.12.8.jar;C:\Users\ASUS\.m2\repository\org\objenesis\objenesis\3.1\objenesis-3.1.jar;C:\Users\ASUS\.m2\repository\net\serenity-bdd\serenity-reports\3.2.1\serenity-reports-3.2.1.jar;C:\Users\ASUS\.m2\repository\net\serenity-bdd\serenity-stats\3.2.1\serenity-stats-3.2.1.jar;C:\Users\ASUS\.m2\repository\net\serenity-bdd\serenity-reports-configuration\3.2.1\serenity-reports-configuration-3.2.1.jar;C:\Users\ASUS\.m2\repository\com\vladsch\flexmark\flexmark-all\0.34.30\flexmark-all-0.34.30.jar;C:\Users\ASUS\.m2\repository\com\vladsch\flexmark\flexmark\0.34.30\flexmark-0.34.30.jar;C:\Users\ASUS\.m2\repository\com\vladsch\flexmark\flexmark-ext-abbreviation\0.34.30\flexmark-ext-abbreviation-0.34.30.jar;C:\Users\ASUS\.m2\repository\com\vladsch\flexmark\flexmark-ext-admonition\0.34.30\flexmark-ext-admonition-0.34.30.jar;C:\Users\ASUS\.m2\repository\com\vladsch\flexmark\flexmark-ext-anchorlink\0.34.30\flexmark-ext-anchorlink-0.34.30.jar;C:\Users\ASUS\.m2\repository\com\vladsch\flexmark\flexmark-ext-aside\0.34.30\flexmark-ext-aside-0.34.30.jar;C:\Users\ASUS\.m2\repository\com\vladsch\flexmark\flexmark-ext-attributes\0.34.30\flexmark-ext-attributes-0.34.30.jar;C:\Users\ASUS\.m2\repository\com\vladsch\flexmark\flexmark-ext-autolink\0.34.30\flexmark-ext-autolink-0.34.30.jar;C:\Users\ASUS\.m2\repository\org\nibor\autolink\autolink\0.6.0\autolink-0.6.0.jar;C:\Users\ASUS\.m2\repository\com\vladsch\flexmark\flexmark-ext-definition\0.34.30\flexmark-ext-definition-0.34.30.jar;C:\Users\ASUS\.m2\repository\com\vladsch\flexmark\flexmark-ext-emoji\0.34.30\flexmark-ext-emoji-0.34.30.jar;C:\Users\ASUS\.m2\repository\com\vladsch\flexmark\flexmark-ext-enumerated-reference\0.34.30\flexmark-ext-enumerated-reference-0.34.30.jar;C:\Users\ASUS\.m2\repository\com\vladsch\flexmark\flexmark-ext-escaped-character\0.34.30\flexmark-ext-escaped-character-0.34.30.jar;C:\Users\ASUS\.m2\repository\com\vladsch\flexmark\flexmark-ext-footnotes\0.34.30\flexmark-ext-footnotes-0.34.30.jar;C:\Users\ASUS\.m2\repository\com\vladsch\flexmark\flexmark-ext-gfm-issues\0.34.30\flexmark-ext-gfm-issues-0.34.30.jar;C:\Users\ASUS\.m2\repository\com\vladsch\flexmark\flexmark-ext-gfm-strikethrough\0.34.30\flexmark-ext-gfm-strikethrough-0.34.30.jar;C:\Users\ASUS\.m2\repository\com\vladsch\flexmark\flexmark-ext-gfm-tables\0.34.30\flexmark-ext-gfm-tables-0.34.30.jar;C:\Users\ASUS\.m2\repository\com\vladsch\flexmark\flexmark-ext-gfm-tasklist\0.34.30\flexmark-ext-gfm-tasklist-0.34.30.jar;C:\Users\ASUS\.m2\repository\com\vladsch\flexmark\flexmark-ext-gfm-users\0.34.30\flexmark-ext-gfm-users-0.34.30.jar;C:\Users\ASUS\.m2\repository\com\vladsch\flexmark\flexmark-ext-gitlab\0.34.30\flexmark-ext-gitlab-0.34.30.jar;C:\Users\ASUS\.m2\repository\com\vladsch\flexmark\flexmark-ext-jekyll-front-matter\0.34.30\flexmark-ext-jekyll-front-matter-0.34.30.jar;C:\Users\ASUS\.m2\repository\com\vladsch\flexmark\flexmark-ext-jekyll-tag\0.34.30\flexmark-ext-jekyll-tag-0.34.30.jar;C:\Users\ASUS\.m2\repository\com\vladsch\flexmark\flexmark-ext-media-tags\0.34.30\flexmark-ext-media-tags-0.34.30.jar;C:\Users\ASUS\.m2\repository\com\vladsch\flexmark\flexmark-test-util\0.34.30\flexmark-test-util-0.34.30.jar;C:\Users\ASUS\.m2\repository\com\vladsch\flexmark\flexmark-ext-ins\0.34.30\flexmark-ext-ins-0.34.30.jar;C:\Users\ASUS\.m2\repository\com\vladsch\flexmark\flexmark-ext-xwiki-macros\0.34.30\flexmark-ext-xwiki-macros-0.34.30.jar;C:\Users\ASUS\.m2\repository\com\vladsch\flexmark\flexmark-ext-superscript\0.34.30\flexmark-ext-superscript-0.34.30.jar;C:\Users\ASUS\.m2\repository\com\vladsch\flexmark\flexmark-ext-tables\0.34.30\flexmark-ext-tables-0.34.30.jar;C:\Users\ASUS\.m2\repository\com\vladsch\flexmark\flexmark-ext-toc\0.34.30\flexmark-ext-toc-0.34.30.jar;C:\Users\ASUS\.m2\repository\com\vladsch\flexmark\flexmark-ext-typographic\0.34.30\flexmark-ext-typographic-0.34.30.jar;C:\Users\ASUS\.m2\repository\com\vladsch\flexmark\flexmark-ext-wikilink\0.34.30\flexmark-ext-wikilink-0.34.30.jar;C:\Users\ASUS\.m2\repository\com\vladsch\flexmark\flexmark-ext-yaml-front-matter\0.34.30\flexmark-ext-yaml-front-matter-0.34.30.jar;C:\Users\ASUS\.m2\repository\com\vladsch\flexmark\flexmark-ext-youtube-embedded\0.34.30\flexmark-ext-youtube-embedded-0.34.30.jar;C:\Users\ASUS\.m2\repository\com\vladsch\flexmark\flexmark-formatter\0.34.30\flexmark-formatter-0.34.30.jar;C:\Users\ASUS\.m2\repository\com\vladsch\flexmark\flexmark-html-parser\0.34.30\flexmark-html-parser-0.34.30.jar;C:\Users\ASUS\.m2\repository\com\vladsch\flexmark\flexmark-jira-converter\0.34.30\flexmark-jira-converter-0.34.30.jar;C:\Users\ASUS\.m2\repository\com\vladsch\flexmark\flexmark-pdf-converter\0.34.30\flexmark-pdf-converter-0.34.30.jar;C:\Users\ASUS\.m2\repository\com\openhtmltopdf\openhtmltopdf-core\0.0.1-RC13\openhtmltopdf-core-0.0.1-RC13.jar;C:\Users\ASUS\.m2\repository\com\openhtmltopdf\openhtmltopdf-pdfbox\0.0.1-RC13\openhtmltopdf-pdfbox-0.0.1-RC13.jar;C:\Users\ASUS\.m2\repository\org\apache\pdfbox\pdfbox\2.0.8\pdfbox-2.0.8.jar;C:\Users\ASUS\.m2\repository\org\apache\pdfbox\fontbox\2.0.8\fontbox-2.0.8.jar;C:\Users\ASUS\.m2\repository\commons-logging\commons-logging\1.2\commons-logging-1.2.jar;C:\Users\ASUS\.m2\repository\org\apache\pdfbox\xmpbox\2.0.8\xmpbox-2.0.8.jar;C:\Users\ASUS\.m2\repository\de\rototor\pdfbox\graphics2d\0.12\graphics2d-0.12.jar;C:\Users\ASUS\.m2\repository\com\openhtmltopdf\openhtmltopdf-rtl-support\0.0.1-RC13\openhtmltopdf-rtl-support-0.0.1-RC13.jar;C:\Users\ASUS\.m2\repository\com\ibm\icu\icu4j\59.1\icu4j-59.1.jar;C:\Users\ASUS\.m2\repository\com\openhtmltopdf\openhtmltopdf-jsoup-dom-converter\0.0.1-RC13\openhtmltopdf-jsoup-dom-converter-0.0.1-RC13.jar;C:\Users\ASUS\.m2\repository\com\vladsch\flexmark\flexmark-profile-pegdown\0.34.30\flexmark-profile-pegdown-0.34.30.jar;C:\Users\ASUS\.m2\repository\com\vladsch\flexmark\flexmark-util\0.34.30\flexmark-util-0.34.30.jar;C:\Users\ASUS\.m2\repository\com\vladsch\flexmark\flexmark-youtrack-converter\0.34.30\flexmark-youtrack-converter-0.34.30.jar;C:\Users\ASUS\.m2\repository\es\nitaur\markdown\txtmark\0.16\txtmark-0.16.jar;C:\Users\ASUS\.m2\repository\net\serenity-bdd\serenity-report-resources\3.2.1\serenity-report-resources-3.2.1.jar;C:\Users\ASUS\.m2\repository\com\google\code\gson\gson\2.9.0\gson-2.9.0.jar;C:\Users\ASUS\.m2\repository\com\fasterxml\jackson\core\jackson-core\2.13.2\jackson-core-2.13.2.jar;C:\Users\ASUS\.m2\repository\com\fasterxml\jackson\core\jackson-databind\2.13.2\jackson-databind-2.13.2.jar;C:\Users\ASUS\.m2\repository\com\fasterxml\jackson\core\jackson-annotations\2.13.2\jackson-annotations-2.13.2.jar;C:\Users\ASUS\.m2\repository\commons-codec\commons-codec\1.15\commons-codec-1.15.jar;C:\Users\ASUS\.m2\repository\commons-io\commons-io\2.11.0\commons-io-2.11.0.jar;C:\Users\ASUS\.m2\repository\org\seleniumhq\selenium\selenium-java\4.1.2\selenium-java-4.1.2.jar;C:\Users\ASUS\.m2\repository\org\seleniumhq\selenium\selenium-devtools-v85\4.1.2\selenium-devtools-v85-4.1.2.jar;C:\Users\ASUS\.m2\repository\org\seleniumhq\selenium\selenium-devtools-v95\4.1.2\selenium-devtools-v95-4.1.2.jar;C:\Users\ASUS\.m2\repository\org\seleniumhq\selenium\selenium-devtools-v96\4.1.2\selenium-devtools-v96-4.1.2.jar;C:\Users\ASUS\.m2\repository\org\seleniumhq\selenium\selenium-devtools-v97\4.1.2\selenium-devtools-v97-4.1.2.jar;C:\Users\ASUS\.m2\repository\org\seleniumhq\selenium\selenium-firefox-xpi-driver\4.1.2\selenium-firefox-xpi-driver-4.1.2.jar;C:\Users\ASUS\.m2\repository\org\seleniumhq\selenium\selenium-opera-driver\4.1.2\selenium-opera-driver-4.1.2.jar;C:\Users\ASUS\.m2\repository\org\seleniumhq\selenium\selenium-remote-driver\4.1.2\selenium-remote-driver-4.1.2.jar;C:\Users\ASUS\.m2\repository\com\beust\jcommander\1.82\jcommander-1.82.jar;C:\Users\ASUS\.m2\repository\io\netty\netty-buffer\4.1.73.Final\netty-buffer-4.1.73.Final.jar;C:\Users\ASUS\.m2\repository\io\netty\netty-codec-http\4.1.73.Final\netty-codec-http-4.1.73.Final.jar;C:\Users\ASUS\.m2\repository\io\netty\netty-codec\4.1.73.Final\netty-codec-4.1.73.Final.jar;C:\Users\ASUS\.m2\repository\io\netty\netty-handler\4.1.73.Final\netty-handler-4.1.73.Final.jar;C:\Users\ASUS\.m2\repository\io\netty\netty-tcnative-classes\2.0.46.Final\netty-tcnative-classes-2.0.46.Final.jar;C:\Users\ASUS\.m2\repository\io\netty\netty-common\4.1.73.Final\netty-common-4.1.73.Final.jar;C:\Users\ASUS\.m2\repository\io\netty\netty-transport-classes-epoll\4.1.73.Final\netty-transport-classes-epoll-4.1.73.Final.jar;C:\Users\ASUS\.m2\repository\io\netty\netty-transport-classes-kqueue\4.1.73.Final\netty-transport-classes-kqueue-4.1.73.Final.jar;C:\Users\ASUS\.m2\repository\io\netty\netty-transport-native-epoll\4.1.73.Final\netty-transport-native-epoll-4.1.73.Final.jar;C:\Users\ASUS\.m2\repository\io\netty\netty-transport-native-kqueue\4.1.73.Final\netty-transport-native-kqueue-4.1.73.Final.jar;C:\Users\ASUS\.m2\repository\io\netty\netty-transport-native-unix-common\4.1.73.Final\netty-transport-native-unix-common-4.1.73.Final.jar;C:\Users\ASUS\.m2\repository\io\netty\netty-transport\4.1.73.Final\netty-transport-4.1.73.Final.jar;C:\Users\ASUS\.m2\repository\io\netty\netty-resolver\4.1.73.Final\netty-resolver-4.1.73.Final.jar;C:\Users\ASUS\.m2\repository\io\opentelemetry\opentelemetry-api\1.10.1\opentelemetry-api-1.10.1.jar;C:\Users\ASUS\.m2\repository\io\opentelemetry\opentelemetry-context\1.10.1\opentelemetry-context-1.10.1.jar;C:\Users\ASUS\.m2\repository\io\opentelemetry\opentelemetry-exporter-logging\1.10.1\opentelemetry-exporter-logging-1.10.1.jar;C:\Users\ASUS\.m2\repository\io\opentelemetry\opentelemetry-sdk-metrics\1.10.1-alpha\opentelemetry-sdk-metrics-1.10.1-alpha.jar;C:\Users\ASUS\.m2\repository\io\opentelemetry\opentelemetry-sdk-logs\1.10.1-alpha\opentelemetry-sdk-logs-1.10.1-alpha.jar;C:\Users\ASUS\.m2\repository\io\opentelemetry\opentelemetry-sdk-common\1.10.1\opentelemetry-sdk-common-1.10.1.jar;C:\Users\ASUS\.m2\repository\io\opentelemetry\opentelemetry-sdk-extension-autoconfigure-spi\1.10.1\opentelemetry-sdk-extension-autoconfigure-spi-1.10.1.jar;C:\Users\ASUS\.m2\repository\io\opentelemetry\opentelemetry-sdk-extension-autoconfigure\1.10.1-alpha\opentelemetry-sdk-extension-autoconfigure-1.10.1-alpha.jar;C:\Users\ASUS\.m2\repository\io\opentelemetry\opentelemetry-sdk-trace\1.10.1\opentelemetry-sdk-trace-1.10.1.jar;C:\Users\ASUS\.m2\repository\io\opentelemetry\opentelemetry-sdk\1.10.1\opentelemetry-sdk-1.10.1.jar;C:\Users\ASUS\.m2\repository\io\opentelemetry\opentelemetry-semconv\1.10.1-alpha\opentelemetry-semconv-1.10.1-alpha.jar;C:\Users\ASUS\.m2\repository\io\ous\jtoml\2.0.0\jtoml-2.0.0.jar;C:\Users\ASUS\.m2\repository\org\apache\commons\commons-exec\1.3\commons-exec-1.3.jar;C:\Users\ASUS\.m2\repository\org\asynchttpclient\async-http-client\2.12.3\async-http-client-2.12.3.jar;C:\Users\ASUS\.m2\repository\org\asynchttpclient\async-http-client-netty-utils\2.12.3\async-http-client-netty-utils-2.12.3.jar;C:\Users\ASUS\.m2\repository\io\netty\netty-codec-socks\4.1.60.Final\netty-codec-socks-4.1.60.Final.jar;C:\Users\ASUS\.m2\repository\io\netty\netty-handler-proxy\4.1.60.Final\netty-handler-proxy-4.1.60.Final.jar;C:\Users\ASUS\.m2\repository\io\netty\netty-transport-native-epoll\4.1.60.Final\netty-transport-native-epoll-4.1.60.Final-linux-x86_64.jar;C:\Users\ASUS\.m2\repository\io\netty\netty-transport-native-kqueue\4.1.60.Final\netty-transport-native-kqueue-4.1.60.Final-osx-x86_64.jar;C:\Users\ASUS\.m2\repository\org\reactivestreams\reactive-streams\1.0.3\reactive-streams-1.0.3.jar;C:\Users\ASUS\.m2\repository\com\typesafe\netty\netty-reactive-streams\2.0.4\netty-reactive-streams-2.0.4.jar;C:\Users\ASUS\.m2\repository\org\seleniumhq\selenium\selenium-http\4.1.2\selenium-http-4.1.2.jar;C:\Users\ASUS\.m2\repository\net\jodah\failsafe\2.4.4\failsafe-2.4.4.jar;C:\Users\ASUS\.m2\repository\org\seleniumhq\selenium\selenium-safari-driver\4.1.2\selenium-safari-driver-4.1.2.jar;C:\Users\ASUS\.m2\repository\org\seleniumhq\selenium\selenium-api\4.1.2\selenium-api-4.1.2.jar;C:\Users\ASUS\.m2\repository\org\seleniumhq\selenium\selenium-support\4.1.2\selenium-support-4.1.2.jar;C:\Users\ASUS\.m2\repository\com\google\auto\service\auto-service-annotations\1.0.1\auto-service-annotations-1.0.1.jar;C:\Users\ASUS\.m2\repository\com\google\auto\service\auto-service\1.0.1\auto-service-1.0.1.jar;C:\Users\ASUS\.m2\repository\com\google\auto\auto-common\1.2\auto-common-1.2.jar;C:\Users\ASUS\.m2\repository\org\seleniumhq\selenium\selenium-json\4.1.2\selenium-json-4.1.2.jar;C:\Users\ASUS\.m2\repository\org\seleniumhq\selenium\selenium-chrome-driver\4.1.2\selenium-chrome-driver-4.1.2.jar;C:\Users\ASUS\.m2\repository\org\seleniumhq\selenium\selenium-chromium-driver\4.1.2\selenium-chromium-driver-4.1.2.jar;C:\Users\ASUS\.m2\repository\org\seleniumhq\selenium\selenium-firefox-driver\4.1.2\selenium-firefox-driver-4.1.2.jar;C:\Users\ASUS\.m2\repository\org\seleniumhq\selenium\selenium-edge-driver\4.1.2\selenium-edge-driver-4.1.2.jar;C:\Users\ASUS\.m2\repository\org\seleniumhq\selenium\selenium-ie-driver\4.1.2\selenium-ie-driver-4.1.2.jar;C:\Users\ASUS\.m2\repository\org\projectlombok\lombok\1.18.20\lombok-1.18.20.jar;C:\Users\ASUS\.m2\repository\io\appium\java-client\8.0.0\java-client-8.0.0.jar;C:\Users\ASUS\.m2\repository\commons-validator\commons-validator\1.7\commons-validator-1.7.jar;C:\Users\ASUS\.m2\repository\commons-digester\commons-digester\2.1\commons-digester-2.1.jar;C:\Users\ASUS\.m2\repository\org\aspectj\aspectjweaver\1.9.8\aspectjweaver-1.9.8.jar;C:\Users\ASUS\.m2\repository\org\codehaus\groovy\groovy\3.0.10\groovy-3.0.10.jar;C:\Users\ASUS\.m2\repository\net\sf\opencsv\opencsv\2.0\opencsv-2.0.jar;C:\Users\ASUS\.m2\repository\commons-beanutils\commons-beanutils\1.9.4\commons-beanutils-1.9.4.jar;C:\Users\ASUS\.m2\repository\org\apache\commons\commons-lang3\3.12.0\commons-lang3-3.12.0.jar;C:\Users\ASUS\.m2\repository\commons-collections\commons-collections\3.2.2\commons-collections-3.2.2.jar;C:\Users\ASUS\.m2\repository\org\fluentlenium\fluentlenium-core\0.10.2\fluentlenium-core-0.10.2.jar;C:\Users\ASUS\.m2\repository\io\github\bonigarcia\webdrivermanager\5.1.0\webdrivermanager-5.1.0.jar;C:\Users\ASUS\.m2\repository\com\github\docker-java\docker-java\3.2.13\docker-java-3.2.13.jar;C:\Users\ASUS\.m2\repository\com\github\docker-java\docker-java-core\3.2.13\docker-java-core-3.2.13.jar;C:\Users\ASUS\.m2\repository\com\github\docker-java\docker-java-api\3.2.13\docker-java-api-3.2.13.jar;C:\Users\ASUS\.m2\repository\org\apache\commons\commons-compress\1.21\commons-compress-1.21.jar;C:\Users\ASUS\.m2\repository\org\bouncycastle\bcpkix-jdk15on\1.64\bcpkix-jdk15on-1.64.jar;C:\Users\ASUS\.m2\repository\org\bouncycastle\bcprov-jdk15on\1.64\bcprov-jdk15on-1.64.jar;C:\Users\ASUS\.m2\repository\org\slf4j\jcl-over-slf4j\1.7.30\jcl-over-slf4j-1.7.30.jar;C:\Users\ASUS\.m2\repository\com\github\docker-java\docker-java-transport-httpclient5\3.2.13\docker-java-transport-httpclient5-3.2.13.jar;C:\Users\ASUS\.m2\repository\com\github\docker-java\docker-java-transport\3.2.13\docker-java-transport-3.2.13.jar;C:\Users\ASUS\.m2\repository\org\apache\httpcomponents\client5\httpclient5\5.0.3\httpclient5-5.0.3.jar;C:\Users\ASUS\.m2\repository\org\apache\httpcomponents\core5\httpcore5\5.0.2\httpcore5-5.0.2.jar;C:\Users\ASUS\.m2\repository\net\java\dev\jna\jna\5.8.0\jna-5.8.0.jar;C:\Users\ASUS\.m2\repository\org\brotli\dec\0.1.2\dec-0.1.2.jar;C:\Users\ASUS\.m2\repository\com\jhlabs\filters\2.0.235\filters-2.0.235.jar;C:\Users\ASUS\.m2\repository\com\paulhammant\ngwebdriver\1.1.6\ngwebdriver-1.1.6.jar;C:\Users\ASUS\.m2\repository\joda-time\joda-time\2.8.2\joda-time-2.8.2.jar;C:\Users\ASUS\.m2\repository\org\hamcrest\hamcrest\2.2\hamcrest-2.2.jar;C:\Users\ASUS\.m2\repository\com\google\jimfs\jimfs\1.2\jimfs-1.2.jar;C:\Users\ASUS\.m2\repository\org\mockito\mockito-core\3.3.3\mockito-core-3.3.3.jar;C:\Users\ASUS\.m2\repository\javax\xml\bind\jaxb-api\2.3.1\jaxb-api-2.3.1.jar;C:\Users\ASUS\.m2\repository\javax\activation\javax.activation-api\1.2.0\javax.activation-api-1.2.0.jar;C:\Users\ASUS\.m2\repository\com\sun\xml\bind\jaxb-core\2.3.0.1\jaxb-core-2.3.0.1.jar;C:\Users\ASUS\.m2\repository\com\sun\xml\bind\jaxb-impl\2.3.3\jaxb-impl-2.3.3.jar;C:\Users\ASUS\.m2\repository\jakarta\xml\bind\jakarta.xml.bind-api\2.3.3\jakarta.xml.bind-api-2.3.3.jar;C:\Users\ASUS\.m2\repository\com\sun\activation\jakarta.activation\1.2.2\jakarta.activation-1.2.2.jar;C:\Users\ASUS\.m2\repository\javax\activation\activation\1.1.1\activation-1.1.1.jar;C:\Users\ASUS\.m2\repository\net\serenity-bdd\serenity-cucumber\3.2.1\serenity-cucumber-3.2.1.jar;C:\Users\ASUS\.m2\repository\io\cucumber\cucumber-core\7.2.3\cucumber-core-7.2.3.jar;C:\Users\ASUS\.m2\repository\io\cucumber\cucumber-gherkin\7.2.3\cucumber-gherkin-7.2.3.jar;C:\Users\ASUS\.m2\repository\io\cucumber\cucumber-gherkin-messages\7.2.3\cucumber-gherkin-messages-7.2.3.jar;C:\Users\ASUS\.m2\repository\io\cucumber\messages\17.1.1\messages-17.1.1.jar;C:\Users\ASUS\.m2\repository\io\cucumber\tag-expressions\4.1.0\tag-expressions-4.1.0.jar;C:\Users\ASUS\.m2\repository\io\cucumber\cucumber-expressions\15.0.1\cucumber-expressions-15.0.1.jar;C:\Users\ASUS\.m2\repository\io\cucumber\datatable\7.2.3\datatable-7.2.3.jar;C:\Users\ASUS\.m2\repository\io\cucumber\cucumber-plugin\7.2.3\cucumber-plugin-7.2.3.jar;C:\Users\ASUS\.m2\repository\io\cucumber\docstring\7.2.3\docstring-7.2.3.jar;C:\Users\ASUS\.m2\repository\io\cucumber\html-formatter\17.0.0\html-formatter-17.0.0.jar;C:\Users\ASUS\.m2\repository\io\cucumber\ci-environment\8.1.0\ci-environment-8.1.0.jar;C:\Users\ASUS\.m2\repository\io\cucumber\cucumber-junit\7.2.3\cucumber-junit-7.2.3.jar;C:\Users\ASUS\.m2\repository\org\apache\commons\commons-csv\1.5\commons-csv-1.5.jar;C:\Users\ASUS\.m2\repository\net\serenity-bdd\serenity-screenplay\3.2.1\serenity-screenplay-3.2.1.jar;C:\Users\ASUS\.m2\repository\net\serenity-bdd\serenity-screenplay-webdriver\3.2.1\serenity-screenplay-webdriver-3.2.1.jar;C:\Users\ASUS\.m2\repository\net\serenity-bdd\serenity-ensure\3.2.1\serenity-ensure-3.2.1.jar;C:\Users\ASUS\.m2\repository\net\serenity-bdd\serenity-junit\3.2.1\serenity-junit-3.2.1.jar;C:\Users\ASUS\.m2\repository\org\jetbrains\kotlin\kotlin-stdlib\1.6.0\kotlin-stdlib-1.6.0.jar;C:\Users\ASUS\.m2\repository\org\jetbrains\annotations\13.0\annotations-13.0.jar;C:\Users\ASUS\.m2\repository\org\jetbrains\kotlin\kotlin-stdlib-common\1.6.0\kotlin-stdlib-common-1.6.0.jar;C:\Users\ASUS\.m2\repository\org\junit\platform\junit-platform-launcher\1.8.1\junit-platform-launcher-1.8.1.jar;C:\Users\ASUS\.m2\repository\org\junit\platform\junit-platform-engine\1.8.1\junit-platform-engine-1.8.1.jar;C:\Users\ASUS\.m2\repository\org\opentest4j\opentest4j\1.2.0\opentest4j-1.2.0.jar;C:\Users\ASUS\.m2\repository\org\junit\platform\junit-platform-commons\1.8.1\junit-platform-commons-1.8.1.jar;C:\Users\ASUS\.m2\repository\org\apiguardian\apiguardian-api\1.1.2\apiguardian-api-1.1.2.jar;C:\Users\ASUS\.m2\repository\org\junit\jupiter\junit-jupiter-engine\5.8.2\junit-jupiter-engine-5.8.2.jar;C:\Users\ASUS\.m2\repository\org\junit\jupiter\junit-jupiter-api\5.8.2\junit-jupiter-api-5.8.2.jar;C:\Users\ASUS\.m2\repository\org\junit\vintage\junit-vintage-engine\5.8.2\junit-vintage-engine-5.8.2.jar;C:\Users\ASUS\.m2\repository\junit\junit\4.13.2\junit-4.13.2.jar;C:\Users\ASUS\.m2\repository\org\hamcrest\hamcrest-core\1.3\hamcrest-core-1.3.jar;C:\Users\ASUS\.m2\repository\ch\qos\logback\logback-classic\1.2.10\logback-classic-1.2.10.jar;C:\Users\ASUS\.m2\repository\ch\qos\logback\logback-core\1.2.10\logback-core-1.2.10.jar;C:\Users\ASUS\.m2\repository\org\slf4j\slf4j-api\1.7.32\slf4j-api-1.7.32.jar;C:\Users\ASUS\.m2\repository\org\assertj\assertj-core\3.6.2\assertj-core-3.6.2.jar;"/>
    <property name="java.vm.vendor" value="Oracle Corporation"/>
    <property name="sun.arch.data.model" value="64"/>
    <property name="user.variant" value=""/>
    <property name="java.vendor.url" value="https://java.oracle.com/"/>
    <property name="user.timezone" value="Asia/Jakarta"/>
    <property name="log4j2.formatMsgNoLookups" value="true"/>
    <property name="os.name" value="Windows 10"/>
    <property name="java.vm.specification.version" value="13"/>
    <property name="sun.java.launcher" value="SUN_STANDARD"/>
    <property name="user.country" value="ID"/>
    <property name="sun.boot.library.path" value="C:\Program Files\Java\jdk-13.0.2\bin"/>
    <property name="sun.java.command" value="org.apache.maven.surefire.booter.ForkedBooter C:\Users\ASUS\AppData\Local\Temp\surefire17680305211531379275 2022-10-05T17-28-54_935-jvmRun1 surefire5993116767537023450tmp surefire_016733633688321142335tmp"/>
    <property name="jdk.debug" value="release"/>
    <property name="surefire.test.class.path" value="C:\Users\ASUS\Desktop\stupen\repo\21_Review Web UI Testing with Serenity\Praktikum\qaBooks\target\test-classes;C:\Users\ASUS\.m2\repository\net\serenity-bdd\serenity-core\3.2.1\serenity-core-3.2.1.jar;C:\Users\ASUS\.m2\repository\net\serenity-bdd\serenity-model\3.2.1\serenity-model-3.2.1.jar;C:\Users\ASUS\.m2\repository\org\apache\commons\commons-text\1.9\commons-text-1.9.jar;C:\Users\ASUS\.m2\repository\commons-net\commons-net\3.8.0\commons-net-3.8.0.jar;C:\Users\ASUS\.m2\repository\com\google\guava\guava\31.1-jre\guava-31.1-jre.jar;C:\Users\ASUS\.m2\repository\com\google\guava\failureaccess\1.0.1\failureaccess-1.0.1.jar;C:\Users\ASUS\.m2\repository\com\google\guava\listenablefuture\9999.0-empty-to-avoid-conflict-with-guava\listenablefuture-9999.0-empty-to-avoid-conflict-with-guava.jar;C:\Users\ASUS\.m2\repository\com\google\code\findbugs\jsr305\3.0.2\jsr305-3.0.2.jar;C:\Users\ASUS\.m2\repository\org\checkerframework\checker-qual\3.12.0\checker-qual-3.12.0.jar;C:\Users\ASUS\.m2\repository\com\google\errorprone\error_prone_annotations\2.11.0\error_prone_annotations-2.11.0.jar;C:\Users\ASUS\.m2\repository\com\google\j2objc\j2objc-annotations\1.3\j2objc-annotations-1.3.jar;C:\Users\ASUS\.m2\repository\com\google\inject\guice\5.1.0\guice-5.1.0.jar;C:\Users\ASUS\.m2\repository\javax\inject\javax.inject\1\javax.inject-1.jar;C:\Users\ASUS\.m2\repository\aopalliance\aopalliance\1.0\aopalliance-1.0.jar;C:\Users\ASUS\.m2\repository\org\jsoup\jsoup\1.14.3\jsoup-1.14.3.jar;C:\Users\ASUS\.m2\repository\com\thoughtworks\xstream\xstream\1.4.19\xstream-1.4.19.jar;C:\Users\ASUS\.m2\repository\io\github\x-stream\mxparser\1.2.2\mxparser-1.2.2.jar;C:\Users\ASUS\.m2\repository\xmlpull\xmlpull\1.1.3.1\xmlpull-1.1.3.1.jar;C:\Users\ASUS\.m2\repository\io\cucumber\cucumber-java\7.2.3\cucumber-java-7.2.3.jar;C:\Users\ASUS\.m2\repository\com\typesafe\config\1.4.2\config-1.4.2.jar;C:\Users\ASUS\.m2\repository\org\imgscalr\imgscalr-lib\4.2\imgscalr-lib-4.2.jar;C:\Users\ASUS\.m2\repository\org\awaitility\awaitility\4.2.0\awaitility-4.2.0.jar;C:\Users\ASUS\.m2\repository\org\freemarker\freemarker\2.3.31\freemarker-2.3.31.jar;C:\Users\ASUS\.m2\repository\io\github\classgraph\classgraph\4.8.138\classgraph-4.8.138.jar;C:\Users\ASUS\.m2\repository\net\sourceforge\jexcelapi\jxl\2.6.12\jxl-2.6.12.jar;C:\Users\ASUS\.m2\repository\net\bytebuddy\byte-buddy\1.12.8\byte-buddy-1.12.8.jar;C:\Users\ASUS\.m2\repository\net\bytebuddy\byte-buddy-agent\1.12.8\byte-buddy-agent-1.12.8.jar;C:\Users\ASUS\.m2\repository\org\objenesis\objenesis\3.1\objenesis-3.1.jar;C:\Users\ASUS\.m2\repository\net\serenity-bdd\serenity-reports\3.2.1\serenity-reports-3.2.1.jar;C:\Users\ASUS\.m2\repository\net\serenity-bdd\serenity-stats\3.2.1\serenity-stats-3.2.1.jar;C:\Users\ASUS\.m2\repository\net\serenity-bdd\serenity-reports-configuration\3.2.1\serenity-reports-configuration-3.2.1.jar;C:\Users\ASUS\.m2\repository\com\vladsch\flexmark\flexmark-all\0.34.30\flexmark-all-0.34.30.jar;C:\Users\ASUS\.m2\repository\com\vladsch\flexmark\flexmark\0.34.30\flexmark-0.34.30.jar;C:\Users\ASUS\.m2\repository\com\vladsch\flexmark\flexmark-ext-abbreviation\0.34.30\flexmark-ext-abbreviation-0.34.30.jar;C:\Users\ASUS\.m2\repository\com\vladsch\flexmark\flexmark-ext-admonition\0.34.30\flexmark-ext-admonition-0.34.30.jar;C:\Users\ASUS\.m2\repository\com\vladsch\flexmark\flexmark-ext-anchorlink\0.34.30\flexmark-ext-anchorlink-0.34.30.jar;C:\Users\ASUS\.m2\repository\com\vladsch\flexmark\flexmark-ext-aside\0.34.30\flexmark-ext-aside-0.34.30.jar;C:\Users\ASUS\.m2\repository\com\vladsch\flexmark\flexmark-ext-attributes\0.34.30\flexmark-ext-attributes-0.34.30.jar;C:\Users\ASUS\.m2\repository\com\vladsch\flexmark\flexmark-ext-autolink\0.34.30\flexmark-ext-autolink-0.34.30.jar;C:\Users\ASUS\.m2\repository\org\nibor\autolink\autolink\0.6.0\autolink-0.6.0.jar;C:\Users\ASUS\.m2\repository\com\vladsch\flexmark\flexmark-ext-definition\0.34.30\flexmark-ext-definition-0.34.30.jar;C:\Users\ASUS\.m2\repository\com\vladsch\flexmark\flexmark-ext-emoji\0.34.30\flexmark-ext-emoji-0.34.30.jar;C:\Users\ASUS\.m2\repository\com\vladsch\flexmark\flexmark-ext-enumerated-reference\0.34.30\flexmark-ext-enumerated-reference-0.34.30.jar;C:\Users\ASUS\.m2\repository\com\vladsch\flexmark\flexmark-ext-escaped-character\0.34.30\flexmark-ext-escaped-character-0.34.30.jar;C:\Users\ASUS\.m2\repository\com\vladsch\flexmark\flexmark-ext-footnotes\0.34.30\flexmark-ext-footnotes-0.34.30.jar;C:\Users\ASUS\.m2\repository\com\vladsch\flexmark\flexmark-ext-gfm-issues\0.34.30\flexmark-ext-gfm-issues-0.34.30.jar;C:\Users\ASUS\.m2\repository\com\vladsch\flexmark\flexmark-ext-gfm-strikethrough\0.34.30\flexmark-ext-gfm-strikethrough-0.34.30.jar;C:\Users\ASUS\.m2\repository\com\vladsch\flexmark\flexmark-ext-gfm-tables\0.34.30\flexmark-ext-gfm-tables-0.34.30.jar;C:\Users\ASUS\.m2\repository\com\vladsch\flexmark\flexmark-ext-gfm-tasklist\0.34.30\flexmark-ext-gfm-tasklist-0.34.30.jar;C:\Users\ASUS\.m2\repository\com\vladsch\flexmark\flexmark-ext-gfm-users\0.34.30\flexmark-ext-gfm-users-0.34.30.jar;C:\Users\ASUS\.m2\repository\com\vladsch\flexmark\flexmark-ext-gitlab\0.34.30\flexmark-ext-gitlab-0.34.30.jar;C:\Users\ASUS\.m2\repository\com\vladsch\flexmark\flexmark-ext-jekyll-front-matter\0.34.30\flexmark-ext-jekyll-front-matter-0.34.30.jar;C:\Users\ASUS\.m2\repository\com\vladsch\flexmark\flexmark-ext-jekyll-tag\0.34.30\flexmark-ext-jekyll-tag-0.34.30.jar;C:\Users\ASUS\.m2\repository\com\vladsch\flexmark\flexmark-ext-media-tags\0.34.30\flexmark-ext-media-tags-0.34.30.jar;C:\Users\ASUS\.m2\repository\com\vladsch\flexmark\flexmark-test-util\0.34.30\flexmark-test-util-0.34.30.jar;C:\Users\ASUS\.m2\repository\com\vladsch\flexmark\flexmark-ext-ins\0.34.30\flexmark-ext-ins-0.34.30.jar;C:\Users\ASUS\.m2\repository\com\vladsch\flexmark\flexmark-ext-xwiki-macros\0.34.30\flexmark-ext-xwiki-macros-0.34.30.jar;C:\Users\ASUS\.m2\repository\com\vladsch\flexmark\flexmark-ext-superscript\0.34.30\flexmark-ext-superscript-0.34.30.jar;C:\Users\ASUS\.m2\repository\com\vladsch\flexmark\flexmark-ext-tables\0.34.30\flexmark-ext-tables-0.34.30.jar;C:\Users\ASUS\.m2\repository\com\vladsch\flexmark\flexmark-ext-toc\0.34.30\flexmark-ext-toc-0.34.30.jar;C:\Users\ASUS\.m2\repository\com\vladsch\flexmark\flexmark-ext-typographic\0.34.30\flexmark-ext-typographic-0.34.30.jar;C:\Users\ASUS\.m2\repository\com\vladsch\flexmark\flexmark-ext-wikilink\0.34.30\flexmark-ext-wikilink-0.34.30.jar;C:\Users\ASUS\.m2\repository\com\vladsch\flexmark\flexmark-ext-yaml-front-matter\0.34.30\flexmark-ext-yaml-front-matter-0.34.30.jar;C:\Users\ASUS\.m2\repository\com\vladsch\flexmark\flexmark-ext-youtube-embedded\0.34.30\flexmark-ext-youtube-embedded-0.34.30.jar;C:\Users\ASUS\.m2\repository\com\vladsch\flexmark\flexmark-formatter\0.34.30\flexmark-formatter-0.34.30.jar;C:\Users\ASUS\.m2\repository\com\vladsch\flexmark\flexmark-html-parser\0.34.30\flexmark-html-parser-0.34.30.jar;C:\Users\ASUS\.m2\repository\com\vladsch\flexmark\flexmark-jira-converter\0.34.30\flexmark-jira-converter-0.34.30.jar;C:\Users\ASUS\.m2\repository\com\vladsch\flexmark\flexmark-pdf-converter\0.34.30\flexmark-pdf-converter-0.34.30.jar;C:\Users\ASUS\.m2\repository\com\openhtmltopdf\openhtmltopdf-core\0.0.1-RC13\openhtmltopdf-core-0.0.1-RC13.jar;C:\Users\ASUS\.m2\repository\com\openhtmltopdf\openhtmltopdf-pdfbox\0.0.1-RC13\openhtmltopdf-pdfbox-0.0.1-RC13.jar;C:\Users\ASUS\.m2\repository\org\apache\pdfbox\pdfbox\2.0.8\pdfbox-2.0.8.jar;C:\Users\ASUS\.m2\repository\org\apache\pdfbox\fontbox\2.0.8\fontbox-2.0.8.jar;C:\Users\ASUS\.m2\repository\commons-logging\commons-logging\1.2\commons-logging-1.2.jar;C:\Users\ASUS\.m2\repository\org\apache\pdfbox\xmpbox\2.0.8\xmpbox-2.0.8.jar;C:\Users\ASUS\.m2\repository\de\rototor\pdfbox\graphics2d\0.12\graphics2d-0.12.jar;C:\Users\ASUS\.m2\repository\com\openhtmltopdf\openhtmltopdf-rtl-support\0.0.1-RC13\openhtmltopdf-rtl-support-0.0.1-RC13.jar;C:\Users\ASUS\.m2\repository\com\ibm\icu\icu4j\59.1\icu4j-59.1.jar;C:\Users\ASUS\.m2\repository\com\openhtmltopdf\openhtmltopdf-jsoup-dom-converter\0.0.1-RC13\openhtmltopdf-jsoup-dom-converter-0.0.1-RC13.jar;C:\Users\ASUS\.m2\repository\com\vladsch\flexmark\flexmark-profile-pegdown\0.34.30\flexmark-profile-pegdown-0.34.30.jar;C:\Users\ASUS\.m2\repository\com\vladsch\flexmark\flexmark-util\0.34.30\flexmark-util-0.34.30.jar;C:\Users\ASUS\.m2\repository\com\vladsch\flexmark\flexmark-youtrack-converter\0.34.30\flexmark-youtrack-converter-0.34.30.jar;C:\Users\ASUS\.m2\repository\es\nitaur\markdown\txtmark\0.16\txtmark-0.16.jar;C:\Users\ASUS\.m2\repository\net\serenity-bdd\serenity-report-resources\3.2.1\serenity-report-resources-3.2.1.jar;C:\Users\ASUS\.m2\repository\com\google\code\gson\gson\2.9.0\gson-2.9.0.jar;C:\Users\ASUS\.m2\repository\com\fasterxml\jackson\core\jackson-core\2.13.2\jackson-core-2.13.2.jar;C:\Users\ASUS\.m2\repository\com\fasterxml\jackson\core\jackson-databind\2.13.2\jackson-databind-2.13.2.jar;C:\Users\ASUS\.m2\repository\com\fasterxml\jackson\core\jackson-annotations\2.13.2\jackson-annotations-2.13.2.jar;C:\Users\ASUS\.m2\repository\commons-codec\commons-codec\1.15\commons-codec-1.15.jar;C:\Users\ASUS\.m2\repository\commons-io\commons-io\2.11.0\commons-io-2.11.0.jar;C:\Users\ASUS\.m2\repository\org\seleniumhq\selenium\selenium-java\4.1.2\selenium-java-4.1.2.jar;C:\Users\ASUS\.m2\repository\org\seleniumhq\selenium\selenium-devtools-v85\4.1.2\selenium-devtools-v85-4.1.2.jar;C:\Users\ASUS\.m2\repository\org\seleniumhq\selenium\selenium-devtools-v95\4.1.2\selenium-devtools-v95-4.1.2.jar;C:\Users\ASUS\.m2\repository\org\seleniumhq\selenium\selenium-devtools-v96\4.1.2\selenium-devtools-v96-4.1.2.jar;C:\Users\ASUS\.m2\repository\org\seleniumhq\selenium\selenium-devtools-v97\4.1.2\selenium-devtools-v97-4.1.2.jar;C:\Users\ASUS\.m2\repository\org\seleniumhq\selenium\selenium-firefox-xpi-driver\4.1.2\selenium-firefox-xpi-driver-4.1.2.jar;C:\Users\ASUS\.m2\repository\org\seleniumhq\selenium\selenium-opera-driver\4.1.2\selenium-opera-driver-4.1.2.jar;C:\Users\ASUS\.m2\repository\org\seleniumhq\selenium\selenium-remote-driver\4.1.2\selenium-remote-driver-4.1.2.jar;C:\Users\ASUS\.m2\repository\com\beust\jcommander\1.82\jcommander-1.82.jar;C:\Users\ASUS\.m2\repository\io\netty\netty-buffer\4.1.73.Final\netty-buffer-4.1.73.Final.jar;C:\Users\ASUS\.m2\repository\io\netty\netty-codec-http\4.1.73.Final\netty-codec-http-4.1.73.Final.jar;C:\Users\ASUS\.m2\repository\io\netty\netty-codec\4.1.73.Final\netty-codec-4.1.73.Final.jar;C:\Users\ASUS\.m2\repository\io\netty\netty-handler\4.1.73.Final\netty-handler-4.1.73.Final.jar;C:\Users\ASUS\.m2\repository\io\netty\netty-tcnative-classes\2.0.46.Final\netty-tcnative-classes-2.0.46.Final.jar;C:\Users\ASUS\.m2\repository\io\netty\netty-common\4.1.73.Final\netty-common-4.1.73.Final.jar;C:\Users\ASUS\.m2\repository\io\netty\netty-transport-classes-epoll\4.1.73.Final\netty-transport-classes-epoll-4.1.73.Final.jar;C:\Users\ASUS\.m2\repository\io\netty\netty-transport-classes-kqueue\4.1.73.Final\netty-transport-classes-kqueue-4.1.73.Final.jar;C:\Users\ASUS\.m2\repository\io\netty\netty-transport-native-epoll\4.1.73.Final\netty-transport-native-epoll-4.1.73.Final.jar;C:\Users\ASUS\.m2\repository\io\netty\netty-transport-native-kqueue\4.1.73.Final\netty-transport-native-kqueue-4.1.73.Final.jar;C:\Users\ASUS\.m2\repository\io\netty\netty-transport-native-unix-common\4.1.73.Final\netty-transport-native-unix-common-4.1.73.Final.jar;C:\Users\ASUS\.m2\repository\io\netty\netty-transport\4.1.73.Final\netty-transport-4.1.73.Final.jar;C:\Users\ASUS\.m2\repository\io\netty\netty-resolver\4.1.73.Final\netty-resolver-4.1.73.Final.jar;C:\Users\ASUS\.m2\repository\io\opentelemetry\opentelemetry-api\1.10.1\opentelemetry-api-1.10.1.jar;C:\Users\ASUS\.m2\repository\io\opentelemetry\opentelemetry-context\1.10.1\opentelemetry-context-1.10.1.jar;C:\Users\ASUS\.m2\repository\io\opentelemetry\opentelemetry-exporter-logging\1.10.1\opentelemetry-exporter-logging-1.10.1.jar;C:\Users\ASUS\.m2\repository\io\opentelemetry\opentelemetry-sdk-metrics\1.10.1-alpha\opentelemetry-sdk-metrics-1.10.1-alpha.jar;C:\Users\ASUS\.m2\repository\io\opentelemetry\opentelemetry-sdk-logs\1.10.1-alpha\opentelemetry-sdk-logs-1.10.1-alpha.jar;C:\Users\ASUS\.m2\repository\io\opentelemetry\opentelemetry-sdk-common\1.10.1\opentelemetry-sdk-common-1.10.1.jar;C:\Users\ASUS\.m2\repository\io\opentelemetry\opentelemetry-sdk-extension-autoconfigure-spi\1.10.1\opentelemetry-sdk-extension-autoconfigure-spi-1.10.1.jar;C:\Users\ASUS\.m2\repository\io\opentelemetry\opentelemetry-sdk-extension-autoconfigure\1.10.1-alpha\opentelemetry-sdk-extension-autoconfigure-1.10.1-alpha.jar;C:\Users\ASUS\.m2\repository\io\opentelemetry\opentelemetry-sdk-trace\1.10.1\opentelemetry-sdk-trace-1.10.1.jar;C:\Users\ASUS\.m2\repository\io\opentelemetry\opentelemetry-sdk\1.10.1\opentelemetry-sdk-1.10.1.jar;C:\Users\ASUS\.m2\repository\io\opentelemetry\opentelemetry-semconv\1.10.1-alpha\opentelemetry-semconv-1.10.1-alpha.jar;C:\Users\ASUS\.m2\repository\io\ous\jtoml\2.0.0\jtoml-2.0.0.jar;C:\Users\ASUS\.m2\repository\org\apache\commons\commons-exec\1.3\commons-exec-1.3.jar;C:\Users\ASUS\.m2\repository\org\asynchttpclient\async-http-client\2.12.3\async-http-client-2.12.3.jar;C:\Users\ASUS\.m2\repository\org\asynchttpclient\async-http-client-netty-utils\2.12.3\async-http-client-netty-utils-2.12.3.jar;C:\Users\ASUS\.m2\repository\io\netty\netty-codec-socks\4.1.60.Final\netty-codec-socks-4.1.60.Final.jar;C:\Users\ASUS\.m2\repository\io\netty\netty-handler-proxy\4.1.60.Final\netty-handler-proxy-4.1.60.Final.jar;C:\Users\ASUS\.m2\repository\io\netty\netty-transport-native-epoll\4.1.60.Final\netty-transport-native-epoll-4.1.60.Final-linux-x86_64.jar;C:\Users\ASUS\.m2\repository\io\netty\netty-transport-native-kqueue\4.1.60.Final\netty-transport-native-kqueue-4.1.60.Final-osx-x86_64.jar;C:\Users\ASUS\.m2\repository\org\reactivestreams\reactive-streams\1.0.3\reactive-streams-1.0.3.jar;C:\Users\ASUS\.m2\repository\com\typesafe\netty\netty-reactive-streams\2.0.4\netty-reactive-streams-2.0.4.jar;C:\Users\ASUS\.m2\repository\org\seleniumhq\selenium\selenium-http\4.1.2\selenium-http-4.1.2.jar;C:\Users\ASUS\.m2\repository\net\jodah\failsafe\2.4.4\failsafe-2.4.4.jar;C:\Users\ASUS\.m2\repository\org\seleniumhq\selenium\selenium-safari-driver\4.1.2\selenium-safari-driver-4.1.2.jar;C:\Users\ASUS\.m2\repository\org\seleniumhq\selenium\selenium-api\4.1.2\selenium-api-4.1.2.jar;C:\Users\ASUS\.m2\repository\org\seleniumhq\selenium\selenium-support\4.1.2\selenium-support-4.1.2.jar;C:\Users\ASUS\.m2\repository\com\google\auto\service\auto-service-annotations\1.0.1\auto-service-annotations-1.0.1.jar;C:\Users\ASUS\.m2\repository\com\google\auto\service\auto-service\1.0.1\auto-service-1.0.1.jar;C:\Users\ASUS\.m2\repository\com\google\auto\auto-common\1.2\auto-common-1.2.jar;C:\Users\ASUS\.m2\repository\org\seleniumhq\selenium\selenium-json\4.1.2\selenium-json-4.1.2.jar;C:\Users\ASUS\.m2\repository\org\seleniumhq\selenium\selenium-chrome-driver\4.1.2\selenium-chrome-driver-4.1.2.jar;C:\Users\ASUS\.m2\repository\org\seleniumhq\selenium\selenium-chromium-driver\4.1.2\selenium-chromium-driver-4.1.2.jar;C:\Users\ASUS\.m2\repository\org\seleniumhq\selenium\selenium-firefox-driver\4.1.2\selenium-firefox-driver-4.1.2.jar;C:\Users\ASUS\.m2\repository\org\seleniumhq\selenium\selenium-edge-driver\4.1.2\selenium-edge-driver-4.1.2.jar;C:\Users\ASUS\.m2\repository\org\seleniumhq\selenium\selenium-ie-driver\4.1.2\selenium-ie-driver-4.1.2.jar;C:\Users\ASUS\.m2\repository\org\projectlombok\lombok\1.18.20\lombok-1.18.20.jar;C:\Users\ASUS\.m2\repository\io\appium\java-client\8.0.0\java-client-8.0.0.jar;C:\Users\ASUS\.m2\repository\commons-validator\commons-validator\1.7\commons-validator-1.7.jar;C:\Users\ASUS\.m2\repository\commons-digester\commons-digester\2.1\commons-digester-2.1.jar;C:\Users\ASUS\.m2\repository\org\aspectj\aspectjweaver\1.9.8\aspectjweaver-1.9.8.jar;C:\Users\ASUS\.m2\repository\org\codehaus\groovy\groovy\3.0.10\groovy-3.0.10.jar;C:\Users\ASUS\.m2\repository\net\sf\opencsv\opencsv\2.0\opencsv-2.0.jar;C:\Users\ASUS\.m2\repository\commons-beanutils\commons-beanutils\1.9.4\commons-beanutils-1.9.4.jar;C:\Users\ASUS\.m2\repository\org\apache\commons\commons-lang3\3.12.0\commons-lang3-3.12.0.jar;C:\Users\ASUS\.m2\repository\commons-collections\commons-collections\3.2.2\commons-collections-3.2.2.jar;C:\Users\ASUS\.m2\repository\org\fluentlenium\fluentlenium-core\0.10.2\fluentlenium-core-0.10.2.jar;C:\Users\ASUS\.m2\repository\io\github\bonigarcia\webdrivermanager\5.1.0\webdrivermanager-5.1.0.jar;C:\Users\ASUS\.m2\repository\com\github\docker-java\docker-java\3.2.13\docker-java-3.2.13.jar;C:\Users\ASUS\.m2\repository\com\github\docker-java\docker-java-core\3.2.13\docker-java-core-3.2.13.jar;C:\Users\ASUS\.m2\repository\com\github\docker-java\docker-java-api\3.2.13\docker-java-api-3.2.13.jar;C:\Users\ASUS\.m2\repository\org\apache\commons\commons-compress\1.21\commons-compress-1.21.jar;C:\Users\ASUS\.m2\repository\org\bouncycastle\bcpkix-jdk15on\1.64\bcpkix-jdk15on-1.64.jar;C:\Users\ASUS\.m2\repository\org\bouncycastle\bcprov-jdk15on\1.64\bcprov-jdk15on-1.64.jar;C:\Users\ASUS\.m2\repository\org\slf4j\jcl-over-slf4j\1.7.30\jcl-over-slf4j-1.7.30.jar;C:\Users\ASUS\.m2\repository\com\github\docker-java\docker-java-transport-httpclient5\3.2.13\docker-java-transport-httpclient5-3.2.13.jar;C:\Users\ASUS\.m2\repository\com\github\docker-java\docker-java-transport\3.2.13\docker-java-transport-3.2.13.jar;C:\Users\ASUS\.m2\repository\org\apache\httpcomponents\client5\httpclient5\5.0.3\httpclient5-5.0.3.jar;C:\Users\ASUS\.m2\repository\org\apache\httpcomponents\core5\httpcore5\5.0.2\httpcore5-5.0.2.jar;C:\Users\ASUS\.m2\repository\net\java\dev\jna\jna\5.8.0\jna-5.8.0.jar;C:\Users\ASUS\.m2\repository\org\brotli\dec\0.1.2\dec-0.1.2.jar;C:\Users\ASUS\.m2\repository\com\jhlabs\filters\2.0.235\filters-2.0.235.jar;C:\Users\ASUS\.m2\repository\com\paulhammant\ngwebdriver\1.1.6\ngwebdriver-1.1.6.jar;C:\Users\ASUS\.m2\repository\joda-time\joda-time\2.8.2\joda-time-2.8.2.jar;C:\Users\ASUS\.m2\repository\org\hamcrest\hamcrest\2.2\hamcrest-2.2.jar;C:\Users\ASUS\.m2\repository\com\google\jimfs\jimfs\1.2\jimfs-1.2.jar;C:\Users\ASUS\.m2\repository\org\mockito\mockito-core\3.3.3\mockito-core-3.3.3.jar;C:\Users\ASUS\.m2\repository\javax\xml\bind\jaxb-api\2.3.1\jaxb-api-2.3.1.jar;C:\Users\ASUS\.m2\repository\javax\activation\javax.activation-api\1.2.0\javax.activation-api-1.2.0.jar;C:\Users\ASUS\.m2\repository\com\sun\xml\bind\jaxb-core\2.3.0.1\jaxb-core-2.3.0.1.jar;C:\Users\ASUS\.m2\repository\com\sun\xml\bind\jaxb-impl\2.3.3\jaxb-impl-2.3.3.jar;C:\Users\ASUS\.m2\repository\jakarta\xml\bind\jakarta.xml.bind-api\2.3.3\jakarta.xml.bind-api-2.3.3.jar;C:\Users\ASUS\.m2\repository\com\sun\activation\jakarta.activation\1.2.2\jakarta.activation-1.2.2.jar;C:\Users\ASUS\.m2\repository\javax\activation\activation\1.1.1\activation-1.1.1.jar;C:\Users\ASUS\.m2\repository\net\serenity-bdd\serenity-cucumber\3.2.1\serenity-cucumber-3.2.1.jar;C:\Users\ASUS\.m2\repository\io\cucumber\cucumber-core\7.2.3\cucumber-core-7.2.3.jar;C:\Users\ASUS\.m2\repository\io\cucumber\cucumber-gherkin\7.2.3\cucumber-gherkin-7.2.3.jar;C:\Users\ASUS\.m2\repository\io\cucumber\cucumber-gherkin-messages\7.2.3\cucumber-gherkin-messages-7.2.3.jar;C:\Users\ASUS\.m2\repository\io\cucumber\messages\17.1.1\messages-17.1.1.jar;C:\Users\ASUS\.m2\repository\io\cucumber\tag-expressions\4.1.0\tag-expressions-4.1.0.jar;C:\Users\ASUS\.m2\repository\io\cucumber\cucumber-expressions\15.0.1\cucumber-expressions-15.0.1.jar;C:\Users\ASUS\.m2\repository\io\cucumber\datatable\7.2.3\datatable-7.2.3.jar;C:\Users\ASUS\.m2\repository\io\cucumber\cucumber-plugin\7.2.3\cucumber-plugin-7.2.3.jar;C:\Users\ASUS\.m2\repository\io\cucumber\docstring\7.2.3\docstring-7.2.3.jar;C:\Users\ASUS\.m2\repository\io\cucumber\html-formatter\17.0.0\html-formatter-17.0.0.jar;C:\Users\ASUS\.m2\repository\io\cucumber\ci-environment\8.1.0\ci-environment-8.1.0.jar;C:\Users\ASUS\.m2\repository\io\cucumber\cucumber-junit\7.2.3\cucumber-junit-7.2.3.jar;C:\Users\ASUS\.m2\repository\org\apache\commons\commons-csv\1.5\commons-csv-1.5.jar;C:\Users\ASUS\.m2\repository\net\serenity-bdd\serenity-screenplay\3.2.1\serenity-screenplay-3.2.1.jar;C:\Users\ASUS\.m2\repository\net\serenity-bdd\serenity-screenplay-webdriver\3.2.1\serenity-screenplay-webdriver-3.2.1.jar;C:\Users\ASUS\.m2\repository\net\serenity-bdd\serenity-ensure\3.2.1\serenity-ensure-3.2.1.jar;C:\Users\ASUS\.m2\repository\net\serenity-bdd\serenity-junit\3.2.1\serenity-junit-3.2.1.jar;C:\Users\ASUS\.m2\repository\org\jetbrains\kotlin\kotlin-stdlib\1.6.0\kotlin-stdlib-1.6.0.jar;C:\Users\ASUS\.m2\repository\org\jetbrains\annotations\13.0\annotations-13.0.jar;C:\Users\ASUS\.m2\repository\org\jetbrains\kotlin\kotlin-stdlib-common\1.6.0\kotlin-stdlib-common-1.6.0.jar;C:\Users\ASUS\.m2\repository\org\junit\platform\junit-platform-launcher\1.8.1\junit-platform-launcher-1.8.1.jar;C:\Users\ASUS\.m2\repository\org\junit\platform\junit-platform-engine\1.8.1\junit-platform-engine-1.8.1.jar;C:\Users\ASUS\.m2\repository\org\opentest4j\opentest4j\1.2.0\opentest4j-1.2.0.jar;C:\Users\ASUS\.m2\repository\org\junit\platform\junit-platform-commons\1.8.1\junit-platform-commons-1.8.1.jar;C:\Users\ASUS\.m2\repository\org\apiguardian\apiguardian-api\1.1.2\apiguardian-api-1.1.2.jar;C:\Users\ASUS\.m2\repository\org\junit\jupiter\junit-jupiter-engine\5.8.2\junit-jupiter-engine-5.8.2.jar;C:\Users\ASUS\.m2\repository\org\junit\jupiter\junit-jupiter-api\5.8.2\junit-jupiter-api-5.8.2.jar;C:\Users\ASUS\.m2\repository\org\junit\vintage\junit-vintage-engine\5.8.2\junit-vintage-engine-5.8.2.jar;C:\Users\ASUS\.m2\repository\junit\junit\4.13.2\junit-4.13.2.jar;C:\Users\ASUS\.m2\repository\org\hamcrest\hamcrest-core\1.3\hamcrest-core-1.3.jar;C:\Users\ASUS\.m2\repository\ch\qos\logback\logback-classic\1.2.10\logback-classic-1.2.10.jar;C:\Users\ASUS\.m2\repository\ch\qos\logback\logback-core\1.2.10\logback-core-1.2.10.jar;C:\Users\ASUS\.m2\repository\org\slf4j\slf4j-api\1.7.32\slf4j-api-1.7.32.jar;C:\Users\ASUS\.m2\repository\org\assertj\assertj-core\3.6.2\assertj-core-3.6.2.jar;"/>
    <property name="sun.cpu.endian" value="little"/>
    <property name="user.home" value="C:\Users\ASUS"/>
    <property name="user.language" value="en"/>
    <property name="java.specification.vendor" value="Oracle Corporation"/>
    <property name="jdk.module.path" value="C:\Users\ASUS\Desktop\stupen\repo\21_Review Web UI Testing with Serenity\Praktikum\qaBooks\target\qaBooks-1.0-SNAPSHOT.jar"/>
    <property name="java.version.date" value="2020-01-14"/>
    <property name="java.home" value="C:\Program Files\Java\jdk-13.0.2"/>
    <property name="file.separator" value="\"/>
    <property name="basedir" value="C:\Users\ASUS\Desktop\stupen\repo\21_Review Web UI Testing with Serenity\Praktikum\qaBooks"/>
    <property name="java.vm.compressedOopsMode" value="32-bit"/>
    <property name="line.separator" value="&#10;"/>
    <property name="java.vm.specification.vendor" value="Oracle Corporation"/>
    <property name="java.specification.name" value="Java Platform API Specification"/>
    <property name="surefire.real.class.path" value="C:\Users\ASUS\.m2\repository\org\apache\maven\surefire\surefire-booter\3.0.0-M5\surefire-booter-3.0.0-M5.jar;C:\Users\ASUS\.m2\repository\org\apache\maven\surefire\surefire-api\3.0.0-M5\surefire-api-3.0.0-M5.jar;C:\Users\ASUS\.m2\repository\org\apache\maven\surefire\surefire-logger-api\3.0.0-M5\surefire-logger-api-3.0.0-M5.jar;C:\Users\ASUS\.m2\repository\org\apache\maven\surefire\surefire-shared-utils\3.0.0-M4\surefire-shared-utils-3.0.0-M4.jar;C:\Users\ASUS\.m2\repository\org\apache\maven\surefire\surefire-extensions-spi\3.0.0-M5\surefire-extensions-spi-3.0.0-M5.jar;C:\Users\ASUS\Desktop\stupen\repo\21_Review Web UI Testing with Serenity\Praktikum\qaBooks\target\test-classes;C:\Users\ASUS\.m2\repository\net\serenity-bdd\serenity-core\3.2.1\serenity-core-3.2.1.jar;C:\Users\ASUS\.m2\repository\net\serenity-bdd\serenity-model\3.2.1\serenity-model-3.2.1.jar;C:\Users\ASUS\.m2\repository\org\apache\commons\commons-text\1.9\commons-text-1.9.jar;C:\Users\ASUS\.m2\repository\commons-net\commons-net\3.8.0\commons-net-3.8.0.jar;C:\Users\ASUS\.m2\repository\com\google\guava\guava\31.1-jre\guava-31.1-jre.jar;C:\Users\ASUS\.m2\repository\com\google\guava\failureaccess\1.0.1\failureaccess-1.0.1.jar;C:\Users\ASUS\.m2\repository\com\google\guava\listenablefuture\9999.0-empty-to-avoid-conflict-with-guava\listenablefuture-9999.0-empty-to-avoid-conflict-with-guava.jar;C:\Users\ASUS\.m2\repository\com\google\code\findbugs\jsr305\3.0.2\jsr305-3.0.2.jar;C:\Users\ASUS\.m2\repository\org\checkerframework\checker-qual\3.12.0\checker-qual-3.12.0.jar;C:\Users\ASUS\.m2\repository\com\google\errorprone\error_prone_annotations\2.11.0\error_prone_annotations-2.11.0.jar;C:\Users\ASUS\.m2\repository\com\google\j2objc\j2objc-annotations\1.3\j2objc-annotations-1.3.jar;C:\Users\ASUS\.m2\repository\com\google\inject\guice\5.1.0\guice-5.1.0.jar;C:\Users\ASUS\.m2\repository\javax\inject\javax.inject\1\javax.inject-1.jar;C:\Users\ASUS\.m2\repository\aopalliance\aopalliance\1.0\aopalliance-1.0.jar;C:\Users\ASUS\.m2\repository\org\jsoup\jsoup\1.14.3\jsoup-1.14.3.jar;C:\Users\ASUS\.m2\repository\com\thoughtworks\xstream\xstream\1.4.19\xstream-1.4.19.jar;C:\Users\ASUS\.m2\repository\io\github\x-stream\mxparser\1.2.2\mxparser-1.2.2.jar;C:\Users\ASUS\.m2\repository\xmlpull\xmlpull\1.1.3.1\xmlpull-1.1.3.1.jar;C:\Users\ASUS\.m2\repository\io\cucumber\cucumber-java\7.2.3\cucumber-java-7.2.3.jar;C:\Users\ASUS\.m2\repository\com\typesafe\config\1.4.2\config-1.4.2.jar;C:\Users\ASUS\.m2\repository\org\imgscalr\imgscalr-lib\4.2\imgscalr-lib-4.2.jar;C:\Users\ASUS\.m2\repository\org\awaitility\awaitility\4.2.0\awaitility-4.2.0.jar;C:\Users\ASUS\.m2\repository\org\freemarker\freemarker\2.3.31\freemarker-2.3.31.jar;C:\Users\ASUS\.m2\repository\io\github\classgraph\classgraph\4.8.138\classgraph-4.8.138.jar;C:\Users\ASUS\.m2\repository\net\sourceforge\jexcelapi\jxl\2.6.12\jxl-2.6.12.jar;C:\Users\ASUS\.m2\repository\net\bytebuddy\byte-buddy\1.12.8\byte-buddy-1.12.8.jar;C:\Users\ASUS\.m2\repository\net\bytebuddy\byte-buddy-agent\1.12.8\byte-buddy-agent-1.12.8.jar;C:\Users\ASUS\.m2\repository\org\objenesis\objenesis\3.1\objenesis-3.1.jar;C:\Users\ASUS\.m2\repository\net\serenity-bdd\serenity-reports\3.2.1\serenity-reports-3.2.1.jar;C:\Users\ASUS\.m2\repository\net\serenity-bdd\serenity-stats\3.2.1\serenity-stats-3.2.1.jar;C:\Users\ASUS\.m2\repository\net\serenity-bdd\serenity-reports-configuration\3.2.1\serenity-reports-configuration-3.2.1.jar;C:\Users\ASUS\.m2\repository\com\vladsch\flexmark\flexmark-all\0.34.30\flexmark-all-0.34.30.jar;C:\Users\ASUS\.m2\repository\com\vladsch\flexmark\flexmark\0.34.30\flexmark-0.34.30.jar;C:\Users\ASUS\.m2\repository\com\vladsch\flexmark\flexmark-ext-abbreviation\0.34.30\flexmark-ext-abbreviation-0.34.30.jar;C:\Users\ASUS\.m2\repository\com\vladsch\flexmark\flexmark-ext-admonition\0.34.30\flexmark-ext-admonition-0.34.30.jar;C:\Users\ASUS\.m2\repository\com\vladsch\flexmark\flexmark-ext-anchorlink\0.34.30\flexmark-ext-anchorlink-0.34.30.jar;C:\Users\ASUS\.m2\repository\com\vladsch\flexmark\flexmark-ext-aside\0.34.30\flexmark-ext-aside-0.34.30.jar;C:\Users\ASUS\.m2\repository\com\vladsch\flexmark\flexmark-ext-attributes\0.34.30\flexmark-ext-attributes-0.34.30.jar;C:\Users\ASUS\.m2\repository\com\vladsch\flexmark\flexmark-ext-autolink\0.34.30\flexmark-ext-autolink-0.34.30.jar;C:\Users\ASUS\.m2\repository\org\nibor\autolink\autolink\0.6.0\autolink-0.6.0.jar;C:\Users\ASUS\.m2\repository\com\vladsch\flexmark\flexmark-ext-definition\0.34.30\flexmark-ext-definition-0.34.30.jar;C:\Users\ASUS\.m2\repository\com\vladsch\flexmark\flexmark-ext-emoji\0.34.30\flexmark-ext-emoji-0.34.30.jar;C:\Users\ASUS\.m2\repository\com\vladsch\flexmark\flexmark-ext-enumerated-reference\0.34.30\flexmark-ext-enumerated-reference-0.34.30.jar;C:\Users\ASUS\.m2\repository\com\vladsch\flexmark\flexmark-ext-escaped-character\0.34.30\flexmark-ext-escaped-character-0.34.30.jar;C:\Users\ASUS\.m2\repository\com\vladsch\flexmark\flexmark-ext-footnotes\0.34.30\flexmark-ext-footnotes-0.34.30.jar;C:\Users\ASUS\.m2\repository\com\vladsch\flexmark\flexmark-ext-gfm-issues\0.34.30\flexmark-ext-gfm-issues-0.34.30.jar;C:\Users\ASUS\.m2\repository\com\vladsch\flexmark\flexmark-ext-gfm-strikethrough\0.34.30\flexmark-ext-gfm-strikethrough-0.34.30.jar;C:\Users\ASUS\.m2\repository\com\vladsch\flexmark\flexmark-ext-gfm-tables\0.34.30\flexmark-ext-gfm-tables-0.34.30.jar;C:\Users\ASUS\.m2\repository\com\vladsch\flexmark\flexmark-ext-gfm-tasklist\0.34.30\flexmark-ext-gfm-tasklist-0.34.30.jar;C:\Users\ASUS\.m2\repository\com\vladsch\flexmark\flexmark-ext-gfm-users\0.34.30\flexmark-ext-gfm-users-0.34.30.jar;C:\Users\ASUS\.m2\repository\com\vladsch\flexmark\flexmark-ext-gitlab\0.34.30\flexmark-ext-gitlab-0.34.30.jar;C:\Users\ASUS\.m2\repository\com\vladsch\flexmark\flexmark-ext-jekyll-front-matter\0.34.30\flexmark-ext-jekyll-front-matter-0.34.30.jar;C:\Users\ASUS\.m2\repository\com\vladsch\flexmark\flexmark-ext-jekyll-tag\0.34.30\flexmark-ext-jekyll-tag-0.34.30.jar;C:\Users\ASUS\.m2\repository\com\vladsch\flexmark\flexmark-ext-media-tags\0.34.30\flexmark-ext-media-tags-0.34.30.jar;C:\Users\ASUS\.m2\repository\com\vladsch\flexmark\flexmark-test-util\0.34.30\flexmark-test-util-0.34.30.jar;C:\Users\ASUS\.m2\repository\com\vladsch\flexmark\flexmark-ext-ins\0.34.30\flexmark-ext-ins-0.34.30.jar;C:\Users\ASUS\.m2\repository\com\vladsch\flexmark\flexmark-ext-xwiki-macros\0.34.30\flexmark-ext-xwiki-macros-0.34.30.jar;C:\Users\ASUS\.m2\repository\com\vladsch\flexmark\flexmark-ext-superscript\0.34.30\flexmark-ext-superscript-0.34.30.jar;C:\Users\ASUS\.m2\repository\com\vladsch\flexmark\flexmark-ext-tables\0.34.30\flexmark-ext-tables-0.34.30.jar;C:\Users\ASUS\.m2\repository\com\vladsch\flexmark\flexmark-ext-toc\0.34.30\flexmark-ext-toc-0.34.30.jar;C:\Users\ASUS\.m2\repository\com\vladsch\flexmark\flexmark-ext-typographic\0.34.30\flexmark-ext-typographic-0.34.30.jar;C:\Users\ASUS\.m2\repository\com\vladsch\flexmark\flexmark-ext-wikilink\0.34.30\flexmark-ext-wikilink-0.34.30.jar;C:\Users\ASUS\.m2\repository\com\vladsch\flexmark\flexmark-ext-yaml-front-matter\0.34.30\flexmark-ext-yaml-front-matter-0.34.30.jar;C:\Users\ASUS\.m2\repository\com\vladsch\flexmark\flexmark-ext-youtube-embedded\0.34.30\flexmark-ext-youtube-embedded-0.34.30.jar;C:\Users\ASUS\.m2\repository\com\vladsch\flexmark\flexmark-formatter\0.34.30\flexmark-formatter-0.34.30.jar;C:\Users\ASUS\.m2\repository\com\vladsch\flexmark\flexmark-html-parser\0.34.30\flexmark-html-parser-0.34.30.jar;C:\Users\ASUS\.m2\repository\com\vladsch\flexmark\flexmark-jira-converter\0.34.30\flexmark-jira-converter-0.34.30.jar;C:\Users\ASUS\.m2\repository\com\vladsch\flexmark\flexmark-pdf-converter\0.34.30\flexmark-pdf-converter-0.34.30.jar;C:\Users\ASUS\.m2\repository\com\openhtmltopdf\openhtmltopdf-core\0.0.1-RC13\openhtmltopdf-core-0.0.1-RC13.jar;C:\Users\ASUS\.m2\repository\com\openhtmltopdf\openhtmltopdf-pdfbox\0.0.1-RC13\openhtmltopdf-pdfbox-0.0.1-RC13.jar;C:\Users\ASUS\.m2\repository\org\apache\pdfbox\pdfbox\2.0.8\pdfbox-2.0.8.jar;C:\Users\ASUS\.m2\repository\org\apache\pdfbox\fontbox\2.0.8\fontbox-2.0.8.jar;C:\Users\ASUS\.m2\repository\commons-logging\commons-logging\1.2\commons-logging-1.2.jar;C:\Users\ASUS\.m2\repository\org\apache\pdfbox\xmpbox\2.0.8\xmpbox-2.0.8.jar;C:\Users\ASUS\.m2\repository\de\rototor\pdfbox\graphics2d\0.12\graphics2d-0.12.jar;C:\Users\ASUS\.m2\repository\com\openhtmltopdf\openhtmltopdf-rtl-support\0.0.1-RC13\openhtmltopdf-rtl-support-0.0.1-RC13.jar;C:\Users\ASUS\.m2\repository\com\ibm\icu\icu4j\59.1\icu4j-59.1.jar;C:\Users\ASUS\.m2\repository\com\openhtmltopdf\openhtmltopdf-jsoup-dom-converter\0.0.1-RC13\openhtmltopdf-jsoup-dom-converter-0.0.1-RC13.jar;C:\Users\ASUS\.m2\repository\com\vladsch\flexmark\flexmark-profile-pegdown\0.34.30\flexmark-profile-pegdown-0.34.30.jar;C:\Users\ASUS\.m2\repository\com\vladsch\flexmark\flexmark-util\0.34.30\flexmark-util-0.34.30.jar;C:\Users\ASUS\.m2\repository\com\vladsch\flexmark\flexmark-youtrack-converter\0.34.30\flexmark-youtrack-converter-0.34.30.jar;C:\Users\ASUS\.m2\repository\es\nitaur\markdown\txtmark\0.16\txtmark-0.16.jar;C:\Users\ASUS\.m2\repository\net\serenity-bdd\serenity-report-resources\3.2.1\serenity-report-resources-3.2.1.jar;C:\Users\ASUS\.m2\repository\com\google\code\gson\gson\2.9.0\gson-2.9.0.jar;C:\Users\ASUS\.m2\repository\com\fasterxml\jackson\core\jackson-core\2.13.2\jackson-core-2.13.2.jar;C:\Users\ASUS\.m2\repository\com\fasterxml\jackson\core\jackson-databind\2.13.2\jackson-databind-2.13.2.jar;C:\Users\ASUS\.m2\repository\com\fasterxml\jackson\core\jackson-annotations\2.13.2\jackson-annotations-2.13.2.jar;C:\Users\ASUS\.m2\repository\commons-codec\commons-codec\1.15\commons-codec-1.15.jar;C:\Users\ASUS\.m2\repository\commons-io\commons-io\2.11.0\commons-io-2.11.0.jar;C:\Users\ASUS\.m2\repository\org\seleniumhq\selenium\selenium-java\4.1.2\selenium-java-4.1.2.jar;C:\Users\ASUS\.m2\repository\org\seleniumhq\selenium\selenium-devtools-v85\4.1.2\selenium-devtools-v85-4.1.2.jar;C:\Users\ASUS\.m2\repository\org\seleniumhq\selenium\selenium-devtools-v95\4.1.2\selenium-devtools-v95-4.1.2.jar;C:\Users\ASUS\.m2\repository\org\seleniumhq\selenium\selenium-devtools-v96\4.1.2\selenium-devtools-v96-4.1.2.jar;C:\Users\ASUS\.m2\repository\org\seleniumhq\selenium\selenium-devtools-v97\4.1.2\selenium-devtools-v97-4.1.2.jar;C:\Users\ASUS\.m2\repository\org\seleniumhq\selenium\selenium-firefox-xpi-driver\4.1.2\selenium-firefox-xpi-driver-4.1.2.jar;C:\Users\ASUS\.m2\repository\org\seleniumhq\selenium\selenium-opera-driver\4.1.2\selenium-opera-driver-4.1.2.jar;C:\Users\ASUS\.m2\repository\org\seleniumhq\selenium\selenium-remote-driver\4.1.2\selenium-remote-driver-4.1.2.jar;C:\Users\ASUS\.m2\repository\com\beust\jcommander\1.82\jcommander-1.82.jar;C:\Users\ASUS\.m2\repository\io\netty\netty-buffer\4.1.73.Final\netty-buffer-4.1.73.Final.jar;C:\Users\ASUS\.m2\repository\io\netty\netty-codec-http\4.1.73.Final\netty-codec-http-4.1.73.Final.jar;C:\Users\ASUS\.m2\repository\io\netty\netty-codec\4.1.73.Final\netty-codec-4.1.73.Final.jar;C:\Users\ASUS\.m2\repository\io\netty\netty-handler\4.1.73.Final\netty-handler-4.1.73.Final.jar;C:\Users\ASUS\.m2\repository\io\netty\netty-tcnative-classes\2.0.46.Final\netty-tcnative-classes-2.0.46.Final.jar;C:\Users\ASUS\.m2\repository\io\netty\netty-common\4.1.73.Final\netty-common-4.1.73.Final.jar;C:\Users\ASUS\.m2\repository\io\netty\netty-transport-classes-epoll\4.1.73.Final\netty-transport-classes-epoll-4.1.73.Final.jar;C:\Users\ASUS\.m2\repository\io\netty\netty-transport-classes-kqueue\4.1.73.Final\netty-transport-classes-kqueue-4.1.73.Final.jar;C:\Users\ASUS\.m2\repository\io\netty\netty-transport-native-epoll\4.1.73.Final\netty-transport-native-epoll-4.1.73.Final.jar;C:\Users\ASUS\.m2\repository\io\netty\netty-transport-native-kqueue\4.1.73.Final\netty-transport-native-kqueue-4.1.73.Final.jar;C:\Users\ASUS\.m2\repository\io\netty\netty-transport-native-unix-common\4.1.73.Final\netty-transport-native-unix-common-4.1.73.Final.jar;C:\Users\ASUS\.m2\repository\io\netty\netty-transport\4.1.73.Final\netty-transport-4.1.73.Final.jar;C:\Users\ASUS\.m2\repository\io\netty\netty-resolver\4.1.73.Final\netty-resolver-4.1.73.Final.jar;C:\Users\ASUS\.m2\repository\io\opentelemetry\opentelemetry-api\1.10.1\opentelemetry-api-1.10.1.jar;C:\Users\ASUS\.m2\repository\io\opentelemetry\opentelemetry-context\1.10.1\opentelemetry-context-1.10.1.jar;C:\Users\ASUS\.m2\repository\io\opentelemetry\opentelemetry-exporter-logging\1.10.1\opentelemetry-exporter-logging-1.10.1.jar;C:\Users\ASUS\.m2\repository\io\opentelemetry\opentelemetry-sdk-metrics\1.10.1-alpha\opentelemetry-sdk-metrics-1.10.1-alpha.jar;C:\Users\ASUS\.m2\repository\io\opentelemetry\opentelemetry-sdk-logs\1.10.1-alpha\opentelemetry-sdk-logs-1.10.1-alpha.jar;C:\Users\ASUS\.m2\repository\io\opentelemetry\opentelemetry-sdk-common\1.10.1\opentelemetry-sdk-common-1.10.1.jar;C:\Users\ASUS\.m2\repository\io\opentelemetry\opentelemetry-sdk-extension-autoconfigure-spi\1.10.1\opentelemetry-sdk-extension-autoconfigure-spi-1.10.1.jar;C:\Users\ASUS\.m2\repository\io\opentelemetry\opentelemetry-sdk-extension-autoconfigure\1.10.1-alpha\opentelemetry-sdk-extension-autoconfigure-1.10.1-alpha.jar;C:\Users\ASUS\.m2\repository\io\opentelemetry\opentelemetry-sdk-trace\1.10.1\opentelemetry-sdk-trace-1.10.1.jar;C:\Users\ASUS\.m2\repository\io\opentelemetry\opentelemetry-sdk\1.10.1\opentelemetry-sdk-1.10.1.jar;C:\Users\ASUS\.m2\repository\io\opentelemetry\opentelemetry-semconv\1.10.1-alpha\opentelemetry-semconv-1.10.1-alpha.jar;C:\Users\ASUS\.m2\repository\io\ous\jtoml\2.0.0\jtoml-2.0.0.jar;C:\Users\ASUS\.m2\repository\org\apache\commons\commons-exec\1.3\commons-exec-1.3.jar;C:\Users\ASUS\.m2\repository\org\asynchttpclient\async-http-client\2.12.3\async-http-client-2.12.3.jar;C:\Users\ASUS\.m2\repository\org\asynchttpclient\async-http-client-netty-utils\2.12.3\async-http-client-netty-utils-2.12.3.jar;C:\Users\ASUS\.m2\repository\io\netty\netty-codec-socks\4.1.60.Final\netty-codec-socks-4.1.60.Final.jar;C:\Users\ASUS\.m2\repository\io\netty\netty-handler-proxy\4.1.60.Final\netty-handler-proxy-4.1.60.Final.jar;C:\Users\ASUS\.m2\repository\io\netty\netty-transport-native-epoll\4.1.60.Final\netty-transport-native-epoll-4.1.60.Final-linux-x86_64.jar;C:\Users\ASUS\.m2\repository\io\netty\netty-transport-native-kqueue\4.1.60.Final\netty-transport-native-kqueue-4.1.60.Final-osx-x86_64.jar;C:\Users\ASUS\.m2\repository\org\reactivestreams\reactive-streams\1.0.3\reactive-streams-1.0.3.jar;C:\Users\ASUS\.m2\repository\com\typesafe\netty\netty-reactive-streams\2.0.4\netty-reactive-streams-2.0.4.jar;C:\Users\ASUS\.m2\repository\org\seleniumhq\selenium\selenium-http\4.1.2\selenium-http-4.1.2.jar;C:\Users\ASUS\.m2\repository\net\jodah\failsafe\2.4.4\failsafe-2.4.4.jar;C:\Users\ASUS\.m2\repository\org\seleniumhq\selenium\selenium-safari-driver\4.1.2\selenium-safari-driver-4.1.2.jar;C:\Users\ASUS\.m2\repository\org\seleniumhq\selenium\selenium-api\4.1.2\selenium-api-4.1.2.jar;C:\Users\ASUS\.m2\repository\org\seleniumhq\selenium\selenium-support\4.1.2\selenium-support-4.1.2.jar;C:\Users\ASUS\.m2\repository\com\google\auto\service\auto-service-annotations\1.0.1\auto-service-annotations-1.0.1.jar;C:\Users\ASUS\.m2\repository\com\google\auto\service\auto-service\1.0.1\auto-service-1.0.1.jar;C:\Users\ASUS\.m2\repository\com\google\auto\auto-common\1.2\auto-common-1.2.jar;C:\Users\ASUS\.m2\repository\org\seleniumhq\selenium\selenium-json\4.1.2\selenium-json-4.1.2.jar;C:\Users\ASUS\.m2\repository\org\seleniumhq\selenium\selenium-chrome-driver\4.1.2\selenium-chrome-driver-4.1.2.jar;C:\Users\ASUS\.m2\repository\org\seleniumhq\selenium\selenium-chromium-driver\4.1.2\selenium-chromium-driver-4.1.2.jar;C:\Users\ASUS\.m2\repository\org\seleniumhq\selenium\selenium-firefox-driver\4.1.2\selenium-firefox-driver-4.1.2.jar;C:\Users\ASUS\.m2\repository\org\seleniumhq\selenium\selenium-edge-driver\4.1.2\selenium-edge-driver-4.1.2.jar;C:\Users\ASUS\.m2\repository\org\seleniumhq\selenium\selenium-ie-driver\4.1.2\selenium-ie-driver-4.1.2.jar;C:\Users\ASUS\.m2\repository\org\projectlombok\lombok\1.18.20\lombok-1.18.20.jar;C:\Users\ASUS\.m2\repository\io\appium\java-client\8.0.0\java-client-8.0.0.jar;C:\Users\ASUS\.m2\repository\commons-validator\commons-validator\1.7\commons-validator-1.7.jar;C:\Users\ASUS\.m2\repository\commons-digester\commons-digester\2.1\commons-digester-2.1.jar;C:\Users\ASUS\.m2\repository\org\aspectj\aspectjweaver\1.9.8\aspectjweaver-1.9.8.jar;C:\Users\ASUS\.m2\repository\org\codehaus\groovy\groovy\3.0.10\groovy-3.0.10.jar;C:\Users\ASUS\.m2\repository\net\sf\opencsv\opencsv\2.0\opencsv-2.0.jar;C:\Users\ASUS\.m2\repository\commons-beanutils\commons-beanutils\1.9.4\commons-beanutils-1.9.4.jar;C:\Users\ASUS\.m2\repository\org\apache\commons\commons-lang3\3.12.0\commons-lang3-3.12.0.jar;C:\Users\ASUS\.m2\repository\commons-collections\commons-collections\3.2.2\commons-collections-3.2.2.jar;C:\Users\ASUS\.m2\repository\org\fluentlenium\fluentlenium-core\0.10.2\fluentlenium-core-0.10.2.jar;C:\Users\ASUS\.m2\repository\io\github\bonigarcia\webdrivermanager\5.1.0\webdrivermanager-5.1.0.jar;C:\Users\ASUS\.m2\repository\com\github\docker-java\docker-java\3.2.13\docker-java-3.2.13.jar;C:\Users\ASUS\.m2\repository\com\github\docker-java\docker-java-core\3.2.13\docker-java-core-3.2.13.jar;C:\Users\ASUS\.m2\repository\com\github\docker-java\docker-java-api\3.2.13\docker-java-api-3.2.13.jar;C:\Users\ASUS\.m2\repository\org\apache\commons\commons-compress\1.21\commons-compress-1.21.jar;C:\Users\ASUS\.m2\repository\org\bouncycastle\bcpkix-jdk15on\1.64\bcpkix-jdk15on-1.64.jar;C:\Users\ASUS\.m2\repository\org\bouncycastle\bcprov-jdk15on\1.64\bcprov-jdk15on-1.64.jar;C:\Users\ASUS\.m2\repository\org\slf4j\jcl-over-slf4j\1.7.30\jcl-over-slf4j-1.7.30.jar;C:\Users\ASUS\.m2\repository\com\github\docker-java\docker-java-transport-httpclient5\3.2.13\docker-java-transport-httpclient5-3.2.13.jar;C:\Users\ASUS\.m2\repository\com\github\docker-java\docker-java-transport\3.2.13\docker-java-transport-3.2.13.jar;C:\Users\ASUS\.m2\repository\org\apache\httpcomponents\client5\httpclient5\5.0.3\httpclient5-5.0.3.jar;C:\Users\ASUS\.m2\repository\org\apache\httpcomponents\core5\httpcore5\5.0.2\httpcore5-5.0.2.jar;C:\Users\ASUS\.m2\repository\net\java\dev\jna\jna\5.8.0\jna-5.8.0.jar;C:\Users\ASUS\.m2\repository\org\brotli\dec\0.1.2\dec-0.1.2.jar;C:\Users\ASUS\.m2\repository\com\jhlabs\filters\2.0.235\filters-2.0.235.jar;C:\Users\ASUS\.m2\repository\com\paulhammant\ngwebdriver\1.1.6\ngwebdriver-1.1.6.jar;C:\Users\ASUS\.m2\repository\joda-time\joda-time\2.8.2\joda-time-2.8.2.jar;C:\Users\ASUS\.m2\repository\org\hamcrest\hamcrest\2.2\hamcrest-2.2.jar;C:\Users\ASUS\.m2\repository\com\google\jimfs\jimfs\1.2\jimfs-1.2.jar;C:\Users\ASUS\.m2\repository\org\mockito\mockito-core\3.3.3\mockito-core-3.3.3.jar;C:\Users\ASUS\.m2\repository\javax\xml\bind\jaxb-api\2.3.1\jaxb-api-2.3.1.jar;C:\Users\ASUS\.m2\repository\javax\activation\javax.activation-api\1.2.0\javax.activation-api-1.2.0.jar;C:\Users\ASUS\.m2\repository\com\sun\xml\bind\jaxb-core\2.3.0.1\jaxb-core-2.3.0.1.jar;C:\Users\ASUS\.m2\repository\com\sun\xml\bind\jaxb-impl\2.3.3\jaxb-impl-2.3.3.jar;C:\Users\ASUS\.m2\repository\jakarta\xml\bind\jakarta.xml.bind-api\2.3.3\jakarta.xml.bind-api-2.3.3.jar;C:\Users\ASUS\.m2\repository\com\sun\activation\jakarta.activation\1.2.2\jakarta.activation-1.2.2.jar;C:\Users\ASUS\.m2\repository\javax\activation\activation\1.1.1\activation-1.1.1.jar;C:\Users\ASUS\.m2\repository\net\serenity-bdd\serenity-cucumber\3.2.1\serenity-cucumber-3.2.1.jar;C:\Users\ASUS\.m2\repository\io\cucumber\cucumber-core\7.2.3\cucumber-core-7.2.3.jar;C:\Users\ASUS\.m2\repository\io\cucumber\cucumber-gherkin\7.2.3\cucumber-gherkin-7.2.3.jar;C:\Users\ASUS\.m2\repository\io\cucumber\cucumber-gherkin-messages\7.2.3\cucumber-gherkin-messages-7.2.3.jar;C:\Users\ASUS\.m2\repository\io\cucumber\messages\17.1.1\messages-17.1.1.jar;C:\Users\ASUS\.m2\repository\io\cucumber\tag-expressions\4.1.0\tag-expressions-4.1.0.jar;C:\Users\ASUS\.m2\repository\io\cucumber\cucumber-expressions\15.0.1\cucumber-expressions-15.0.1.jar;C:\Users\ASUS\.m2\repository\io\cucumber\datatable\7.2.3\datatable-7.2.3.jar;C:\Users\ASUS\.m2\repository\io\cucumber\cucumber-plugin\7.2.3\cucumber-plugin-7.2.3.jar;C:\Users\ASUS\.m2\repository\io\cucumber\docstring\7.2.3\docstring-7.2.3.jar;C:\Users\ASUS\.m2\repository\io\cucumber\html-formatter\17.0.0\html-formatter-17.0.0.jar;C:\Users\ASUS\.m2\repository\io\cucumber\ci-environment\8.1.0\ci-environment-8.1.0.jar;C:\Users\ASUS\.m2\repository\io\cucumber\cucumber-junit\7.2.3\cucumber-junit-7.2.3.jar;C:\Users\ASUS\.m2\repository\org\apache\commons\commons-csv\1.5\commons-csv-1.5.jar;C:\Users\ASUS\.m2\repository\net\serenity-bdd\serenity-screenplay\3.2.1\serenity-screenplay-3.2.1.jar;C:\Users\ASUS\.m2\repository\net\serenity-bdd\serenity-screenplay-webdriver\3.2.1\serenity-screenplay-webdriver-3.2.1.jar;C:\Users\ASUS\.m2\repository\net\serenity-bdd\serenity-ensure\3.2.1\serenity-ensure-3.2.1.jar;C:\Users\ASUS\.m2\repository\net\serenity-bdd\serenity-junit\3.2.1\serenity-junit-3.2.1.jar;C:\Users\ASUS\.m2\repository\org\jetbrains\kotlin\kotlin-stdlib\1.6.0\kotlin-stdlib-1.6.0.jar;C:\Users\ASUS\.m2\repository\org\jetbrains\annotations\13.0\annotations-13.0.jar;C:\Users\ASUS\.m2\repository\org\jetbrains\kotlin\kotlin-stdlib-common\1.6.0\kotlin-stdlib-common-1.6.0.jar;C:\Users\ASUS\.m2\repository\org\junit\platform\junit-platform-launcher\1.8.1\junit-platform-launcher-1.8.1.jar;C:\Users\ASUS\.m2\repository\org\junit\platform\junit-platform-engine\1.8.1\junit-platform-engine-1.8.1.jar;C:\Users\ASUS\.m2\repository\org\opentest4j\opentest4j\1.2.0\opentest4j-1.2.0.jar;C:\Users\ASUS\.m2\repository\org\junit\platform\junit-platform-commons\1.8.1\junit-platform-commons-1.8.1.jar;C:\Users\ASUS\.m2\repository\org\apiguardian\apiguardian-api\1.1.2\apiguardian-api-1.1.2.jar;C:\Users\ASUS\.m2\repository\org\junit\jupiter\junit-jupiter-engine\5.8.2\junit-jupiter-engine-5.8.2.jar;C:\Users\ASUS\.m2\repository\org\junit\jupiter\junit-jupiter-api\5.8.2\junit-jupiter-api-5.8.2.jar;C:\Users\ASUS\.m2\repository\org\junit\vintage\junit-vintage-engine\5.8.2\junit-vintage-engine-5.8.2.jar;C:\Users\ASUS\.m2\repository\junit\junit\4.13.2\junit-4.13.2.jar;C:\Users\ASUS\.m2\repository\org\hamcrest\hamcrest-core\1.3\hamcrest-core-1.3.jar;C:\Users\ASUS\.m2\repository\ch\qos\logback\logback-classic\1.2.10\logback-classic-1.2.10.jar;C:\Users\ASUS\.m2\repository\ch\qos\logback\logback-core\1.2.10\logback-core-1.2.10.jar;C:\Users\ASUS\.m2\repository\org\slf4j\slf4j-api\1.7.32\slf4j-api-1.7.32.jar;C:\Users\ASUS\.m2\repository\org\assertj\assertj-core\3.6.2\assertj-core-3.6.2.jar;C:\Users\ASUS\.m2\repository\org\apache\maven\surefire\surefire-junit-platform\3.0.0-M5\surefire-junit-platform-3.0.0-M5.jar;C:\Users\ASUS\.m2\repository\org\apache\maven\surefire\common-java5\3.0.0-M5\common-java5-3.0.0-M5.jar"/>
    <property name="user.script" value=""/>
    <property name="java.protocol.handler.pkgs" value="com.google.common"/>
    <property name="sun.management.compiler" value="HotSpot 64-Bit Tiered Compilers"/>
    <property name="java.runtime.version" value="13.0.2+8"/>
    <property name="user.name" value="ASUS"/>
    <property name="path.separator" value=";"/>
    <property name="os.version" value="10.0"/>
    <property name="java.runtime.name" value="Java(TM) SE Runtime Environment"/>
    <property name="file.encoding" value="Cp1252"/>
    <property name="webdriver.base.url" value=""/>
    <property name="java.vm.name" value="Java HotSpot(TM) 64-Bit Server VM"/>
    <property name="localRepository" value="C:\Users\ASUS\.m2\repository"/>
    <property name="java.vendor.url.bug" value="https://bugreport.java.com/bugreport/"/>
    <property name="java.io.tmpdir" value="C:\Users\ASUS\AppData\Local\Temp\"/>
    <property name="java.version" value="13.0.2"/>
    <property name="user.dir" value="C:\Users\ASUS\Desktop\stupen\repo\21_Review Web UI Testing with Serenity\Praktikum\qaBooks"/>
    <property name="os.arch" value="amd64"/>
    <property name="java.vm.specification.name" value="Java Virtual Machine Specification"/>
    <property name="sun.os.patch.level" value=""/>
    <property name="java.library.path" value="C:\Program Files\Java\jdk-13.0.2\bin;C:\WINDOWS\Sun\Java\bin;C:\WINDOWS\system32;C:\WINDOWS;C:\Program Files\Java\jdk-11.0.12\bin;C:\Program Files\Common Files\Oracle\Java\javapath;C:\Program Files (x86)\Common Files\Oracle\Java\javapath;C:\Windows\system32;C:\Windows;C:\Windows\System32\Wbem;C:\Windows\System32\WindowsPowerShell\v1.0\;C:\Windows\System32\OpenSSH\;C:\Program Files (x86)\NVIDIA Corporation\PhysX\Common;C:\Program Files\NVIDIA Corporation\NVIDIA NvDLISR;C:\Program Files\Intel\WiFi\bin\;C:\Program Files\Common Files\Intel\WirelessCommon\;C:\Users\ASUS\AppData\Local\Programs\Python\Python37;C:\Gradle\gradle-6.1.1\bin;C:\apache-maven-3.6.3\bin;C:\WINDOWS\system32;C:\WINDOWS;C:\WINDOWS\System32\Wbem;C:\WINDOWS\System32\WindowsPowerShell\v1.0\;C:\WINDOWS\System32\OpenSSH\;C:\Users\ASUS\AppData\Local\Programs\Python\Python37\Scripts;C:\Program Files\PostgreSQL\13\bin;D:\PuTTY\;C:\Program Files\nodejs\;C:\Program Files\IBM\SPSS\Statistics\25\JRE\bin;C:\Program Files\Git\cmd;C:\Windows\system32;C:\Windows;C:\Windows\System32\Wbem;C:\Windows\System32\WindowsPowerShell\v1.0\;C:\Windows\System32\OpenSSH\;C:\Program Files (x86)\NVIDIA Corporation\PhysX\Common;C:\Program Files\NVIDIA Corporation\NVIDIA NvDLISR;C:\Program Files\Intel\WiFi\bin\;C:\Program Files\Common Files\Intel\WirelessCommon\;C:\Users\ASUS\AppData\Local\Programs\Python\Python37;C:\Users\ASUS\AppData\Local\Programs\Microsoft VS Code\bin;C:\Program Files\Java\jdk-13.0.2\bin;C:\Program Files\Git\bin\;C:\Program Files\Git\cmd\;C:\Gradle\gradle-6.1.1\bin;C:\Users\ASUS\AppData\Local\Microsoft\WindowsApps;C:\Users\ASUS\AppData\Roaming\Microsoft\Windows\Start Menu\Programs\Python 3.7;C:\Users\ASUS\AppData\Local\Programs\Python\Python37\Scripts;C:\Program Files\heroku\bin;C:\Program Files\PostgreSQL\13\bin;C:\Users\ASUS\AppData\Roaming\npm;C:\Program Files\JetBrains\IntelliJ IDEA 2022.2.1\bin;;C:\Program Files\JetBrains\IntelliJ IDEA Community Edition 2022.2.2\bin;;."/>
    <property name="java.vm.info" value="mixed mode"/>
    <property name="java.vendor" value="Oracle Corporation"/>
    <property name="java.vm.version" value="13.0.2+8"/>
    <property name="sun.io.unicode.encoding" value="UnicodeLittle"/>
    <property name="java.class.version" value="57.0"/>
  </properties>
  <testcase name="Open login page" classname="Login" time="20.152">
    <system-out><![CDATA[17:28:59.551 [main] INFO io.cucumber.core.plugin.SerenityReporter - Running feature from file:///C:/Users/ASUS/Desktop/stupen/repo/21_Review%20Web%20UI%20Testing%20with%20Serenity/Praktikum/qaBooks/src/test/resources/features/Login.feature
17:28:59.760 [main] INFO  - 

-------------------------------------------------------------------------------------
     _______. _______ .______       _______ .__   __.  __  .___________.____    ____ 
    /       ||   ____||   _  \     |   ____||  \ |  | |  | |           |\   \  /   / 
   |   (----`|  |__   |  |_)  |    |  |__   |   \|  | |  | `---|  |----` \   \/   /  
    \   \    |   __|  |      /     |   __|  |  . `  | |  |     |  |       \_    _/   
.----)   |   |  |____ |  |\  \----.|  |____ |  |\   | |  |     |  |         |  |     
|_______/    |_______|| _| `._____||_______||__| \__| |__|     |__|         |__|    
                                                                                     
 News and tutorials at http://www.serenity-bdd.info                                  
 Documentation at https://wakaleo.gitbooks.io/the-serenity-book/content/             
 Join the Serenity Community on Gitter: https://gitter.im/serenity-bdd/serenity-core 
 Serenity BDD Support and Training at http://serenity-bdd.info/#/trainingandsupport  
-------------------------------------------------------------------------------------

17:28:59.763 [main] DEBUG net.thucydides.core.steps.StepEventBus - Test suite started for story net.thucydides.core.model.Story@23282f08
17:28:59.770 [main] INFO  - Test Suite Started: Login
17:28:59.789 [main] INFO io.cucumber.core.plugin.SerenityReporter - Running feature from file:///C:/Users/ASUS/Desktop/stupen/repo/21_Review%20Web%20UI%20Testing%20with%20Serenity/Praktikum/qaBooks/src/test/resources/features/Login.feature
17:28:59.794 [main] DEBUG net.thucydides.core.steps.StepEventBus - Test suite started for story net.thucydides.core.model.Story@23282f08
17:28:59.795 [main] INFO  - Test Suite Started: Login

Scenario: Open login page      &amp#27;[90m# src/test/resources/features/Login.feature:6&amp#27;[0m
17:28:59.931 [main] INFO io.cucumber.core.plugin.SerenityReporter - Running feature from file:///C:/Users/ASUS/Desktop/stupen/repo/21_Review%20Web%20UI%20Testing%20with%20Serenity/Praktikum/qaBooks/src/test/resources/features/Login.feature
17:29:00.072 [main] INFO  - 
  _____   ___   ___   _____     ___   _____     _     ___   _____   ___   ___  
 |_   _| | __| / __| |_   _|   / __| |_   _|   /_\   | _ \ |_   _| | __| |   \ 
   | |   | _|  \__ \   | |     \__ \   | |    / _ \  |   /   | |   | _|  | |) |
   |_|   |___| |___/   |_|     |___/   |_|   /_/ \_\ |_|_\   |_|   |___| |___/ 

Open login page(login;open-login-page)
--------------------------------------------------------------------------------
17:29:01.051 [main] INFO net.serenitybdd.core.webdriver.driverproviders.ChromeDriverProvider - Using automatically driver download
17:29:02.070 [main] DEBUG io.github.bonigarcia.wdm.cache.ResolutionCache - Resolution chrome=106 in cache (valid until 17:53:10 05/10/2022 WIB)
17:29:02.080 [main] DEBUG io.github.bonigarcia.wdm.cache.ResolutionCache - Resolution chrome106=106.0.5249.61 in cache (valid until 14:14:44 06/10/2022 WIB)
17:29:02.084 [main] INFO io.github.bonigarcia.wdm.WebDriverManager - Using chromedriver 106.0.5249.61 (resolved driver for Chrome 106)
17:29:02.105 [main] DEBUG io.github.bonigarcia.wdm.WebDriverManager - Driver chromedriver 106.0.5249.61 found in cache
17:29:02.107 [main] INFO io.github.bonigarcia.wdm.WebDriverManager - Exporting webdriver.chrome.driver as C:\Users\ASUS\.cache\selenium\chromedriver\win32\106.0.5249.61\chromedriver.exe
17:29:02.792 [main] DEBUG net.thucydides.core.reflection.ClassFinder - Could not load class .CucumberTestSuite
17:29:02.792 [main] DEBUG net.thucydides.core.reflection.ClassFinder - Could not load class .starter.pages.LoginPage
17:29:02.793 [main] DEBUG net.thucydides.core.reflection.ClassFinder - Could not load class .starter.stepdefinitions.LoginStep
17:29:02.793 [main] DEBUG net.thucydides.core.reflection.ClassFinder - Could not load class META-INF.versions.9.com.sun.istack.logging.StackHelper
17:29:02.794 [main] DEBUG net.thucydides.core.reflection.ClassFinder - Could not load class META-INF.versions.9.com.sun.xml.bind.v2.runtime.reflect.opt.AccessorInjector
17:29:02.794 [main] DEBUG net.thucydides.core.reflection.ClassFinder - Could not load class META-INF.versions.9.com.sun.xml.bind.v2.runtime.reflect.opt.Injector
17:29:02.794 [main] DEBUG net.thucydides.core.reflection.ClassFinder - Could not load class META-INF.versions.9.com.sun.xml.bind.v2.runtime.reflect.opt.OptimizedAccessorFactory
17:29:02.795 [main] DEBUG net.thucydides.core.reflection.ClassFinder - Could not load class META-INF.versions.9.com.sun.xml.bind.v2.runtime.reflect.opt.OptimizedTransducedAccessorFactory
17:29:02.795 [main] DEBUG net.thucydides.core.reflection.ClassFinder - Could not load class META-INF.versions.9.io.opentelemetry.sdk.internal.CurrentJavaVersionSpecific
17:29:02.795 [main] DEBUG net.thucydides.core.reflection.ClassFinder - Could not load class META-INF.versions.9.io.opentelemetry.sdk.internal.Java9VersionSpecific
17:29:02.796 [main] DEBUG net.thucydides.core.reflection.ClassFinder - Could not load class META-INF.versions.9.javax.xml.bind.ModuleUtil
17:29:02.796 [main] DEBUG net.thucydides.core.reflection.ClassFinder - Could not load class META-INF.versions.9.module-info
17:29:02.797 [main] DEBUG net.thucydides.core.reflection.ClassFinder - Could not load class META-INF.versions.9.org.junit.platform.commons.util.ModuleUtils
17:29:03.139 [main] DEBUG net.thucydides.core.reflection.ClassFinder - Could not load class com.google.gson.internal.
17:29:03.328 [main] DEBUG net.thucydides.core.reflection.ClassFinder - Could not load class com.sun.xml.bind.v2.runtime.output.FastInfosetStreamWriterOutput
17:29:03.786 [main] DEBUG net.thucydides.core.reflection.ClassFinder - Could not load class module-info
17:29:06.782 [main] DEBUG io.netty.util.internal.logging.InternalLoggerFactory - Using SLF4J as the default logging framework
17:29:06.786 [main] DEBUG io.netty.util.ResourceLeakDetector - -Dio.netty.leakDetection.level: simple
17:29:06.786 [main] DEBUG io.netty.util.ResourceLeakDetector - -Dio.netty.leakDetection.targetRecords: 4
17:29:06.790 [main] DEBUG io.netty.util.ResourceLeakDetectorFactory - Loaded default ResourceLeakDetector: io.netty.util.ResourceLeakDetector@6c3a3d87
17:29:06.811 [main] DEBUG io.netty.util.internal.PlatformDependent0 - -Dio.netty.noUnsafe: false
17:29:06.811 [main] DEBUG io.netty.util.internal.PlatformDependent0 - Java version: 13
17:29:06.812 [main] DEBUG io.netty.util.internal.PlatformDependent0 - sun.misc.Unsafe.theUnsafe: available
17:29:06.813 [main] DEBUG io.netty.util.internal.PlatformDependent0 - sun.misc.Unsafe.copyMemory: available
17:29:06.813 [main] DEBUG io.netty.util.internal.PlatformDependent0 - java.nio.Buffer.address: available
17:29:06.814 [main] DEBUG io.netty.util.internal.PlatformDependent0 - direct buffer constructor: unavailable: Reflective setAccessible(true) disabled
17:29:06.814 [main] DEBUG io.netty.util.internal.PlatformDependent0 - java.nio.Bits.unaligned: available, true
17:29:06.815 [main] DEBUG io.netty.util.internal.PlatformDependent0 - jdk.internal.misc.Unsafe.allocateUninitializedArray(int): unavailable: class io.netty.util.internal.PlatformDependent0$6 cannot access class jdk.internal.misc.Unsafe (in module java.base) because module java.base does not export jdk.internal.misc to unnamed module @26b894bd
17:29:06.818 [main] DEBUG io.netty.util.internal.PlatformDependent0 - java.nio.DirectByteBuffer.<init>(long, int): unavailable
17:29:06.818 [main] DEBUG io.netty.util.internal.PlatformDependent - sun.misc.Unsafe: available
17:29:06.821 [main] DEBUG io.netty.util.internal.PlatformDependent - maxDirectMemory: 2109734912 bytes (maybe)
17:29:06.821 [main] DEBUG io.netty.util.internal.PlatformDependent - -Dio.netty.tmpdir: C:\Users\ASUS\AppData\Local\Temp (java.io.tmpdir)
17:29:06.821 [main] DEBUG io.netty.util.internal.PlatformDependent - -Dio.netty.bitMode: 64 (sun.arch.data.model)
17:29:06.821 [main] DEBUG io.netty.util.internal.PlatformDependent - Platform: Windows
17:29:06.822 [main] DEBUG io.netty.util.internal.PlatformDependent - -Dio.netty.maxDirectMemory: -1 bytes
17:29:06.822 [main] DEBUG io.netty.util.internal.PlatformDependent - -Dio.netty.uninitializedArrayAllocationThreshold: -1
17:29:06.823 [main] DEBUG io.netty.util.internal.CleanerJava9 - java.nio.ByteBuffer.cleaner(): available
17:29:06.823 [main] DEBUG io.netty.util.internal.PlatformDependent - -Dio.netty.noPreferDirect: false
17:29:06.831 [main] DEBUG io.netty.util.internal.PlatformDependent - org.jctools-core.MpscChunkedArrayQueue: available
17:29:06.851 [main] DEBUG io.netty.util.internal.InternalThreadLocalMap - -Dio.netty.threadLocalMap.stringBuilder.initialSize: 1024
17:29:06.851 [main] DEBUG io.netty.util.internal.InternalThreadLocalMap - -Dio.netty.threadLocalMap.stringBuilder.maxSize: 4096
17:29:06.923 [main] DEBUG io.netty.handler.ssl.JdkSslContext - Default protocols (JDK): [TLSv1.3, TLSv1.2, TLSv1.1, TLSv1] 
17:29:06.923 [main] DEBUG io.netty.handler.ssl.JdkSslContext - Default cipher suites (JDK): [TLS_ECDHE_ECDSA_WITH_AES_256_GCM_SHA384, TLS_ECDHE_ECDSA_WITH_AES_128_GCM_SHA256, TLS_ECDHE_RSA_WITH_AES_128_GCM_SHA256, TLS_ECDHE_RSA_WITH_AES_256_GCM_SHA384, TLS_ECDHE_RSA_WITH_AES_128_CBC_SHA, TLS_ECDHE_RSA_WITH_AES_256_CBC_SHA, TLS_RSA_WITH_AES_128_GCM_SHA256, TLS_RSA_WITH_AES_128_CBC_SHA, TLS_RSA_WITH_AES_256_CBC_SHA, TLS_AES_128_GCM_SHA256, TLS_AES_256_GCM_SHA384]
17:29:06.953 [main] DEBUG io.netty.channel.MultithreadEventLoopGroup - -Dio.netty.eventLoopThreads: 16
17:29:06.962 [main] DEBUG io.netty.channel.nio.NioEventLoop - -Dio.netty.noKeySetOptimization: false
17:29:06.963 [main] DEBUG io.netty.channel.nio.NioEventLoop - -Dio.netty.selectorAutoRebuildThreshold: 512
17:29:07.205 [main] DEBUG io.netty.buffer.PooledByteBufAllocator - -Dio.netty.allocator.numHeapArenas: 16
17:29:07.205 [main] DEBUG io.netty.buffer.PooledByteBufAllocator - -Dio.netty.allocator.numDirectArenas: 16
17:29:07.205 [main] DEBUG io.netty.buffer.PooledByteBufAllocator - -Dio.netty.allocator.pageSize: 8192
17:29:07.205 [main] DEBUG io.netty.buffer.PooledByteBufAllocator - -Dio.netty.allocator.maxOrder: 11
17:29:07.205 [main] DEBUG io.netty.buffer.PooledByteBufAllocator - -Dio.netty.allocator.chunkSize: 16777216
17:29:07.205 [main] DEBUG io.netty.buffer.PooledByteBufAllocator - -Dio.netty.allocator.smallCacheSize: 256
17:29:07.205 [main] DEBUG io.netty.buffer.PooledByteBufAllocator - -Dio.netty.allocator.normalCacheSize: 64
17:29:07.205 [main] DEBUG io.netty.buffer.PooledByteBufAllocator - -Dio.netty.allocator.maxCachedBufferCapacity: 32768
17:29:07.205 [main] DEBUG io.netty.buffer.PooledByteBufAllocator - -Dio.netty.allocator.cacheTrimInterval: 8192
17:29:07.205 [main] DEBUG io.netty.buffer.PooledByteBufAllocator - -Dio.netty.allocator.cacheTrimIntervalMillis: 0
17:29:07.205 [main] DEBUG io.netty.buffer.PooledByteBufAllocator - -Dio.netty.allocator.useCacheForAllThreads: true
17:29:07.205 [main] DEBUG io.netty.buffer.PooledByteBufAllocator - -Dio.netty.allocator.maxCachedByteBuffersPerChunk: 1023
17:29:07.231 [main] DEBUG io.netty.buffer.ByteBufUtil - -Dio.netty.allocator.type: pooled
17:29:07.231 [main] DEBUG io.netty.buffer.ByteBufUtil - -Dio.netty.threadLocalDirectBufferSize: 0
17:29:07.231 [main] DEBUG io.netty.buffer.ByteBufUtil - -Dio.netty.maxThreadLocalCharBufferSize: 16384
17:29:07.441 [main] DEBUG net.serenitybdd.core.webdriver.driverproviders.ProvideNewDriver - Instantiating driver
17:29:07.441 [main] DEBUG net.serenitybdd.core.webdriver.driverproviders.ProvideNewDriver - Driver capabilities: Capabilities {acceptInsecureCerts: false, base.url: https://demoqa.com/books, browserName: chrome, chrome.driver: src/test/resources/webdrive..., driver: chrome, goog:chromeOptions: {args: [], extensions: []}}
17:29:08.218 [Forwarding newSession on session null to remote] DEBUG io.netty.channel.DefaultChannelId - -Dio.netty.processId: 13388 (auto-detected)
17:29:08.220 [Forwarding newSession on session null to remote] DEBUG io.netty.util.NetUtil - -Djava.net.preferIPv4Stack: false
17:29:08.220 [Forwarding newSession on session null to remote] DEBUG io.netty.util.NetUtil - -Djava.net.preferIPv6Addresses: false
17:29:08.410 [Forwarding newSession on session null to remote] DEBUG io.netty.util.NetUtilInitializations - Loopback interface: lo (Software Loopback Interface 1, 127.0.0.1)
17:29:08.411 [Forwarding newSession on session null to remote] DEBUG io.netty.util.NetUtil - Failed to get SOMAXCONN from sysctl and file \proc\sys\net\core\somaxconn. Default: 200
17:29:08.606 [Forwarding newSession on session null to remote] DEBUG io.netty.channel.DefaultChannelId - -Dio.netty.machineId: d4:d2:52:ff:fe:a4:e5:f7 (auto-detected)
17:29:08.664 [AsyncHttpClient-1-2] DEBUG io.netty.buffer.AbstractByteBuf - -Dio.netty.buffer.checkAccessible: true
17:29:08.665 [AsyncHttpClient-1-2] DEBUG io.netty.buffer.AbstractByteBuf - -Dio.netty.buffer.checkBounds: true
17:29:08.665 [AsyncHttpClient-1-2] DEBUG io.netty.util.ResourceLeakDetectorFactory - Loaded default ResourceLeakDetector: io.netty.util.ResourceLeakDetector@728538b5
17:29:08.682 [AsyncHttpClient-1-2] DEBUG org.asynchttpclient.netty.channel.NettyConnectListener - Using new Channel '[id: 0x28be3351, L:/127.0.0.1:57687 - R:localhost/127.0.0.1:58654]' for 'POST' to '/session'
17:29:08.703 [AsyncHttpClient-1-2] DEBUG io.netty.util.Recycler - -Dio.netty.recycler.maxCapacityPerThread: 4096
17:29:08.703 [AsyncHttpClient-1-2] DEBUG io.netty.util.Recycler - -Dio.netty.recycler.ratio: 8
17:29:08.703 [AsyncHttpClient-1-2] DEBUG io.netty.util.Recycler - -Dio.netty.recycler.chunkSize: 32
17:29:08.703 [AsyncHttpClient-1-2] DEBUG io.netty.util.Recycler - -Dio.netty.recycler.blocking: false
17:29:10.048 [AsyncHttpClient-1-2] DEBUG io.netty.handler.codec.compression.Brotli - brotli4j not in the classpath; Brotli support will be unavailable.
17:29:10.049 [AsyncHttpClient-1-2] DEBUG org.asynchttpclient.netty.handler.HttpHandler - 

Request DefaultHttpRequest(decodeResult: success, version: HTTP/1.1)
POST /session HTTP/1.1
User-Agent: selenium/4.1.2 (java windows)
Content-Length: 610
Content-Type: application/json; charset=utf-8
host: localhost:58654
accept: */*

Response DefaultHttpResponse(decodeResult: success, version: HTTP/1.1)
HTTP/1.1 200 OK
Content-Type: application/json; charset=utf-8
cache-control: no-cache
content-length: 789

17:29:10.067 [AsyncHttpClient-1-2] DEBUG org.asynchttpclient.netty.channel.ChannelManager - Adding key: http://localhost:58654 for channel [id: 0x28be3351, L:/127.0.0.1:57687 - R:localhost/127.0.0.1:58654]
17:29:10.138 [AsyncHttpClient-1-1] DEBUG org.asynchttpclient.netty.channel.DefaultChannelPool - Entry count for : http://localhost:58654 : 1
17:29:10.210 [AsyncHttpClient-1-3] DEBUG org.asynchttpclient.netty.channel.NettyConnectListener - Using new Channel '[id: 0xfa991f19, L:/127.0.0.1:57695 - R:localhost/127.0.0.1:57688]' for 'GET' to '/json/version'
17:29:10.224 [AsyncHttpClient-1-3] DEBUG org.asynchttpclient.netty.handler.HttpHandler - 

Request DefaultFullHttpRequest(decodeResult: success, version: HTTP/1.1, content: EmptyByteBufBE)
GET /json/version HTTP/1.1
User-Agent: selenium/4.1.2 (java windows)
host: localhost:57688
accept: */*

Response DefaultHttpResponse(decodeResult: success, version: HTTP/1.1)
HTTP/1.1 200 OK
Content-Type: application/json; charset=UTF-8
content-length: 423

17:29:10.225 [AsyncHttpClient-1-3] DEBUG org.asynchttpclient.netty.channel.ChannelManager - Adding key: http://localhost:57688 for channel [id: 0xfa991f19, L:/127.0.0.1:57695 - R:localhost/127.0.0.1:57688]
17:29:10.250 [main] DEBUG io.netty.util.internal.ThreadLocalRandom - -Dio.netty.initialSeedUniquifier: 0x1d105c7a1d93f365
17:29:10.267 [AsyncHttpClient-1-4] DEBUG org.asynchttpclient.netty.channel.NettyConnectListener - Using new Channel '[id: 0x49ca43ed, L:/127.0.0.1:57696 - R:localhost/127.0.0.1:57688]' for 'GET' to '/devtools/browser/4e94134d-5fe3-473b-8692-318d885b74bc'
17:29:10.276 [AsyncHttpClient-1-4] DEBUG org.asynchttpclient.netty.handler.WebSocketHandler - 

Request DefaultFullHttpRequest(decodeResult: success, version: HTTP/1.1, content: EmptyByteBufBE)
GET /devtools/browser/4e94134d-5fe3-473b-8692-318d885b74bc HTTP/1.1
upgrade: websocket
connection: upgrade
sec-websocket-key: FpvViCXW/L4xXXaryurFLA==
sec-websocket-version: 13
origin: http://localhost:57688
host: localhost:57688
accept: */*
user-agent: AHC/2.1

Response DefaultHttpResponse(decodeResult: success, version: HTTP/1.1)
HTTP/1.1 101 WebSocket Protocol Handshake
Upgrade: WebSocket
Connection: Upgrade
Sec-WebSocket-Accept: bkG6oV2utDzUViHQsNNkAEFrePA=

17:29:11.237 [AsyncHttpClient-1-1] DEBUG org.asynchttpclient.netty.channel.DefaultChannelPool - Entry count for : http://localhost:57688 : 1
17:29:11.237 [AsyncHttpClient-1-1] DEBUG org.asynchttpclient.netty.channel.DefaultChannelPool - Entry count for : http://localhost:58654 : 1
17:29:11.263 [main] DEBUG net.thucydides.core.reflection.ClassFinder - Could not load class .CucumberTestSuite
17:29:11.263 [main] DEBUG net.thucydides.core.reflection.ClassFinder - Could not load class .starter.pages.LoginPage
17:29:11.263 [main] DEBUG net.thucydides.core.reflection.ClassFinder - Could not load class .starter.stepdefinitions.LoginStep
17:29:11.263 [main] DEBUG net.thucydides.core.reflection.ClassFinder - Could not load class META-INF.versions.9.com.sun.istack.logging.StackHelper
17:29:11.264 [main] DEBUG net.thucydides.core.reflection.ClassFinder - Could not load class META-INF.versions.9.com.sun.xml.bind.v2.runtime.reflect.opt.AccessorInjector
17:29:11.264 [main] DEBUG net.thucydides.core.reflection.ClassFinder - Could not load class META-INF.versions.9.com.sun.xml.bind.v2.runtime.reflect.opt.Injector
17:29:11.264 [main] DEBUG net.thucydides.core.reflection.ClassFinder - Could not load class META-INF.versions.9.com.sun.xml.bind.v2.runtime.reflect.opt.OptimizedAccessorFactory
17:29:11.265 [main] DEBUG net.thucydides.core.reflection.ClassFinder - Could not load class META-INF.versions.9.com.sun.xml.bind.v2.runtime.reflect.opt.OptimizedTransducedAccessorFactory
17:29:11.265 [main] DEBUG net.thucydides.core.reflection.ClassFinder - Could not load class META-INF.versions.9.io.opentelemetry.sdk.internal.CurrentJavaVersionSpecific
17:29:11.265 [main] DEBUG net.thucydides.core.reflection.ClassFinder - Could not load class META-INF.versions.9.io.opentelemetry.sdk.internal.Java9VersionSpecific
17:29:11.266 [main] DEBUG net.thucydides.core.reflection.ClassFinder - Could not load class META-INF.versions.9.javax.xml.bind.ModuleUtil
17:29:11.266 [main] DEBUG net.thucydides.core.reflection.ClassFinder - Could not load class META-INF.versions.9.module-info
17:29:11.266 [main] DEBUG net.thucydides.core.reflection.ClassFinder - Could not load class META-INF.versions.9.org.junit.platform.commons.util.ModuleUtils
17:29:11.269 [main] DEBUG net.thucydides.core.reflection.ClassFinder - Could not load class com.google.gson.internal.
17:29:11.270 [main] DEBUG net.thucydides.core.reflection.ClassFinder - Could not load class com.sun.xml.bind.v2.runtime.output.FastInfosetStreamWriterOutput
17:29:11.272 [main] DEBUG net.thucydides.core.reflection.ClassFinder - Could not load class module-info
17:29:11.291 [Forwarding get on session d357b9ca6b05b9dce679d0a783660b0e to remote] DEBUG org.asynchttpclient.netty.request.NettyRequestSender - Using pooled Channel '[id: 0x28be3351, L:/127.0.0.1:57687 - R:localhost/127.0.0.1:58654]' for 'POST' to 'http://localhost:58654/session/d357b9ca6b05b9dce679d0a783660b0e/url'
17:29:11.291 [Forwarding get on session d357b9ca6b05b9dce679d0a783660b0e to remote] DEBUG org.asynchttpclient.netty.request.NettyRequestSender - Using open Channel [id: 0x28be3351, L:/127.0.0.1:57687 - R:localhost/127.0.0.1:58654] for POST '/session/d357b9ca6b05b9dce679d0a783660b0e/url'
17:29:12.337 [AsyncHttpClient-1-1] DEBUG org.asynchttpclient.netty.channel.DefaultChannelPool - Entry count for : http://localhost:57688 : 1
17:29:13.438 [AsyncHttpClient-1-1] DEBUG org.asynchttpclient.netty.channel.DefaultChannelPool - Entry count for : http://localhost:57688 : 1
17:29:14.537 [AsyncHttpClient-1-1] DEBUG org.asynchttpclient.netty.channel.DefaultChannelPool - Entry count for : http://localhost:57688 : 1
17:29:15.638 [AsyncHttpClient-1-1] DEBUG org.asynchttpclient.netty.channel.DefaultChannelPool - Entry count for : http://localhost:57688 : 1
17:29:16.741 [AsyncHttpClient-1-1] DEBUG org.asynchttpclient.netty.channel.DefaultChannelPool - Entry count for : http://localhost:57688 : 1
17:29:17.577 [AsyncHttpClient-1-2] DEBUG org.asynchttpclient.netty.handler.HttpHandler - 

Request DefaultHttpRequest(decodeResult: success, version: HTTP/1.1)
POST /session/d357b9ca6b05b9dce679d0a783660b0e/url HTTP/1.1
User-Agent: selenium/4.1.2 (java windows)
Content-Length: 60
Content-Type: application/json; charset=utf-8
host: localhost:58654
accept: */*

Response DefaultHttpResponse(decodeResult: success, version: HTTP/1.1)
HTTP/1.1 200 OK
Content-Type: application/json; charset=utf-8
cache-control: no-cache
content-length: 14

17:29:17.578 [AsyncHttpClient-1-2] DEBUG org.asynchttpclient.netty.channel.ChannelManager - Adding key: http://localhost:58654 for channel [id: 0x28be3351, L:/127.0.0.1:57687 - R:localhost/127.0.0.1:58654]
17:29:17.583 [Forwarding setTimeout on session d357b9ca6b05b9dce679d0a783660b0e to remote] DEBUG org.asynchttpclient.netty.request.NettyRequestSender - Using pooled Channel '[id: 0x28be3351, L:/127.0.0.1:57687 - R:localhost/127.0.0.1:58654]' for 'POST' to 'http://localhost:58654/session/d357b9ca6b05b9dce679d0a783660b0e/timeouts'
17:29:17.583 [Forwarding setTimeout on session d357b9ca6b05b9dce679d0a783660b0e to remote] DEBUG org.asynchttpclient.netty.request.NettyRequestSender - Using open Channel [id: 0x28be3351, L:/127.0.0.1:57687 - R:localhost/127.0.0.1:58654] for POST '/session/d357b9ca6b05b9dce679d0a783660b0e/timeouts'
17:29:17.586 [AsyncHttpClient-1-2] DEBUG org.asynchttpclient.netty.handler.HttpHandler - 

Request DefaultHttpRequest(decodeResult: success, version: HTTP/1.1)
POST /session/d357b9ca6b05b9dce679d0a783660b0e/timeouts HTTP/1.1
User-Agent: selenium/4.1.2 (java windows)
Content-Length: 22
Content-Type: application/json; charset=utf-8
host: localhost:58654
accept: */*

Response DefaultHttpResponse(decodeResult: success, version: HTTP/1.1)
HTTP/1.1 200 OK
Content-Type: application/json; charset=utf-8
cache-control: no-cache
content-length: 14

17:29:17.586 [AsyncHttpClient-1-2] DEBUG org.asynchttpclient.netty.channel.ChannelManager - Adding key: http://localhost:58654 for channel [id: 0x28be3351, L:/127.0.0.1:57687 - R:localhost/127.0.0.1:58654]
17:29:17.593 [Forwarding getCurrentUrl on session d357b9ca6b05b9dce679d0a783660b0e to remote] DEBUG org.asynchttpclient.netty.request.NettyRequestSender - Using pooled Channel '[id: 0x28be3351, L:/127.0.0.1:57687 - R:localhost/127.0.0.1:58654]' for 'GET' to 'http://localhost:58654/session/d357b9ca6b05b9dce679d0a783660b0e/url'
17:29:17.593 [Forwarding getCurrentUrl on session d357b9ca6b05b9dce679d0a783660b0e to remote] DEBUG org.asynchttpclient.netty.request.NettyRequestSender - Using open Channel [id: 0x28be3351, L:/127.0.0.1:57687 - R:localhost/127.0.0.1:58654] for GET '/session/d357b9ca6b05b9dce679d0a783660b0e/url'
17:29:17.599 [AsyncHttpClient-1-2] DEBUG org.asynchttpclient.netty.handler.HttpHandler - 

Request DefaultFullHttpRequest(decodeResult: success, version: HTTP/1.1, content: EmptyByteBufBE)
GET /session/d357b9ca6b05b9dce679d0a783660b0e/url HTTP/1.1
User-Agent: selenium/4.1.2 (java windows)
Cache-Control: no-cache
Content-Type: application/json; charset=utf-8
host: localhost:58654
accept: */*

Response DefaultHttpResponse(decodeResult: success, version: HTTP/1.1)
HTTP/1.1 200 OK
Content-Type: application/json; charset=utf-8
cache-control: no-cache
content-length: 37

17:29:17.600 [AsyncHttpClient-1-2] DEBUG org.asynchttpclient.netty.channel.ChannelManager - Adding key: http://localhost:58654 for channel [id: 0x28be3351, L:/127.0.0.1:57687 - R:localhost/127.0.0.1:58654]
  &amp#27;[32mGiven &amp#27;[0m&amp#27;[32mI am on the main page&amp#27;[0m  &amp#27;[90m# starter.stepdefinitions.LoginStep.iAmOnTheMainPage()&amp#27;[0m
17:29:17.620 [main] DEBUG net.serenitybdd.core.photography.Darkroom - Opening darkroom
17:29:17.621 [Darkroom Processing Line] DEBUG net.serenitybdd.core.photography.DarkroomProcessingLine - Darkroom processing line starting up
17:29:17.622 [Forwarding screenshot on session d357b9ca6b05b9dce679d0a783660b0e to remote] DEBUG org.asynchttpclient.netty.request.NettyRequestSender - Using pooled Channel '[id: 0x28be3351, L:/127.0.0.1:57687 - R:localhost/127.0.0.1:58654]' for 'GET' to 'http://localhost:58654/session/d357b9ca6b05b9dce679d0a783660b0e/screenshot'
17:29:17.622 [Forwarding screenshot on session d357b9ca6b05b9dce679d0a783660b0e to remote] DEBUG org.asynchttpclient.netty.request.NettyRequestSender - Using open Channel [id: 0x28be3351, L:/127.0.0.1:57687 - R:localhost/127.0.0.1:58654] for GET '/session/d357b9ca6b05b9dce679d0a783660b0e/screenshot'
17:29:17.845 [AsyncHttpClient-1-1] DEBUG org.asynchttpclient.netty.channel.DefaultChannelPool - Entry count for : http://localhost:57688 : 1
17:29:17.872 [AsyncHttpClient-1-2] DEBUG org.asynchttpclient.netty.handler.HttpHandler - 

Request DefaultFullHttpRequest(decodeResult: success, version: HTTP/1.1, content: EmptyByteBufBE)
GET /session/d357b9ca6b05b9dce679d0a783660b0e/screenshot HTTP/1.1
User-Agent: selenium/4.1.2 (java windows)
Cache-Control: no-cache
Content-Type: application/json; charset=utf-8
host: localhost:58654
accept: */*

Response DefaultHttpResponse(decodeResult: success, version: HTTP/1.1)
HTTP/1.1 200 OK
Content-Type: application/json; charset=utf-8
cache-control: no-cache
content-length: 570812

17:29:17.880 [AsyncHttpClient-1-2] DEBUG org.asynchttpclient.netty.channel.ChannelManager - Adding key: http://localhost:58654 for channel [id: 0x28be3351, L:/127.0.0.1:57687 - R:localhost/127.0.0.1:58654]
17:29:17.993 [main] DEBUG net.serenitybdd.core.photography.Darkroom - Send negative for processing for target\site\serenity\37354b96c86a4bc1fe088c3143e1e1bb16458abfe6a628dbd54e2d4f31284d3b.png
17:29:17.994 [Darkroom Processing Line] DEBUG net.serenitybdd.core.photography.DarkroomProcessingLine - Processing screenshot image in /var/screenshots/screenshot-3000618582175243092
17:29:17.994 [Darkroom Processing Line] DEBUG net.serenitybdd.core.photography.DarkroomProcessingLine - Saving screenshot to target\site\serenity\37354b96c86a4bc1fe088c3143e1e1bb16458abfe6a628dbd54e2d4f31284d3b.png
17:29:18.015 [Forwarding findElement on session d357b9ca6b05b9dce679d0a783660b0e to remote] DEBUG org.asynchttpclient.netty.request.NettyRequestSender - Using pooled Channel '[id: 0x28be3351, L:/127.0.0.1:57687 - R:localhost/127.0.0.1:58654]' for 'POST' to 'http://localhost:58654/session/d357b9ca6b05b9dce679d0a783660b0e/element'
17:29:18.015 [Forwarding findElement on session d357b9ca6b05b9dce679d0a783660b0e to remote] DEBUG org.asynchttpclient.netty.request.NettyRequestSender - Using open Channel [id: 0x28be3351, L:/127.0.0.1:57687 - R:localhost/127.0.0.1:58654] for POST '/session/d357b9ca6b05b9dce679d0a783660b0e/element'
17:29:18.027 [AsyncHttpClient-1-2] DEBUG org.asynchttpclient.netty.handler.HttpHandler - 

Request DefaultHttpRequest(decodeResult: success, version: HTTP/1.1)
POST /session/d357b9ca6b05b9dce679d0a783660b0e/element HTTP/1.1
User-Agent: selenium/4.1.2 (java windows)
Content-Length: 50
Content-Type: application/json; charset=utf-8
host: localhost:58654
accept: */*

Response DefaultHttpResponse(decodeResult: success, version: HTTP/1.1)
HTTP/1.1 200 OK
Content-Type: application/json; charset=utf-8
cache-control: no-cache
content-length: 88

17:29:18.027 [AsyncHttpClient-1-2] DEBUG org.asynchttpclient.netty.channel.ChannelManager - Adding key: http://localhost:58654 for channel [id: 0x28be3351, L:/127.0.0.1:57687 - R:localhost/127.0.0.1:58654]
17:29:18.034 [Forwarding isElementDisplayed on session d357b9ca6b05b9dce679d0a783660b0e to remote] DEBUG org.asynchttpclient.netty.request.NettyRequestSender - Using pooled Channel '[id: 0x28be3351, L:/127.0.0.1:57687 - R:localhost/127.0.0.1:58654]' for 'POST' to 'http://localhost:58654/session/d357b9ca6b05b9dce679d0a783660b0e/execute/sync'
17:29:18.035 [Forwarding isElementDisplayed on session d357b9ca6b05b9dce679d0a783660b0e to remote] DEBUG org.asynchttpclient.netty.request.NettyRequestSender - Using open Channel [id: 0x28be3351, L:/127.0.0.1:57687 - R:localhost/127.0.0.1:58654] for POST '/session/d357b9ca6b05b9dce679d0a783660b0e/execute/sync'
17:29:18.051 [AsyncHttpClient-1-2] DEBUG org.asynchttpclient.netty.handler.HttpHandler - 

Request DefaultHttpRequest(decodeResult: success, version: HTTP/1.1)
POST /session/d357b9ca6b05b9dce679d0a783660b0e/execute/sync HTTP/1.1
User-Agent: selenium/4.1.2 (java windows)
Content-Length: 48780
Content-Type: application/json; charset=utf-8
host: localhost:58654
accept: */*

Response DefaultHttpResponse(decodeResult: success, version: HTTP/1.1)
HTTP/1.1 200 OK
Content-Type: application/json; charset=utf-8
cache-control: no-cache
content-length: 14

17:29:18.051 [AsyncHttpClient-1-2] DEBUG org.asynchttpclient.netty.channel.ChannelManager - Adding key: http://localhost:58654 for channel [id: 0x28be3351, L:/127.0.0.1:57687 - R:localhost/127.0.0.1:58654]
17:29:18.061 [Forwarding findElement on session d357b9ca6b05b9dce679d0a783660b0e to remote] DEBUG org.asynchttpclient.netty.request.NettyRequestSender - Using pooled Channel '[id: 0x28be3351, L:/127.0.0.1:57687 - R:localhost/127.0.0.1:58654]' for 'POST' to 'http://localhost:58654/session/d357b9ca6b05b9dce679d0a783660b0e/element'
17:29:18.061 [Forwarding findElement on session d357b9ca6b05b9dce679d0a783660b0e to remote] DEBUG org.asynchttpclient.netty.request.NettyRequestSender - Using open Channel [id: 0x28be3351, L:/127.0.0.1:57687 - R:localhost/127.0.0.1:58654] for POST '/session/d357b9ca6b05b9dce679d0a783660b0e/element'
17:29:18.071 [AsyncHttpClient-1-2] DEBUG org.asynchttpclient.netty.handler.HttpHandler - 

Request DefaultHttpRequest(decodeResult: success, version: HTTP/1.1)
POST /session/d357b9ca6b05b9dce679d0a783660b0e/element HTTP/1.1
User-Agent: selenium/4.1.2 (java windows)
Content-Length: 50
Content-Type: application/json; charset=utf-8
host: localhost:58654
accept: */*

Response DefaultHttpResponse(decodeResult: success, version: HTTP/1.1)
HTTP/1.1 200 OK
Content-Type: application/json; charset=utf-8
cache-control: no-cache
content-length: 88

17:29:18.072 [AsyncHttpClient-1-2] DEBUG org.asynchttpclient.netty.channel.ChannelManager - Adding key: http://localhost:58654 for channel [id: 0x28be3351, L:/127.0.0.1:57687 - R:localhost/127.0.0.1:58654]
17:29:18.076 [Forwarding getElementTagName on session d357b9ca6b05b9dce679d0a783660b0e to remote] DEBUG org.asynchttpclient.netty.request.NettyRequestSender - Using pooled Channel '[id: 0x28be3351, L:/127.0.0.1:57687 - R:localhost/127.0.0.1:58654]' for 'GET' to 'http://localhost:58654/session/d357b9ca6b05b9dce679d0a783660b0e/element/97fae811-3754-41b6-84ef-b67eb9547b63/name'
17:29:18.076 [Forwarding getElementTagName on session d357b9ca6b05b9dce679d0a783660b0e to remote] DEBUG org.asynchttpclient.netty.request.NettyRequestSender - Using open Channel [id: 0x28be3351, L:/127.0.0.1:57687 - R:localhost/127.0.0.1:58654] for GET '/session/d357b9ca6b05b9dce679d0a783660b0e/element/97fae811-3754-41b6-84ef-b67eb9547b63/name'
17:29:18.081 [AsyncHttpClient-1-2] DEBUG org.asynchttpclient.netty.handler.HttpHandler - 

Request DefaultFullHttpRequest(decodeResult: success, version: HTTP/1.1, content: EmptyByteBufBE)
GET /session/d357b9ca6b05b9dce679d0a783660b0e/element/97fae811-3754-41b6-84ef-b67eb9547b63/name HTTP/1.1
User-Agent: selenium/4.1.2 (java windows)
Cache-Control: no-cache
Content-Type: application/json; charset=utf-8
host: localhost:58654
accept: */*

Response DefaultHttpResponse(decodeResult: success, version: HTTP/1.1)
HTTP/1.1 200 OK
Content-Type: application/json; charset=utf-8
cache-control: no-cache
content-length: 18

17:29:18.082 [AsyncHttpClient-1-2] DEBUG org.asynchttpclient.netty.channel.ChannelManager - Adding key: http://localhost:58654 for channel [id: 0x28be3351, L:/127.0.0.1:57687 - R:localhost/127.0.0.1:58654]
17:29:18.084 [Forwarding getElementTagName on session d357b9ca6b05b9dce679d0a783660b0e to remote] DEBUG org.asynchttpclient.netty.request.NettyRequestSender - Using pooled Channel '[id: 0x28be3351, L:/127.0.0.1:57687 - R:localhost/127.0.0.1:58654]' for 'GET' to 'http://localhost:58654/session/d357b9ca6b05b9dce679d0a783660b0e/element/97fae811-3754-41b6-84ef-b67eb9547b63/name'
17:29:18.084 [Forwarding getElementTagName on session d357b9ca6b05b9dce679d0a783660b0e to remote] DEBUG org.asynchttpclient.netty.request.NettyRequestSender - Using open Channel [id: 0x28be3351, L:/127.0.0.1:57687 - R:localhost/127.0.0.1:58654] for GET '/session/d357b9ca6b05b9dce679d0a783660b0e/element/97fae811-3754-41b6-84ef-b67eb9547b63/name'
17:29:18.088 [AsyncHttpClient-1-2] DEBUG org.asynchttpclient.netty.handler.HttpHandler - 

Request DefaultFullHttpRequest(decodeResult: success, version: HTTP/1.1, content: EmptyByteBufBE)
GET /session/d357b9ca6b05b9dce679d0a783660b0e/element/97fae811-3754-41b6-84ef-b67eb9547b63/name HTTP/1.1
User-Agent: selenium/4.1.2 (java windows)
Cache-Control: no-cache
Content-Type: application/json; charset=utf-8
host: localhost:58654
accept: */*

Response DefaultHttpResponse(decodeResult: success, version: HTTP/1.1)
HTTP/1.1 200 OK
Content-Type: application/json; charset=utf-8
cache-control: no-cache
content-length: 18

17:29:18.089 [AsyncHttpClient-1-2] DEBUG org.asynchttpclient.netty.channel.ChannelManager - Adding key: http://localhost:58654 for channel [id: 0x28be3351, L:/127.0.0.1:57687 - R:localhost/127.0.0.1:58654]
17:29:18.110 [Forwarding isElementEnabled on session d357b9ca6b05b9dce679d0a783660b0e to remote] DEBUG org.asynchttpclient.netty.request.NettyRequestSender - Using pooled Channel '[id: 0x28be3351, L:/127.0.0.1:57687 - R:localhost/127.0.0.1:58654]' for 'GET' to 'http://localhost:58654/session/d357b9ca6b05b9dce679d0a783660b0e/element/97fae811-3754-41b6-84ef-b67eb9547b63/enabled'
17:29:18.110 [Forwarding isElementEnabled on session d357b9ca6b05b9dce679d0a783660b0e to remote] DEBUG org.asynchttpclient.netty.request.NettyRequestSender - Using open Channel [id: 0x28be3351, L:/127.0.0.1:57687 - R:localhost/127.0.0.1:58654] for GET '/session/d357b9ca6b05b9dce679d0a783660b0e/element/97fae811-3754-41b6-84ef-b67eb9547b63/enabled'
17:29:18.120 [AsyncHttpClient-1-2] DEBUG org.asynchttpclient.netty.handler.HttpHandler - 

Request DefaultFullHttpRequest(decodeResult: success, version: HTTP/1.1, content: EmptyByteBufBE)
GET /session/d357b9ca6b05b9dce679d0a783660b0e/element/97fae811-3754-41b6-84ef-b67eb9547b63/enabled HTTP/1.1
User-Agent: selenium/4.1.2 (java windows)
Cache-Control: no-cache
Content-Type: application/json; charset=utf-8
host: localhost:58654
accept: */*

Response DefaultHttpResponse(decodeResult: success, version: HTTP/1.1)
HTTP/1.1 200 OK
Content-Type: application/json; charset=utf-8
cache-control: no-cache
content-length: 14

17:29:18.120 [AsyncHttpClient-1-2] DEBUG org.asynchttpclient.netty.channel.ChannelManager - Adding key: http://localhost:58654 for channel [id: 0x28be3351, L:/127.0.0.1:57687 - R:localhost/127.0.0.1:58654]
17:29:18.122 [Forwarding isElementEnabled on session d357b9ca6b05b9dce679d0a783660b0e to remote] DEBUG org.asynchttpclient.netty.request.NettyRequestSender - Using pooled Channel '[id: 0x28be3351, L:/127.0.0.1:57687 - R:localhost/127.0.0.1:58654]' for 'GET' to 'http://localhost:58654/session/d357b9ca6b05b9dce679d0a783660b0e/element/97fae811-3754-41b6-84ef-b67eb9547b63/enabled'
17:29:18.122 [Forwarding isElementEnabled on session d357b9ca6b05b9dce679d0a783660b0e to remote] DEBUG org.asynchttpclient.netty.request.NettyRequestSender - Using open Channel [id: 0x28be3351, L:/127.0.0.1:57687 - R:localhost/127.0.0.1:58654] for GET '/session/d357b9ca6b05b9dce679d0a783660b0e/element/97fae811-3754-41b6-84ef-b67eb9547b63/enabled'
17:29:18.130 [AsyncHttpClient-1-2] DEBUG org.asynchttpclient.netty.handler.HttpHandler - 

Request DefaultFullHttpRequest(decodeResult: success, version: HTTP/1.1, content: EmptyByteBufBE)
GET /session/d357b9ca6b05b9dce679d0a783660b0e/element/97fae811-3754-41b6-84ef-b67eb9547b63/enabled HTTP/1.1
User-Agent: selenium/4.1.2 (java windows)
Cache-Control: no-cache
Content-Type: application/json; charset=utf-8
host: localhost:58654
accept: */*

Response DefaultHttpResponse(decodeResult: success, version: HTTP/1.1)
HTTP/1.1 200 OK
Content-Type: application/json; charset=utf-8
cache-control: no-cache
content-length: 14

17:29:18.130 [AsyncHttpClient-1-2] DEBUG org.asynchttpclient.netty.channel.ChannelManager - Adding key: http://localhost:58654 for channel [id: 0x28be3351, L:/127.0.0.1:57687 - R:localhost/127.0.0.1:58654]
17:29:18.133 [Forwarding findElement on session d357b9ca6b05b9dce679d0a783660b0e to remote] DEBUG org.asynchttpclient.netty.request.NettyRequestSender - Using pooled Channel '[id: 0x28be3351, L:/127.0.0.1:57687 - R:localhost/127.0.0.1:58654]' for 'POST' to 'http://localhost:58654/session/d357b9ca6b05b9dce679d0a783660b0e/element'
17:29:18.133 [Forwarding findElement on session d357b9ca6b05b9dce679d0a783660b0e to remote] DEBUG org.asynchttpclient.netty.request.NettyRequestSender - Using open Channel [id: 0x28be3351, L:/127.0.0.1:57687 - R:localhost/127.0.0.1:58654] for POST '/session/d357b9ca6b05b9dce679d0a783660b0e/element'
17:29:18.143 [AsyncHttpClient-1-2] DEBUG org.asynchttpclient.netty.handler.HttpHandler - 

Request DefaultHttpRequest(decodeResult: success, version: HTTP/1.1)
POST /session/d357b9ca6b05b9dce679d0a783660b0e/element HTTP/1.1
User-Agent: selenium/4.1.2 (java windows)
Content-Length: 50
Content-Type: application/json; charset=utf-8
host: localhost:58654
accept: */*

Response DefaultHttpResponse(decodeResult: success, version: HTTP/1.1)
HTTP/1.1 200 OK
Content-Type: application/json; charset=utf-8
cache-control: no-cache
content-length: 88

17:29:18.143 [AsyncHttpClient-1-2] DEBUG org.asynchttpclient.netty.channel.ChannelManager - Adding key: http://localhost:58654 for channel [id: 0x28be3351, L:/127.0.0.1:57687 - R:localhost/127.0.0.1:58654]
17:29:18.146 [Forwarding clickElement on session d357b9ca6b05b9dce679d0a783660b0e to remote] DEBUG org.asynchttpclient.netty.request.NettyRequestSender - Using pooled Channel '[id: 0x28be3351, L:/127.0.0.1:57687 - R:localhost/127.0.0.1:58654]' for 'POST' to 'http://localhost:58654/session/d357b9ca6b05b9dce679d0a783660b0e/element/97fae811-3754-41b6-84ef-b67eb9547b63/click'
17:29:18.146 [Forwarding clickElement on session d357b9ca6b05b9dce679d0a783660b0e to remote] DEBUG org.asynchttpclient.netty.request.NettyRequestSender - Using open Channel [id: 0x28be3351, L:/127.0.0.1:57687 - R:localhost/127.0.0.1:58654] for POST '/session/d357b9ca6b05b9dce679d0a783660b0e/element/97fae811-3754-41b6-84ef-b67eb9547b63/click'
17:29:18.225 [AsyncHttpClient-1-2] DEBUG org.asynchttpclient.netty.handler.HttpHandler - 

Request DefaultHttpRequest(decodeResult: success, version: HTTP/1.1)
POST /session/d357b9ca6b05b9dce679d0a783660b0e/element/97fae811-3754-41b6-84ef-b67eb9547b63/click HTTP/1.1
User-Agent: selenium/4.1.2 (java windows)
Content-Length: 50
Content-Type: application/json; charset=utf-8
host: localhost:58654
accept: */*

Response DefaultHttpResponse(decodeResult: success, version: HTTP/1.1)
HTTP/1.1 200 OK
Content-Type: application/json; charset=utf-8
cache-control: no-cache
content-length: 14

17:29:18.226 [AsyncHttpClient-1-2] DEBUG org.asynchttpclient.netty.channel.ChannelManager - Adding key: http://localhost:58654 for channel [id: 0x28be3351, L:/127.0.0.1:57687 - R:localhost/127.0.0.1:58654]
  &amp#27;[32mWhen &amp#27;[0m&amp#27;[32mI click login button&amp#27;[0m    &amp#27;[90m# starter.stepdefinitions.LoginStep.iClickLoginButton()&amp#27;[0m
17:29:18.244 [Forwarding screenshot on session d357b9ca6b05b9dce679d0a783660b0e to remote] DEBUG org.asynchttpclient.netty.request.NettyRequestSender - Using pooled Channel '[id: 0x28be3351, L:/127.0.0.1:57687 - R:localhost/127.0.0.1:58654]' for 'GET' to 'http://localhost:58654/session/d357b9ca6b05b9dce679d0a783660b0e/screenshot'
17:29:18.244 [Forwarding screenshot on session d357b9ca6b05b9dce679d0a783660b0e to remote] DEBUG org.asynchttpclient.netty.request.NettyRequestSender - Using open Channel [id: 0x28be3351, L:/127.0.0.1:57687 - R:localhost/127.0.0.1:58654] for GET '/session/d357b9ca6b05b9dce679d0a783660b0e/screenshot'
17:29:18.545 [AsyncHttpClient-1-2] DEBUG org.asynchttpclient.netty.handler.HttpHandler - 

Request DefaultFullHttpRequest(decodeResult: success, version: HTTP/1.1, content: EmptyByteBufBE)
GET /session/d357b9ca6b05b9dce679d0a783660b0e/screenshot HTTP/1.1
User-Agent: selenium/4.1.2 (java windows)
Cache-Control: no-cache
Content-Type: application/json; charset=utf-8
host: localhost:58654
accept: */*

Response DefaultHttpResponse(decodeResult: success, version: HTTP/1.1)
HTTP/1.1 200 OK
Content-Type: application/json; charset=utf-8
cache-control: no-cache
content-length: 462688

17:29:18.551 [AsyncHttpClient-1-2] DEBUG org.asynchttpclient.netty.channel.ChannelManager - Adding key: http://localhost:58654 for channel [id: 0x28be3351, L:/127.0.0.1:57687 - R:localhost/127.0.0.1:58654]
17:29:18.587 [main] DEBUG net.serenitybdd.core.photography.Darkroom - Send negative for processing for target\site\serenity\43ce4e32f15b97ea40a13a493ce2d25ac4b587c88ffc459bd3690cfb800b0294.png
17:29:18.588 [Darkroom Processing Line] DEBUG net.serenitybdd.core.photography.DarkroomProcessingLine - Processing screenshot image in /var/screenshots/screenshot-9845191300212138692
17:29:18.588 [Darkroom Processing Line] DEBUG net.serenitybdd.core.photography.DarkroomProcessingLine - Saving screenshot to target\site\serenity\43ce4e32f15b97ea40a13a493ce2d25ac4b587c88ffc459bd3690cfb800b0294.png
17:29:18.614 [Forwarding findElement on session d357b9ca6b05b9dce679d0a783660b0e to remote] DEBUG org.asynchttpclient.netty.request.NettyRequestSender - Using pooled Channel '[id: 0x28be3351, L:/127.0.0.1:57687 - R:localhost/127.0.0.1:58654]' for 'POST' to 'http://localhost:58654/session/d357b9ca6b05b9dce679d0a783660b0e/element'
17:29:18.615 [Forwarding findElement on session d357b9ca6b05b9dce679d0a783660b0e to remote] DEBUG org.asynchttpclient.netty.request.NettyRequestSender - Using open Channel [id: 0x28be3351, L:/127.0.0.1:57687 - R:localhost/127.0.0.1:58654] for POST '/session/d357b9ca6b05b9dce679d0a783660b0e/element'
17:29:18.638 [AsyncHttpClient-1-2] DEBUG org.asynchttpclient.netty.handler.HttpHandler - 

Request DefaultHttpRequest(decodeResult: success, version: HTTP/1.1)
POST /session/d357b9ca6b05b9dce679d0a783660b0e/element HTTP/1.1
User-Agent: selenium/4.1.2 (java windows)
Content-Length: 51
Content-Type: application/json; charset=utf-8
host: localhost:58654
accept: */*

Response DefaultHttpResponse(decodeResult: success, version: HTTP/1.1)
HTTP/1.1 200 OK
Content-Type: application/json; charset=utf-8
cache-control: no-cache
content-length: 88

17:29:18.638 [AsyncHttpClient-1-2] DEBUG org.asynchttpclient.netty.channel.ChannelManager - Adding key: http://localhost:58654 for channel [id: 0x28be3351, L:/127.0.0.1:57687 - R:localhost/127.0.0.1:58654]
17:29:18.651 [Forwarding isElementDisplayed on session d357b9ca6b05b9dce679d0a783660b0e to remote] DEBUG org.asynchttpclient.netty.request.NettyRequestSender - Using pooled Channel '[id: 0x28be3351, L:/127.0.0.1:57687 - R:localhost/127.0.0.1:58654]' for 'POST' to 'http://localhost:58654/session/d357b9ca6b05b9dce679d0a783660b0e/execute/sync'
17:29:18.651 [Forwarding isElementDisplayed on session d357b9ca6b05b9dce679d0a783660b0e to remote] DEBUG org.asynchttpclient.netty.request.NettyRequestSender - Using open Channel [id: 0x28be3351, L:/127.0.0.1:57687 - R:localhost/127.0.0.1:58654] for POST '/session/d357b9ca6b05b9dce679d0a783660b0e/execute/sync'
17:29:18.668 [AsyncHttpClient-1-2] DEBUG org.asynchttpclient.netty.handler.HttpHandler - 

Request DefaultHttpRequest(decodeResult: success, version: HTTP/1.1)
POST /session/d357b9ca6b05b9dce679d0a783660b0e/execute/sync HTTP/1.1
User-Agent: selenium/4.1.2 (java windows)
Content-Length: 48780
Content-Type: application/json; charset=utf-8
host: localhost:58654
accept: */*

Response DefaultHttpResponse(decodeResult: success, version: HTTP/1.1)
HTTP/1.1 200 OK
Content-Type: application/json; charset=utf-8
cache-control: no-cache
content-length: 14

17:29:18.669 [AsyncHttpClient-1-2] DEBUG org.asynchttpclient.netty.channel.ChannelManager - Adding key: http://localhost:58654 for channel [id: 0x28be3351, L:/127.0.0.1:57687 - R:localhost/127.0.0.1:58654]
  &amp#27;[32mThen &amp#27;[0m&amp#27;[32mI will go to login page&amp#27;[0m &amp#27;[90m# starter.stepdefinitions.LoginStep.iWillGoToLoginPage()&amp#27;[0m
17:29:18.679 [Forwarding screenshot on session d357b9ca6b05b9dce679d0a783660b0e to remote] DEBUG org.asynchttpclient.netty.request.NettyRequestSender - Using pooled Channel '[id: 0x28be3351, L:/127.0.0.1:57687 - R:localhost/127.0.0.1:58654]' for 'GET' to 'http://localhost:58654/session/d357b9ca6b05b9dce679d0a783660b0e/screenshot'
17:29:18.679 [Forwarding screenshot on session d357b9ca6b05b9dce679d0a783660b0e to remote] DEBUG org.asynchttpclient.netty.request.NettyRequestSender - Using open Channel [id: 0x28be3351, L:/127.0.0.1:57687 - R:localhost/127.0.0.1:58654] for GET '/session/d357b9ca6b05b9dce679d0a783660b0e/screenshot'
17:29:18.936 [AsyncHttpClient-1-1] DEBUG org.asynchttpclient.netty.channel.DefaultChannelPool - Entry count for : http://localhost:57688 : 1
17:29:18.996 [AsyncHttpClient-1-2] DEBUG org.asynchttpclient.netty.handler.HttpHandler - 

Request DefaultFullHttpRequest(decodeResult: success, version: HTTP/1.1, content: EmptyByteBufBE)
GET /session/d357b9ca6b05b9dce679d0a783660b0e/screenshot HTTP/1.1
User-Agent: selenium/4.1.2 (java windows)
Cache-Control: no-cache
Content-Type: application/json; charset=utf-8
host: localhost:58654
accept: */*

Response DefaultHttpResponse(decodeResult: success, version: HTTP/1.1)
HTTP/1.1 200 OK
Content-Type: application/json; charset=utf-8
cache-control: no-cache
content-length: 518824

17:29:19.002 [AsyncHttpClient-1-2] DEBUG org.asynchttpclient.netty.channel.ChannelManager - Adding key: http://localhost:58654 for channel [id: 0x28be3351, L:/127.0.0.1:57687 - R:localhost/127.0.0.1:58654]
17:29:19.035 [main] DEBUG net.serenitybdd.core.photography.Darkroom - Send negative for processing for target\site\serenity\aaa477df071c67fbd4b51e676fd00155b182a96bc6895e2025044a579b13d12a.png
17:29:19.036 [Darkroom Processing Line] DEBUG net.serenitybdd.core.photography.DarkroomProcessingLine - Processing screenshot image in /var/screenshots/screenshot-11594388517716823166
17:29:19.036 [Darkroom Processing Line] DEBUG net.serenitybdd.core.photography.DarkroomProcessingLine - Saving screenshot to target\site\serenity\aaa477df071c67fbd4b51e676fd00155b182a96bc6895e2025044a579b13d12a.png
17:29:19.044 [main] INFO  - 
  _____   ___   ___   _____     ___     _     ___   ___   ___   ___  
 |_   _| | __| / __| |_   _|   | _ \   /_\   / __| / __| | __| |   \ 
   | |   | _|  \__ \   | |     |  _/  / _ \  \__ \ \__ \ | _|  | |) |
   |_|   |___| |___/   |_|     |_|   /_/ \_\ |___/ |___/ |___| |___/ 

Open login page
----------------------------------------------------------------------
17:29:19.239 [Driver Command Executor] DEBUG org.asynchttpclient.netty.request.NettyRequestSender - Using pooled Channel '[id: 0x28be3351, L:/127.0.0.1:57687 - R:localhost/127.0.0.1:58654]' for 'DELETE' to 'http://localhost:58654/session/d357b9ca6b05b9dce679d0a783660b0e'
17:29:19.240 [Driver Command Executor] DEBUG org.asynchttpclient.netty.request.NettyRequestSender - Using open Channel [id: 0x28be3351, L:/127.0.0.1:57687 - R:localhost/127.0.0.1:58654] for DELETE '/session/d357b9ca6b05b9dce679d0a783660b0e'
17:29:19.241 [AsyncHttpClient-1-4] DEBUG org.asynchttpclient.netty.handler.WebSocketHandler - Channel Closed: [id: 0x49ca43ed, L:/127.0.0.1:57696 ! R:localhost/127.0.0.1:57688] with attribute NettyResponseFuture{currentRetry=5,
	isDone=1,
	isCancelled=0,
	asyncHandler=org.asynchttpclient.ws.WebSocketUpgradeHandler@678339f,
	nettyRequest=org.asynchttpclient.netty.request.NettyRequest@39c4a633,
	future=java.util.concurrent.CompletableFuture@102ca1a[Completed normally],
	uri=ws://localhost:57688/devtools/browser/4e94134d-5fe3-473b-8692-318d885b74bc,
	keepAlive=true,
	redirectCount=0,
	timeoutsHolder=null,
	inAuth=0,
	touch=1664965750309}
17:29:19.242 [AsyncHttpClient-1-4] DEBUG org.asynchttpclient.netty.channel.ChannelManager - Closing Channel [id: 0x49ca43ed, L:/127.0.0.1:57696 ! R:localhost/127.0.0.1:57688] 
17:29:19.318 [AsyncHttpClient-1-3] DEBUG org.asynchttpclient.netty.handler.HttpHandler - Unexpected I/O exception on channel [id: 0xfa991f19, L:/127.0.0.1:57695 - R:localhost/127.0.0.1:57688]
java.net.SocketException: Connection reset
	at java.base/sun.nio.ch.SocketChannelImpl.throwConnectionReset(SocketChannelImpl.java:345)
	at java.base/sun.nio.ch.SocketChannelImpl.read(SocketChannelImpl.java:376)
	at io.netty.buffer.PooledByteBuf.setBytes(PooledByteBuf.java:258)
	at io.netty.buffer.AbstractByteBuf.writeBytes(AbstractByteBuf.java:1132)
	at io.netty.channel.socket.nio.NioSocketChannel.doReadBytes(NioSocketChannel.java:350)
	at io.netty.channel.nio.AbstractNioByteChannel$NioByteUnsafe.read(AbstractNioByteChannel.java:151)
	at io.netty.channel.nio.NioEventLoop.processSelectedKey(NioEventLoop.java:722)
	at io.netty.channel.nio.NioEventLoop.processSelectedKeysOptimized(NioEventLoop.java:658)
	at io.netty.channel.nio.NioEventLoop.processSelectedKeys(NioEventLoop.java:584)
	at io.netty.channel.nio.NioEventLoop.run(NioEventLoop.java:496)
	at io.netty.util.concurrent.SingleThreadEventExecutor$4.run(SingleThreadEventExecutor.java:986)
	at io.netty.util.internal.ThreadExecutorMap$2.run(ThreadExecutorMap.java:74)
	at io.netty.util.concurrent.FastThreadLocalRunnable.run(FastThreadLocalRunnable.java:30)
	at java.base/java.lang.Thread.run(Thread.java:830)
17:29:19.319 [AsyncHttpClient-1-3] DEBUG org.asynchttpclient.netty.channel.ChannelManager - Closing Channel [id: 0xfa991f19, L:/127.0.0.1:57695 - R:localhost/127.0.0.1:57688] 
17:29:19.322 [AsyncHttpClient-1-3] DEBUG org.asynchttpclient.netty.handler.HttpHandler - Channel Closed: [id: 0xfa991f19, L:/127.0.0.1:57695 ! R:localhost/127.0.0.1:57688] with attribute DISCARD
17:29:19.340 [AsyncHttpClient-1-2] DEBUG org.asynchttpclient.netty.handler.HttpHandler - 

Request DefaultFullHttpRequest(decodeResult: success, version: HTTP/1.1, content: EmptyByteBufBE)
DELETE /session/d357b9ca6b05b9dce679d0a783660b0e HTTP/1.1
User-Agent: selenium/4.1.2 (java windows)
Content-Type: application/json; charset=utf-8
host: localhost:58654
accept: */*

Response DefaultHttpResponse(decodeResult: success, version: HTTP/1.1)
HTTP/1.1 200 OK
Content-Type: application/json; charset=utf-8
cache-control: no-cache
content-length: 14

17:29:19.340 [AsyncHttpClient-1-2] DEBUG org.asynchttpclient.netty.channel.ChannelManager - Adding key: http://localhost:58654 for channel [id: 0x28be3351, L:/127.0.0.1:57687 - R:localhost/127.0.0.1:58654]
17:29:19.416 [AsyncHttpClient-1-2] DEBUG org.asynchttpclient.netty.handler.HttpHandler - Channel Closed: [id: 0x28be3351, L:/127.0.0.1:57687 ! R:localhost/127.0.0.1:58654] with attribute DISCARD
]]></system-out>
    <system-err><![CDATA[Starting ChromeDriver 106.0.5249.61 (511755355844955cd3e264779baf0dd38212a4d0-refs/branch-heads/5249@{#569}) on port 58654
Only local connections are allowed.
Please see https://chromedriver.chromium.org/security-considerations for suggestions on keeping ChromeDriver safe.
ChromeDriver was started successfully.
Oct 05, 2022 5:29:10 PM org.openqa.selenium.remote.ProtocolHandshake createSession
INFO: Detected dialect: W3C
Oct 05, 2022 5:29:10 PM org.openqa.selenium.devtools.CdpVersionFinder findNearestMatch
WARNING: Unable to find an exact match for CDP version 106, so returning the closest version found: a no-op implementation
Oct 05, 2022 5:29:10 PM org.openqa.selenium.devtools.CdpVersionFinder findNearestMatch
INFO: Unable to find CDP implementation matching 106.
Oct 05, 2022 5:29:10 PM org.openqa.selenium.chromium.ChromiumDriver lambda$new$3
WARNING: Unable to find version of CDP to use for . You may need to include a dependency on a specific version of the CDP using something similar to `org.seleniumhq.selenium:selenium-devtools-v86:4.1.2` where the version ("v86") matches the version of the chromium-based browser you're using and the version number of the artifact is the same as Selenium's.
]]></system-err>
  </testcase>
  <testcase name="Login with valid username and password" classname="Login" time="12.724">
    <system-out><![CDATA[
Scenario: Login with valid username and password &amp#27;[90m# src/test/resources/features/Login.feature:11&amp#27;[0m
17:29:19.971 [main] INFO io.cucumber.core.plugin.SerenityReporter - Running feature from file:///C:/Users/ASUS/Desktop/stupen/repo/21_Review%20Web%20UI%20Testing%20with%20Serenity/Praktikum/qaBooks/src/test/resources/features/Login.feature
17:29:19.975 [main] INFO  - 
  _____   ___   ___   _____     ___   _____     _     ___   _____   ___   ___  
 |_   _| | __| / __| |_   _|   / __| |_   _|   /_\   | _ \ |_   _| | __| |   \ 
   | |   | _|  \__ \   | |     \__ \   | |    / _ \  |   /   | |   | _|  | |) |
   |_|   |___| |___/   |_|     |___/   |_|   /_/ \_\ |_|_\   |_|   |___| |___/ 

Login with valid username and password(login;login-with-valid-username-and-password)
--------------------------------------------------------------------------------
17:29:19.996 [main] INFO net.serenitybdd.core.webdriver.driverproviders.ChromeDriverProvider - Using automatically driver download
17:29:20.036 [AsyncHttpClient-1-1] DEBUG org.asynchttpclient.netty.channel.DefaultChannelPool - Entry count for : http://localhost:57688 : 1
17:29:20.036 [AsyncHttpClient-1-1] DEBUG org.asynchttpclient.netty.channel.DefaultChannelPool - Entry count for : http://localhost:58654 : 1
17:29:20.036 [AsyncHttpClient-1-1] DEBUG org.asynchttpclient.netty.channel.DefaultChannelPool - Adding Candidate expired Channel [id: 0xfa991f19, L:/127.0.0.1:57695 ! R:localhost/127.0.0.1:57688] isIdleTimeoutExpired=false isRemotelyClosed=true isTtlExpired=false
17:29:20.036 [AsyncHttpClient-1-1] DEBUG org.asynchttpclient.netty.channel.DefaultChannelPool - Closing Idle Channel [id: 0xfa991f19, L:/127.0.0.1:57695 ! R:localhost/127.0.0.1:57688]
17:29:20.036 [AsyncHttpClient-1-1] DEBUG org.asynchttpclient.netty.channel.DefaultChannelPool - Adding Candidate expired Channel [id: 0x28be3351, L:/127.0.0.1:57687 ! R:localhost/127.0.0.1:58654] isIdleTimeoutExpired=false isRemotelyClosed=true isTtlExpired=false
17:29:20.036 [AsyncHttpClient-1-1] DEBUG org.asynchttpclient.netty.channel.DefaultChannelPool - Closing Idle Channel [id: 0x28be3351, L:/127.0.0.1:57687 ! R:localhost/127.0.0.1:58654]
17:29:20.036 [AsyncHttpClient-1-1] DEBUG org.asynchttpclient.netty.channel.DefaultChannelPool - Closed 2 connections out of 2 in 0 ms
17:29:20.178 [main] DEBUG io.github.bonigarcia.wdm.cache.ResolutionCache - Resolution chrome=106 in cache (valid until 17:53:10 05/10/2022 WIB)
17:29:20.186 [main] DEBUG io.github.bonigarcia.wdm.cache.ResolutionCache - Resolution chrome106=106.0.5249.61 in cache (valid until 14:14:44 06/10/2022 WIB)
17:29:20.190 [main] INFO io.github.bonigarcia.wdm.WebDriverManager - Using chromedriver 106.0.5249.61 (resolved driver for Chrome 106)
17:29:20.214 [main] DEBUG io.github.bonigarcia.wdm.WebDriverManager - Driver chromedriver 106.0.5249.61 found in cache
17:29:20.215 [main] INFO io.github.bonigarcia.wdm.WebDriverManager - Exporting webdriver.chrome.driver as C:\Users\ASUS\.cache\selenium\chromedriver\win32\106.0.5249.61\chromedriver.exe
17:29:20.392 [main] DEBUG net.serenitybdd.core.webdriver.driverproviders.ProvideNewDriver - Instantiating driver
17:29:20.392 [main] DEBUG net.serenitybdd.core.webdriver.driverproviders.ProvideNewDriver - Driver capabilities: Capabilities {acceptInsecureCerts: false, base.url: https://demoqa.com/books, browserName: chrome, chrome.driver: src/test/resources/webdrive..., driver: chrome, goog:chromeOptions: {args: [], extensions: []}}
17:29:20.956 [AsyncHttpClient-1-5] DEBUG org.asynchttpclient.netty.channel.NettyConnectListener - Using new Channel '[id: 0x07f0621c, L:/127.0.0.1:57754 - R:localhost/127.0.0.1:53395]' for 'POST' to '/session'
17:29:21.760 [AsyncHttpClient-1-5] DEBUG org.asynchttpclient.netty.handler.HttpHandler - 

Request DefaultHttpRequest(decodeResult: success, version: HTTP/1.1)
POST /session HTTP/1.1
User-Agent: selenium/4.1.2 (java windows)
Content-Length: 610
Content-Type: application/json; charset=utf-8
host: localhost:53395
accept: */*

Response DefaultHttpResponse(decodeResult: success, version: HTTP/1.1)
HTTP/1.1 200 OK
Content-Type: application/json; charset=utf-8
cache-control: no-cache
content-length: 789

17:29:21.761 [AsyncHttpClient-1-5] DEBUG org.asynchttpclient.netty.channel.ChannelManager - Adding key: http://localhost:53395 for channel [id: 0x07f0621c, L:/127.0.0.1:57754 - R:localhost/127.0.0.1:53395]
17:29:21.778 [AsyncHttpClient-1-6] DEBUG org.asynchttpclient.netty.channel.NettyConnectListener - Using new Channel '[id: 0x6f6384cf, L:/127.0.0.1:57761 - R:localhost/127.0.0.1:57755]' for 'GET' to '/json/version'
17:29:21.783 [AsyncHttpClient-1-6] DEBUG org.asynchttpclient.netty.handler.HttpHandler - 

Request DefaultFullHttpRequest(decodeResult: success, version: HTTP/1.1, content: EmptyByteBufBE)
GET /json/version HTTP/1.1
User-Agent: selenium/4.1.2 (java windows)
host: localhost:57755
accept: */*

Response DefaultHttpResponse(decodeResult: success, version: HTTP/1.1)
HTTP/1.1 200 OK
Content-Type: application/json; charset=UTF-8
content-length: 423

17:29:21.784 [AsyncHttpClient-1-6] DEBUG org.asynchttpclient.netty.channel.ChannelManager - Adding key: http://localhost:57755 for channel [id: 0x6f6384cf, L:/127.0.0.1:57761 - R:localhost/127.0.0.1:57755]
17:29:21.789 [AsyncHttpClient-1-7] DEBUG org.asynchttpclient.netty.channel.NettyConnectListener - Using new Channel '[id: 0x57b2ef8f, L:/127.0.0.1:57762 - R:localhost/127.0.0.1:57755]' for 'GET' to '/devtools/browser/66e2cd2b-c080-4a34-9835-96c1f34d57d8'
17:29:21.795 [AsyncHttpClient-1-7] DEBUG org.asynchttpclient.netty.handler.WebSocketHandler - 

Request DefaultFullHttpRequest(decodeResult: success, version: HTTP/1.1, content: EmptyByteBufBE)
GET /devtools/browser/66e2cd2b-c080-4a34-9835-96c1f34d57d8 HTTP/1.1
upgrade: websocket
connection: upgrade
sec-websocket-key: +5GTXM2TKf8k6aMPaI1h0w==
sec-websocket-version: 13
origin: http://localhost:57755
host: localhost:57755
accept: */*
user-agent: AHC/2.1

Response DefaultHttpResponse(decodeResult: success, version: HTTP/1.1)
HTTP/1.1 101 WebSocket Protocol Handshake
Upgrade: WebSocket
Connection: Upgrade
Sec-WebSocket-Accept: WSg1EFipUvw0pRZ2eQd0chSmW/g=

17:29:21.803 [Forwarding get on session b880ccf2cbd6ba8ccbe488f42c30855a to remote] DEBUG org.asynchttpclient.netty.request.NettyRequestSender - Using pooled Channel '[id: 0x07f0621c, L:/127.0.0.1:57754 - R:localhost/127.0.0.1:53395]' for 'POST' to 'http://localhost:53395/session/b880ccf2cbd6ba8ccbe488f42c30855a/url'
17:29:21.803 [Forwarding get on session b880ccf2cbd6ba8ccbe488f42c30855a to remote] DEBUG org.asynchttpclient.netty.request.NettyRequestSender - Using open Channel [id: 0x07f0621c, L:/127.0.0.1:57754 - R:localhost/127.0.0.1:53395] for POST '/session/b880ccf2cbd6ba8ccbe488f42c30855a/url'
17:29:22.236 [AsyncHttpClient-1-1] DEBUG org.asynchttpclient.netty.channel.DefaultChannelPool - Entry count for : http://localhost:57755 : 1
17:29:23.344 [AsyncHttpClient-1-1] DEBUG org.asynchttpclient.netty.channel.DefaultChannelPool - Entry count for : http://localhost:57755 : 1
17:29:24.437 [AsyncHttpClient-1-1] DEBUG org.asynchttpclient.netty.channel.DefaultChannelPool - Entry count for : http://localhost:57755 : 1
17:29:25.537 [AsyncHttpClient-1-1] DEBUG org.asynchttpclient.netty.channel.DefaultChannelPool - Entry count for : http://localhost:57755 : 1
17:29:26.637 [AsyncHttpClient-1-1] DEBUG org.asynchttpclient.netty.channel.DefaultChannelPool - Entry count for : http://localhost:57755 : 1
17:29:27.742 [AsyncHttpClient-1-1] DEBUG org.asynchttpclient.netty.channel.DefaultChannelPool - Entry count for : http://localhost:57755 : 1
17:29:28.843 [AsyncHttpClient-1-1] DEBUG org.asynchttpclient.netty.channel.DefaultChannelPool - Entry count for : http://localhost:57755 : 1
17:29:29.208 [AsyncHttpClient-1-5] DEBUG org.asynchttpclient.netty.handler.HttpHandler - 

Request DefaultHttpRequest(decodeResult: success, version: HTTP/1.1)
POST /session/b880ccf2cbd6ba8ccbe488f42c30855a/url HTTP/1.1
User-Agent: selenium/4.1.2 (java windows)
Content-Length: 60
Content-Type: application/json; charset=utf-8
host: localhost:53395
accept: */*

Response DefaultHttpResponse(decodeResult: success, version: HTTP/1.1)
HTTP/1.1 200 OK
Content-Type: application/json; charset=utf-8
cache-control: no-cache
content-length: 14

17:29:29.208 [AsyncHttpClient-1-5] DEBUG org.asynchttpclient.netty.channel.ChannelManager - Adding key: http://localhost:53395 for channel [id: 0x07f0621c, L:/127.0.0.1:57754 - R:localhost/127.0.0.1:53395]
17:29:29.212 [Forwarding setTimeout on session b880ccf2cbd6ba8ccbe488f42c30855a to remote] DEBUG org.asynchttpclient.netty.request.NettyRequestSender - Using pooled Channel '[id: 0x07f0621c, L:/127.0.0.1:57754 - R:localhost/127.0.0.1:53395]' for 'POST' to 'http://localhost:53395/session/b880ccf2cbd6ba8ccbe488f42c30855a/timeouts'
17:29:29.212 [Forwarding setTimeout on session b880ccf2cbd6ba8ccbe488f42c30855a to remote] DEBUG org.asynchttpclient.netty.request.NettyRequestSender - Using open Channel [id: 0x07f0621c, L:/127.0.0.1:57754 - R:localhost/127.0.0.1:53395] for POST '/session/b880ccf2cbd6ba8ccbe488f42c30855a/timeouts'
17:29:29.215 [AsyncHttpClient-1-5] DEBUG org.asynchttpclient.netty.handler.HttpHandler - 

Request DefaultHttpRequest(decodeResult: success, version: HTTP/1.1)
POST /session/b880ccf2cbd6ba8ccbe488f42c30855a/timeouts HTTP/1.1
User-Agent: selenium/4.1.2 (java windows)
Content-Length: 22
Content-Type: application/json; charset=utf-8
host: localhost:53395
accept: */*

Response DefaultHttpResponse(decodeResult: success, version: HTTP/1.1)
HTTP/1.1 200 OK
Content-Type: application/json; charset=utf-8
cache-control: no-cache
content-length: 14

17:29:29.215 [AsyncHttpClient-1-5] DEBUG org.asynchttpclient.netty.channel.ChannelManager - Adding key: http://localhost:53395 for channel [id: 0x07f0621c, L:/127.0.0.1:57754 - R:localhost/127.0.0.1:53395]
17:29:29.217 [Forwarding getCurrentUrl on session b880ccf2cbd6ba8ccbe488f42c30855a to remote] DEBUG org.asynchttpclient.netty.request.NettyRequestSender - Using pooled Channel '[id: 0x07f0621c, L:/127.0.0.1:57754 - R:localhost/127.0.0.1:53395]' for 'GET' to 'http://localhost:53395/session/b880ccf2cbd6ba8ccbe488f42c30855a/url'
17:29:29.217 [Forwarding getCurrentUrl on session b880ccf2cbd6ba8ccbe488f42c30855a to remote] DEBUG org.asynchttpclient.netty.request.NettyRequestSender - Using open Channel [id: 0x07f0621c, L:/127.0.0.1:57754 - R:localhost/127.0.0.1:53395] for GET '/session/b880ccf2cbd6ba8ccbe488f42c30855a/url'
17:29:29.225 [AsyncHttpClient-1-5] DEBUG org.asynchttpclient.netty.handler.HttpHandler - 

Request DefaultFullHttpRequest(decodeResult: success, version: HTTP/1.1, content: EmptyByteBufBE)
GET /session/b880ccf2cbd6ba8ccbe488f42c30855a/url HTTP/1.1
User-Agent: selenium/4.1.2 (java windows)
Cache-Control: no-cache
Content-Type: application/json; charset=utf-8
host: localhost:53395
accept: */*

Response DefaultHttpResponse(decodeResult: success, version: HTTP/1.1)
HTTP/1.1 200 OK
Content-Type: application/json; charset=utf-8
cache-control: no-cache
content-length: 37

17:29:29.226 [AsyncHttpClient-1-5] DEBUG org.asynchttpclient.netty.channel.ChannelManager - Adding key: http://localhost:53395 for channel [id: 0x07f0621c, L:/127.0.0.1:57754 - R:localhost/127.0.0.1:53395]
17:29:29.231 [Forwarding findElement on session b880ccf2cbd6ba8ccbe488f42c30855a to remote] DEBUG org.asynchttpclient.netty.request.NettyRequestSender - Using pooled Channel '[id: 0x07f0621c, L:/127.0.0.1:57754 - R:localhost/127.0.0.1:53395]' for 'POST' to 'http://localhost:53395/session/b880ccf2cbd6ba8ccbe488f42c30855a/element'
17:29:29.231 [Forwarding findElement on session b880ccf2cbd6ba8ccbe488f42c30855a to remote] DEBUG org.asynchttpclient.netty.request.NettyRequestSender - Using open Channel [id: 0x07f0621c, L:/127.0.0.1:57754 - R:localhost/127.0.0.1:53395] for POST '/session/b880ccf2cbd6ba8ccbe488f42c30855a/element'
17:29:29.245 [AsyncHttpClient-1-5] DEBUG org.asynchttpclient.netty.handler.HttpHandler - 

Request DefaultHttpRequest(decodeResult: success, version: HTTP/1.1)
POST /session/b880ccf2cbd6ba8ccbe488f42c30855a/element HTTP/1.1
User-Agent: selenium/4.1.2 (java windows)
Content-Length: 50
Content-Type: application/json; charset=utf-8
host: localhost:53395
accept: */*

Response DefaultHttpResponse(decodeResult: success, version: HTTP/1.1)
HTTP/1.1 200 OK
Content-Type: application/json; charset=utf-8
cache-control: no-cache
content-length: 88

17:29:29.245 [AsyncHttpClient-1-5] DEBUG org.asynchttpclient.netty.channel.ChannelManager - Adding key: http://localhost:53395 for channel [id: 0x07f0621c, L:/127.0.0.1:57754 - R:localhost/127.0.0.1:53395]
17:29:29.250 [Forwarding isElementDisplayed on session b880ccf2cbd6ba8ccbe488f42c30855a to remote] DEBUG org.asynchttpclient.netty.request.NettyRequestSender - Using pooled Channel '[id: 0x07f0621c, L:/127.0.0.1:57754 - R:localhost/127.0.0.1:53395]' for 'POST' to 'http://localhost:53395/session/b880ccf2cbd6ba8ccbe488f42c30855a/execute/sync'
17:29:29.250 [Forwarding isElementDisplayed on session b880ccf2cbd6ba8ccbe488f42c30855a to remote] DEBUG org.asynchttpclient.netty.request.NettyRequestSender - Using open Channel [id: 0x07f0621c, L:/127.0.0.1:57754 - R:localhost/127.0.0.1:53395] for POST '/session/b880ccf2cbd6ba8ccbe488f42c30855a/execute/sync'
17:29:29.271 [AsyncHttpClient-1-5] DEBUG org.asynchttpclient.netty.handler.HttpHandler - 

Request DefaultHttpRequest(decodeResult: success, version: HTTP/1.1)
POST /session/b880ccf2cbd6ba8ccbe488f42c30855a/execute/sync HTTP/1.1
User-Agent: selenium/4.1.2 (java windows)
Content-Length: 48780
Content-Type: application/json; charset=utf-8
host: localhost:53395
accept: */*

Response DefaultHttpResponse(decodeResult: success, version: HTTP/1.1)
HTTP/1.1 200 OK
Content-Type: application/json; charset=utf-8
cache-control: no-cache
content-length: 14

17:29:29.272 [AsyncHttpClient-1-5] DEBUG org.asynchttpclient.netty.channel.ChannelManager - Adding key: http://localhost:53395 for channel [id: 0x07f0621c, L:/127.0.0.1:57754 - R:localhost/127.0.0.1:53395]
17:29:29.276 [Forwarding findElement on session b880ccf2cbd6ba8ccbe488f42c30855a to remote] DEBUG org.asynchttpclient.netty.request.NettyRequestSender - Using pooled Channel '[id: 0x07f0621c, L:/127.0.0.1:57754 - R:localhost/127.0.0.1:53395]' for 'POST' to 'http://localhost:53395/session/b880ccf2cbd6ba8ccbe488f42c30855a/element'
17:29:29.276 [Forwarding findElement on session b880ccf2cbd6ba8ccbe488f42c30855a to remote] DEBUG org.asynchttpclient.netty.request.NettyRequestSender - Using open Channel [id: 0x07f0621c, L:/127.0.0.1:57754 - R:localhost/127.0.0.1:53395] for POST '/session/b880ccf2cbd6ba8ccbe488f42c30855a/element'
17:29:29.285 [AsyncHttpClient-1-5] DEBUG org.asynchttpclient.netty.handler.HttpHandler - 

Request DefaultHttpRequest(decodeResult: success, version: HTTP/1.1)
POST /session/b880ccf2cbd6ba8ccbe488f42c30855a/element HTTP/1.1
User-Agent: selenium/4.1.2 (java windows)
Content-Length: 50
Content-Type: application/json; charset=utf-8
host: localhost:53395
accept: */*

Response DefaultHttpResponse(decodeResult: success, version: HTTP/1.1)
HTTP/1.1 200 OK
Content-Type: application/json; charset=utf-8
cache-control: no-cache
content-length: 88

17:29:29.286 [AsyncHttpClient-1-5] DEBUG org.asynchttpclient.netty.channel.ChannelManager - Adding key: http://localhost:53395 for channel [id: 0x07f0621c, L:/127.0.0.1:57754 - R:localhost/127.0.0.1:53395]
17:29:29.288 [Forwarding getElementTagName on session b880ccf2cbd6ba8ccbe488f42c30855a to remote] DEBUG org.asynchttpclient.netty.request.NettyRequestSender - Using pooled Channel '[id: 0x07f0621c, L:/127.0.0.1:57754 - R:localhost/127.0.0.1:53395]' for 'GET' to 'http://localhost:53395/session/b880ccf2cbd6ba8ccbe488f42c30855a/element/83b73680-681a-4920-8eaf-e16fed045c48/name'
17:29:29.288 [Forwarding getElementTagName on session b880ccf2cbd6ba8ccbe488f42c30855a to remote] DEBUG org.asynchttpclient.netty.request.NettyRequestSender - Using open Channel [id: 0x07f0621c, L:/127.0.0.1:57754 - R:localhost/127.0.0.1:53395] for GET '/session/b880ccf2cbd6ba8ccbe488f42c30855a/element/83b73680-681a-4920-8eaf-e16fed045c48/name'
17:29:29.293 [AsyncHttpClient-1-5] DEBUG org.asynchttpclient.netty.handler.HttpHandler - 

Request DefaultFullHttpRequest(decodeResult: success, version: HTTP/1.1, content: EmptyByteBufBE)
GET /session/b880ccf2cbd6ba8ccbe488f42c30855a/element/83b73680-681a-4920-8eaf-e16fed045c48/name HTTP/1.1
User-Agent: selenium/4.1.2 (java windows)
Cache-Control: no-cache
Content-Type: application/json; charset=utf-8
host: localhost:53395
accept: */*

Response DefaultHttpResponse(decodeResult: success, version: HTTP/1.1)
HTTP/1.1 200 OK
Content-Type: application/json; charset=utf-8
cache-control: no-cache
content-length: 18

17:29:29.294 [AsyncHttpClient-1-5] DEBUG org.asynchttpclient.netty.channel.ChannelManager - Adding key: http://localhost:53395 for channel [id: 0x07f0621c, L:/127.0.0.1:57754 - R:localhost/127.0.0.1:53395]
17:29:29.296 [Forwarding getElementTagName on session b880ccf2cbd6ba8ccbe488f42c30855a to remote] DEBUG org.asynchttpclient.netty.request.NettyRequestSender - Using pooled Channel '[id: 0x07f0621c, L:/127.0.0.1:57754 - R:localhost/127.0.0.1:53395]' for 'GET' to 'http://localhost:53395/session/b880ccf2cbd6ba8ccbe488f42c30855a/element/83b73680-681a-4920-8eaf-e16fed045c48/name'
17:29:29.296 [Forwarding getElementTagName on session b880ccf2cbd6ba8ccbe488f42c30855a to remote] DEBUG org.asynchttpclient.netty.request.NettyRequestSender - Using open Channel [id: 0x07f0621c, L:/127.0.0.1:57754 - R:localhost/127.0.0.1:53395] for GET '/session/b880ccf2cbd6ba8ccbe488f42c30855a/element/83b73680-681a-4920-8eaf-e16fed045c48/name'
17:29:29.302 [AsyncHttpClient-1-5] DEBUG org.asynchttpclient.netty.handler.HttpHandler - 

Request DefaultFullHttpRequest(decodeResult: success, version: HTTP/1.1, content: EmptyByteBufBE)
GET /session/b880ccf2cbd6ba8ccbe488f42c30855a/element/83b73680-681a-4920-8eaf-e16fed045c48/name HTTP/1.1
User-Agent: selenium/4.1.2 (java windows)
Cache-Control: no-cache
Content-Type: application/json; charset=utf-8
host: localhost:53395
accept: */*

Response DefaultHttpResponse(decodeResult: success, version: HTTP/1.1)
HTTP/1.1 200 OK
Content-Type: application/json; charset=utf-8
cache-control: no-cache
content-length: 18

17:29:29.303 [AsyncHttpClient-1-5] DEBUG org.asynchttpclient.netty.channel.ChannelManager - Adding key: http://localhost:53395 for channel [id: 0x07f0621c, L:/127.0.0.1:57754 - R:localhost/127.0.0.1:53395]
17:29:29.305 [Forwarding isElementEnabled on session b880ccf2cbd6ba8ccbe488f42c30855a to remote] DEBUG org.asynchttpclient.netty.request.NettyRequestSender - Using pooled Channel '[id: 0x07f0621c, L:/127.0.0.1:57754 - R:localhost/127.0.0.1:53395]' for 'GET' to 'http://localhost:53395/session/b880ccf2cbd6ba8ccbe488f42c30855a/element/83b73680-681a-4920-8eaf-e16fed045c48/enabled'
17:29:29.306 [Forwarding isElementEnabled on session b880ccf2cbd6ba8ccbe488f42c30855a to remote] DEBUG org.asynchttpclient.netty.request.NettyRequestSender - Using open Channel [id: 0x07f0621c, L:/127.0.0.1:57754 - R:localhost/127.0.0.1:53395] for GET '/session/b880ccf2cbd6ba8ccbe488f42c30855a/element/83b73680-681a-4920-8eaf-e16fed045c48/enabled'
17:29:29.316 [AsyncHttpClient-1-5] DEBUG org.asynchttpclient.netty.handler.HttpHandler - 

Request DefaultFullHttpRequest(decodeResult: success, version: HTTP/1.1, content: EmptyByteBufBE)
GET /session/b880ccf2cbd6ba8ccbe488f42c30855a/element/83b73680-681a-4920-8eaf-e16fed045c48/enabled HTTP/1.1
User-Agent: selenium/4.1.2 (java windows)
Cache-Control: no-cache
Content-Type: application/json; charset=utf-8
host: localhost:53395
accept: */*

Response DefaultHttpResponse(decodeResult: success, version: HTTP/1.1)
HTTP/1.1 200 OK
Content-Type: application/json; charset=utf-8
cache-control: no-cache
content-length: 14

17:29:29.316 [AsyncHttpClient-1-5] DEBUG org.asynchttpclient.netty.channel.ChannelManager - Adding key: http://localhost:53395 for channel [id: 0x07f0621c, L:/127.0.0.1:57754 - R:localhost/127.0.0.1:53395]
17:29:29.318 [Forwarding isElementEnabled on session b880ccf2cbd6ba8ccbe488f42c30855a to remote] DEBUG org.asynchttpclient.netty.request.NettyRequestSender - Using pooled Channel '[id: 0x07f0621c, L:/127.0.0.1:57754 - R:localhost/127.0.0.1:53395]' for 'GET' to 'http://localhost:53395/session/b880ccf2cbd6ba8ccbe488f42c30855a/element/83b73680-681a-4920-8eaf-e16fed045c48/enabled'
17:29:29.318 [Forwarding isElementEnabled on session b880ccf2cbd6ba8ccbe488f42c30855a to remote] DEBUG org.asynchttpclient.netty.request.NettyRequestSender - Using open Channel [id: 0x07f0621c, L:/127.0.0.1:57754 - R:localhost/127.0.0.1:53395] for GET '/session/b880ccf2cbd6ba8ccbe488f42c30855a/element/83b73680-681a-4920-8eaf-e16fed045c48/enabled'
17:29:29.326 [AsyncHttpClient-1-5] DEBUG org.asynchttpclient.netty.handler.HttpHandler - 

Request DefaultFullHttpRequest(decodeResult: success, version: HTTP/1.1, content: EmptyByteBufBE)
GET /session/b880ccf2cbd6ba8ccbe488f42c30855a/element/83b73680-681a-4920-8eaf-e16fed045c48/enabled HTTP/1.1
User-Agent: selenium/4.1.2 (java windows)
Cache-Control: no-cache
Content-Type: application/json; charset=utf-8
host: localhost:53395
accept: */*

Response DefaultHttpResponse(decodeResult: success, version: HTTP/1.1)
HTTP/1.1 200 OK
Content-Type: application/json; charset=utf-8
cache-control: no-cache
content-length: 14

17:29:29.327 [AsyncHttpClient-1-5] DEBUG org.asynchttpclient.netty.channel.ChannelManager - Adding key: http://localhost:53395 for channel [id: 0x07f0621c, L:/127.0.0.1:57754 - R:localhost/127.0.0.1:53395]
17:29:29.329 [Forwarding findElement on session b880ccf2cbd6ba8ccbe488f42c30855a to remote] DEBUG org.asynchttpclient.netty.request.NettyRequestSender - Using pooled Channel '[id: 0x07f0621c, L:/127.0.0.1:57754 - R:localhost/127.0.0.1:53395]' for 'POST' to 'http://localhost:53395/session/b880ccf2cbd6ba8ccbe488f42c30855a/element'
17:29:29.330 [Forwarding findElement on session b880ccf2cbd6ba8ccbe488f42c30855a to remote] DEBUG org.asynchttpclient.netty.request.NettyRequestSender - Using open Channel [id: 0x07f0621c, L:/127.0.0.1:57754 - R:localhost/127.0.0.1:53395] for POST '/session/b880ccf2cbd6ba8ccbe488f42c30855a/element'
17:29:29.348 [AsyncHttpClient-1-5] DEBUG org.asynchttpclient.netty.handler.HttpHandler - 

Request DefaultHttpRequest(decodeResult: success, version: HTTP/1.1)
POST /session/b880ccf2cbd6ba8ccbe488f42c30855a/element HTTP/1.1
User-Agent: selenium/4.1.2 (java windows)
Content-Length: 50
Content-Type: application/json; charset=utf-8
host: localhost:53395
accept: */*

Response DefaultHttpResponse(decodeResult: success, version: HTTP/1.1)
HTTP/1.1 200 OK
Content-Type: application/json; charset=utf-8
cache-control: no-cache
content-length: 88

17:29:29.348 [AsyncHttpClient-1-5] DEBUG org.asynchttpclient.netty.channel.ChannelManager - Adding key: http://localhost:53395 for channel [id: 0x07f0621c, L:/127.0.0.1:57754 - R:localhost/127.0.0.1:53395]
17:29:29.350 [Forwarding clickElement on session b880ccf2cbd6ba8ccbe488f42c30855a to remote] DEBUG org.asynchttpclient.netty.request.NettyRequestSender - Using pooled Channel '[id: 0x07f0621c, L:/127.0.0.1:57754 - R:localhost/127.0.0.1:53395]' for 'POST' to 'http://localhost:53395/session/b880ccf2cbd6ba8ccbe488f42c30855a/element/83b73680-681a-4920-8eaf-e16fed045c48/click'
17:29:29.350 [Forwarding clickElement on session b880ccf2cbd6ba8ccbe488f42c30855a to remote] DEBUG org.asynchttpclient.netty.request.NettyRequestSender - Using open Channel [id: 0x07f0621c, L:/127.0.0.1:57754 - R:localhost/127.0.0.1:53395] for POST '/session/b880ccf2cbd6ba8ccbe488f42c30855a/element/83b73680-681a-4920-8eaf-e16fed045c48/click'
17:29:29.449 [AsyncHttpClient-1-5] DEBUG org.asynchttpclient.netty.handler.HttpHandler - 

Request DefaultHttpRequest(decodeResult: success, version: HTTP/1.1)
POST /session/b880ccf2cbd6ba8ccbe488f42c30855a/element/83b73680-681a-4920-8eaf-e16fed045c48/click HTTP/1.1
User-Agent: selenium/4.1.2 (java windows)
Content-Length: 50
Content-Type: application/json; charset=utf-8
host: localhost:53395
accept: */*

Response DefaultHttpResponse(decodeResult: success, version: HTTP/1.1)
HTTP/1.1 200 OK
Content-Type: application/json; charset=utf-8
cache-control: no-cache
content-length: 14

17:29:29.450 [AsyncHttpClient-1-5] DEBUG org.asynchttpclient.netty.channel.ChannelManager - Adding key: http://localhost:53395 for channel [id: 0x07f0621c, L:/127.0.0.1:57754 - R:localhost/127.0.0.1:53395]
  &amp#27;[32mGiven &amp#27;[0m&amp#27;[32mI am on the login page&amp#27;[0m                   &amp#27;[90m# starter.stepdefinitions.LoginStep.iAmOnTheLoginPage()&amp#27;[0m
17:29:29.463 [Forwarding screenshot on session b880ccf2cbd6ba8ccbe488f42c30855a to remote] DEBUG org.asynchttpclient.netty.request.NettyRequestSender - Using pooled Channel '[id: 0x07f0621c, L:/127.0.0.1:57754 - R:localhost/127.0.0.1:53395]' for 'GET' to 'http://localhost:53395/session/b880ccf2cbd6ba8ccbe488f42c30855a/screenshot'
17:29:29.463 [Forwarding screenshot on session b880ccf2cbd6ba8ccbe488f42c30855a to remote] DEBUG org.asynchttpclient.netty.request.NettyRequestSender - Using open Channel [id: 0x07f0621c, L:/127.0.0.1:57754 - R:localhost/127.0.0.1:53395] for GET '/session/b880ccf2cbd6ba8ccbe488f42c30855a/screenshot'
17:29:29.708 [AsyncHttpClient-1-5] DEBUG org.asynchttpclient.netty.handler.HttpHandler - 

Request DefaultFullHttpRequest(decodeResult: success, version: HTTP/1.1, content: EmptyByteBufBE)
GET /session/b880ccf2cbd6ba8ccbe488f42c30855a/screenshot HTTP/1.1
User-Agent: selenium/4.1.2 (java windows)
Cache-Control: no-cache
Content-Type: application/json; charset=utf-8
host: localhost:53395
accept: */*

Response DefaultHttpResponse(decodeResult: success, version: HTTP/1.1)
HTTP/1.1 200 OK
Content-Type: application/json; charset=utf-8
cache-control: no-cache
content-length: 340924

17:29:29.710 [AsyncHttpClient-1-5] DEBUG org.asynchttpclient.netty.channel.ChannelManager - Adding key: http://localhost:53395 for channel [id: 0x07f0621c, L:/127.0.0.1:57754 - R:localhost/127.0.0.1:53395]
17:29:29.734 [main] DEBUG net.serenitybdd.core.photography.Darkroom - Send negative for processing for target\site\serenity\ae27bd7375cc17e5b03603d71042077011ddc101846473a5fcb4e29af5658e7a.png
17:29:29.734 [Darkroom Processing Line] DEBUG net.serenitybdd.core.photography.DarkroomProcessingLine - Processing screenshot image in /var/screenshots/screenshot-15808470080371011193
17:29:29.734 [Darkroom Processing Line] DEBUG net.serenitybdd.core.photography.DarkroomProcessingLine - Saving screenshot to target\site\serenity\ae27bd7375cc17e5b03603d71042077011ddc101846473a5fcb4e29af5658e7a.png
17:29:29.746 [Forwarding findElement on session b880ccf2cbd6ba8ccbe488f42c30855a to remote] DEBUG org.asynchttpclient.netty.request.NettyRequestSender - Using pooled Channel '[id: 0x07f0621c, L:/127.0.0.1:57754 - R:localhost/127.0.0.1:53395]' for 'POST' to 'http://localhost:53395/session/b880ccf2cbd6ba8ccbe488f42c30855a/element'
17:29:29.746 [Forwarding findElement on session b880ccf2cbd6ba8ccbe488f42c30855a to remote] DEBUG org.asynchttpclient.netty.request.NettyRequestSender - Using open Channel [id: 0x07f0621c, L:/127.0.0.1:57754 - R:localhost/127.0.0.1:53395] for POST '/session/b880ccf2cbd6ba8ccbe488f42c30855a/element'
17:29:29.760 [AsyncHttpClient-1-5] DEBUG org.asynchttpclient.netty.handler.HttpHandler - 

Request DefaultHttpRequest(decodeResult: success, version: HTTP/1.1)
POST /session/b880ccf2cbd6ba8ccbe488f42c30855a/element HTTP/1.1
User-Agent: selenium/4.1.2 (java windows)
Content-Length: 53
Content-Type: application/json; charset=utf-8
host: localhost:53395
accept: */*

Response DefaultHttpResponse(decodeResult: success, version: HTTP/1.1)
HTTP/1.1 200 OK
Content-Type: application/json; charset=utf-8
cache-control: no-cache
content-length: 88

17:29:29.761 [AsyncHttpClient-1-5] DEBUG org.asynchttpclient.netty.channel.ChannelManager - Adding key: http://localhost:53395 for channel [id: 0x07f0621c, L:/127.0.0.1:57754 - R:localhost/127.0.0.1:53395]
17:29:29.763 [Forwarding clearElement on session b880ccf2cbd6ba8ccbe488f42c30855a to remote] DEBUG org.asynchttpclient.netty.request.NettyRequestSender - Using pooled Channel '[id: 0x07f0621c, L:/127.0.0.1:57754 - R:localhost/127.0.0.1:53395]' for 'POST' to 'http://localhost:53395/session/b880ccf2cbd6ba8ccbe488f42c30855a/element/1de90c12-5138-4907-8a56-b4b77c844f66/clear'
17:29:29.763 [Forwarding clearElement on session b880ccf2cbd6ba8ccbe488f42c30855a to remote] DEBUG org.asynchttpclient.netty.request.NettyRequestSender - Using open Channel [id: 0x07f0621c, L:/127.0.0.1:57754 - R:localhost/127.0.0.1:53395] for POST '/session/b880ccf2cbd6ba8ccbe488f42c30855a/element/1de90c12-5138-4907-8a56-b4b77c844f66/clear'
17:29:29.801 [AsyncHttpClient-1-5] DEBUG org.asynchttpclient.netty.handler.HttpHandler - 

Request DefaultHttpRequest(decodeResult: success, version: HTTP/1.1)
POST /session/b880ccf2cbd6ba8ccbe488f42c30855a/element/1de90c12-5138-4907-8a56-b4b77c844f66/clear HTTP/1.1
User-Agent: selenium/4.1.2 (java windows)
Content-Length: 50
Content-Type: application/json; charset=utf-8
host: localhost:53395
accept: */*

Response DefaultHttpResponse(decodeResult: success, version: HTTP/1.1)
HTTP/1.1 200 OK
Content-Type: application/json; charset=utf-8
cache-control: no-cache
content-length: 14

17:29:29.801 [AsyncHttpClient-1-5] DEBUG org.asynchttpclient.netty.channel.ChannelManager - Adding key: http://localhost:53395 for channel [id: 0x07f0621c, L:/127.0.0.1:57754 - R:localhost/127.0.0.1:53395]
17:29:29.810 [Forwarding sendKeysToElement on session b880ccf2cbd6ba8ccbe488f42c30855a to remote] DEBUG org.asynchttpclient.netty.request.NettyRequestSender - Using pooled Channel '[id: 0x07f0621c, L:/127.0.0.1:57754 - R:localhost/127.0.0.1:53395]' for 'POST' to 'http://localhost:53395/session/b880ccf2cbd6ba8ccbe488f42c30855a/element/1de90c12-5138-4907-8a56-b4b77c844f66/value'
17:29:29.810 [Forwarding sendKeysToElement on session b880ccf2cbd6ba8ccbe488f42c30855a to remote] DEBUG org.asynchttpclient.netty.request.NettyRequestSender - Using open Channel [id: 0x07f0621c, L:/127.0.0.1:57754 - R:localhost/127.0.0.1:53395] for POST '/session/b880ccf2cbd6ba8ccbe488f42c30855a/element/1de90c12-5138-4907-8a56-b4b77c844f66/value'
17:29:29.908 [AsyncHttpClient-1-5] DEBUG org.asynchttpclient.netty.handler.HttpHandler - 

Request DefaultHttpRequest(decodeResult: success, version: HTTP/1.1)
POST /session/b880ccf2cbd6ba8ccbe488f42c30855a/element/1de90c12-5138-4907-8a56-b4b77c844f66/value HTTP/1.1
User-Agent: selenium/4.1.2 (java windows)
Content-Length: 131
Content-Type: application/json; charset=utf-8
host: localhost:53395
accept: */*

Response DefaultHttpResponse(decodeResult: success, version: HTTP/1.1)
HTTP/1.1 200 OK
Content-Type: application/json; charset=utf-8
cache-control: no-cache
content-length: 14

17:29:29.909 [AsyncHttpClient-1-5] DEBUG org.asynchttpclient.netty.channel.ChannelManager - Adding key: http://localhost:53395 for channel [id: 0x07f0621c, L:/127.0.0.1:57754 - R:localhost/127.0.0.1:53395]
  &amp#27;[32mWhen &amp#27;[0m&amp#27;[32mI input valid username&amp#27;[0m                    &amp#27;[90m# starter.stepdefinitions.LoginStep.iInputValidUsername()&amp#27;[0m
17:29:29.924 [Forwarding screenshot on session b880ccf2cbd6ba8ccbe488f42c30855a to remote] DEBUG org.asynchttpclient.netty.request.NettyRequestSender - Using pooled Channel '[id: 0x07f0621c, L:/127.0.0.1:57754 - R:localhost/127.0.0.1:53395]' for 'GET' to 'http://localhost:53395/session/b880ccf2cbd6ba8ccbe488f42c30855a/screenshot'
17:29:29.924 [Forwarding screenshot on session b880ccf2cbd6ba8ccbe488f42c30855a to remote] DEBUG org.asynchttpclient.netty.request.NettyRequestSender - Using open Channel [id: 0x07f0621c, L:/127.0.0.1:57754 - R:localhost/127.0.0.1:53395] for GET '/session/b880ccf2cbd6ba8ccbe488f42c30855a/screenshot'
17:29:29.937 [AsyncHttpClient-1-1] DEBUG org.asynchttpclient.netty.channel.DefaultChannelPool - Entry count for : http://localhost:57755 : 1
17:29:30.190 [AsyncHttpClient-1-5] DEBUG org.asynchttpclient.netty.handler.HttpHandler - 

Request DefaultFullHttpRequest(decodeResult: success, version: HTTP/1.1, content: EmptyByteBufBE)
GET /session/b880ccf2cbd6ba8ccbe488f42c30855a/screenshot HTTP/1.1
User-Agent: selenium/4.1.2 (java windows)
Cache-Control: no-cache
Content-Type: application/json; charset=utf-8
host: localhost:53395
accept: */*

Response DefaultHttpResponse(decodeResult: success, version: HTTP/1.1)
HTTP/1.1 200 OK
Content-Type: application/json; charset=utf-8
cache-control: no-cache
content-length: 252144

17:29:30.192 [AsyncHttpClient-1-5] DEBUG org.asynchttpclient.netty.channel.ChannelManager - Adding key: http://localhost:53395 for channel [id: 0x07f0621c, L:/127.0.0.1:57754 - R:localhost/127.0.0.1:53395]
17:29:30.199 [main] DEBUG net.serenitybdd.core.photography.Darkroom - Send negative for processing for target\site\serenity\603f181639364aeaddd6eb41e9c08019cecad103b0296270fdd8affd71cb756e.png
17:29:30.200 [Darkroom Processing Line] DEBUG net.serenitybdd.core.photography.DarkroomProcessingLine - Processing screenshot image in /var/screenshots/screenshot-15744042874043959602
17:29:30.200 [Darkroom Processing Line] DEBUG net.serenitybdd.core.photography.DarkroomProcessingLine - Saving screenshot to target\site\serenity\603f181639364aeaddd6eb41e9c08019cecad103b0296270fdd8affd71cb756e.png
17:29:30.211 [Forwarding findElement on session b880ccf2cbd6ba8ccbe488f42c30855a to remote] DEBUG org.asynchttpclient.netty.request.NettyRequestSender - Using pooled Channel '[id: 0x07f0621c, L:/127.0.0.1:57754 - R:localhost/127.0.0.1:53395]' for 'POST' to 'http://localhost:53395/session/b880ccf2cbd6ba8ccbe488f42c30855a/element'
17:29:30.211 [Forwarding findElement on session b880ccf2cbd6ba8ccbe488f42c30855a to remote] DEBUG org.asynchttpclient.netty.request.NettyRequestSender - Using open Channel [id: 0x07f0621c, L:/127.0.0.1:57754 - R:localhost/127.0.0.1:53395] for POST '/session/b880ccf2cbd6ba8ccbe488f42c30855a/element'
17:29:30.227 [AsyncHttpClient-1-5] DEBUG org.asynchttpclient.netty.handler.HttpHandler - 

Request DefaultHttpRequest(decodeResult: success, version: HTTP/1.1)
POST /session/b880ccf2cbd6ba8ccbe488f42c30855a/element HTTP/1.1
User-Agent: selenium/4.1.2 (java windows)
Content-Length: 53
Content-Type: application/json; charset=utf-8
host: localhost:53395
accept: */*

Response DefaultHttpResponse(decodeResult: success, version: HTTP/1.1)
HTTP/1.1 200 OK
Content-Type: application/json; charset=utf-8
cache-control: no-cache
content-length: 88

17:29:30.228 [AsyncHttpClient-1-5] DEBUG org.asynchttpclient.netty.channel.ChannelManager - Adding key: http://localhost:53395 for channel [id: 0x07f0621c, L:/127.0.0.1:57754 - R:localhost/127.0.0.1:53395]
17:29:30.231 [Forwarding clearElement on session b880ccf2cbd6ba8ccbe488f42c30855a to remote] DEBUG org.asynchttpclient.netty.request.NettyRequestSender - Using pooled Channel '[id: 0x07f0621c, L:/127.0.0.1:57754 - R:localhost/127.0.0.1:53395]' for 'POST' to 'http://localhost:53395/session/b880ccf2cbd6ba8ccbe488f42c30855a/element/3bf5cf3a-0ccd-4cea-a719-68c2889c336f/clear'
17:29:30.231 [Forwarding clearElement on session b880ccf2cbd6ba8ccbe488f42c30855a to remote] DEBUG org.asynchttpclient.netty.request.NettyRequestSender - Using open Channel [id: 0x07f0621c, L:/127.0.0.1:57754 - R:localhost/127.0.0.1:53395] for POST '/session/b880ccf2cbd6ba8ccbe488f42c30855a/element/3bf5cf3a-0ccd-4cea-a719-68c2889c336f/clear'
17:29:30.273 [AsyncHttpClient-1-5] DEBUG org.asynchttpclient.netty.handler.HttpHandler - 

Request DefaultHttpRequest(decodeResult: success, version: HTTP/1.1)
POST /session/b880ccf2cbd6ba8ccbe488f42c30855a/element/3bf5cf3a-0ccd-4cea-a719-68c2889c336f/clear HTTP/1.1
User-Agent: selenium/4.1.2 (java windows)
Content-Length: 50
Content-Type: application/json; charset=utf-8
host: localhost:53395
accept: */*

Response DefaultHttpResponse(decodeResult: success, version: HTTP/1.1)
HTTP/1.1 200 OK
Content-Type: application/json; charset=utf-8
cache-control: no-cache
content-length: 14

17:29:30.273 [AsyncHttpClient-1-5] DEBUG org.asynchttpclient.netty.channel.ChannelManager - Adding key: http://localhost:53395 for channel [id: 0x07f0621c, L:/127.0.0.1:57754 - R:localhost/127.0.0.1:53395]
17:29:30.276 [Forwarding sendKeysToElement on session b880ccf2cbd6ba8ccbe488f42c30855a to remote] DEBUG org.asynchttpclient.netty.request.NettyRequestSender - Using pooled Channel '[id: 0x07f0621c, L:/127.0.0.1:57754 - R:localhost/127.0.0.1:53395]' for 'POST' to 'http://localhost:53395/session/b880ccf2cbd6ba8ccbe488f42c30855a/element/3bf5cf3a-0ccd-4cea-a719-68c2889c336f/value'
17:29:30.276 [Forwarding sendKeysToElement on session b880ccf2cbd6ba8ccbe488f42c30855a to remote] DEBUG org.asynchttpclient.netty.request.NettyRequestSender - Using open Channel [id: 0x07f0621c, L:/127.0.0.1:57754 - R:localhost/127.0.0.1:53395] for POST '/session/b880ccf2cbd6ba8ccbe488f42c30855a/element/3bf5cf3a-0ccd-4cea-a719-68c2889c336f/value'
17:29:30.412 [AsyncHttpClient-1-5] DEBUG org.asynchttpclient.netty.handler.HttpHandler - 

Request DefaultHttpRequest(decodeResult: success, version: HTTP/1.1)
POST /session/b880ccf2cbd6ba8ccbe488f42c30855a/element/3bf5cf3a-0ccd-4cea-a719-68c2889c336f/value HTTP/1.1
User-Agent: selenium/4.1.2 (java windows)
Content-Length: 311
Content-Type: application/json; charset=utf-8
host: localhost:53395
accept: */*

Response DefaultHttpResponse(decodeResult: success, version: HTTP/1.1)
HTTP/1.1 200 OK
Content-Type: application/json; charset=utf-8
cache-control: no-cache
content-length: 14

17:29:30.412 [AsyncHttpClient-1-5] DEBUG org.asynchttpclient.netty.channel.ChannelManager - Adding key: http://localhost:53395 for channel [id: 0x07f0621c, L:/127.0.0.1:57754 - R:localhost/127.0.0.1:53395]
  &amp#27;[32mAnd &amp#27;[0m&amp#27;[32mI input valid password&amp#27;[0m                     &amp#27;[90m# starter.stepdefinitions.LoginStep.iInputValidPassword()&amp#27;[0m
17:29:30.426 [Forwarding screenshot on session b880ccf2cbd6ba8ccbe488f42c30855a to remote] DEBUG org.asynchttpclient.netty.request.NettyRequestSender - Using pooled Channel '[id: 0x07f0621c, L:/127.0.0.1:57754 - R:localhost/127.0.0.1:53395]' for 'GET' to 'http://localhost:53395/session/b880ccf2cbd6ba8ccbe488f42c30855a/screenshot'
17:29:30.426 [Forwarding screenshot on session b880ccf2cbd6ba8ccbe488f42c30855a to remote] DEBUG org.asynchttpclient.netty.request.NettyRequestSender - Using open Channel [id: 0x07f0621c, L:/127.0.0.1:57754 - R:localhost/127.0.0.1:53395] for GET '/session/b880ccf2cbd6ba8ccbe488f42c30855a/screenshot'
17:29:30.656 [AsyncHttpClient-1-5] DEBUG org.asynchttpclient.netty.handler.HttpHandler - 

Request DefaultFullHttpRequest(decodeResult: success, version: HTTP/1.1, content: EmptyByteBufBE)
GET /session/b880ccf2cbd6ba8ccbe488f42c30855a/screenshot HTTP/1.1
User-Agent: selenium/4.1.2 (java windows)
Cache-Control: no-cache
Content-Type: application/json; charset=utf-8
host: localhost:53395
accept: */*

Response DefaultHttpResponse(decodeResult: success, version: HTTP/1.1)
HTTP/1.1 200 OK
Content-Type: application/json; charset=utf-8
cache-control: no-cache
content-length: 248852

17:29:30.659 [AsyncHttpClient-1-5] DEBUG org.asynchttpclient.netty.channel.ChannelManager - Adding key: http://localhost:53395 for channel [id: 0x07f0621c, L:/127.0.0.1:57754 - R:localhost/127.0.0.1:53395]
17:29:30.669 [main] DEBUG net.serenitybdd.core.photography.Darkroom - Send negative for processing for target\site\serenity\0103cc8a7bf4c0212caad3e97cb56c3708db8c78a95797591c5109218240ad0e.png
17:29:30.670 [Darkroom Processing Line] DEBUG net.serenitybdd.core.photography.DarkroomProcessingLine - Processing screenshot image in /var/screenshots/screenshot-152827948710522243
17:29:30.670 [Darkroom Processing Line] DEBUG net.serenitybdd.core.photography.DarkroomProcessingLine - Saving screenshot to target\site\serenity\0103cc8a7bf4c0212caad3e97cb56c3708db8c78a95797591c5109218240ad0e.png
17:29:30.682 [Forwarding findElement on session b880ccf2cbd6ba8ccbe488f42c30855a to remote] DEBUG org.asynchttpclient.netty.request.NettyRequestSender - Using pooled Channel '[id: 0x07f0621c, L:/127.0.0.1:57754 - R:localhost/127.0.0.1:53395]' for 'POST' to 'http://localhost:53395/session/b880ccf2cbd6ba8ccbe488f42c30855a/element'
17:29:30.682 [Forwarding findElement on session b880ccf2cbd6ba8ccbe488f42c30855a to remote] DEBUG org.asynchttpclient.netty.request.NettyRequestSender - Using open Channel [id: 0x07f0621c, L:/127.0.0.1:57754 - R:localhost/127.0.0.1:53395] for POST '/session/b880ccf2cbd6ba8ccbe488f42c30855a/element'
17:29:30.689 [AsyncHttpClient-1-5] DEBUG org.asynchttpclient.netty.handler.HttpHandler - 

Request DefaultHttpRequest(decodeResult: success, version: HTTP/1.1)
POST /session/b880ccf2cbd6ba8ccbe488f42c30855a/element HTTP/1.1
User-Agent: selenium/4.1.2 (java windows)
Content-Length: 50
Content-Type: application/json; charset=utf-8
host: localhost:53395
accept: */*

Response DefaultHttpResponse(decodeResult: success, version: HTTP/1.1)
HTTP/1.1 200 OK
Content-Type: application/json; charset=utf-8
cache-control: no-cache
content-length: 88

17:29:30.690 [AsyncHttpClient-1-5] DEBUG org.asynchttpclient.netty.channel.ChannelManager - Adding key: http://localhost:53395 for channel [id: 0x07f0621c, L:/127.0.0.1:57754 - R:localhost/127.0.0.1:53395]
17:29:30.696 [Forwarding isElementDisplayed on session b880ccf2cbd6ba8ccbe488f42c30855a to remote] DEBUG org.asynchttpclient.netty.request.NettyRequestSender - Using pooled Channel '[id: 0x07f0621c, L:/127.0.0.1:57754 - R:localhost/127.0.0.1:53395]' for 'POST' to 'http://localhost:53395/session/b880ccf2cbd6ba8ccbe488f42c30855a/execute/sync'
17:29:30.696 [Forwarding isElementDisplayed on session b880ccf2cbd6ba8ccbe488f42c30855a to remote] DEBUG org.asynchttpclient.netty.request.NettyRequestSender - Using open Channel [id: 0x07f0621c, L:/127.0.0.1:57754 - R:localhost/127.0.0.1:53395] for POST '/session/b880ccf2cbd6ba8ccbe488f42c30855a/execute/sync'
17:29:30.715 [AsyncHttpClient-1-5] DEBUG org.asynchttpclient.netty.handler.HttpHandler - 

Request DefaultHttpRequest(decodeResult: success, version: HTTP/1.1)
POST /session/b880ccf2cbd6ba8ccbe488f42c30855a/execute/sync HTTP/1.1
User-Agent: selenium/4.1.2 (java windows)
Content-Length: 48780
Content-Type: application/json; charset=utf-8
host: localhost:53395
accept: */*

Response DefaultHttpResponse(decodeResult: success, version: HTTP/1.1)
HTTP/1.1 200 OK
Content-Type: application/json; charset=utf-8
cache-control: no-cache
content-length: 14

17:29:30.715 [AsyncHttpClient-1-5] DEBUG org.asynchttpclient.netty.channel.ChannelManager - Adding key: http://localhost:53395 for channel [id: 0x07f0621c, L:/127.0.0.1:57754 - R:localhost/127.0.0.1:53395]
17:29:30.719 [Forwarding findElement on session b880ccf2cbd6ba8ccbe488f42c30855a to remote] DEBUG org.asynchttpclient.netty.request.NettyRequestSender - Using pooled Channel '[id: 0x07f0621c, L:/127.0.0.1:57754 - R:localhost/127.0.0.1:53395]' for 'POST' to 'http://localhost:53395/session/b880ccf2cbd6ba8ccbe488f42c30855a/element'
17:29:30.719 [Forwarding findElement on session b880ccf2cbd6ba8ccbe488f42c30855a to remote] DEBUG org.asynchttpclient.netty.request.NettyRequestSender - Using open Channel [id: 0x07f0621c, L:/127.0.0.1:57754 - R:localhost/127.0.0.1:53395] for POST '/session/b880ccf2cbd6ba8ccbe488f42c30855a/element'
17:29:30.728 [AsyncHttpClient-1-5] DEBUG org.asynchttpclient.netty.handler.HttpHandler - 

Request DefaultHttpRequest(decodeResult: success, version: HTTP/1.1)
POST /session/b880ccf2cbd6ba8ccbe488f42c30855a/element HTTP/1.1
User-Agent: selenium/4.1.2 (java windows)
Content-Length: 50
Content-Type: application/json; charset=utf-8
host: localhost:53395
accept: */*

Response DefaultHttpResponse(decodeResult: success, version: HTTP/1.1)
HTTP/1.1 200 OK
Content-Type: application/json; charset=utf-8
cache-control: no-cache
content-length: 88

17:29:30.728 [AsyncHttpClient-1-5] DEBUG org.asynchttpclient.netty.channel.ChannelManager - Adding key: http://localhost:53395 for channel [id: 0x07f0621c, L:/127.0.0.1:57754 - R:localhost/127.0.0.1:53395]
17:29:30.731 [Forwarding getElementTagName on session b880ccf2cbd6ba8ccbe488f42c30855a to remote] DEBUG org.asynchttpclient.netty.request.NettyRequestSender - Using pooled Channel '[id: 0x07f0621c, L:/127.0.0.1:57754 - R:localhost/127.0.0.1:53395]' for 'GET' to 'http://localhost:53395/session/b880ccf2cbd6ba8ccbe488f42c30855a/element/bf633cf1-a091-4222-be07-26f306347672/name'
17:29:30.731 [Forwarding getElementTagName on session b880ccf2cbd6ba8ccbe488f42c30855a to remote] DEBUG org.asynchttpclient.netty.request.NettyRequestSender - Using open Channel [id: 0x07f0621c, L:/127.0.0.1:57754 - R:localhost/127.0.0.1:53395] for GET '/session/b880ccf2cbd6ba8ccbe488f42c30855a/element/bf633cf1-a091-4222-be07-26f306347672/name'
17:29:30.737 [AsyncHttpClient-1-5] DEBUG org.asynchttpclient.netty.handler.HttpHandler - 

Request DefaultFullHttpRequest(decodeResult: success, version: HTTP/1.1, content: EmptyByteBufBE)
GET /session/b880ccf2cbd6ba8ccbe488f42c30855a/element/bf633cf1-a091-4222-be07-26f306347672/name HTTP/1.1
User-Agent: selenium/4.1.2 (java windows)
Cache-Control: no-cache
Content-Type: application/json; charset=utf-8
host: localhost:53395
accept: */*

Response DefaultHttpResponse(decodeResult: success, version: HTTP/1.1)
HTTP/1.1 200 OK
Content-Type: application/json; charset=utf-8
cache-control: no-cache
content-length: 18

17:29:30.737 [AsyncHttpClient-1-5] DEBUG org.asynchttpclient.netty.channel.ChannelManager - Adding key: http://localhost:53395 for channel [id: 0x07f0621c, L:/127.0.0.1:57754 - R:localhost/127.0.0.1:53395]
17:29:30.740 [Forwarding getElementTagName on session b880ccf2cbd6ba8ccbe488f42c30855a to remote] DEBUG org.asynchttpclient.netty.request.NettyRequestSender - Using pooled Channel '[id: 0x07f0621c, L:/127.0.0.1:57754 - R:localhost/127.0.0.1:53395]' for 'GET' to 'http://localhost:53395/session/b880ccf2cbd6ba8ccbe488f42c30855a/element/bf633cf1-a091-4222-be07-26f306347672/name'
17:29:30.740 [Forwarding getElementTagName on session b880ccf2cbd6ba8ccbe488f42c30855a to remote] DEBUG org.asynchttpclient.netty.request.NettyRequestSender - Using open Channel [id: 0x07f0621c, L:/127.0.0.1:57754 - R:localhost/127.0.0.1:53395] for GET '/session/b880ccf2cbd6ba8ccbe488f42c30855a/element/bf633cf1-a091-4222-be07-26f306347672/name'
17:29:30.745 [AsyncHttpClient-1-5] DEBUG org.asynchttpclient.netty.handler.HttpHandler - 

Request DefaultFullHttpRequest(decodeResult: success, version: HTTP/1.1, content: EmptyByteBufBE)
GET /session/b880ccf2cbd6ba8ccbe488f42c30855a/element/bf633cf1-a091-4222-be07-26f306347672/name HTTP/1.1
User-Agent: selenium/4.1.2 (java windows)
Cache-Control: no-cache
Content-Type: application/json; charset=utf-8
host: localhost:53395
accept: */*

Response DefaultHttpResponse(decodeResult: success, version: HTTP/1.1)
HTTP/1.1 200 OK
Content-Type: application/json; charset=utf-8
cache-control: no-cache
content-length: 18

17:29:30.746 [AsyncHttpClient-1-5] DEBUG org.asynchttpclient.netty.channel.ChannelManager - Adding key: http://localhost:53395 for channel [id: 0x07f0621c, L:/127.0.0.1:57754 - R:localhost/127.0.0.1:53395]
17:29:30.749 [Forwarding isElementEnabled on session b880ccf2cbd6ba8ccbe488f42c30855a to remote] DEBUG org.asynchttpclient.netty.request.NettyRequestSender - Using pooled Channel '[id: 0x07f0621c, L:/127.0.0.1:57754 - R:localhost/127.0.0.1:53395]' for 'GET' to 'http://localhost:53395/session/b880ccf2cbd6ba8ccbe488f42c30855a/element/bf633cf1-a091-4222-be07-26f306347672/enabled'
17:29:30.749 [Forwarding isElementEnabled on session b880ccf2cbd6ba8ccbe488f42c30855a to remote] DEBUG org.asynchttpclient.netty.request.NettyRequestSender - Using open Channel [id: 0x07f0621c, L:/127.0.0.1:57754 - R:localhost/127.0.0.1:53395] for GET '/session/b880ccf2cbd6ba8ccbe488f42c30855a/element/bf633cf1-a091-4222-be07-26f306347672/enabled'
17:29:30.762 [AsyncHttpClient-1-5] DEBUG org.asynchttpclient.netty.handler.HttpHandler - 

Request DefaultFullHttpRequest(decodeResult: success, version: HTTP/1.1, content: EmptyByteBufBE)
GET /session/b880ccf2cbd6ba8ccbe488f42c30855a/element/bf633cf1-a091-4222-be07-26f306347672/enabled HTTP/1.1
User-Agent: selenium/4.1.2 (java windows)
Cache-Control: no-cache
Content-Type: application/json; charset=utf-8
host: localhost:53395
accept: */*

Response DefaultHttpResponse(decodeResult: success, version: HTTP/1.1)
HTTP/1.1 200 OK
Content-Type: application/json; charset=utf-8
cache-control: no-cache
content-length: 14

17:29:30.762 [AsyncHttpClient-1-5] DEBUG org.asynchttpclient.netty.channel.ChannelManager - Adding key: http://localhost:53395 for channel [id: 0x07f0621c, L:/127.0.0.1:57754 - R:localhost/127.0.0.1:53395]
17:29:30.765 [Forwarding isElementEnabled on session b880ccf2cbd6ba8ccbe488f42c30855a to remote] DEBUG org.asynchttpclient.netty.request.NettyRequestSender - Using pooled Channel '[id: 0x07f0621c, L:/127.0.0.1:57754 - R:localhost/127.0.0.1:53395]' for 'GET' to 'http://localhost:53395/session/b880ccf2cbd6ba8ccbe488f42c30855a/element/bf633cf1-a091-4222-be07-26f306347672/enabled'
17:29:30.765 [Forwarding isElementEnabled on session b880ccf2cbd6ba8ccbe488f42c30855a to remote] DEBUG org.asynchttpclient.netty.request.NettyRequestSender - Using open Channel [id: 0x07f0621c, L:/127.0.0.1:57754 - R:localhost/127.0.0.1:53395] for GET '/session/b880ccf2cbd6ba8ccbe488f42c30855a/element/bf633cf1-a091-4222-be07-26f306347672/enabled'
17:29:30.774 [AsyncHttpClient-1-5] DEBUG org.asynchttpclient.netty.handler.HttpHandler - 

Request DefaultFullHttpRequest(decodeResult: success, version: HTTP/1.1, content: EmptyByteBufBE)
GET /session/b880ccf2cbd6ba8ccbe488f42c30855a/element/bf633cf1-a091-4222-be07-26f306347672/enabled HTTP/1.1
User-Agent: selenium/4.1.2 (java windows)
Cache-Control: no-cache
Content-Type: application/json; charset=utf-8
host: localhost:53395
accept: */*

Response DefaultHttpResponse(decodeResult: success, version: HTTP/1.1)
HTTP/1.1 200 OK
Content-Type: application/json; charset=utf-8
cache-control: no-cache
content-length: 14

17:29:30.775 [AsyncHttpClient-1-5] DEBUG org.asynchttpclient.netty.channel.ChannelManager - Adding key: http://localhost:53395 for channel [id: 0x07f0621c, L:/127.0.0.1:57754 - R:localhost/127.0.0.1:53395]
17:29:30.779 [Forwarding findElement on session b880ccf2cbd6ba8ccbe488f42c30855a to remote] DEBUG org.asynchttpclient.netty.request.NettyRequestSender - Using pooled Channel '[id: 0x07f0621c, L:/127.0.0.1:57754 - R:localhost/127.0.0.1:53395]' for 'POST' to 'http://localhost:53395/session/b880ccf2cbd6ba8ccbe488f42c30855a/element'
17:29:30.779 [Forwarding findElement on session b880ccf2cbd6ba8ccbe488f42c30855a to remote] DEBUG org.asynchttpclient.netty.request.NettyRequestSender - Using open Channel [id: 0x07f0621c, L:/127.0.0.1:57754 - R:localhost/127.0.0.1:53395] for POST '/session/b880ccf2cbd6ba8ccbe488f42c30855a/element'
17:29:30.790 [AsyncHttpClient-1-5] DEBUG org.asynchttpclient.netty.handler.HttpHandler - 

Request DefaultHttpRequest(decodeResult: success, version: HTTP/1.1)
POST /session/b880ccf2cbd6ba8ccbe488f42c30855a/element HTTP/1.1
User-Agent: selenium/4.1.2 (java windows)
Content-Length: 50
Content-Type: application/json; charset=utf-8
host: localhost:53395
accept: */*

Response DefaultHttpResponse(decodeResult: success, version: HTTP/1.1)
HTTP/1.1 200 OK
Content-Type: application/json; charset=utf-8
cache-control: no-cache
content-length: 88

17:29:30.791 [AsyncHttpClient-1-5] DEBUG org.asynchttpclient.netty.channel.ChannelManager - Adding key: http://localhost:53395 for channel [id: 0x07f0621c, L:/127.0.0.1:57754 - R:localhost/127.0.0.1:53395]
17:29:30.794 [Forwarding clickElement on session b880ccf2cbd6ba8ccbe488f42c30855a to remote] DEBUG org.asynchttpclient.netty.request.NettyRequestSender - Using pooled Channel '[id: 0x07f0621c, L:/127.0.0.1:57754 - R:localhost/127.0.0.1:53395]' for 'POST' to 'http://localhost:53395/session/b880ccf2cbd6ba8ccbe488f42c30855a/element/bf633cf1-a091-4222-be07-26f306347672/click'
17:29:30.794 [Forwarding clickElement on session b880ccf2cbd6ba8ccbe488f42c30855a to remote] DEBUG org.asynchttpclient.netty.request.NettyRequestSender - Using open Channel [id: 0x07f0621c, L:/127.0.0.1:57754 - R:localhost/127.0.0.1:53395] for POST '/session/b880ccf2cbd6ba8ccbe488f42c30855a/element/bf633cf1-a091-4222-be07-26f306347672/click'
17:29:30.862 [AsyncHttpClient-1-5] DEBUG org.asynchttpclient.netty.handler.HttpHandler - 

Request DefaultHttpRequest(decodeResult: success, version: HTTP/1.1)
POST /session/b880ccf2cbd6ba8ccbe488f42c30855a/element/bf633cf1-a091-4222-be07-26f306347672/click HTTP/1.1
User-Agent: selenium/4.1.2 (java windows)
Content-Length: 50
Content-Type: application/json; charset=utf-8
host: localhost:53395
accept: */*

Response DefaultHttpResponse(decodeResult: success, version: HTTP/1.1)
HTTP/1.1 200 OK
Content-Type: application/json; charset=utf-8
cache-control: no-cache
content-length: 14

17:29:30.863 [AsyncHttpClient-1-5] DEBUG org.asynchttpclient.netty.channel.ChannelManager - Adding key: http://localhost:53395 for channel [id: 0x07f0621c, L:/127.0.0.1:57754 - R:localhost/127.0.0.1:53395]
  &amp#27;[32mAnd &amp#27;[0m&amp#27;[32mI click login button&amp#27;[0m                       &amp#27;[90m# starter.stepdefinitions.LoginStep.iClickLoginButton()&amp#27;[0m
17:29:30.878 [Forwarding screenshot on session b880ccf2cbd6ba8ccbe488f42c30855a to remote] DEBUG org.asynchttpclient.netty.request.NettyRequestSender - Using pooled Channel '[id: 0x07f0621c, L:/127.0.0.1:57754 - R:localhost/127.0.0.1:53395]' for 'GET' to 'http://localhost:53395/session/b880ccf2cbd6ba8ccbe488f42c30855a/screenshot'
17:29:30.878 [Forwarding screenshot on session b880ccf2cbd6ba8ccbe488f42c30855a to remote] DEBUG org.asynchttpclient.netty.request.NettyRequestSender - Using open Channel [id: 0x07f0621c, L:/127.0.0.1:57754 - R:localhost/127.0.0.1:53395] for GET '/session/b880ccf2cbd6ba8ccbe488f42c30855a/screenshot'
17:29:31.036 [AsyncHttpClient-1-1] DEBUG org.asynchttpclient.netty.channel.DefaultChannelPool - Entry count for : http://localhost:57755 : 1
17:29:31.182 [AsyncHttpClient-1-5] DEBUG org.asynchttpclient.netty.handler.HttpHandler - 

Request DefaultFullHttpRequest(decodeResult: success, version: HTTP/1.1, content: EmptyByteBufBE)
GET /session/b880ccf2cbd6ba8ccbe488f42c30855a/screenshot HTTP/1.1
User-Agent: selenium/4.1.2 (java windows)
Cache-Control: no-cache
Content-Type: application/json; charset=utf-8
host: localhost:53395
accept: */*

Response DefaultHttpResponse(decodeResult: success, version: HTTP/1.1)
HTTP/1.1 200 OK
Content-Type: application/json; charset=utf-8
cache-control: no-cache
content-length: 225024

17:29:31.184 [AsyncHttpClient-1-5] DEBUG org.asynchttpclient.netty.channel.ChannelManager - Adding key: http://localhost:53395 for channel [id: 0x07f0621c, L:/127.0.0.1:57754 - R:localhost/127.0.0.1:53395]
17:29:31.190 [main] DEBUG net.serenitybdd.core.photography.Darkroom - Send negative for processing for target\site\serenity\fc39174a6d766cc091ab74c269e555a98595abea7f49c5c5a7bc29b809069588.png
17:29:31.191 [Darkroom Processing Line] DEBUG net.serenitybdd.core.photography.DarkroomProcessingLine - Processing screenshot image in /var/screenshots/screenshot-4700039284570021004
17:29:31.191 [Darkroom Processing Line] DEBUG net.serenitybdd.core.photography.DarkroomProcessingLine - Saving screenshot to target\site\serenity\fc39174a6d766cc091ab74c269e555a98595abea7f49c5c5a7bc29b809069588.png
17:29:31.203 [Forwarding findElement on session b880ccf2cbd6ba8ccbe488f42c30855a to remote] DEBUG org.asynchttpclient.netty.request.NettyRequestSender - Using pooled Channel '[id: 0x07f0621c, L:/127.0.0.1:57754 - R:localhost/127.0.0.1:53395]' for 'POST' to 'http://localhost:53395/session/b880ccf2cbd6ba8ccbe488f42c30855a/element'
17:29:31.203 [Forwarding findElement on session b880ccf2cbd6ba8ccbe488f42c30855a to remote] DEBUG org.asynchttpclient.netty.request.NettyRequestSender - Using open Channel [id: 0x07f0621c, L:/127.0.0.1:57754 - R:localhost/127.0.0.1:53395] for POST '/session/b880ccf2cbd6ba8ccbe488f42c30855a/element'
17:29:31.665 [AsyncHttpClient-1-5] DEBUG org.asynchttpclient.netty.handler.HttpHandler - 

Request DefaultHttpRequest(decodeResult: success, version: HTTP/1.1)
POST /session/b880ccf2cbd6ba8ccbe488f42c30855a/element HTTP/1.1
User-Agent: selenium/4.1.2 (java windows)
Content-Length: 61
Content-Type: application/json; charset=utf-8
host: localhost:53395
accept: */*

Response DefaultHttpResponse(decodeResult: success, version: HTTP/1.1)
HTTP/1.1 200 OK
Content-Type: application/json; charset=utf-8
cache-control: no-cache
content-length: 88

17:29:31.665 [AsyncHttpClient-1-5] DEBUG org.asynchttpclient.netty.channel.ChannelManager - Adding key: http://localhost:53395 for channel [id: 0x07f0621c, L:/127.0.0.1:57754 - R:localhost/127.0.0.1:53395]
17:29:31.671 [Forwarding isElementDisplayed on session b880ccf2cbd6ba8ccbe488f42c30855a to remote] DEBUG org.asynchttpclient.netty.request.NettyRequestSender - Using pooled Channel '[id: 0x07f0621c, L:/127.0.0.1:57754 - R:localhost/127.0.0.1:53395]' for 'POST' to 'http://localhost:53395/session/b880ccf2cbd6ba8ccbe488f42c30855a/execute/sync'
17:29:31.671 [Forwarding isElementDisplayed on session b880ccf2cbd6ba8ccbe488f42c30855a to remote] DEBUG org.asynchttpclient.netty.request.NettyRequestSender - Using open Channel [id: 0x07f0621c, L:/127.0.0.1:57754 - R:localhost/127.0.0.1:53395] for POST '/session/b880ccf2cbd6ba8ccbe488f42c30855a/execute/sync'
17:29:31.687 [AsyncHttpClient-1-5] DEBUG org.asynchttpclient.netty.handler.HttpHandler - 

Request DefaultHttpRequest(decodeResult: success, version: HTTP/1.1)
POST /session/b880ccf2cbd6ba8ccbe488f42c30855a/execute/sync HTTP/1.1
User-Agent: selenium/4.1.2 (java windows)
Content-Length: 48780
Content-Type: application/json; charset=utf-8
host: localhost:53395
accept: */*

Response DefaultHttpResponse(decodeResult: success, version: HTTP/1.1)
HTTP/1.1 200 OK
Content-Type: application/json; charset=utf-8
cache-control: no-cache
content-length: 14

17:29:31.687 [AsyncHttpClient-1-5] DEBUG org.asynchttpclient.netty.channel.ChannelManager - Adding key: http://localhost:53395 for channel [id: 0x07f0621c, L:/127.0.0.1:57754 - R:localhost/127.0.0.1:53395]
  &amp#27;[32mThen &amp#27;[0m&amp#27;[32mI will be logged in&amp#27;[0m                       &amp#27;[90m# starter.stepdefinitions.LoginStep.iWillGoToMyBookListPage()&amp#27;[0m
17:29:31.696 [Forwarding screenshot on session b880ccf2cbd6ba8ccbe488f42c30855a to remote] DEBUG org.asynchttpclient.netty.request.NettyRequestSender - Using pooled Channel '[id: 0x07f0621c, L:/127.0.0.1:57754 - R:localhost/127.0.0.1:53395]' for 'GET' to 'http://localhost:53395/session/b880ccf2cbd6ba8ccbe488f42c30855a/screenshot'
17:29:31.696 [Forwarding screenshot on session b880ccf2cbd6ba8ccbe488f42c30855a to remote] DEBUG org.asynchttpclient.netty.request.NettyRequestSender - Using open Channel [id: 0x07f0621c, L:/127.0.0.1:57754 - R:localhost/127.0.0.1:53395] for GET '/session/b880ccf2cbd6ba8ccbe488f42c30855a/screenshot'
17:29:31.955 [AsyncHttpClient-1-5] DEBUG org.asynchttpclient.netty.handler.HttpHandler - 

Request DefaultFullHttpRequest(decodeResult: success, version: HTTP/1.1, content: EmptyByteBufBE)
GET /session/b880ccf2cbd6ba8ccbe488f42c30855a/screenshot HTTP/1.1
User-Agent: selenium/4.1.2 (java windows)
Cache-Control: no-cache
Content-Type: application/json; charset=utf-8
host: localhost:53395
accept: */*

Response DefaultHttpResponse(decodeResult: success, version: HTTP/1.1)
HTTP/1.1 200 OK
Content-Type: application/json; charset=utf-8
cache-control: no-cache
content-length: 413048

17:29:31.957 [AsyncHttpClient-1-5] DEBUG org.asynchttpclient.netty.channel.ChannelManager - Adding key: http://localhost:53395 for channel [id: 0x07f0621c, L:/127.0.0.1:57754 - R:localhost/127.0.0.1:53395]
17:29:31.979 [main] DEBUG net.serenitybdd.core.photography.Darkroom - Send negative for processing for target\site\serenity\7d4cfcd0f55026173212d296c1170085efb42ddd961ac6085beed8f3560c84b9.png
17:29:31.979 [Darkroom Processing Line] DEBUG net.serenitybdd.core.photography.DarkroomProcessingLine - Processing screenshot image in /var/screenshots/screenshot-12300863471552641265
17:29:31.979 [Darkroom Processing Line] DEBUG net.serenitybdd.core.photography.DarkroomProcessingLine - Saving screenshot to target\site\serenity\7d4cfcd0f55026173212d296c1170085efb42ddd961ac6085beed8f3560c84b9.png
17:29:31.981 [main] INFO  - 
  _____   ___   ___   _____     ___     _     ___   ___   ___   ___  
 |_   _| | __| / __| |_   _|   | _ \   /_\   / __| / __| | __| |   \ 
   | |   | _|  \__ \   | |     |  _/  / _ \  \__ \ \__ \ | _|  | |) |
   |_|   |___| |___/   |_|     |_|   /_/ \_\ |___/ |___/ |___| |___/ 

Login with valid username and password
----------------------------------------------------------------------
17:29:31.983 [AsyncHttpClient-1-7] DEBUG org.asynchttpclient.netty.handler.WebSocketHandler - Channel Closed: [id: 0x57b2ef8f, L:/127.0.0.1:57762 ! R:localhost/127.0.0.1:57755] with attribute NettyResponseFuture{currentRetry=5,
	isDone=1,
	isCancelled=0,
	asyncHandler=org.asynchttpclient.ws.WebSocketUpgradeHandler@539836db,
	nettyRequest=org.asynchttpclient.netty.request.NettyRequest@169aa2cc,
	future=java.util.concurrent.CompletableFuture@4d4c38b1[Completed normally],
	uri=ws://localhost:57755/devtools/browser/66e2cd2b-c080-4a34-9835-96c1f34d57d8,
	keepAlive=true,
	redirectCount=0,
	timeoutsHolder=null,
	inAuth=0,
	touch=1664965761795}
17:29:31.983 [AsyncHttpClient-1-7] DEBUG org.asynchttpclient.netty.channel.ChannelManager - Closing Channel [id: 0x57b2ef8f, L:/127.0.0.1:57762 ! R:localhost/127.0.0.1:57755] 
17:29:31.984 [Driver Command Executor] DEBUG org.asynchttpclient.netty.request.NettyRequestSender - Using pooled Channel '[id: 0x07f0621c, L:/127.0.0.1:57754 - R:localhost/127.0.0.1:53395]' for 'DELETE' to 'http://localhost:53395/session/b880ccf2cbd6ba8ccbe488f42c30855a'
17:29:31.984 [Driver Command Executor] DEBUG org.asynchttpclient.netty.request.NettyRequestSender - Using open Channel [id: 0x07f0621c, L:/127.0.0.1:57754 - R:localhost/127.0.0.1:53395] for DELETE '/session/b880ccf2cbd6ba8ccbe488f42c30855a'
17:29:32.048 [AsyncHttpClient-1-6] DEBUG org.asynchttpclient.netty.handler.HttpHandler - Unexpected I/O exception on channel [id: 0x6f6384cf, L:/127.0.0.1:57761 - R:localhost/127.0.0.1:57755]
java.net.SocketException: Connection reset
	at java.base/sun.nio.ch.SocketChannelImpl.throwConnectionReset(SocketChannelImpl.java:345)
	at java.base/sun.nio.ch.SocketChannelImpl.read(SocketChannelImpl.java:376)
	at io.netty.buffer.PooledByteBuf.setBytes(PooledByteBuf.java:258)
	at io.netty.buffer.AbstractByteBuf.writeBytes(AbstractByteBuf.java:1132)
	at io.netty.channel.socket.nio.NioSocketChannel.doReadBytes(NioSocketChannel.java:350)
	at io.netty.channel.nio.AbstractNioByteChannel$NioByteUnsafe.read(AbstractNioByteChannel.java:151)
	at io.netty.channel.nio.NioEventLoop.processSelectedKey(NioEventLoop.java:722)
	at io.netty.channel.nio.NioEventLoop.processSelectedKeysOptimized(NioEventLoop.java:658)
	at io.netty.channel.nio.NioEventLoop.processSelectedKeys(NioEventLoop.java:584)
	at io.netty.channel.nio.NioEventLoop.run(NioEventLoop.java:496)
	at io.netty.util.concurrent.SingleThreadEventExecutor$4.run(SingleThreadEventExecutor.java:986)
	at io.netty.util.internal.ThreadExecutorMap$2.run(ThreadExecutorMap.java:74)
	at io.netty.util.concurrent.FastThreadLocalRunnable.run(FastThreadLocalRunnable.java:30)
	at java.base/java.lang.Thread.run(Thread.java:830)
17:29:32.049 [AsyncHttpClient-1-6] DEBUG org.asynchttpclient.netty.channel.ChannelManager - Closing Channel [id: 0x6f6384cf, L:/127.0.0.1:57761 - R:localhost/127.0.0.1:57755] 
17:29:32.049 [AsyncHttpClient-1-6] DEBUG org.asynchttpclient.netty.handler.HttpHandler - Channel Closed: [id: 0x6f6384cf, L:/127.0.0.1:57761 ! R:localhost/127.0.0.1:57755] with attribute DISCARD
17:29:32.077 [AsyncHttpClient-1-5] DEBUG org.asynchttpclient.netty.handler.HttpHandler - 

Request DefaultFullHttpRequest(decodeResult: success, version: HTTP/1.1, content: EmptyByteBufBE)
DELETE /session/b880ccf2cbd6ba8ccbe488f42c30855a HTTP/1.1
User-Agent: selenium/4.1.2 (java windows)
Content-Type: application/json; charset=utf-8
host: localhost:53395
accept: */*

Response DefaultHttpResponse(decodeResult: success, version: HTTP/1.1)
HTTP/1.1 200 OK
Content-Type: application/json; charset=utf-8
cache-control: no-cache
content-length: 14

17:29:32.077 [AsyncHttpClient-1-5] DEBUG org.asynchttpclient.netty.channel.ChannelManager - Adding key: http://localhost:53395 for channel [id: 0x07f0621c, L:/127.0.0.1:57754 - R:localhost/127.0.0.1:53395]
17:29:32.142 [AsyncHttpClient-1-1] DEBUG org.asynchttpclient.netty.channel.DefaultChannelPool - Entry count for : http://localhost:53395 : 1
17:29:32.142 [AsyncHttpClient-1-1] DEBUG org.asynchttpclient.netty.channel.DefaultChannelPool - Entry count for : http://localhost:57755 : 1
17:29:32.142 [AsyncHttpClient-1-1] DEBUG org.asynchttpclient.netty.channel.DefaultChannelPool - Adding Candidate expired Channel [id: 0x6f6384cf, L:/127.0.0.1:57761 ! R:localhost/127.0.0.1:57755] isIdleTimeoutExpired=false isRemotelyClosed=true isTtlExpired=false
17:29:32.142 [AsyncHttpClient-1-1] DEBUG org.asynchttpclient.netty.channel.DefaultChannelPool - Closing Idle Channel [id: 0x6f6384cf, L:/127.0.0.1:57761 ! R:localhost/127.0.0.1:57755]
17:29:32.142 [AsyncHttpClient-1-1] DEBUG org.asynchttpclient.netty.channel.DefaultChannelPool - Closed 1 connections out of 2 in 0 ms
17:29:32.143 [AsyncHttpClient-1-5] DEBUG org.asynchttpclient.netty.handler.HttpHandler - Channel Closed: [id: 0x07f0621c, L:/127.0.0.1:57754 ! R:localhost/127.0.0.1:53395] with attribute DISCARD
]]></system-out>
    <system-err><![CDATA[Starting ChromeDriver 106.0.5249.61 (511755355844955cd3e264779baf0dd38212a4d0-refs/branch-heads/5249@{#569}) on port 53395
Only local connections are allowed.
Please see https://chromedriver.chromium.org/security-considerations for suggestions on keeping ChromeDriver safe.
ChromeDriver was started successfully.
Oct 05, 2022 5:29:21 PM org.openqa.selenium.remote.ProtocolHandshake createSession
INFO: Detected dialect: W3C
Oct 05, 2022 5:29:21 PM org.openqa.selenium.devtools.CdpVersionFinder findNearestMatch
WARNING: Unable to find an exact match for CDP version 106, so returning the closest version found: a no-op implementation
Oct 05, 2022 5:29:21 PM org.openqa.selenium.devtools.CdpVersionFinder findNearestMatch
INFO: Unable to find CDP implementation matching 106.
Oct 05, 2022 5:29:21 PM org.openqa.selenium.chromium.ChromiumDriver lambda$new$3
WARNING: Unable to find version of CDP to use for . You may need to include a dependency on a specific version of the CDP using something similar to `org.seleniumhq.selenium:selenium-devtools-v86:4.1.2` where the version ("v86") matches the version of the chromium-based browser you're using and the version number of the artifact is the same as Selenium's.
]]></system-err>
  </testcase>
  <testcase name="Login with invalid username and valid password" classname="Login" time="11.298">
    <system-out><![CDATA[
Scenario: Login with invalid username and valid password &amp#27;[90m# src/test/resources/features/Login.feature:18&amp#27;[0m
17:29:32.690 [main] INFO io.cucumber.core.plugin.SerenityReporter - Running feature from file:///C:/Users/ASUS/Desktop/stupen/repo/21_Review%20Web%20UI%20Testing%20with%20Serenity/Praktikum/qaBooks/src/test/resources/features/Login.feature
17:29:32.692 [main] INFO  - 
  _____   ___   ___   _____     ___   _____     _     ___   _____   ___   ___  
 |_   _| | __| / __| |_   _|   / __| |_   _|   /_\   | _ \ |_   _| | __| |   \ 
   | |   | _|  \__ \   | |     \__ \   | |    / _ \  |   /   | |   | _|  | |) |
   |_|   |___| |___/   |_|     |___/   |_|   /_/ \_\ |_|_\   |_|   |___| |___/ 

Login with invalid username and valid password(login;login-with-invalid-username-and-valid-password)
--------------------------------------------------------------------------------
17:29:32.709 [main] INFO net.serenitybdd.core.webdriver.driverproviders.ChromeDriverProvider - Using automatically driver download
17:29:32.896 [main] DEBUG io.github.bonigarcia.wdm.cache.ResolutionCache - Resolution chrome=106 in cache (valid until 17:53:10 05/10/2022 WIB)
17:29:32.902 [main] DEBUG io.github.bonigarcia.wdm.cache.ResolutionCache - Resolution chrome106=106.0.5249.61 in cache (valid until 14:14:44 06/10/2022 WIB)
17:29:32.906 [main] INFO io.github.bonigarcia.wdm.WebDriverManager - Using chromedriver 106.0.5249.61 (resolved driver for Chrome 106)
17:29:32.921 [main] DEBUG io.github.bonigarcia.wdm.WebDriverManager - Driver chromedriver 106.0.5249.61 found in cache
17:29:32.923 [main] INFO io.github.bonigarcia.wdm.WebDriverManager - Exporting webdriver.chrome.driver as C:\Users\ASUS\.cache\selenium\chromedriver\win32\106.0.5249.61\chromedriver.exe
17:29:33.104 [main] DEBUG net.serenitybdd.core.webdriver.driverproviders.ProvideNewDriver - Instantiating driver
17:29:33.104 [main] DEBUG net.serenitybdd.core.webdriver.driverproviders.ProvideNewDriver - Driver capabilities: Capabilities {acceptInsecureCerts: false, base.url: https://demoqa.com/books, browserName: chrome, chrome.driver: src/test/resources/webdrive..., driver: chrome, goog:chromeOptions: {args: [], extensions: []}}
17:29:33.238 [AsyncHttpClient-1-1] DEBUG org.asynchttpclient.netty.channel.DefaultChannelPool - Entry count for : http://localhost:53395 : 1
17:29:33.238 [AsyncHttpClient-1-1] DEBUG org.asynchttpclient.netty.channel.DefaultChannelPool - Adding Candidate expired Channel [id: 0x07f0621c, L:/127.0.0.1:57754 ! R:localhost/127.0.0.1:53395] isIdleTimeoutExpired=false isRemotelyClosed=true isTtlExpired=false
17:29:33.238 [AsyncHttpClient-1-1] DEBUG org.asynchttpclient.netty.channel.DefaultChannelPool - Closing Idle Channel [id: 0x07f0621c, L:/127.0.0.1:57754 ! R:localhost/127.0.0.1:53395]
17:29:33.238 [AsyncHttpClient-1-1] DEBUG org.asynchttpclient.netty.channel.DefaultChannelPool - Closed 1 connections out of 1 in 0 ms
17:29:33.656 [AsyncHttpClient-1-8] DEBUG org.asynchttpclient.netty.channel.NettyConnectListener - Using new Channel '[id: 0x45fcdb89, L:/127.0.0.1:57825 - R:localhost/127.0.0.1:50524]' for 'POST' to '/session'
17:29:34.454 [AsyncHttpClient-1-8] DEBUG org.asynchttpclient.netty.handler.HttpHandler - 

Request DefaultHttpRequest(decodeResult: success, version: HTTP/1.1)
POST /session HTTP/1.1
User-Agent: selenium/4.1.2 (java windows)
Content-Length: 610
Content-Type: application/json; charset=utf-8
host: localhost:50524
accept: */*

Response DefaultHttpResponse(decodeResult: success, version: HTTP/1.1)
HTTP/1.1 200 OK
Content-Type: application/json; charset=utf-8
cache-control: no-cache
content-length: 788

17:29:34.454 [AsyncHttpClient-1-8] DEBUG org.asynchttpclient.netty.channel.ChannelManager - Adding key: http://localhost:50524 for channel [id: 0x45fcdb89, L:/127.0.0.1:57825 - R:localhost/127.0.0.1:50524]
17:29:34.471 [AsyncHttpClient-1-9] DEBUG org.asynchttpclient.netty.channel.NettyConnectListener - Using new Channel '[id: 0xd2e8bb7e, L:/127.0.0.1:57832 - R:localhost/127.0.0.1:57826]' for 'GET' to '/json/version'
17:29:34.484 [AsyncHttpClient-1-9] DEBUG org.asynchttpclient.netty.handler.HttpHandler - 

Request DefaultFullHttpRequest(decodeResult: success, version: HTTP/1.1, content: EmptyByteBufBE)
GET /json/version HTTP/1.1
User-Agent: selenium/4.1.2 (java windows)
host: localhost:57826
accept: */*

Response DefaultHttpResponse(decodeResult: success, version: HTTP/1.1)
HTTP/1.1 200 OK
Content-Type: application/json; charset=UTF-8
content-length: 423

17:29:34.484 [AsyncHttpClient-1-9] DEBUG org.asynchttpclient.netty.channel.ChannelManager - Adding key: http://localhost:57826 for channel [id: 0xd2e8bb7e, L:/127.0.0.1:57832 - R:localhost/127.0.0.1:57826]
17:29:34.488 [AsyncHttpClient-1-10] DEBUG org.asynchttpclient.netty.channel.NettyConnectListener - Using new Channel '[id: 0xd15b2746, L:/127.0.0.1:57833 - R:localhost/127.0.0.1:57826]' for 'GET' to '/devtools/browser/dc7868c5-501b-4b51-9a7d-aff1850b50f5'
17:29:34.495 [AsyncHttpClient-1-10] DEBUG org.asynchttpclient.netty.handler.WebSocketHandler - 

Request DefaultFullHttpRequest(decodeResult: success, version: HTTP/1.1, content: EmptyByteBufBE)
GET /devtools/browser/dc7868c5-501b-4b51-9a7d-aff1850b50f5 HTTP/1.1
upgrade: websocket
connection: upgrade
sec-websocket-key: eKrEay6GNF5hWyvHpkONfQ==
sec-websocket-version: 13
origin: http://localhost:57826
host: localhost:57826
accept: */*
user-agent: AHC/2.1

Response DefaultHttpResponse(decodeResult: success, version: HTTP/1.1)
HTTP/1.1 101 WebSocket Protocol Handshake
Upgrade: WebSocket
Connection: Upgrade
Sec-WebSocket-Accept: TakJQ8Jsy7BMEbaPrIzCMQTCoU8=

17:29:34.504 [Forwarding get on session d1881af2a3f4e17bcfe5d38b2bccc9f4 to remote] DEBUG org.asynchttpclient.netty.request.NettyRequestSender - Using pooled Channel '[id: 0x45fcdb89, L:/127.0.0.1:57825 - R:localhost/127.0.0.1:50524]' for 'POST' to 'http://localhost:50524/session/d1881af2a3f4e17bcfe5d38b2bccc9f4/url'
17:29:34.504 [Forwarding get on session d1881af2a3f4e17bcfe5d38b2bccc9f4 to remote] DEBUG org.asynchttpclient.netty.request.NettyRequestSender - Using open Channel [id: 0x45fcdb89, L:/127.0.0.1:57825 - R:localhost/127.0.0.1:50524] for POST '/session/d1881af2a3f4e17bcfe5d38b2bccc9f4/url'
17:29:35.435 [AsyncHttpClient-1-1] DEBUG org.asynchttpclient.netty.channel.DefaultChannelPool - Entry count for : http://localhost:57826 : 1
17:29:36.538 [AsyncHttpClient-1-1] DEBUG org.asynchttpclient.netty.channel.DefaultChannelPool - Entry count for : http://localhost:57826 : 1
17:29:37.640 [AsyncHttpClient-1-1] DEBUG org.asynchttpclient.netty.channel.DefaultChannelPool - Entry count for : http://localhost:57826 : 1
17:29:38.741 [AsyncHttpClient-1-1] DEBUG org.asynchttpclient.netty.channel.DefaultChannelPool - Entry count for : http://localhost:57826 : 1
17:29:39.836 [AsyncHttpClient-1-1] DEBUG org.asynchttpclient.netty.channel.DefaultChannelPool - Entry count for : http://localhost:57826 : 1
17:29:40.631 [AsyncHttpClient-1-8] DEBUG org.asynchttpclient.netty.handler.HttpHandler - 

Request DefaultHttpRequest(decodeResult: success, version: HTTP/1.1)
POST /session/d1881af2a3f4e17bcfe5d38b2bccc9f4/url HTTP/1.1
User-Agent: selenium/4.1.2 (java windows)
Content-Length: 60
Content-Type: application/json; charset=utf-8
host: localhost:50524
accept: */*

Response DefaultHttpResponse(decodeResult: success, version: HTTP/1.1)
HTTP/1.1 200 OK
Content-Type: application/json; charset=utf-8
cache-control: no-cache
content-length: 14

17:29:40.632 [AsyncHttpClient-1-8] DEBUG org.asynchttpclient.netty.channel.ChannelManager - Adding key: http://localhost:50524 for channel [id: 0x45fcdb89, L:/127.0.0.1:57825 - R:localhost/127.0.0.1:50524]
17:29:40.633 [Forwarding setTimeout on session d1881af2a3f4e17bcfe5d38b2bccc9f4 to remote] DEBUG org.asynchttpclient.netty.request.NettyRequestSender - Using pooled Channel '[id: 0x45fcdb89, L:/127.0.0.1:57825 - R:localhost/127.0.0.1:50524]' for 'POST' to 'http://localhost:50524/session/d1881af2a3f4e17bcfe5d38b2bccc9f4/timeouts'
17:29:40.633 [Forwarding setTimeout on session d1881af2a3f4e17bcfe5d38b2bccc9f4 to remote] DEBUG org.asynchttpclient.netty.request.NettyRequestSender - Using open Channel [id: 0x45fcdb89, L:/127.0.0.1:57825 - R:localhost/127.0.0.1:50524] for POST '/session/d1881af2a3f4e17bcfe5d38b2bccc9f4/timeouts'
17:29:40.635 [AsyncHttpClient-1-8] DEBUG org.asynchttpclient.netty.handler.HttpHandler - 

Request DefaultHttpRequest(decodeResult: success, version: HTTP/1.1)
POST /session/d1881af2a3f4e17bcfe5d38b2bccc9f4/timeouts HTTP/1.1
User-Agent: selenium/4.1.2 (java windows)
Content-Length: 22
Content-Type: application/json; charset=utf-8
host: localhost:50524
accept: */*

Response DefaultHttpResponse(decodeResult: success, version: HTTP/1.1)
HTTP/1.1 200 OK
Content-Type: application/json; charset=utf-8
cache-control: no-cache
content-length: 14

17:29:40.635 [AsyncHttpClient-1-8] DEBUG org.asynchttpclient.netty.channel.ChannelManager - Adding key: http://localhost:50524 for channel [id: 0x45fcdb89, L:/127.0.0.1:57825 - R:localhost/127.0.0.1:50524]
17:29:40.639 [Forwarding getCurrentUrl on session d1881af2a3f4e17bcfe5d38b2bccc9f4 to remote] DEBUG org.asynchttpclient.netty.request.NettyRequestSender - Using pooled Channel '[id: 0x45fcdb89, L:/127.0.0.1:57825 - R:localhost/127.0.0.1:50524]' for 'GET' to 'http://localhost:50524/session/d1881af2a3f4e17bcfe5d38b2bccc9f4/url'
17:29:40.639 [Forwarding getCurrentUrl on session d1881af2a3f4e17bcfe5d38b2bccc9f4 to remote] DEBUG org.asynchttpclient.netty.request.NettyRequestSender - Using open Channel [id: 0x45fcdb89, L:/127.0.0.1:57825 - R:localhost/127.0.0.1:50524] for GET '/session/d1881af2a3f4e17bcfe5d38b2bccc9f4/url'
17:29:40.645 [AsyncHttpClient-1-8] DEBUG org.asynchttpclient.netty.handler.HttpHandler - 

Request DefaultFullHttpRequest(decodeResult: success, version: HTTP/1.1, content: EmptyByteBufBE)
GET /session/d1881af2a3f4e17bcfe5d38b2bccc9f4/url HTTP/1.1
User-Agent: selenium/4.1.2 (java windows)
Cache-Control: no-cache
Content-Type: application/json; charset=utf-8
host: localhost:50524
accept: */*

Response DefaultHttpResponse(decodeResult: success, version: HTTP/1.1)
HTTP/1.1 200 OK
Content-Type: application/json; charset=utf-8
cache-control: no-cache
content-length: 37

17:29:40.645 [AsyncHttpClient-1-8] DEBUG org.asynchttpclient.netty.channel.ChannelManager - Adding key: http://localhost:50524 for channel [id: 0x45fcdb89, L:/127.0.0.1:57825 - R:localhost/127.0.0.1:50524]
17:29:40.650 [Forwarding findElement on session d1881af2a3f4e17bcfe5d38b2bccc9f4 to remote] DEBUG org.asynchttpclient.netty.request.NettyRequestSender - Using pooled Channel '[id: 0x45fcdb89, L:/127.0.0.1:57825 - R:localhost/127.0.0.1:50524]' for 'POST' to 'http://localhost:50524/session/d1881af2a3f4e17bcfe5d38b2bccc9f4/element'
17:29:40.650 [Forwarding findElement on session d1881af2a3f4e17bcfe5d38b2bccc9f4 to remote] DEBUG org.asynchttpclient.netty.request.NettyRequestSender - Using open Channel [id: 0x45fcdb89, L:/127.0.0.1:57825 - R:localhost/127.0.0.1:50524] for POST '/session/d1881af2a3f4e17bcfe5d38b2bccc9f4/element'
17:29:40.662 [AsyncHttpClient-1-8] DEBUG org.asynchttpclient.netty.handler.HttpHandler - 

Request DefaultHttpRequest(decodeResult: success, version: HTTP/1.1)
POST /session/d1881af2a3f4e17bcfe5d38b2bccc9f4/element HTTP/1.1
User-Agent: selenium/4.1.2 (java windows)
Content-Length: 50
Content-Type: application/json; charset=utf-8
host: localhost:50524
accept: */*

Response DefaultHttpResponse(decodeResult: success, version: HTTP/1.1)
HTTP/1.1 200 OK
Content-Type: application/json; charset=utf-8
cache-control: no-cache
content-length: 88

17:29:40.662 [AsyncHttpClient-1-8] DEBUG org.asynchttpclient.netty.channel.ChannelManager - Adding key: http://localhost:50524 for channel [id: 0x45fcdb89, L:/127.0.0.1:57825 - R:localhost/127.0.0.1:50524]
17:29:40.666 [Forwarding isElementDisplayed on session d1881af2a3f4e17bcfe5d38b2bccc9f4 to remote] DEBUG org.asynchttpclient.netty.request.NettyRequestSender - Using pooled Channel '[id: 0x45fcdb89, L:/127.0.0.1:57825 - R:localhost/127.0.0.1:50524]' for 'POST' to 'http://localhost:50524/session/d1881af2a3f4e17bcfe5d38b2bccc9f4/execute/sync'
17:29:40.667 [Forwarding isElementDisplayed on session d1881af2a3f4e17bcfe5d38b2bccc9f4 to remote] DEBUG org.asynchttpclient.netty.request.NettyRequestSender - Using open Channel [id: 0x45fcdb89, L:/127.0.0.1:57825 - R:localhost/127.0.0.1:50524] for POST '/session/d1881af2a3f4e17bcfe5d38b2bccc9f4/execute/sync'
17:29:40.681 [AsyncHttpClient-1-8] DEBUG org.asynchttpclient.netty.handler.HttpHandler - 

Request DefaultHttpRequest(decodeResult: success, version: HTTP/1.1)
POST /session/d1881af2a3f4e17bcfe5d38b2bccc9f4/execute/sync HTTP/1.1
User-Agent: selenium/4.1.2 (java windows)
Content-Length: 48780
Content-Type: application/json; charset=utf-8
host: localhost:50524
accept: */*

Response DefaultHttpResponse(decodeResult: success, version: HTTP/1.1)
HTTP/1.1 200 OK
Content-Type: application/json; charset=utf-8
cache-control: no-cache
content-length: 14

17:29:40.681 [AsyncHttpClient-1-8] DEBUG org.asynchttpclient.netty.channel.ChannelManager - Adding key: http://localhost:50524 for channel [id: 0x45fcdb89, L:/127.0.0.1:57825 - R:localhost/127.0.0.1:50524]
17:29:40.686 [Forwarding findElement on session d1881af2a3f4e17bcfe5d38b2bccc9f4 to remote] DEBUG org.asynchttpclient.netty.request.NettyRequestSender - Using pooled Channel '[id: 0x45fcdb89, L:/127.0.0.1:57825 - R:localhost/127.0.0.1:50524]' for 'POST' to 'http://localhost:50524/session/d1881af2a3f4e17bcfe5d38b2bccc9f4/element'
17:29:40.686 [Forwarding findElement on session d1881af2a3f4e17bcfe5d38b2bccc9f4 to remote] DEBUG org.asynchttpclient.netty.request.NettyRequestSender - Using open Channel [id: 0x45fcdb89, L:/127.0.0.1:57825 - R:localhost/127.0.0.1:50524] for POST '/session/d1881af2a3f4e17bcfe5d38b2bccc9f4/element'
17:29:40.695 [AsyncHttpClient-1-8] DEBUG org.asynchttpclient.netty.handler.HttpHandler - 

Request DefaultHttpRequest(decodeResult: success, version: HTTP/1.1)
POST /session/d1881af2a3f4e17bcfe5d38b2bccc9f4/element HTTP/1.1
User-Agent: selenium/4.1.2 (java windows)
Content-Length: 50
Content-Type: application/json; charset=utf-8
host: localhost:50524
accept: */*

Response DefaultHttpResponse(decodeResult: success, version: HTTP/1.1)
HTTP/1.1 200 OK
Content-Type: application/json; charset=utf-8
cache-control: no-cache
content-length: 88

17:29:40.696 [AsyncHttpClient-1-8] DEBUG org.asynchttpclient.netty.channel.ChannelManager - Adding key: http://localhost:50524 for channel [id: 0x45fcdb89, L:/127.0.0.1:57825 - R:localhost/127.0.0.1:50524]
17:29:40.698 [Forwarding getElementTagName on session d1881af2a3f4e17bcfe5d38b2bccc9f4 to remote] DEBUG org.asynchttpclient.netty.request.NettyRequestSender - Using pooled Channel '[id: 0x45fcdb89, L:/127.0.0.1:57825 - R:localhost/127.0.0.1:50524]' for 'GET' to 'http://localhost:50524/session/d1881af2a3f4e17bcfe5d38b2bccc9f4/element/80c220ec-9fec-4f09-8e48-09c25b7f6b37/name'
17:29:40.698 [Forwarding getElementTagName on session d1881af2a3f4e17bcfe5d38b2bccc9f4 to remote] DEBUG org.asynchttpclient.netty.request.NettyRequestSender - Using open Channel [id: 0x45fcdb89, L:/127.0.0.1:57825 - R:localhost/127.0.0.1:50524] for GET '/session/d1881af2a3f4e17bcfe5d38b2bccc9f4/element/80c220ec-9fec-4f09-8e48-09c25b7f6b37/name'
17:29:40.704 [AsyncHttpClient-1-8] DEBUG org.asynchttpclient.netty.handler.HttpHandler - 

Request DefaultFullHttpRequest(decodeResult: success, version: HTTP/1.1, content: EmptyByteBufBE)
GET /session/d1881af2a3f4e17bcfe5d38b2bccc9f4/element/80c220ec-9fec-4f09-8e48-09c25b7f6b37/name HTTP/1.1
User-Agent: selenium/4.1.2 (java windows)
Cache-Control: no-cache
Content-Type: application/json; charset=utf-8
host: localhost:50524
accept: */*

Response DefaultHttpResponse(decodeResult: success, version: HTTP/1.1)
HTTP/1.1 200 OK
Content-Type: application/json; charset=utf-8
cache-control: no-cache
content-length: 18

17:29:40.704 [AsyncHttpClient-1-8] DEBUG org.asynchttpclient.netty.channel.ChannelManager - Adding key: http://localhost:50524 for channel [id: 0x45fcdb89, L:/127.0.0.1:57825 - R:localhost/127.0.0.1:50524]
17:29:40.707 [Forwarding getElementTagName on session d1881af2a3f4e17bcfe5d38b2bccc9f4 to remote] DEBUG org.asynchttpclient.netty.request.NettyRequestSender - Using pooled Channel '[id: 0x45fcdb89, L:/127.0.0.1:57825 - R:localhost/127.0.0.1:50524]' for 'GET' to 'http://localhost:50524/session/d1881af2a3f4e17bcfe5d38b2bccc9f4/element/80c220ec-9fec-4f09-8e48-09c25b7f6b37/name'
17:29:40.707 [Forwarding getElementTagName on session d1881af2a3f4e17bcfe5d38b2bccc9f4 to remote] DEBUG org.asynchttpclient.netty.request.NettyRequestSender - Using open Channel [id: 0x45fcdb89, L:/127.0.0.1:57825 - R:localhost/127.0.0.1:50524] for GET '/session/d1881af2a3f4e17bcfe5d38b2bccc9f4/element/80c220ec-9fec-4f09-8e48-09c25b7f6b37/name'
17:29:40.712 [AsyncHttpClient-1-8] DEBUG org.asynchttpclient.netty.handler.HttpHandler - 

Request DefaultFullHttpRequest(decodeResult: success, version: HTTP/1.1, content: EmptyByteBufBE)
GET /session/d1881af2a3f4e17bcfe5d38b2bccc9f4/element/80c220ec-9fec-4f09-8e48-09c25b7f6b37/name HTTP/1.1
User-Agent: selenium/4.1.2 (java windows)
Cache-Control: no-cache
Content-Type: application/json; charset=utf-8
host: localhost:50524
accept: */*

Response DefaultHttpResponse(decodeResult: success, version: HTTP/1.1)
HTTP/1.1 200 OK
Content-Type: application/json; charset=utf-8
cache-control: no-cache
content-length: 18

17:29:40.713 [AsyncHttpClient-1-8] DEBUG org.asynchttpclient.netty.channel.ChannelManager - Adding key: http://localhost:50524 for channel [id: 0x45fcdb89, L:/127.0.0.1:57825 - R:localhost/127.0.0.1:50524]
17:29:40.715 [Forwarding isElementEnabled on session d1881af2a3f4e17bcfe5d38b2bccc9f4 to remote] DEBUG org.asynchttpclient.netty.request.NettyRequestSender - Using pooled Channel '[id: 0x45fcdb89, L:/127.0.0.1:57825 - R:localhost/127.0.0.1:50524]' for 'GET' to 'http://localhost:50524/session/d1881af2a3f4e17bcfe5d38b2bccc9f4/element/80c220ec-9fec-4f09-8e48-09c25b7f6b37/enabled'
17:29:40.715 [Forwarding isElementEnabled on session d1881af2a3f4e17bcfe5d38b2bccc9f4 to remote] DEBUG org.asynchttpclient.netty.request.NettyRequestSender - Using open Channel [id: 0x45fcdb89, L:/127.0.0.1:57825 - R:localhost/127.0.0.1:50524] for GET '/session/d1881af2a3f4e17bcfe5d38b2bccc9f4/element/80c220ec-9fec-4f09-8e48-09c25b7f6b37/enabled'
17:29:40.725 [AsyncHttpClient-1-8] DEBUG org.asynchttpclient.netty.handler.HttpHandler - 

Request DefaultFullHttpRequest(decodeResult: success, version: HTTP/1.1, content: EmptyByteBufBE)
GET /session/d1881af2a3f4e17bcfe5d38b2bccc9f4/element/80c220ec-9fec-4f09-8e48-09c25b7f6b37/enabled HTTP/1.1
User-Agent: selenium/4.1.2 (java windows)
Cache-Control: no-cache
Content-Type: application/json; charset=utf-8
host: localhost:50524
accept: */*

Response DefaultHttpResponse(decodeResult: success, version: HTTP/1.1)
HTTP/1.1 200 OK
Content-Type: application/json; charset=utf-8
cache-control: no-cache
content-length: 14

17:29:40.726 [AsyncHttpClient-1-8] DEBUG org.asynchttpclient.netty.channel.ChannelManager - Adding key: http://localhost:50524 for channel [id: 0x45fcdb89, L:/127.0.0.1:57825 - R:localhost/127.0.0.1:50524]
17:29:40.727 [Forwarding isElementEnabled on session d1881af2a3f4e17bcfe5d38b2bccc9f4 to remote] DEBUG org.asynchttpclient.netty.request.NettyRequestSender - Using pooled Channel '[id: 0x45fcdb89, L:/127.0.0.1:57825 - R:localhost/127.0.0.1:50524]' for 'GET' to 'http://localhost:50524/session/d1881af2a3f4e17bcfe5d38b2bccc9f4/element/80c220ec-9fec-4f09-8e48-09c25b7f6b37/enabled'
17:29:40.727 [Forwarding isElementEnabled on session d1881af2a3f4e17bcfe5d38b2bccc9f4 to remote] DEBUG org.asynchttpclient.netty.request.NettyRequestSender - Using open Channel [id: 0x45fcdb89, L:/127.0.0.1:57825 - R:localhost/127.0.0.1:50524] for GET '/session/d1881af2a3f4e17bcfe5d38b2bccc9f4/element/80c220ec-9fec-4f09-8e48-09c25b7f6b37/enabled'
17:29:40.735 [AsyncHttpClient-1-8] DEBUG org.asynchttpclient.netty.handler.HttpHandler - 

Request DefaultFullHttpRequest(decodeResult: success, version: HTTP/1.1, content: EmptyByteBufBE)
GET /session/d1881af2a3f4e17bcfe5d38b2bccc9f4/element/80c220ec-9fec-4f09-8e48-09c25b7f6b37/enabled HTTP/1.1
User-Agent: selenium/4.1.2 (java windows)
Cache-Control: no-cache
Content-Type: application/json; charset=utf-8
host: localhost:50524
accept: */*

Response DefaultHttpResponse(decodeResult: success, version: HTTP/1.1)
HTTP/1.1 200 OK
Content-Type: application/json; charset=utf-8
cache-control: no-cache
content-length: 14

17:29:40.735 [AsyncHttpClient-1-8] DEBUG org.asynchttpclient.netty.channel.ChannelManager - Adding key: http://localhost:50524 for channel [id: 0x45fcdb89, L:/127.0.0.1:57825 - R:localhost/127.0.0.1:50524]
17:29:40.737 [Forwarding findElement on session d1881af2a3f4e17bcfe5d38b2bccc9f4 to remote] DEBUG org.asynchttpclient.netty.request.NettyRequestSender - Using pooled Channel '[id: 0x45fcdb89, L:/127.0.0.1:57825 - R:localhost/127.0.0.1:50524]' for 'POST' to 'http://localhost:50524/session/d1881af2a3f4e17bcfe5d38b2bccc9f4/element'
17:29:40.737 [Forwarding findElement on session d1881af2a3f4e17bcfe5d38b2bccc9f4 to remote] DEBUG org.asynchttpclient.netty.request.NettyRequestSender - Using open Channel [id: 0x45fcdb89, L:/127.0.0.1:57825 - R:localhost/127.0.0.1:50524] for POST '/session/d1881af2a3f4e17bcfe5d38b2bccc9f4/element'
17:29:40.745 [AsyncHttpClient-1-8] DEBUG org.asynchttpclient.netty.handler.HttpHandler - 

Request DefaultHttpRequest(decodeResult: success, version: HTTP/1.1)
POST /session/d1881af2a3f4e17bcfe5d38b2bccc9f4/element HTTP/1.1
User-Agent: selenium/4.1.2 (java windows)
Content-Length: 50
Content-Type: application/json; charset=utf-8
host: localhost:50524
accept: */*

Response DefaultHttpResponse(decodeResult: success, version: HTTP/1.1)
HTTP/1.1 200 OK
Content-Type: application/json; charset=utf-8
cache-control: no-cache
content-length: 88

17:29:40.745 [AsyncHttpClient-1-8] DEBUG org.asynchttpclient.netty.channel.ChannelManager - Adding key: http://localhost:50524 for channel [id: 0x45fcdb89, L:/127.0.0.1:57825 - R:localhost/127.0.0.1:50524]
17:29:40.747 [Forwarding clickElement on session d1881af2a3f4e17bcfe5d38b2bccc9f4 to remote] DEBUG org.asynchttpclient.netty.request.NettyRequestSender - Using pooled Channel '[id: 0x45fcdb89, L:/127.0.0.1:57825 - R:localhost/127.0.0.1:50524]' for 'POST' to 'http://localhost:50524/session/d1881af2a3f4e17bcfe5d38b2bccc9f4/element/80c220ec-9fec-4f09-8e48-09c25b7f6b37/click'
17:29:40.747 [Forwarding clickElement on session d1881af2a3f4e17bcfe5d38b2bccc9f4 to remote] DEBUG org.asynchttpclient.netty.request.NettyRequestSender - Using open Channel [id: 0x45fcdb89, L:/127.0.0.1:57825 - R:localhost/127.0.0.1:50524] for POST '/session/d1881af2a3f4e17bcfe5d38b2bccc9f4/element/80c220ec-9fec-4f09-8e48-09c25b7f6b37/click'
17:29:40.817 [AsyncHttpClient-1-8] DEBUG org.asynchttpclient.netty.handler.HttpHandler - 

Request DefaultHttpRequest(decodeResult: success, version: HTTP/1.1)
POST /session/d1881af2a3f4e17bcfe5d38b2bccc9f4/element/80c220ec-9fec-4f09-8e48-09c25b7f6b37/click HTTP/1.1
User-Agent: selenium/4.1.2 (java windows)
Content-Length: 50
Content-Type: application/json; charset=utf-8
host: localhost:50524
accept: */*

Response DefaultHttpResponse(decodeResult: success, version: HTTP/1.1)
HTTP/1.1 200 OK
Content-Type: application/json; charset=utf-8
cache-control: no-cache
content-length: 14

17:29:40.818 [AsyncHttpClient-1-8] DEBUG org.asynchttpclient.netty.channel.ChannelManager - Adding key: http://localhost:50524 for channel [id: 0x45fcdb89, L:/127.0.0.1:57825 - R:localhost/127.0.0.1:50524]
  &amp#27;[32mGiven &amp#27;[0m&amp#27;[32mI am on the login page&amp#27;[0m                           &amp#27;[90m# starter.stepdefinitions.LoginStep.iAmOnTheLoginPage()&amp#27;[0m
17:29:40.831 [Forwarding screenshot on session d1881af2a3f4e17bcfe5d38b2bccc9f4 to remote] DEBUG org.asynchttpclient.netty.request.NettyRequestSender - Using pooled Channel '[id: 0x45fcdb89, L:/127.0.0.1:57825 - R:localhost/127.0.0.1:50524]' for 'GET' to 'http://localhost:50524/session/d1881af2a3f4e17bcfe5d38b2bccc9f4/screenshot'
17:29:40.831 [Forwarding screenshot on session d1881af2a3f4e17bcfe5d38b2bccc9f4 to remote] DEBUG org.asynchttpclient.netty.request.NettyRequestSender - Using open Channel [id: 0x45fcdb89, L:/127.0.0.1:57825 - R:localhost/127.0.0.1:50524] for GET '/session/d1881af2a3f4e17bcfe5d38b2bccc9f4/screenshot'
17:29:40.936 [AsyncHttpClient-1-1] DEBUG org.asynchttpclient.netty.channel.DefaultChannelPool - Entry count for : http://localhost:57826 : 1
17:29:41.214 [AsyncHttpClient-1-8] DEBUG org.asynchttpclient.netty.handler.HttpHandler - 

Request DefaultFullHttpRequest(decodeResult: success, version: HTTP/1.1, content: EmptyByteBufBE)
GET /session/d1881af2a3f4e17bcfe5d38b2bccc9f4/screenshot HTTP/1.1
User-Agent: selenium/4.1.2 (java windows)
Cache-Control: no-cache
Content-Type: application/json; charset=utf-8
host: localhost:50524
accept: */*

Response DefaultHttpResponse(decodeResult: success, version: HTTP/1.1)
HTTP/1.1 200 OK
Content-Type: application/json; charset=utf-8
cache-control: no-cache
content-length: 725592

17:29:41.217 [AsyncHttpClient-1-8] DEBUG org.asynchttpclient.netty.channel.ChannelManager - Adding key: http://localhost:50524 for channel [id: 0x45fcdb89, L:/127.0.0.1:57825 - R:localhost/127.0.0.1:50524]
17:29:41.244 [main] DEBUG net.serenitybdd.core.photography.Darkroom - Send negative for processing for target\site\serenity\ae5c79282830274c6205d9027ec52f829778ec07c828e4f0708acc9c2659dc32.png
17:29:41.244 [Darkroom Processing Line] DEBUG net.serenitybdd.core.photography.DarkroomProcessingLine - Processing screenshot image in /var/screenshots/screenshot-4604133625476603379
17:29:41.244 [Darkroom Processing Line] DEBUG net.serenitybdd.core.photography.DarkroomProcessingLine - Saving screenshot to target\site\serenity\ae5c79282830274c6205d9027ec52f829778ec07c828e4f0708acc9c2659dc32.png
17:29:41.254 [Forwarding findElement on session d1881af2a3f4e17bcfe5d38b2bccc9f4 to remote] DEBUG org.asynchttpclient.netty.request.NettyRequestSender - Using pooled Channel '[id: 0x45fcdb89, L:/127.0.0.1:57825 - R:localhost/127.0.0.1:50524]' for 'POST' to 'http://localhost:50524/session/d1881af2a3f4e17bcfe5d38b2bccc9f4/element'
17:29:41.254 [Forwarding findElement on session d1881af2a3f4e17bcfe5d38b2bccc9f4 to remote] DEBUG org.asynchttpclient.netty.request.NettyRequestSender - Using open Channel [id: 0x45fcdb89, L:/127.0.0.1:57825 - R:localhost/127.0.0.1:50524] for POST '/session/d1881af2a3f4e17bcfe5d38b2bccc9f4/element'
17:29:41.267 [AsyncHttpClient-1-8] DEBUG org.asynchttpclient.netty.handler.HttpHandler - 

Request DefaultHttpRequest(decodeResult: success, version: HTTP/1.1)
POST /session/d1881af2a3f4e17bcfe5d38b2bccc9f4/element HTTP/1.1
User-Agent: selenium/4.1.2 (java windows)
Content-Length: 53
Content-Type: application/json; charset=utf-8
host: localhost:50524
accept: */*

Response DefaultHttpResponse(decodeResult: success, version: HTTP/1.1)
HTTP/1.1 200 OK
Content-Type: application/json; charset=utf-8
cache-control: no-cache
content-length: 88

17:29:41.267 [AsyncHttpClient-1-8] DEBUG org.asynchttpclient.netty.channel.ChannelManager - Adding key: http://localhost:50524 for channel [id: 0x45fcdb89, L:/127.0.0.1:57825 - R:localhost/127.0.0.1:50524]
17:29:41.269 [Forwarding clearElement on session d1881af2a3f4e17bcfe5d38b2bccc9f4 to remote] DEBUG org.asynchttpclient.netty.request.NettyRequestSender - Using pooled Channel '[id: 0x45fcdb89, L:/127.0.0.1:57825 - R:localhost/127.0.0.1:50524]' for 'POST' to 'http://localhost:50524/session/d1881af2a3f4e17bcfe5d38b2bccc9f4/element/d6d58521-f176-41cf-8899-97c9cfe17663/clear'
17:29:41.269 [Forwarding clearElement on session d1881af2a3f4e17bcfe5d38b2bccc9f4 to remote] DEBUG org.asynchttpclient.netty.request.NettyRequestSender - Using open Channel [id: 0x45fcdb89, L:/127.0.0.1:57825 - R:localhost/127.0.0.1:50524] for POST '/session/d1881af2a3f4e17bcfe5d38b2bccc9f4/element/d6d58521-f176-41cf-8899-97c9cfe17663/clear'
17:29:41.304 [AsyncHttpClient-1-8] DEBUG org.asynchttpclient.netty.handler.HttpHandler - 

Request DefaultHttpRequest(decodeResult: success, version: HTTP/1.1)
POST /session/d1881af2a3f4e17bcfe5d38b2bccc9f4/element/d6d58521-f176-41cf-8899-97c9cfe17663/clear HTTP/1.1
User-Agent: selenium/4.1.2 (java windows)
Content-Length: 50
Content-Type: application/json; charset=utf-8
host: localhost:50524
accept: */*

Response DefaultHttpResponse(decodeResult: success, version: HTTP/1.1)
HTTP/1.1 200 OK
Content-Type: application/json; charset=utf-8
cache-control: no-cache
content-length: 14

17:29:41.305 [AsyncHttpClient-1-8] DEBUG org.asynchttpclient.netty.channel.ChannelManager - Adding key: http://localhost:50524 for channel [id: 0x45fcdb89, L:/127.0.0.1:57825 - R:localhost/127.0.0.1:50524]
17:29:41.306 [Forwarding sendKeysToElement on session d1881af2a3f4e17bcfe5d38b2bccc9f4 to remote] DEBUG org.asynchttpclient.netty.request.NettyRequestSender - Using pooled Channel '[id: 0x45fcdb89, L:/127.0.0.1:57825 - R:localhost/127.0.0.1:50524]' for 'POST' to 'http://localhost:50524/session/d1881af2a3f4e17bcfe5d38b2bccc9f4/element/d6d58521-f176-41cf-8899-97c9cfe17663/value'
17:29:41.307 [Forwarding sendKeysToElement on session d1881af2a3f4e17bcfe5d38b2bccc9f4 to remote] DEBUG org.asynchttpclient.netty.request.NettyRequestSender - Using open Channel [id: 0x45fcdb89, L:/127.0.0.1:57825 - R:localhost/127.0.0.1:50524] for POST '/session/d1881af2a3f4e17bcfe5d38b2bccc9f4/element/d6d58521-f176-41cf-8899-97c9cfe17663/value'
17:29:41.386 [AsyncHttpClient-1-8] DEBUG org.asynchttpclient.netty.handler.HttpHandler - 

Request DefaultHttpRequest(decodeResult: success, version: HTTP/1.1)
POST /session/d1881af2a3f4e17bcfe5d38b2bccc9f4/element/d6d58521-f176-41cf-8899-97c9cfe17663/value HTTP/1.1
User-Agent: selenium/4.1.2 (java windows)
Content-Length: 161
Content-Type: application/json; charset=utf-8
host: localhost:50524
accept: */*

Response DefaultHttpResponse(decodeResult: success, version: HTTP/1.1)
HTTP/1.1 200 OK
Content-Type: application/json; charset=utf-8
cache-control: no-cache
content-length: 14

17:29:41.387 [AsyncHttpClient-1-8] DEBUG org.asynchttpclient.netty.channel.ChannelManager - Adding key: http://localhost:50524 for channel [id: 0x45fcdb89, L:/127.0.0.1:57825 - R:localhost/127.0.0.1:50524]
  &amp#27;[32mWhen &amp#27;[0m&amp#27;[32mI input invalid username&amp#27;[0m                          &amp#27;[90m# starter.stepdefinitions.LoginStep.iInputInvalidUsername()&amp#27;[0m
17:29:41.397 [Forwarding screenshot on session d1881af2a3f4e17bcfe5d38b2bccc9f4 to remote] DEBUG org.asynchttpclient.netty.request.NettyRequestSender - Using pooled Channel '[id: 0x45fcdb89, L:/127.0.0.1:57825 - R:localhost/127.0.0.1:50524]' for 'GET' to 'http://localhost:50524/session/d1881af2a3f4e17bcfe5d38b2bccc9f4/screenshot'
17:29:41.398 [Forwarding screenshot on session d1881af2a3f4e17bcfe5d38b2bccc9f4 to remote] DEBUG org.asynchttpclient.netty.request.NettyRequestSender - Using open Channel [id: 0x45fcdb89, L:/127.0.0.1:57825 - R:localhost/127.0.0.1:50524] for GET '/session/d1881af2a3f4e17bcfe5d38b2bccc9f4/screenshot'
17:29:41.785 [AsyncHttpClient-1-8] DEBUG org.asynchttpclient.netty.handler.HttpHandler - 

Request DefaultFullHttpRequest(decodeResult: success, version: HTTP/1.1, content: EmptyByteBufBE)
GET /session/d1881af2a3f4e17bcfe5d38b2bccc9f4/screenshot HTTP/1.1
User-Agent: selenium/4.1.2 (java windows)
Cache-Control: no-cache
Content-Type: application/json; charset=utf-8
host: localhost:50524
accept: */*

Response DefaultHttpResponse(decodeResult: success, version: HTTP/1.1)
HTTP/1.1 200 OK
Content-Type: application/json; charset=utf-8
cache-control: no-cache
content-length: 717732

17:29:41.790 [AsyncHttpClient-1-8] DEBUG org.asynchttpclient.netty.channel.ChannelManager - Adding key: http://localhost:50524 for channel [id: 0x45fcdb89, L:/127.0.0.1:57825 - R:localhost/127.0.0.1:50524]
17:29:41.820 [main] DEBUG net.serenitybdd.core.photography.Darkroom - Send negative for processing for target\site\serenity\10287a692a0d32b6e06a99a595bd996c4fcf4471d81f12b625ab7b4a5c7fa161.png
17:29:41.821 [Darkroom Processing Line] DEBUG net.serenitybdd.core.photography.DarkroomProcessingLine - Processing screenshot image in /var/screenshots/screenshot-7382671877468574063
17:29:41.821 [Darkroom Processing Line] DEBUG net.serenitybdd.core.photography.DarkroomProcessingLine - Saving screenshot to target\site\serenity\10287a692a0d32b6e06a99a595bd996c4fcf4471d81f12b625ab7b4a5c7fa161.png
17:29:41.841 [Forwarding findElement on session d1881af2a3f4e17bcfe5d38b2bccc9f4 to remote] DEBUG org.asynchttpclient.netty.request.NettyRequestSender - Using pooled Channel '[id: 0x45fcdb89, L:/127.0.0.1:57825 - R:localhost/127.0.0.1:50524]' for 'POST' to 'http://localhost:50524/session/d1881af2a3f4e17bcfe5d38b2bccc9f4/element'
17:29:41.842 [Forwarding findElement on session d1881af2a3f4e17bcfe5d38b2bccc9f4 to remote] DEBUG org.asynchttpclient.netty.request.NettyRequestSender - Using open Channel [id: 0x45fcdb89, L:/127.0.0.1:57825 - R:localhost/127.0.0.1:50524] for POST '/session/d1881af2a3f4e17bcfe5d38b2bccc9f4/element'
17:29:41.862 [AsyncHttpClient-1-8] DEBUG org.asynchttpclient.netty.handler.HttpHandler - 

Request DefaultHttpRequest(decodeResult: success, version: HTTP/1.1)
POST /session/d1881af2a3f4e17bcfe5d38b2bccc9f4/element HTTP/1.1
User-Agent: selenium/4.1.2 (java windows)
Content-Length: 53
Content-Type: application/json; charset=utf-8
host: localhost:50524
accept: */*

Response DefaultHttpResponse(decodeResult: success, version: HTTP/1.1)
HTTP/1.1 200 OK
Content-Type: application/json; charset=utf-8
cache-control: no-cache
content-length: 88

17:29:41.863 [AsyncHttpClient-1-8] DEBUG org.asynchttpclient.netty.channel.ChannelManager - Adding key: http://localhost:50524 for channel [id: 0x45fcdb89, L:/127.0.0.1:57825 - R:localhost/127.0.0.1:50524]
17:29:41.865 [Forwarding clearElement on session d1881af2a3f4e17bcfe5d38b2bccc9f4 to remote] DEBUG org.asynchttpclient.netty.request.NettyRequestSender - Using pooled Channel '[id: 0x45fcdb89, L:/127.0.0.1:57825 - R:localhost/127.0.0.1:50524]' for 'POST' to 'http://localhost:50524/session/d1881af2a3f4e17bcfe5d38b2bccc9f4/element/a13c0ef6-5e46-4d2f-b584-7db102905162/clear'
17:29:41.865 [Forwarding clearElement on session d1881af2a3f4e17bcfe5d38b2bccc9f4 to remote] DEBUG org.asynchttpclient.netty.request.NettyRequestSender - Using open Channel [id: 0x45fcdb89, L:/127.0.0.1:57825 - R:localhost/127.0.0.1:50524] for POST '/session/d1881af2a3f4e17bcfe5d38b2bccc9f4/element/a13c0ef6-5e46-4d2f-b584-7db102905162/clear'
17:29:41.909 [AsyncHttpClient-1-8] DEBUG org.asynchttpclient.netty.handler.HttpHandler - 

Request DefaultHttpRequest(decodeResult: success, version: HTTP/1.1)
POST /session/d1881af2a3f4e17bcfe5d38b2bccc9f4/element/a13c0ef6-5e46-4d2f-b584-7db102905162/clear HTTP/1.1
User-Agent: selenium/4.1.2 (java windows)
Content-Length: 50
Content-Type: application/json; charset=utf-8
host: localhost:50524
accept: */*

Response DefaultHttpResponse(decodeResult: success, version: HTTP/1.1)
HTTP/1.1 200 OK
Content-Type: application/json; charset=utf-8
cache-control: no-cache
content-length: 14

17:29:41.910 [AsyncHttpClient-1-8] DEBUG org.asynchttpclient.netty.channel.ChannelManager - Adding key: http://localhost:50524 for channel [id: 0x45fcdb89, L:/127.0.0.1:57825 - R:localhost/127.0.0.1:50524]
17:29:41.913 [Forwarding sendKeysToElement on session d1881af2a3f4e17bcfe5d38b2bccc9f4 to remote] DEBUG org.asynchttpclient.netty.request.NettyRequestSender - Using pooled Channel '[id: 0x45fcdb89, L:/127.0.0.1:57825 - R:localhost/127.0.0.1:50524]' for 'POST' to 'http://localhost:50524/session/d1881af2a3f4e17bcfe5d38b2bccc9f4/element/a13c0ef6-5e46-4d2f-b584-7db102905162/value'
17:29:41.914 [Forwarding sendKeysToElement on session d1881af2a3f4e17bcfe5d38b2bccc9f4 to remote] DEBUG org.asynchttpclient.netty.request.NettyRequestSender - Using open Channel [id: 0x45fcdb89, L:/127.0.0.1:57825 - R:localhost/127.0.0.1:50524] for POST '/session/d1881af2a3f4e17bcfe5d38b2bccc9f4/element/a13c0ef6-5e46-4d2f-b584-7db102905162/value'
17:29:42.036 [AsyncHttpClient-1-8] DEBUG org.asynchttpclient.netty.handler.HttpHandler - 

Request DefaultHttpRequest(decodeResult: success, version: HTTP/1.1)
POST /session/d1881af2a3f4e17bcfe5d38b2bccc9f4/element/a13c0ef6-5e46-4d2f-b584-7db102905162/value HTTP/1.1
User-Agent: selenium/4.1.2 (java windows)
Content-Length: 311
Content-Type: application/json; charset=utf-8
host: localhost:50524
accept: */*

Response DefaultHttpResponse(decodeResult: success, version: HTTP/1.1)
HTTP/1.1 200 OK
Content-Type: application/json; charset=utf-8
cache-control: no-cache
content-length: 14

17:29:42.036 [AsyncHttpClient-1-8] DEBUG org.asynchttpclient.netty.channel.ChannelManager - Adding key: http://localhost:50524 for channel [id: 0x45fcdb89, L:/127.0.0.1:57825 - R:localhost/127.0.0.1:50524]
17:29:42.037 [AsyncHttpClient-1-1] DEBUG org.asynchttpclient.netty.channel.DefaultChannelPool - Entry count for : http://localhost:57826 : 1
17:29:42.037 [AsyncHttpClient-1-1] DEBUG org.asynchttpclient.netty.channel.DefaultChannelPool - Entry count for : http://localhost:50524 : 1
  &amp#27;[32mAnd &amp#27;[0m&amp#27;[32mI input valid password&amp#27;[0m                             &amp#27;[90m# starter.stepdefinitions.LoginStep.iInputValidPassword()&amp#27;[0m
17:29:42.049 [Forwarding screenshot on session d1881af2a3f4e17bcfe5d38b2bccc9f4 to remote] DEBUG org.asynchttpclient.netty.request.NettyRequestSender - Using pooled Channel '[id: 0x45fcdb89, L:/127.0.0.1:57825 - R:localhost/127.0.0.1:50524]' for 'GET' to 'http://localhost:50524/session/d1881af2a3f4e17bcfe5d38b2bccc9f4/screenshot'
17:29:42.049 [Forwarding screenshot on session d1881af2a3f4e17bcfe5d38b2bccc9f4 to remote] DEBUG org.asynchttpclient.netty.request.NettyRequestSender - Using open Channel [id: 0x45fcdb89, L:/127.0.0.1:57825 - R:localhost/127.0.0.1:50524] for GET '/session/d1881af2a3f4e17bcfe5d38b2bccc9f4/screenshot'
17:29:42.387 [AsyncHttpClient-1-8] DEBUG org.asynchttpclient.netty.handler.HttpHandler - 

Request DefaultFullHttpRequest(decodeResult: success, version: HTTP/1.1, content: EmptyByteBufBE)
GET /session/d1881af2a3f4e17bcfe5d38b2bccc9f4/screenshot HTTP/1.1
User-Agent: selenium/4.1.2 (java windows)
Cache-Control: no-cache
Content-Type: application/json; charset=utf-8
host: localhost:50524
accept: */*

Response DefaultHttpResponse(decodeResult: success, version: HTTP/1.1)
HTTP/1.1 200 OK
Content-Type: application/json; charset=utf-8
cache-control: no-cache
content-length: 643968

17:29:42.391 [AsyncHttpClient-1-8] DEBUG org.asynchttpclient.netty.channel.ChannelManager - Adding key: http://localhost:50524 for channel [id: 0x45fcdb89, L:/127.0.0.1:57825 - R:localhost/127.0.0.1:50524]
17:29:42.414 [main] DEBUG net.serenitybdd.core.photography.Darkroom - Send negative for processing for target\site\serenity\f6e97f7953144fe81ef05895e505a711f87fbabefe735fef85ed71e4d12574ad.png
17:29:42.414 [Darkroom Processing Line] DEBUG net.serenitybdd.core.photography.DarkroomProcessingLine - Processing screenshot image in /var/screenshots/screenshot-8196888183880514999
17:29:42.414 [Darkroom Processing Line] DEBUG net.serenitybdd.core.photography.DarkroomProcessingLine - Saving screenshot to target\site\serenity\f6e97f7953144fe81ef05895e505a711f87fbabefe735fef85ed71e4d12574ad.png
17:29:42.428 [Forwarding findElement on session d1881af2a3f4e17bcfe5d38b2bccc9f4 to remote] DEBUG org.asynchttpclient.netty.request.NettyRequestSender - Using pooled Channel '[id: 0x45fcdb89, L:/127.0.0.1:57825 - R:localhost/127.0.0.1:50524]' for 'POST' to 'http://localhost:50524/session/d1881af2a3f4e17bcfe5d38b2bccc9f4/element'
17:29:42.428 [Forwarding findElement on session d1881af2a3f4e17bcfe5d38b2bccc9f4 to remote] DEBUG org.asynchttpclient.netty.request.NettyRequestSender - Using open Channel [id: 0x45fcdb89, L:/127.0.0.1:57825 - R:localhost/127.0.0.1:50524] for POST '/session/d1881af2a3f4e17bcfe5d38b2bccc9f4/element'
17:29:42.437 [AsyncHttpClient-1-8] DEBUG org.asynchttpclient.netty.handler.HttpHandler - 

Request DefaultHttpRequest(decodeResult: success, version: HTTP/1.1)
POST /session/d1881af2a3f4e17bcfe5d38b2bccc9f4/element HTTP/1.1
User-Agent: selenium/4.1.2 (java windows)
Content-Length: 50
Content-Type: application/json; charset=utf-8
host: localhost:50524
accept: */*

Response DefaultHttpResponse(decodeResult: success, version: HTTP/1.1)
HTTP/1.1 200 OK
Content-Type: application/json; charset=utf-8
cache-control: no-cache
content-length: 88

17:29:42.437 [AsyncHttpClient-1-8] DEBUG org.asynchttpclient.netty.channel.ChannelManager - Adding key: http://localhost:50524 for channel [id: 0x45fcdb89, L:/127.0.0.1:57825 - R:localhost/127.0.0.1:50524]
17:29:42.443 [Forwarding isElementDisplayed on session d1881af2a3f4e17bcfe5d38b2bccc9f4 to remote] DEBUG org.asynchttpclient.netty.request.NettyRequestSender - Using pooled Channel '[id: 0x45fcdb89, L:/127.0.0.1:57825 - R:localhost/127.0.0.1:50524]' for 'POST' to 'http://localhost:50524/session/d1881af2a3f4e17bcfe5d38b2bccc9f4/execute/sync'
17:29:42.443 [Forwarding isElementDisplayed on session d1881af2a3f4e17bcfe5d38b2bccc9f4 to remote] DEBUG org.asynchttpclient.netty.request.NettyRequestSender - Using open Channel [id: 0x45fcdb89, L:/127.0.0.1:57825 - R:localhost/127.0.0.1:50524] for POST '/session/d1881af2a3f4e17bcfe5d38b2bccc9f4/execute/sync'
17:29:42.464 [AsyncHttpClient-1-8] DEBUG org.asynchttpclient.netty.handler.HttpHandler - 

Request DefaultHttpRequest(decodeResult: success, version: HTTP/1.1)
POST /session/d1881af2a3f4e17bcfe5d38b2bccc9f4/execute/sync HTTP/1.1
User-Agent: selenium/4.1.2 (java windows)
Content-Length: 48780
Content-Type: application/json; charset=utf-8
host: localhost:50524
accept: */*

Response DefaultHttpResponse(decodeResult: success, version: HTTP/1.1)
HTTP/1.1 200 OK
Content-Type: application/json; charset=utf-8
cache-control: no-cache
content-length: 14

17:29:42.464 [AsyncHttpClient-1-8] DEBUG org.asynchttpclient.netty.channel.ChannelManager - Adding key: http://localhost:50524 for channel [id: 0x45fcdb89, L:/127.0.0.1:57825 - R:localhost/127.0.0.1:50524]
17:29:42.470 [Forwarding findElement on session d1881af2a3f4e17bcfe5d38b2bccc9f4 to remote] DEBUG org.asynchttpclient.netty.request.NettyRequestSender - Using pooled Channel '[id: 0x45fcdb89, L:/127.0.0.1:57825 - R:localhost/127.0.0.1:50524]' for 'POST' to 'http://localhost:50524/session/d1881af2a3f4e17bcfe5d38b2bccc9f4/element'
17:29:42.470 [Forwarding findElement on session d1881af2a3f4e17bcfe5d38b2bccc9f4 to remote] DEBUG org.asynchttpclient.netty.request.NettyRequestSender - Using open Channel [id: 0x45fcdb89, L:/127.0.0.1:57825 - R:localhost/127.0.0.1:50524] for POST '/session/d1881af2a3f4e17bcfe5d38b2bccc9f4/element'
17:29:42.480 [AsyncHttpClient-1-8] DEBUG org.asynchttpclient.netty.handler.HttpHandler - 

Request DefaultHttpRequest(decodeResult: success, version: HTTP/1.1)
POST /session/d1881af2a3f4e17bcfe5d38b2bccc9f4/element HTTP/1.1
User-Agent: selenium/4.1.2 (java windows)
Content-Length: 50
Content-Type: application/json; charset=utf-8
host: localhost:50524
accept: */*

Response DefaultHttpResponse(decodeResult: success, version: HTTP/1.1)
HTTP/1.1 200 OK
Content-Type: application/json; charset=utf-8
cache-control: no-cache
content-length: 88

17:29:42.480 [AsyncHttpClient-1-8] DEBUG org.asynchttpclient.netty.channel.ChannelManager - Adding key: http://localhost:50524 for channel [id: 0x45fcdb89, L:/127.0.0.1:57825 - R:localhost/127.0.0.1:50524]
17:29:42.483 [Forwarding getElementTagName on session d1881af2a3f4e17bcfe5d38b2bccc9f4 to remote] DEBUG org.asynchttpclient.netty.request.NettyRequestSender - Using pooled Channel '[id: 0x45fcdb89, L:/127.0.0.1:57825 - R:localhost/127.0.0.1:50524]' for 'GET' to 'http://localhost:50524/session/d1881af2a3f4e17bcfe5d38b2bccc9f4/element/612e839e-afb6-432f-87da-c9b2e014dbe4/name'
17:29:42.483 [Forwarding getElementTagName on session d1881af2a3f4e17bcfe5d38b2bccc9f4 to remote] DEBUG org.asynchttpclient.netty.request.NettyRequestSender - Using open Channel [id: 0x45fcdb89, L:/127.0.0.1:57825 - R:localhost/127.0.0.1:50524] for GET '/session/d1881af2a3f4e17bcfe5d38b2bccc9f4/element/612e839e-afb6-432f-87da-c9b2e014dbe4/name'
17:29:42.488 [AsyncHttpClient-1-8] DEBUG org.asynchttpclient.netty.handler.HttpHandler - 

Request DefaultFullHttpRequest(decodeResult: success, version: HTTP/1.1, content: EmptyByteBufBE)
GET /session/d1881af2a3f4e17bcfe5d38b2bccc9f4/element/612e839e-afb6-432f-87da-c9b2e014dbe4/name HTTP/1.1
User-Agent: selenium/4.1.2 (java windows)
Cache-Control: no-cache
Content-Type: application/json; charset=utf-8
host: localhost:50524
accept: */*

Response DefaultHttpResponse(decodeResult: success, version: HTTP/1.1)
HTTP/1.1 200 OK
Content-Type: application/json; charset=utf-8
cache-control: no-cache
content-length: 18

17:29:42.488 [AsyncHttpClient-1-8] DEBUG org.asynchttpclient.netty.channel.ChannelManager - Adding key: http://localhost:50524 for channel [id: 0x45fcdb89, L:/127.0.0.1:57825 - R:localhost/127.0.0.1:50524]
17:29:42.490 [Forwarding getElementTagName on session d1881af2a3f4e17bcfe5d38b2bccc9f4 to remote] DEBUG org.asynchttpclient.netty.request.NettyRequestSender - Using pooled Channel '[id: 0x45fcdb89, L:/127.0.0.1:57825 - R:localhost/127.0.0.1:50524]' for 'GET' to 'http://localhost:50524/session/d1881af2a3f4e17bcfe5d38b2bccc9f4/element/612e839e-afb6-432f-87da-c9b2e014dbe4/name'
17:29:42.491 [Forwarding getElementTagName on session d1881af2a3f4e17bcfe5d38b2bccc9f4 to remote] DEBUG org.asynchttpclient.netty.request.NettyRequestSender - Using open Channel [id: 0x45fcdb89, L:/127.0.0.1:57825 - R:localhost/127.0.0.1:50524] for GET '/session/d1881af2a3f4e17bcfe5d38b2bccc9f4/element/612e839e-afb6-432f-87da-c9b2e014dbe4/name'
17:29:42.495 [AsyncHttpClient-1-8] DEBUG org.asynchttpclient.netty.handler.HttpHandler - 

Request DefaultFullHttpRequest(decodeResult: success, version: HTTP/1.1, content: EmptyByteBufBE)
GET /session/d1881af2a3f4e17bcfe5d38b2bccc9f4/element/612e839e-afb6-432f-87da-c9b2e014dbe4/name HTTP/1.1
User-Agent: selenium/4.1.2 (java windows)
Cache-Control: no-cache
Content-Type: application/json; charset=utf-8
host: localhost:50524
accept: */*

Response DefaultHttpResponse(decodeResult: success, version: HTTP/1.1)
HTTP/1.1 200 OK
Content-Type: application/json; charset=utf-8
cache-control: no-cache
content-length: 18

17:29:42.496 [AsyncHttpClient-1-8] DEBUG org.asynchttpclient.netty.channel.ChannelManager - Adding key: http://localhost:50524 for channel [id: 0x45fcdb89, L:/127.0.0.1:57825 - R:localhost/127.0.0.1:50524]
17:29:42.499 [Forwarding isElementEnabled on session d1881af2a3f4e17bcfe5d38b2bccc9f4 to remote] DEBUG org.asynchttpclient.netty.request.NettyRequestSender - Using pooled Channel '[id: 0x45fcdb89, L:/127.0.0.1:57825 - R:localhost/127.0.0.1:50524]' for 'GET' to 'http://localhost:50524/session/d1881af2a3f4e17bcfe5d38b2bccc9f4/element/612e839e-afb6-432f-87da-c9b2e014dbe4/enabled'
17:29:42.499 [Forwarding isElementEnabled on session d1881af2a3f4e17bcfe5d38b2bccc9f4 to remote] DEBUG org.asynchttpclient.netty.request.NettyRequestSender - Using open Channel [id: 0x45fcdb89, L:/127.0.0.1:57825 - R:localhost/127.0.0.1:50524] for GET '/session/d1881af2a3f4e17bcfe5d38b2bccc9f4/element/612e839e-afb6-432f-87da-c9b2e014dbe4/enabled'
17:29:42.508 [AsyncHttpClient-1-8] DEBUG org.asynchttpclient.netty.handler.HttpHandler - 

Request DefaultFullHttpRequest(decodeResult: success, version: HTTP/1.1, content: EmptyByteBufBE)
GET /session/d1881af2a3f4e17bcfe5d38b2bccc9f4/element/612e839e-afb6-432f-87da-c9b2e014dbe4/enabled HTTP/1.1
User-Agent: selenium/4.1.2 (java windows)
Cache-Control: no-cache
Content-Type: application/json; charset=utf-8
host: localhost:50524
accept: */*

Response DefaultHttpResponse(decodeResult: success, version: HTTP/1.1)
HTTP/1.1 200 OK
Content-Type: application/json; charset=utf-8
cache-control: no-cache
content-length: 14

17:29:42.508 [AsyncHttpClient-1-8] DEBUG org.asynchttpclient.netty.channel.ChannelManager - Adding key: http://localhost:50524 for channel [id: 0x45fcdb89, L:/127.0.0.1:57825 - R:localhost/127.0.0.1:50524]
17:29:42.510 [Forwarding isElementEnabled on session d1881af2a3f4e17bcfe5d38b2bccc9f4 to remote] DEBUG org.asynchttpclient.netty.request.NettyRequestSender - Using pooled Channel '[id: 0x45fcdb89, L:/127.0.0.1:57825 - R:localhost/127.0.0.1:50524]' for 'GET' to 'http://localhost:50524/session/d1881af2a3f4e17bcfe5d38b2bccc9f4/element/612e839e-afb6-432f-87da-c9b2e014dbe4/enabled'
17:29:42.510 [Forwarding isElementEnabled on session d1881af2a3f4e17bcfe5d38b2bccc9f4 to remote] DEBUG org.asynchttpclient.netty.request.NettyRequestSender - Using open Channel [id: 0x45fcdb89, L:/127.0.0.1:57825 - R:localhost/127.0.0.1:50524] for GET '/session/d1881af2a3f4e17bcfe5d38b2bccc9f4/element/612e839e-afb6-432f-87da-c9b2e014dbe4/enabled'
17:29:42.516 [AsyncHttpClient-1-8] DEBUG org.asynchttpclient.netty.handler.HttpHandler - 

Request DefaultFullHttpRequest(decodeResult: success, version: HTTP/1.1, content: EmptyByteBufBE)
GET /session/d1881af2a3f4e17bcfe5d38b2bccc9f4/element/612e839e-afb6-432f-87da-c9b2e014dbe4/enabled HTTP/1.1
User-Agent: selenium/4.1.2 (java windows)
Cache-Control: no-cache
Content-Type: application/json; charset=utf-8
host: localhost:50524
accept: */*

Response DefaultHttpResponse(decodeResult: success, version: HTTP/1.1)
HTTP/1.1 200 OK
Content-Type: application/json; charset=utf-8
cache-control: no-cache
content-length: 14

17:29:42.516 [AsyncHttpClient-1-8] DEBUG org.asynchttpclient.netty.channel.ChannelManager - Adding key: http://localhost:50524 for channel [id: 0x45fcdb89, L:/127.0.0.1:57825 - R:localhost/127.0.0.1:50524]
17:29:42.518 [Forwarding findElement on session d1881af2a3f4e17bcfe5d38b2bccc9f4 to remote] DEBUG org.asynchttpclient.netty.request.NettyRequestSender - Using pooled Channel '[id: 0x45fcdb89, L:/127.0.0.1:57825 - R:localhost/127.0.0.1:50524]' for 'POST' to 'http://localhost:50524/session/d1881af2a3f4e17bcfe5d38b2bccc9f4/element'
17:29:42.518 [Forwarding findElement on session d1881af2a3f4e17bcfe5d38b2bccc9f4 to remote] DEBUG org.asynchttpclient.netty.request.NettyRequestSender - Using open Channel [id: 0x45fcdb89, L:/127.0.0.1:57825 - R:localhost/127.0.0.1:50524] for POST '/session/d1881af2a3f4e17bcfe5d38b2bccc9f4/element'
17:29:42.526 [AsyncHttpClient-1-8] DEBUG org.asynchttpclient.netty.handler.HttpHandler - 

Request DefaultHttpRequest(decodeResult: success, version: HTTP/1.1)
POST /session/d1881af2a3f4e17bcfe5d38b2bccc9f4/element HTTP/1.1
User-Agent: selenium/4.1.2 (java windows)
Content-Length: 50
Content-Type: application/json; charset=utf-8
host: localhost:50524
accept: */*

Response DefaultHttpResponse(decodeResult: success, version: HTTP/1.1)
HTTP/1.1 200 OK
Content-Type: application/json; charset=utf-8
cache-control: no-cache
content-length: 88

17:29:42.526 [AsyncHttpClient-1-8] DEBUG org.asynchttpclient.netty.channel.ChannelManager - Adding key: http://localhost:50524 for channel [id: 0x45fcdb89, L:/127.0.0.1:57825 - R:localhost/127.0.0.1:50524]
17:29:42.527 [Forwarding clickElement on session d1881af2a3f4e17bcfe5d38b2bccc9f4 to remote] DEBUG org.asynchttpclient.netty.request.NettyRequestSender - Using pooled Channel '[id: 0x45fcdb89, L:/127.0.0.1:57825 - R:localhost/127.0.0.1:50524]' for 'POST' to 'http://localhost:50524/session/d1881af2a3f4e17bcfe5d38b2bccc9f4/element/612e839e-afb6-432f-87da-c9b2e014dbe4/click'
17:29:42.527 [Forwarding clickElement on session d1881af2a3f4e17bcfe5d38b2bccc9f4 to remote] DEBUG org.asynchttpclient.netty.request.NettyRequestSender - Using open Channel [id: 0x45fcdb89, L:/127.0.0.1:57825 - R:localhost/127.0.0.1:50524] for POST '/session/d1881af2a3f4e17bcfe5d38b2bccc9f4/element/612e839e-afb6-432f-87da-c9b2e014dbe4/click'
17:29:42.570 [AsyncHttpClient-1-8] DEBUG org.asynchttpclient.netty.handler.HttpHandler - 

Request DefaultHttpRequest(decodeResult: success, version: HTTP/1.1)
POST /session/d1881af2a3f4e17bcfe5d38b2bccc9f4/element/612e839e-afb6-432f-87da-c9b2e014dbe4/click HTTP/1.1
User-Agent: selenium/4.1.2 (java windows)
Content-Length: 50
Content-Type: application/json; charset=utf-8
host: localhost:50524
accept: */*

Response DefaultHttpResponse(decodeResult: success, version: HTTP/1.1)
HTTP/1.1 200 OK
Content-Type: application/json; charset=utf-8
cache-control: no-cache
content-length: 14

17:29:42.570 [AsyncHttpClient-1-8] DEBUG org.asynchttpclient.netty.channel.ChannelManager - Adding key: http://localhost:50524 for channel [id: 0x45fcdb89, L:/127.0.0.1:57825 - R:localhost/127.0.0.1:50524]
  &amp#27;[32mAnd &amp#27;[0m&amp#27;[32mI click login button&amp#27;[0m                               &amp#27;[90m# starter.stepdefinitions.LoginStep.iClickLoginButton()&amp#27;[0m
17:29:42.581 [Forwarding screenshot on session d1881af2a3f4e17bcfe5d38b2bccc9f4 to remote] DEBUG org.asynchttpclient.netty.request.NettyRequestSender - Using pooled Channel '[id: 0x45fcdb89, L:/127.0.0.1:57825 - R:localhost/127.0.0.1:50524]' for 'GET' to 'http://localhost:50524/session/d1881af2a3f4e17bcfe5d38b2bccc9f4/screenshot'
17:29:42.581 [Forwarding screenshot on session d1881af2a3f4e17bcfe5d38b2bccc9f4 to remote] DEBUG org.asynchttpclient.netty.request.NettyRequestSender - Using open Channel [id: 0x45fcdb89, L:/127.0.0.1:57825 - R:localhost/127.0.0.1:50524] for GET '/session/d1881af2a3f4e17bcfe5d38b2bccc9f4/screenshot'
17:29:42.915 [AsyncHttpClient-1-8] DEBUG org.asynchttpclient.netty.handler.HttpHandler - 

Request DefaultFullHttpRequest(decodeResult: success, version: HTTP/1.1, content: EmptyByteBufBE)
GET /session/d1881af2a3f4e17bcfe5d38b2bccc9f4/screenshot HTTP/1.1
User-Agent: selenium/4.1.2 (java windows)
Cache-Control: no-cache
Content-Type: application/json; charset=utf-8
host: localhost:50524
accept: */*

Response DefaultHttpResponse(decodeResult: success, version: HTTP/1.1)
HTTP/1.1 200 OK
Content-Type: application/json; charset=utf-8
cache-control: no-cache
content-length: 613096

17:29:42.919 [AsyncHttpClient-1-8] DEBUG org.asynchttpclient.netty.channel.ChannelManager - Adding key: http://localhost:50524 for channel [id: 0x45fcdb89, L:/127.0.0.1:57825 - R:localhost/127.0.0.1:50524]
17:29:42.940 [main] DEBUG net.serenitybdd.core.photography.Darkroom - Send negative for processing for target\site\serenity\83dd1ea4557ada8efd4fcd9897ba4313a89bb220aa5d8540ec1d3e61f26730b8.png
17:29:42.941 [Darkroom Processing Line] DEBUG net.serenitybdd.core.photography.DarkroomProcessingLine - Processing screenshot image in /var/screenshots/screenshot-13355820679938691612
17:29:42.941 [Darkroom Processing Line] DEBUG net.serenitybdd.core.photography.DarkroomProcessingLine - Saving screenshot to target\site\serenity\83dd1ea4557ada8efd4fcd9897ba4313a89bb220aa5d8540ec1d3e61f26730b8.png
17:29:42.961 [Forwarding findElement on session d1881af2a3f4e17bcfe5d38b2bccc9f4 to remote] DEBUG org.asynchttpclient.netty.request.NettyRequestSender - Using pooled Channel '[id: 0x45fcdb89, L:/127.0.0.1:57825 - R:localhost/127.0.0.1:50524]' for 'POST' to 'http://localhost:50524/session/d1881af2a3f4e17bcfe5d38b2bccc9f4/element'
17:29:42.961 [Forwarding findElement on session d1881af2a3f4e17bcfe5d38b2bccc9f4 to remote] DEBUG org.asynchttpclient.netty.request.NettyRequestSender - Using open Channel [id: 0x45fcdb89, L:/127.0.0.1:57825 - R:localhost/127.0.0.1:50524] for POST '/session/d1881af2a3f4e17bcfe5d38b2bccc9f4/element'
17:29:42.979 [AsyncHttpClient-1-8] DEBUG org.asynchttpclient.netty.handler.HttpHandler - 

Request DefaultHttpRequest(decodeResult: success, version: HTTP/1.1)
POST /session/d1881af2a3f4e17bcfe5d38b2bccc9f4/element HTTP/1.1
User-Agent: selenium/4.1.2 (java windows)
Content-Length: 49
Content-Type: application/json; charset=utf-8
host: localhost:50524
accept: */*

Response DefaultHttpResponse(decodeResult: success, version: HTTP/1.1)
HTTP/1.1 200 OK
Content-Type: application/json; charset=utf-8
cache-control: no-cache
content-length: 88

17:29:42.979 [AsyncHttpClient-1-8] DEBUG org.asynchttpclient.netty.channel.ChannelManager - Adding key: http://localhost:50524 for channel [id: 0x45fcdb89, L:/127.0.0.1:57825 - R:localhost/127.0.0.1:50524]
17:29:42.984 [Forwarding isElementDisplayed on session d1881af2a3f4e17bcfe5d38b2bccc9f4 to remote] DEBUG org.asynchttpclient.netty.request.NettyRequestSender - Using pooled Channel '[id: 0x45fcdb89, L:/127.0.0.1:57825 - R:localhost/127.0.0.1:50524]' for 'POST' to 'http://localhost:50524/session/d1881af2a3f4e17bcfe5d38b2bccc9f4/execute/sync'
17:29:42.984 [Forwarding isElementDisplayed on session d1881af2a3f4e17bcfe5d38b2bccc9f4 to remote] DEBUG org.asynchttpclient.netty.request.NettyRequestSender - Using open Channel [id: 0x45fcdb89, L:/127.0.0.1:57825 - R:localhost/127.0.0.1:50524] for POST '/session/d1881af2a3f4e17bcfe5d38b2bccc9f4/execute/sync'
17:29:43.000 [AsyncHttpClient-1-8] DEBUG org.asynchttpclient.netty.handler.HttpHandler - 

Request DefaultHttpRequest(decodeResult: success, version: HTTP/1.1)
POST /session/d1881af2a3f4e17bcfe5d38b2bccc9f4/execute/sync HTTP/1.1
User-Agent: selenium/4.1.2 (java windows)
Content-Length: 48780
Content-Type: application/json; charset=utf-8
host: localhost:50524
accept: */*

Response DefaultHttpResponse(decodeResult: success, version: HTTP/1.1)
HTTP/1.1 200 OK
Content-Type: application/json; charset=utf-8
cache-control: no-cache
content-length: 14

17:29:43.000 [AsyncHttpClient-1-8] DEBUG org.asynchttpclient.netty.channel.ChannelManager - Adding key: http://localhost:50524 for channel [id: 0x45fcdb89, L:/127.0.0.1:57825 - R:localhost/127.0.0.1:50524]
  &amp#27;[32mThen &amp#27;[0m&amp#27;[32mI will get error message&amp#27;[0m                          &amp#27;[90m# starter.stepdefinitions.LoginStep.iWillGetErrorMessage()&amp#27;[0m
17:29:43.006 [Forwarding screenshot on session d1881af2a3f4e17bcfe5d38b2bccc9f4 to remote] DEBUG org.asynchttpclient.netty.request.NettyRequestSender - Using pooled Channel '[id: 0x45fcdb89, L:/127.0.0.1:57825 - R:localhost/127.0.0.1:50524]' for 'GET' to 'http://localhost:50524/session/d1881af2a3f4e17bcfe5d38b2bccc9f4/screenshot'
17:29:43.007 [Forwarding screenshot on session d1881af2a3f4e17bcfe5d38b2bccc9f4 to remote] DEBUG org.asynchttpclient.netty.request.NettyRequestSender - Using open Channel [id: 0x45fcdb89, L:/127.0.0.1:57825 - R:localhost/127.0.0.1:50524] for GET '/session/d1881af2a3f4e17bcfe5d38b2bccc9f4/screenshot'
17:29:43.138 [AsyncHttpClient-1-1] DEBUG org.asynchttpclient.netty.channel.DefaultChannelPool - Entry count for : http://localhost:57826 : 1
17:29:43.303 [AsyncHttpClient-1-8] DEBUG org.asynchttpclient.netty.handler.HttpHandler - 

Request DefaultFullHttpRequest(decodeResult: success, version: HTTP/1.1, content: EmptyByteBufBE)
GET /session/d1881af2a3f4e17bcfe5d38b2bccc9f4/screenshot HTTP/1.1
User-Agent: selenium/4.1.2 (java windows)
Cache-Control: no-cache
Content-Type: application/json; charset=utf-8
host: localhost:50524
accept: */*

Response DefaultHttpResponse(decodeResult: success, version: HTTP/1.1)
HTTP/1.1 200 OK
Content-Type: application/json; charset=utf-8
cache-control: no-cache
content-length: 648928

17:29:43.305 [AsyncHttpClient-1-8] DEBUG org.asynchttpclient.netty.channel.ChannelManager - Adding key: http://localhost:50524 for channel [id: 0x45fcdb89, L:/127.0.0.1:57825 - R:localhost/127.0.0.1:50524]
17:29:43.322 [main] DEBUG net.serenitybdd.core.photography.Darkroom - Send negative for processing for target\site\serenity\966d095a2262fbb7465448119c9f1386769151628441cfdce618e7d35b4f59a5.png
17:29:43.322 [Darkroom Processing Line] DEBUG net.serenitybdd.core.photography.DarkroomProcessingLine - Processing screenshot image in /var/screenshots/screenshot-8498105523248681808
17:29:43.322 [Darkroom Processing Line] DEBUG net.serenitybdd.core.photography.DarkroomProcessingLine - Saving screenshot to target\site\serenity\966d095a2262fbb7465448119c9f1386769151628441cfdce618e7d35b4f59a5.png
17:29:43.324 [main] INFO  - 
  _____   ___   ___   _____     ___     _     ___   ___   ___   ___  
 |_   _| | __| / __| |_   _|   | _ \   /_\   / __| / __| | __| |   \ 
   | |   | _|  \__ \   | |     |  _/  / _ \  \__ \ \__ \ | _|  | |) |
   |_|   |___| |___/   |_|     |_|   /_/ \_\ |___/ |___/ |___| |___/ 

Login with invalid username and valid password
----------------------------------------------------------------------
17:29:43.326 [AsyncHttpClient-1-10] DEBUG org.asynchttpclient.netty.handler.WebSocketHandler - Channel Closed: [id: 0xd15b2746, L:/127.0.0.1:57833 ! R:localhost/127.0.0.1:57826] with attribute NettyResponseFuture{currentRetry=5,
	isDone=1,
	isCancelled=0,
	asyncHandler=org.asynchttpclient.ws.WebSocketUpgradeHandler@56176d40,
	nettyRequest=org.asynchttpclient.netty.request.NettyRequest@1315f9e6,
	future=java.util.concurrent.CompletableFuture@37efb332[Completed normally],
	uri=ws://localhost:57826/devtools/browser/dc7868c5-501b-4b51-9a7d-aff1850b50f5,
	keepAlive=true,
	redirectCount=0,
	timeoutsHolder=null,
	inAuth=0,
	touch=1664965774495}
17:29:43.326 [AsyncHttpClient-1-10] DEBUG org.asynchttpclient.netty.channel.ChannelManager - Closing Channel [id: 0xd15b2746, L:/127.0.0.1:57833 ! R:localhost/127.0.0.1:57826] 
17:29:43.326 [Driver Command Executor] DEBUG org.asynchttpclient.netty.request.NettyRequestSender - Using pooled Channel '[id: 0x45fcdb89, L:/127.0.0.1:57825 - R:localhost/127.0.0.1:50524]' for 'DELETE' to 'http://localhost:50524/session/d1881af2a3f4e17bcfe5d38b2bccc9f4'
17:29:43.326 [Driver Command Executor] DEBUG org.asynchttpclient.netty.request.NettyRequestSender - Using open Channel [id: 0x45fcdb89, L:/127.0.0.1:57825 - R:localhost/127.0.0.1:50524] for DELETE '/session/d1881af2a3f4e17bcfe5d38b2bccc9f4'
17:29:43.353 [AsyncHttpClient-1-9] DEBUG org.asynchttpclient.netty.handler.HttpHandler - Unexpected I/O exception on channel [id: 0xd2e8bb7e, L:/127.0.0.1:57832 - R:localhost/127.0.0.1:57826]
java.net.SocketException: Connection reset
	at java.base/sun.nio.ch.SocketChannelImpl.throwConnectionReset(SocketChannelImpl.java:345)
	at java.base/sun.nio.ch.SocketChannelImpl.read(SocketChannelImpl.java:376)
	at io.netty.buffer.PooledByteBuf.setBytes(PooledByteBuf.java:258)
	at io.netty.buffer.AbstractByteBuf.writeBytes(AbstractByteBuf.java:1132)
	at io.netty.channel.socket.nio.NioSocketChannel.doReadBytes(NioSocketChannel.java:350)
	at io.netty.channel.nio.AbstractNioByteChannel$NioByteUnsafe.read(AbstractNioByteChannel.java:151)
	at io.netty.channel.nio.NioEventLoop.processSelectedKey(NioEventLoop.java:722)
	at io.netty.channel.nio.NioEventLoop.processSelectedKeysOptimized(NioEventLoop.java:658)
	at io.netty.channel.nio.NioEventLoop.processSelectedKeys(NioEventLoop.java:584)
	at io.netty.channel.nio.NioEventLoop.run(NioEventLoop.java:496)
	at io.netty.util.concurrent.SingleThreadEventExecutor$4.run(SingleThreadEventExecutor.java:986)
	at io.netty.util.internal.ThreadExecutorMap$2.run(ThreadExecutorMap.java:74)
	at io.netty.util.concurrent.FastThreadLocalRunnable.run(FastThreadLocalRunnable.java:30)
	at java.base/java.lang.Thread.run(Thread.java:830)
17:29:43.354 [AsyncHttpClient-1-9] DEBUG org.asynchttpclient.netty.channel.ChannelManager - Closing Channel [id: 0xd2e8bb7e, L:/127.0.0.1:57832 - R:localhost/127.0.0.1:57826] 
17:29:43.354 [AsyncHttpClient-1-9] DEBUG org.asynchttpclient.netty.handler.HttpHandler - Channel Closed: [id: 0xd2e8bb7e, L:/127.0.0.1:57832 ! R:localhost/127.0.0.1:57826] with attribute DISCARD
17:29:43.376 [AsyncHttpClient-1-8] DEBUG org.asynchttpclient.netty.handler.HttpHandler - 

Request DefaultFullHttpRequest(decodeResult: success, version: HTTP/1.1, content: EmptyByteBufBE)
DELETE /session/d1881af2a3f4e17bcfe5d38b2bccc9f4 HTTP/1.1
User-Agent: selenium/4.1.2 (java windows)
Content-Type: application/json; charset=utf-8
host: localhost:50524
accept: */*

Response DefaultHttpResponse(decodeResult: success, version: HTTP/1.1)
HTTP/1.1 200 OK
Content-Type: application/json; charset=utf-8
cache-control: no-cache
content-length: 14

17:29:43.377 [AsyncHttpClient-1-8] DEBUG org.asynchttpclient.netty.channel.ChannelManager - Adding key: http://localhost:50524 for channel [id: 0x45fcdb89, L:/127.0.0.1:57825 - R:localhost/127.0.0.1:50524]
17:29:43.440 [AsyncHttpClient-1-8] DEBUG org.asynchttpclient.netty.handler.HttpHandler - Channel Closed: [id: 0x45fcdb89, L:/127.0.0.1:57825 ! R:localhost/127.0.0.1:50524] with attribute DISCARD
]]></system-out>
    <system-err><![CDATA[Starting ChromeDriver 106.0.5249.61 (511755355844955cd3e264779baf0dd38212a4d0-refs/branch-heads/5249@{#569}) on port 50524
Only local connections are allowed.
Please see https://chromedriver.chromium.org/security-considerations for suggestions on keeping ChromeDriver safe.
ChromeDriver was started successfully.
Oct 05, 2022 5:29:34 PM org.openqa.selenium.remote.ProtocolHandshake createSession
INFO: Detected dialect: W3C
Oct 05, 2022 5:29:34 PM org.openqa.selenium.devtools.CdpVersionFinder findNearestMatch
WARNING: Unable to find an exact match for CDP version 106, so returning the closest version found: a no-op implementation
Oct 05, 2022 5:29:34 PM org.openqa.selenium.devtools.CdpVersionFinder findNearestMatch
INFO: Unable to find CDP implementation matching 106.
Oct 05, 2022 5:29:34 PM org.openqa.selenium.chromium.ChromiumDriver lambda$new$3
WARNING: Unable to find version of CDP to use for . You may need to include a dependency on a specific version of the CDP using something similar to `org.seleniumhq.selenium:selenium-devtools-v86:4.1.2` where the version ("v86") matches the version of the chromium-based browser you're using and the version number of the artifact is the same as Selenium's.
]]></system-err>
  </testcase>
  <testcase name="Login with valid username and invalid password" classname="Login" time="10.748">
    <system-out><![CDATA[
Scenario: Login with valid username and invalid password &amp#27;[90m# src/test/resources/features/Login.feature:25&amp#27;[0m
17:29:43.991 [main] INFO io.cucumber.core.plugin.SerenityReporter - Running feature from file:///C:/Users/ASUS/Desktop/stupen/repo/21_Review%20Web%20UI%20Testing%20with%20Serenity/Praktikum/qaBooks/src/test/resources/features/Login.feature
17:29:43.993 [main] INFO  - 
  _____   ___   ___   _____     ___   _____     _     ___   _____   ___   ___  
 |_   _| | __| / __| |_   _|   / __| |_   _|   /_\   | _ \ |_   _| | __| |   \ 
   | |   | _|  \__ \   | |     \__ \   | |    / _ \  |   /   | |   | _|  | |) |
   |_|   |___| |___/   |_|     |___/   |_|   /_/ \_\ |_|_\   |_|   |___| |___/ 

Login with valid username and invalid password(login;login-with-valid-username-and-invalid-password)
--------------------------------------------------------------------------------
17:29:44.011 [main] INFO net.serenitybdd.core.webdriver.driverproviders.ChromeDriverProvider - Using automatically driver download
17:29:44.166 [main] DEBUG io.github.bonigarcia.wdm.cache.ResolutionCache - Resolution chrome=106 in cache (valid until 17:53:10 05/10/2022 WIB)
17:29:44.172 [main] DEBUG io.github.bonigarcia.wdm.cache.ResolutionCache - Resolution chrome106=106.0.5249.61 in cache (valid until 14:14:44 06/10/2022 WIB)
17:29:44.177 [main] INFO io.github.bonigarcia.wdm.WebDriverManager - Using chromedriver 106.0.5249.61 (resolved driver for Chrome 106)
17:29:44.201 [main] DEBUG io.github.bonigarcia.wdm.WebDriverManager - Driver chromedriver 106.0.5249.61 found in cache
17:29:44.203 [main] INFO io.github.bonigarcia.wdm.WebDriverManager - Exporting webdriver.chrome.driver as C:\Users\ASUS\.cache\selenium\chromedriver\win32\106.0.5249.61\chromedriver.exe
17:29:44.238 [AsyncHttpClient-1-1] DEBUG org.asynchttpclient.netty.channel.DefaultChannelPool - Entry count for : http://localhost:57826 : 1
17:29:44.238 [AsyncHttpClient-1-1] DEBUG org.asynchttpclient.netty.channel.DefaultChannelPool - Entry count for : http://localhost:50524 : 1
17:29:44.238 [AsyncHttpClient-1-1] DEBUG org.asynchttpclient.netty.channel.DefaultChannelPool - Adding Candidate expired Channel [id: 0xd2e8bb7e, L:/127.0.0.1:57832 ! R:localhost/127.0.0.1:57826] isIdleTimeoutExpired=false isRemotelyClosed=true isTtlExpired=false
17:29:44.238 [AsyncHttpClient-1-1] DEBUG org.asynchttpclient.netty.channel.DefaultChannelPool - Closing Idle Channel [id: 0xd2e8bb7e, L:/127.0.0.1:57832 ! R:localhost/127.0.0.1:57826]
17:29:44.238 [AsyncHttpClient-1-1] DEBUG org.asynchttpclient.netty.channel.DefaultChannelPool - Adding Candidate expired Channel [id: 0x45fcdb89, L:/127.0.0.1:57825 ! R:localhost/127.0.0.1:50524] isIdleTimeoutExpired=false isRemotelyClosed=true isTtlExpired=false
17:29:44.238 [AsyncHttpClient-1-1] DEBUG org.asynchttpclient.netty.channel.DefaultChannelPool - Closing Idle Channel [id: 0x45fcdb89, L:/127.0.0.1:57825 ! R:localhost/127.0.0.1:50524]
17:29:44.238 [AsyncHttpClient-1-1] DEBUG org.asynchttpclient.netty.channel.DefaultChannelPool - Closed 2 connections out of 2 in 0 ms
17:29:44.394 [main] DEBUG net.serenitybdd.core.webdriver.driverproviders.ProvideNewDriver - Instantiating driver
17:29:44.394 [main] DEBUG net.serenitybdd.core.webdriver.driverproviders.ProvideNewDriver - Driver capabilities: Capabilities {acceptInsecureCerts: false, base.url: https://demoqa.com/books, browserName: chrome, chrome.driver: src/test/resources/webdrive..., driver: chrome, goog:chromeOptions: {args: [], extensions: []}}
17:29:44.955 [AsyncHttpClient-1-11] DEBUG org.asynchttpclient.netty.channel.NettyConnectListener - Using new Channel '[id: 0xacac6993, L:/127.0.0.1:57895 - R:localhost/127.0.0.1:56872]' for 'POST' to '/session'
17:29:45.787 [AsyncHttpClient-1-11] DEBUG org.asynchttpclient.netty.handler.HttpHandler - 

Request DefaultHttpRequest(decodeResult: success, version: HTTP/1.1)
POST /session HTTP/1.1
User-Agent: selenium/4.1.2 (java windows)
Content-Length: 610
Content-Type: application/json; charset=utf-8
host: localhost:56872
accept: */*

Response DefaultHttpResponse(decodeResult: success, version: HTTP/1.1)
HTTP/1.1 200 OK
Content-Type: application/json; charset=utf-8
cache-control: no-cache
content-length: 789

17:29:45.788 [AsyncHttpClient-1-11] DEBUG org.asynchttpclient.netty.channel.ChannelManager - Adding key: http://localhost:56872 for channel [id: 0xacac6993, L:/127.0.0.1:57895 - R:localhost/127.0.0.1:56872]
17:29:45.800 [AsyncHttpClient-1-12] DEBUG org.asynchttpclient.netty.channel.NettyConnectListener - Using new Channel '[id: 0x6a34de13, L:/127.0.0.1:57903 - R:localhost/127.0.0.1:57896]' for 'GET' to '/json/version'
17:29:45.807 [AsyncHttpClient-1-12] DEBUG org.asynchttpclient.netty.handler.HttpHandler - 

Request DefaultFullHttpRequest(decodeResult: success, version: HTTP/1.1, content: EmptyByteBufBE)
GET /json/version HTTP/1.1
User-Agent: selenium/4.1.2 (java windows)
host: localhost:57896
accept: */*

Response DefaultHttpResponse(decodeResult: success, version: HTTP/1.1)
HTTP/1.1 200 OK
Content-Type: application/json; charset=UTF-8
content-length: 423

17:29:45.807 [AsyncHttpClient-1-12] DEBUG org.asynchttpclient.netty.channel.ChannelManager - Adding key: http://localhost:57896 for channel [id: 0x6a34de13, L:/127.0.0.1:57903 - R:localhost/127.0.0.1:57896]
17:29:45.811 [AsyncHttpClient-1-13] DEBUG org.asynchttpclient.netty.channel.NettyConnectListener - Using new Channel '[id: 0x6eabdb0d, L:/127.0.0.1:57904 - R:localhost/127.0.0.1:57896]' for 'GET' to '/devtools/browser/17c2feb7-7d45-4fc0-ba21-1795b3a0f101'
17:29:45.817 [AsyncHttpClient-1-13] DEBUG org.asynchttpclient.netty.handler.WebSocketHandler - 

Request DefaultFullHttpRequest(decodeResult: success, version: HTTP/1.1, content: EmptyByteBufBE)
GET /devtools/browser/17c2feb7-7d45-4fc0-ba21-1795b3a0f101 HTTP/1.1
upgrade: websocket
connection: upgrade
sec-websocket-key: GRJL2annqja+QJTKYS5UfA==
sec-websocket-version: 13
origin: http://localhost:57896
host: localhost:57896
accept: */*
user-agent: AHC/2.1

Response DefaultHttpResponse(decodeResult: success, version: HTTP/1.1)
HTTP/1.1 101 WebSocket Protocol Handshake
Upgrade: WebSocket
Connection: Upgrade
Sec-WebSocket-Accept: rN+lWerT//S6VYXN8bZEVmeQiJU=

17:29:45.826 [Forwarding get on session d38e2200f9a8fa58db26d8aa86475878 to remote] DEBUG org.asynchttpclient.netty.request.NettyRequestSender - Using pooled Channel '[id: 0xacac6993, L:/127.0.0.1:57895 - R:localhost/127.0.0.1:56872]' for 'POST' to 'http://localhost:56872/session/d38e2200f9a8fa58db26d8aa86475878/url'
17:29:45.826 [Forwarding get on session d38e2200f9a8fa58db26d8aa86475878 to remote] DEBUG org.asynchttpclient.netty.request.NettyRequestSender - Using open Channel [id: 0xacac6993, L:/127.0.0.1:57895 - R:localhost/127.0.0.1:56872] for POST '/session/d38e2200f9a8fa58db26d8aa86475878/url'
17:29:46.443 [AsyncHttpClient-1-1] DEBUG org.asynchttpclient.netty.channel.DefaultChannelPool - Entry count for : http://localhost:57896 : 1
17:29:47.540 [AsyncHttpClient-1-1] DEBUG org.asynchttpclient.netty.channel.DefaultChannelPool - Entry count for : http://localhost:57896 : 1
17:29:48.637 [AsyncHttpClient-1-1] DEBUG org.asynchttpclient.netty.channel.DefaultChannelPool - Entry count for : http://localhost:57896 : 1
17:29:49.742 [AsyncHttpClient-1-1] DEBUG org.asynchttpclient.netty.channel.DefaultChannelPool - Entry count for : http://localhost:57896 : 1
17:29:50.844 [AsyncHttpClient-1-1] DEBUG org.asynchttpclient.netty.channel.DefaultChannelPool - Entry count for : http://localhost:57896 : 1
17:29:51.785 [AsyncHttpClient-1-11] DEBUG org.asynchttpclient.netty.handler.HttpHandler - 

Request DefaultHttpRequest(decodeResult: success, version: HTTP/1.1)
POST /session/d38e2200f9a8fa58db26d8aa86475878/url HTTP/1.1
User-Agent: selenium/4.1.2 (java windows)
Content-Length: 60
Content-Type: application/json; charset=utf-8
host: localhost:56872
accept: */*

Response DefaultHttpResponse(decodeResult: success, version: HTTP/1.1)
HTTP/1.1 200 OK
Content-Type: application/json; charset=utf-8
cache-control: no-cache
content-length: 14

17:29:51.785 [AsyncHttpClient-1-11] DEBUG org.asynchttpclient.netty.channel.ChannelManager - Adding key: http://localhost:56872 for channel [id: 0xacac6993, L:/127.0.0.1:57895 - R:localhost/127.0.0.1:56872]
17:29:51.786 [Forwarding setTimeout on session d38e2200f9a8fa58db26d8aa86475878 to remote] DEBUG org.asynchttpclient.netty.request.NettyRequestSender - Using pooled Channel '[id: 0xacac6993, L:/127.0.0.1:57895 - R:localhost/127.0.0.1:56872]' for 'POST' to 'http://localhost:56872/session/d38e2200f9a8fa58db26d8aa86475878/timeouts'
17:29:51.786 [Forwarding setTimeout on session d38e2200f9a8fa58db26d8aa86475878 to remote] DEBUG org.asynchttpclient.netty.request.NettyRequestSender - Using open Channel [id: 0xacac6993, L:/127.0.0.1:57895 - R:localhost/127.0.0.1:56872] for POST '/session/d38e2200f9a8fa58db26d8aa86475878/timeouts'
17:29:51.787 [AsyncHttpClient-1-11] DEBUG org.asynchttpclient.netty.handler.HttpHandler - 

Request DefaultHttpRequest(decodeResult: success, version: HTTP/1.1)
POST /session/d38e2200f9a8fa58db26d8aa86475878/timeouts HTTP/1.1
User-Agent: selenium/4.1.2 (java windows)
Content-Length: 22
Content-Type: application/json; charset=utf-8
host: localhost:56872
accept: */*

Response DefaultHttpResponse(decodeResult: success, version: HTTP/1.1)
HTTP/1.1 200 OK
Content-Type: application/json; charset=utf-8
cache-control: no-cache
content-length: 14

17:29:51.787 [AsyncHttpClient-1-11] DEBUG org.asynchttpclient.netty.channel.ChannelManager - Adding key: http://localhost:56872 for channel [id: 0xacac6993, L:/127.0.0.1:57895 - R:localhost/127.0.0.1:56872]
17:29:51.790 [Forwarding getCurrentUrl on session d38e2200f9a8fa58db26d8aa86475878 to remote] DEBUG org.asynchttpclient.netty.request.NettyRequestSender - Using pooled Channel '[id: 0xacac6993, L:/127.0.0.1:57895 - R:localhost/127.0.0.1:56872]' for 'GET' to 'http://localhost:56872/session/d38e2200f9a8fa58db26d8aa86475878/url'
17:29:51.790 [Forwarding getCurrentUrl on session d38e2200f9a8fa58db26d8aa86475878 to remote] DEBUG org.asynchttpclient.netty.request.NettyRequestSender - Using open Channel [id: 0xacac6993, L:/127.0.0.1:57895 - R:localhost/127.0.0.1:56872] for GET '/session/d38e2200f9a8fa58db26d8aa86475878/url'
17:29:51.798 [AsyncHttpClient-1-11] DEBUG org.asynchttpclient.netty.handler.HttpHandler - 

Request DefaultFullHttpRequest(decodeResult: success, version: HTTP/1.1, content: EmptyByteBufBE)
GET /session/d38e2200f9a8fa58db26d8aa86475878/url HTTP/1.1
User-Agent: selenium/4.1.2 (java windows)
Cache-Control: no-cache
Content-Type: application/json; charset=utf-8
host: localhost:56872
accept: */*

Response DefaultHttpResponse(decodeResult: success, version: HTTP/1.1)
HTTP/1.1 200 OK
Content-Type: application/json; charset=utf-8
cache-control: no-cache
content-length: 37

17:29:51.798 [AsyncHttpClient-1-11] DEBUG org.asynchttpclient.netty.channel.ChannelManager - Adding key: http://localhost:56872 for channel [id: 0xacac6993, L:/127.0.0.1:57895 - R:localhost/127.0.0.1:56872]
17:29:51.802 [Forwarding findElement on session d38e2200f9a8fa58db26d8aa86475878 to remote] DEBUG org.asynchttpclient.netty.request.NettyRequestSender - Using pooled Channel '[id: 0xacac6993, L:/127.0.0.1:57895 - R:localhost/127.0.0.1:56872]' for 'POST' to 'http://localhost:56872/session/d38e2200f9a8fa58db26d8aa86475878/element'
17:29:51.802 [Forwarding findElement on session d38e2200f9a8fa58db26d8aa86475878 to remote] DEBUG org.asynchttpclient.netty.request.NettyRequestSender - Using open Channel [id: 0xacac6993, L:/127.0.0.1:57895 - R:localhost/127.0.0.1:56872] for POST '/session/d38e2200f9a8fa58db26d8aa86475878/element'
17:29:51.816 [AsyncHttpClient-1-11] DEBUG org.asynchttpclient.netty.handler.HttpHandler - 

Request DefaultHttpRequest(decodeResult: success, version: HTTP/1.1)
POST /session/d38e2200f9a8fa58db26d8aa86475878/element HTTP/1.1
User-Agent: selenium/4.1.2 (java windows)
Content-Length: 50
Content-Type: application/json; charset=utf-8
host: localhost:56872
accept: */*

Response DefaultHttpResponse(decodeResult: success, version: HTTP/1.1)
HTTP/1.1 200 OK
Content-Type: application/json; charset=utf-8
cache-control: no-cache
content-length: 88

17:29:51.816 [AsyncHttpClient-1-11] DEBUG org.asynchttpclient.netty.channel.ChannelManager - Adding key: http://localhost:56872 for channel [id: 0xacac6993, L:/127.0.0.1:57895 - R:localhost/127.0.0.1:56872]
17:29:51.819 [Forwarding isElementDisplayed on session d38e2200f9a8fa58db26d8aa86475878 to remote] DEBUG org.asynchttpclient.netty.request.NettyRequestSender - Using pooled Channel '[id: 0xacac6993, L:/127.0.0.1:57895 - R:localhost/127.0.0.1:56872]' for 'POST' to 'http://localhost:56872/session/d38e2200f9a8fa58db26d8aa86475878/execute/sync'
17:29:51.819 [Forwarding isElementDisplayed on session d38e2200f9a8fa58db26d8aa86475878 to remote] DEBUG org.asynchttpclient.netty.request.NettyRequestSender - Using open Channel [id: 0xacac6993, L:/127.0.0.1:57895 - R:localhost/127.0.0.1:56872] for POST '/session/d38e2200f9a8fa58db26d8aa86475878/execute/sync'
17:29:51.835 [AsyncHttpClient-1-11] DEBUG org.asynchttpclient.netty.handler.HttpHandler - 

Request DefaultHttpRequest(decodeResult: success, version: HTTP/1.1)
POST /session/d38e2200f9a8fa58db26d8aa86475878/execute/sync HTTP/1.1
User-Agent: selenium/4.1.2 (java windows)
Content-Length: 48780
Content-Type: application/json; charset=utf-8
host: localhost:56872
accept: */*

Response DefaultHttpResponse(decodeResult: success, version: HTTP/1.1)
HTTP/1.1 200 OK
Content-Type: application/json; charset=utf-8
cache-control: no-cache
content-length: 14

17:29:51.835 [AsyncHttpClient-1-11] DEBUG org.asynchttpclient.netty.channel.ChannelManager - Adding key: http://localhost:56872 for channel [id: 0xacac6993, L:/127.0.0.1:57895 - R:localhost/127.0.0.1:56872]
17:29:51.839 [Forwarding findElement on session d38e2200f9a8fa58db26d8aa86475878 to remote] DEBUG org.asynchttpclient.netty.request.NettyRequestSender - Using pooled Channel '[id: 0xacac6993, L:/127.0.0.1:57895 - R:localhost/127.0.0.1:56872]' for 'POST' to 'http://localhost:56872/session/d38e2200f9a8fa58db26d8aa86475878/element'
17:29:51.839 [Forwarding findElement on session d38e2200f9a8fa58db26d8aa86475878 to remote] DEBUG org.asynchttpclient.netty.request.NettyRequestSender - Using open Channel [id: 0xacac6993, L:/127.0.0.1:57895 - R:localhost/127.0.0.1:56872] for POST '/session/d38e2200f9a8fa58db26d8aa86475878/element'
17:29:51.847 [AsyncHttpClient-1-11] DEBUG org.asynchttpclient.netty.handler.HttpHandler - 

Request DefaultHttpRequest(decodeResult: success, version: HTTP/1.1)
POST /session/d38e2200f9a8fa58db26d8aa86475878/element HTTP/1.1
User-Agent: selenium/4.1.2 (java windows)
Content-Length: 50
Content-Type: application/json; charset=utf-8
host: localhost:56872
accept: */*

Response DefaultHttpResponse(decodeResult: success, version: HTTP/1.1)
HTTP/1.1 200 OK
Content-Type: application/json; charset=utf-8
cache-control: no-cache
content-length: 88

17:29:51.847 [AsyncHttpClient-1-11] DEBUG org.asynchttpclient.netty.channel.ChannelManager - Adding key: http://localhost:56872 for channel [id: 0xacac6993, L:/127.0.0.1:57895 - R:localhost/127.0.0.1:56872]
17:29:51.848 [Forwarding getElementTagName on session d38e2200f9a8fa58db26d8aa86475878 to remote] DEBUG org.asynchttpclient.netty.request.NettyRequestSender - Using pooled Channel '[id: 0xacac6993, L:/127.0.0.1:57895 - R:localhost/127.0.0.1:56872]' for 'GET' to 'http://localhost:56872/session/d38e2200f9a8fa58db26d8aa86475878/element/7da6e12f-e289-40b3-b656-2a9a2b7af190/name'
17:29:51.848 [Forwarding getElementTagName on session d38e2200f9a8fa58db26d8aa86475878 to remote] DEBUG org.asynchttpclient.netty.request.NettyRequestSender - Using open Channel [id: 0xacac6993, L:/127.0.0.1:57895 - R:localhost/127.0.0.1:56872] for GET '/session/d38e2200f9a8fa58db26d8aa86475878/element/7da6e12f-e289-40b3-b656-2a9a2b7af190/name'
17:29:51.854 [AsyncHttpClient-1-11] DEBUG org.asynchttpclient.netty.handler.HttpHandler - 

Request DefaultFullHttpRequest(decodeResult: success, version: HTTP/1.1, content: EmptyByteBufBE)
GET /session/d38e2200f9a8fa58db26d8aa86475878/element/7da6e12f-e289-40b3-b656-2a9a2b7af190/name HTTP/1.1
User-Agent: selenium/4.1.2 (java windows)
Cache-Control: no-cache
Content-Type: application/json; charset=utf-8
host: localhost:56872
accept: */*

Response DefaultHttpResponse(decodeResult: success, version: HTTP/1.1)
HTTP/1.1 200 OK
Content-Type: application/json; charset=utf-8
cache-control: no-cache
content-length: 18

17:29:51.854 [AsyncHttpClient-1-11] DEBUG org.asynchttpclient.netty.channel.ChannelManager - Adding key: http://localhost:56872 for channel [id: 0xacac6993, L:/127.0.0.1:57895 - R:localhost/127.0.0.1:56872]
17:29:51.855 [Forwarding getElementTagName on session d38e2200f9a8fa58db26d8aa86475878 to remote] DEBUG org.asynchttpclient.netty.request.NettyRequestSender - Using pooled Channel '[id: 0xacac6993, L:/127.0.0.1:57895 - R:localhost/127.0.0.1:56872]' for 'GET' to 'http://localhost:56872/session/d38e2200f9a8fa58db26d8aa86475878/element/7da6e12f-e289-40b3-b656-2a9a2b7af190/name'
17:29:51.855 [Forwarding getElementTagName on session d38e2200f9a8fa58db26d8aa86475878 to remote] DEBUG org.asynchttpclient.netty.request.NettyRequestSender - Using open Channel [id: 0xacac6993, L:/127.0.0.1:57895 - R:localhost/127.0.0.1:56872] for GET '/session/d38e2200f9a8fa58db26d8aa86475878/element/7da6e12f-e289-40b3-b656-2a9a2b7af190/name'
17:29:51.864 [AsyncHttpClient-1-11] DEBUG org.asynchttpclient.netty.handler.HttpHandler - 

Request DefaultFullHttpRequest(decodeResult: success, version: HTTP/1.1, content: EmptyByteBufBE)
GET /session/d38e2200f9a8fa58db26d8aa86475878/element/7da6e12f-e289-40b3-b656-2a9a2b7af190/name HTTP/1.1
User-Agent: selenium/4.1.2 (java windows)
Cache-Control: no-cache
Content-Type: application/json; charset=utf-8
host: localhost:56872
accept: */*

Response DefaultHttpResponse(decodeResult: success, version: HTTP/1.1)
HTTP/1.1 200 OK
Content-Type: application/json; charset=utf-8
cache-control: no-cache
content-length: 18

17:29:51.865 [AsyncHttpClient-1-11] DEBUG org.asynchttpclient.netty.channel.ChannelManager - Adding key: http://localhost:56872 for channel [id: 0xacac6993, L:/127.0.0.1:57895 - R:localhost/127.0.0.1:56872]
17:29:51.867 [Forwarding isElementEnabled on session d38e2200f9a8fa58db26d8aa86475878 to remote] DEBUG org.asynchttpclient.netty.request.NettyRequestSender - Using pooled Channel '[id: 0xacac6993, L:/127.0.0.1:57895 - R:localhost/127.0.0.1:56872]' for 'GET' to 'http://localhost:56872/session/d38e2200f9a8fa58db26d8aa86475878/element/7da6e12f-e289-40b3-b656-2a9a2b7af190/enabled'
17:29:51.867 [Forwarding isElementEnabled on session d38e2200f9a8fa58db26d8aa86475878 to remote] DEBUG org.asynchttpclient.netty.request.NettyRequestSender - Using open Channel [id: 0xacac6993, L:/127.0.0.1:57895 - R:localhost/127.0.0.1:56872] for GET '/session/d38e2200f9a8fa58db26d8aa86475878/element/7da6e12f-e289-40b3-b656-2a9a2b7af190/enabled'
17:29:51.876 [AsyncHttpClient-1-11] DEBUG org.asynchttpclient.netty.handler.HttpHandler - 

Request DefaultFullHttpRequest(decodeResult: success, version: HTTP/1.1, content: EmptyByteBufBE)
GET /session/d38e2200f9a8fa58db26d8aa86475878/element/7da6e12f-e289-40b3-b656-2a9a2b7af190/enabled HTTP/1.1
User-Agent: selenium/4.1.2 (java windows)
Cache-Control: no-cache
Content-Type: application/json; charset=utf-8
host: localhost:56872
accept: */*

Response DefaultHttpResponse(decodeResult: success, version: HTTP/1.1)
HTTP/1.1 200 OK
Content-Type: application/json; charset=utf-8
cache-control: no-cache
content-length: 14

17:29:51.876 [AsyncHttpClient-1-11] DEBUG org.asynchttpclient.netty.channel.ChannelManager - Adding key: http://localhost:56872 for channel [id: 0xacac6993, L:/127.0.0.1:57895 - R:localhost/127.0.0.1:56872]
17:29:51.877 [Forwarding isElementEnabled on session d38e2200f9a8fa58db26d8aa86475878 to remote] DEBUG org.asynchttpclient.netty.request.NettyRequestSender - Using pooled Channel '[id: 0xacac6993, L:/127.0.0.1:57895 - R:localhost/127.0.0.1:56872]' for 'GET' to 'http://localhost:56872/session/d38e2200f9a8fa58db26d8aa86475878/element/7da6e12f-e289-40b3-b656-2a9a2b7af190/enabled'
17:29:51.877 [Forwarding isElementEnabled on session d38e2200f9a8fa58db26d8aa86475878 to remote] DEBUG org.asynchttpclient.netty.request.NettyRequestSender - Using open Channel [id: 0xacac6993, L:/127.0.0.1:57895 - R:localhost/127.0.0.1:56872] for GET '/session/d38e2200f9a8fa58db26d8aa86475878/element/7da6e12f-e289-40b3-b656-2a9a2b7af190/enabled'
17:29:51.884 [AsyncHttpClient-1-11] DEBUG org.asynchttpclient.netty.handler.HttpHandler - 

Request DefaultFullHttpRequest(decodeResult: success, version: HTTP/1.1, content: EmptyByteBufBE)
GET /session/d38e2200f9a8fa58db26d8aa86475878/element/7da6e12f-e289-40b3-b656-2a9a2b7af190/enabled HTTP/1.1
User-Agent: selenium/4.1.2 (java windows)
Cache-Control: no-cache
Content-Type: application/json; charset=utf-8
host: localhost:56872
accept: */*

Response DefaultHttpResponse(decodeResult: success, version: HTTP/1.1)
HTTP/1.1 200 OK
Content-Type: application/json; charset=utf-8
cache-control: no-cache
content-length: 14

17:29:51.884 [AsyncHttpClient-1-11] DEBUG org.asynchttpclient.netty.channel.ChannelManager - Adding key: http://localhost:56872 for channel [id: 0xacac6993, L:/127.0.0.1:57895 - R:localhost/127.0.0.1:56872]
17:29:51.885 [Forwarding findElement on session d38e2200f9a8fa58db26d8aa86475878 to remote] DEBUG org.asynchttpclient.netty.request.NettyRequestSender - Using pooled Channel '[id: 0xacac6993, L:/127.0.0.1:57895 - R:localhost/127.0.0.1:56872]' for 'POST' to 'http://localhost:56872/session/d38e2200f9a8fa58db26d8aa86475878/element'
17:29:51.886 [Forwarding findElement on session d38e2200f9a8fa58db26d8aa86475878 to remote] DEBUG org.asynchttpclient.netty.request.NettyRequestSender - Using open Channel [id: 0xacac6993, L:/127.0.0.1:57895 - R:localhost/127.0.0.1:56872] for POST '/session/d38e2200f9a8fa58db26d8aa86475878/element'
17:29:51.893 [AsyncHttpClient-1-11] DEBUG org.asynchttpclient.netty.handler.HttpHandler - 

Request DefaultHttpRequest(decodeResult: success, version: HTTP/1.1)
POST /session/d38e2200f9a8fa58db26d8aa86475878/element HTTP/1.1
User-Agent: selenium/4.1.2 (java windows)
Content-Length: 50
Content-Type: application/json; charset=utf-8
host: localhost:56872
accept: */*

Response DefaultHttpResponse(decodeResult: success, version: HTTP/1.1)
HTTP/1.1 200 OK
Content-Type: application/json; charset=utf-8
cache-control: no-cache
content-length: 88

17:29:51.893 [AsyncHttpClient-1-11] DEBUG org.asynchttpclient.netty.channel.ChannelManager - Adding key: http://localhost:56872 for channel [id: 0xacac6993, L:/127.0.0.1:57895 - R:localhost/127.0.0.1:56872]
17:29:51.895 [Forwarding clickElement on session d38e2200f9a8fa58db26d8aa86475878 to remote] DEBUG org.asynchttpclient.netty.request.NettyRequestSender - Using pooled Channel '[id: 0xacac6993, L:/127.0.0.1:57895 - R:localhost/127.0.0.1:56872]' for 'POST' to 'http://localhost:56872/session/d38e2200f9a8fa58db26d8aa86475878/element/7da6e12f-e289-40b3-b656-2a9a2b7af190/click'
17:29:51.895 [Forwarding clickElement on session d38e2200f9a8fa58db26d8aa86475878 to remote] DEBUG org.asynchttpclient.netty.request.NettyRequestSender - Using open Channel [id: 0xacac6993, L:/127.0.0.1:57895 - R:localhost/127.0.0.1:56872] for POST '/session/d38e2200f9a8fa58db26d8aa86475878/element/7da6e12f-e289-40b3-b656-2a9a2b7af190/click'
17:29:51.935 [AsyncHttpClient-1-1] DEBUG org.asynchttpclient.netty.channel.DefaultChannelPool - Entry count for : http://localhost:57896 : 1
17:29:51.956 [AsyncHttpClient-1-11] DEBUG org.asynchttpclient.netty.handler.HttpHandler - 

Request DefaultHttpRequest(decodeResult: success, version: HTTP/1.1)
POST /session/d38e2200f9a8fa58db26d8aa86475878/element/7da6e12f-e289-40b3-b656-2a9a2b7af190/click HTTP/1.1
User-Agent: selenium/4.1.2 (java windows)
Content-Length: 50
Content-Type: application/json; charset=utf-8
host: localhost:56872
accept: */*

Response DefaultHttpResponse(decodeResult: success, version: HTTP/1.1)
HTTP/1.1 200 OK
Content-Type: application/json; charset=utf-8
cache-control: no-cache
content-length: 14

17:29:51.957 [AsyncHttpClient-1-11] DEBUG org.asynchttpclient.netty.channel.ChannelManager - Adding key: http://localhost:56872 for channel [id: 0xacac6993, L:/127.0.0.1:57895 - R:localhost/127.0.0.1:56872]
  &amp#27;[32mGiven &amp#27;[0m&amp#27;[32mI am on the login page&amp#27;[0m                           &amp#27;[90m# starter.stepdefinitions.LoginStep.iAmOnTheLoginPage()&amp#27;[0m
17:29:51.966 [Forwarding screenshot on session d38e2200f9a8fa58db26d8aa86475878 to remote] DEBUG org.asynchttpclient.netty.request.NettyRequestSender - Using pooled Channel '[id: 0xacac6993, L:/127.0.0.1:57895 - R:localhost/127.0.0.1:56872]' for 'GET' to 'http://localhost:56872/session/d38e2200f9a8fa58db26d8aa86475878/screenshot'
17:29:51.966 [Forwarding screenshot on session d38e2200f9a8fa58db26d8aa86475878 to remote] DEBUG org.asynchttpclient.netty.request.NettyRequestSender - Using open Channel [id: 0xacac6993, L:/127.0.0.1:57895 - R:localhost/127.0.0.1:56872] for GET '/session/d38e2200f9a8fa58db26d8aa86475878/screenshot'
17:29:52.217 [AsyncHttpClient-1-11] DEBUG org.asynchttpclient.netty.handler.HttpHandler - 

Request DefaultFullHttpRequest(decodeResult: success, version: HTTP/1.1, content: EmptyByteBufBE)
GET /session/d38e2200f9a8fa58db26d8aa86475878/screenshot HTTP/1.1
User-Agent: selenium/4.1.2 (java windows)
Cache-Control: no-cache
Content-Type: application/json; charset=utf-8
host: localhost:56872
accept: */*

Response DefaultHttpResponse(decodeResult: success, version: HTTP/1.1)
HTTP/1.1 200 OK
Content-Type: application/json; charset=utf-8
cache-control: no-cache
content-length: 433028

17:29:52.219 [AsyncHttpClient-1-11] DEBUG org.asynchttpclient.netty.channel.ChannelManager - Adding key: http://localhost:56872 for channel [id: 0xacac6993, L:/127.0.0.1:57895 - R:localhost/127.0.0.1:56872]
17:29:52.234 [main] DEBUG net.serenitybdd.core.photography.Darkroom - Send negative for processing for target\site\serenity\f43d48416bf5268502c6ef0c59b12a71ae43ece563d219bce19db0b4f5cf0f01.png
17:29:52.234 [Darkroom Processing Line] DEBUG net.serenitybdd.core.photography.DarkroomProcessingLine - Processing screenshot image in /var/screenshots/screenshot-18045036796217932278
17:29:52.234 [Darkroom Processing Line] DEBUG net.serenitybdd.core.photography.DarkroomProcessingLine - Saving screenshot to target\site\serenity\f43d48416bf5268502c6ef0c59b12a71ae43ece563d219bce19db0b4f5cf0f01.png
17:29:52.246 [Forwarding findElement on session d38e2200f9a8fa58db26d8aa86475878 to remote] DEBUG org.asynchttpclient.netty.request.NettyRequestSender - Using pooled Channel '[id: 0xacac6993, L:/127.0.0.1:57895 - R:localhost/127.0.0.1:56872]' for 'POST' to 'http://localhost:56872/session/d38e2200f9a8fa58db26d8aa86475878/element'
17:29:52.246 [Forwarding findElement on session d38e2200f9a8fa58db26d8aa86475878 to remote] DEBUG org.asynchttpclient.netty.request.NettyRequestSender - Using open Channel [id: 0xacac6993, L:/127.0.0.1:57895 - R:localhost/127.0.0.1:56872] for POST '/session/d38e2200f9a8fa58db26d8aa86475878/element'
17:29:52.263 [AsyncHttpClient-1-11] DEBUG org.asynchttpclient.netty.handler.HttpHandler - 

Request DefaultHttpRequest(decodeResult: success, version: HTTP/1.1)
POST /session/d38e2200f9a8fa58db26d8aa86475878/element HTTP/1.1
User-Agent: selenium/4.1.2 (java windows)
Content-Length: 53
Content-Type: application/json; charset=utf-8
host: localhost:56872
accept: */*

Response DefaultHttpResponse(decodeResult: success, version: HTTP/1.1)
HTTP/1.1 200 OK
Content-Type: application/json; charset=utf-8
cache-control: no-cache
content-length: 88

17:29:52.264 [AsyncHttpClient-1-11] DEBUG org.asynchttpclient.netty.channel.ChannelManager - Adding key: http://localhost:56872 for channel [id: 0xacac6993, L:/127.0.0.1:57895 - R:localhost/127.0.0.1:56872]
17:29:52.266 [Forwarding clearElement on session d38e2200f9a8fa58db26d8aa86475878 to remote] DEBUG org.asynchttpclient.netty.request.NettyRequestSender - Using pooled Channel '[id: 0xacac6993, L:/127.0.0.1:57895 - R:localhost/127.0.0.1:56872]' for 'POST' to 'http://localhost:56872/session/d38e2200f9a8fa58db26d8aa86475878/element/00900983-f97b-471f-9c82-4d6f754dd365/clear'
17:29:52.266 [Forwarding clearElement on session d38e2200f9a8fa58db26d8aa86475878 to remote] DEBUG org.asynchttpclient.netty.request.NettyRequestSender - Using open Channel [id: 0xacac6993, L:/127.0.0.1:57895 - R:localhost/127.0.0.1:56872] for POST '/session/d38e2200f9a8fa58db26d8aa86475878/element/00900983-f97b-471f-9c82-4d6f754dd365/clear'
17:29:52.307 [AsyncHttpClient-1-11] DEBUG org.asynchttpclient.netty.handler.HttpHandler - 

Request DefaultHttpRequest(decodeResult: success, version: HTTP/1.1)
POST /session/d38e2200f9a8fa58db26d8aa86475878/element/00900983-f97b-471f-9c82-4d6f754dd365/clear HTTP/1.1
User-Agent: selenium/4.1.2 (java windows)
Content-Length: 50
Content-Type: application/json; charset=utf-8
host: localhost:56872
accept: */*

Response DefaultHttpResponse(decodeResult: success, version: HTTP/1.1)
HTTP/1.1 200 OK
Content-Type: application/json; charset=utf-8
cache-control: no-cache
content-length: 14

17:29:52.307 [AsyncHttpClient-1-11] DEBUG org.asynchttpclient.netty.channel.ChannelManager - Adding key: http://localhost:56872 for channel [id: 0xacac6993, L:/127.0.0.1:57895 - R:localhost/127.0.0.1:56872]
17:29:52.312 [Forwarding sendKeysToElement on session d38e2200f9a8fa58db26d8aa86475878 to remote] DEBUG org.asynchttpclient.netty.request.NettyRequestSender - Using pooled Channel '[id: 0xacac6993, L:/127.0.0.1:57895 - R:localhost/127.0.0.1:56872]' for 'POST' to 'http://localhost:56872/session/d38e2200f9a8fa58db26d8aa86475878/element/00900983-f97b-471f-9c82-4d6f754dd365/value'
17:29:52.312 [Forwarding sendKeysToElement on session d38e2200f9a8fa58db26d8aa86475878 to remote] DEBUG org.asynchttpclient.netty.request.NettyRequestSender - Using open Channel [id: 0xacac6993, L:/127.0.0.1:57895 - R:localhost/127.0.0.1:56872] for POST '/session/d38e2200f9a8fa58db26d8aa86475878/element/00900983-f97b-471f-9c82-4d6f754dd365/value'
17:29:52.392 [AsyncHttpClient-1-11] DEBUG org.asynchttpclient.netty.handler.HttpHandler - 

Request DefaultHttpRequest(decodeResult: success, version: HTTP/1.1)
POST /session/d38e2200f9a8fa58db26d8aa86475878/element/00900983-f97b-471f-9c82-4d6f754dd365/value HTTP/1.1
User-Agent: selenium/4.1.2 (java windows)
Content-Length: 131
Content-Type: application/json; charset=utf-8
host: localhost:56872
accept: */*

Response DefaultHttpResponse(decodeResult: success, version: HTTP/1.1)
HTTP/1.1 200 OK
Content-Type: application/json; charset=utf-8
cache-control: no-cache
content-length: 14

17:29:52.392 [AsyncHttpClient-1-11] DEBUG org.asynchttpclient.netty.channel.ChannelManager - Adding key: http://localhost:56872 for channel [id: 0xacac6993, L:/127.0.0.1:57895 - R:localhost/127.0.0.1:56872]
  &amp#27;[32mWhen &amp#27;[0m&amp#27;[32mI input valid username&amp#27;[0m                            &amp#27;[90m# starter.stepdefinitions.LoginStep.iInputValidUsername()&amp#27;[0m
17:29:52.405 [Forwarding screenshot on session d38e2200f9a8fa58db26d8aa86475878 to remote] DEBUG org.asynchttpclient.netty.request.NettyRequestSender - Using pooled Channel '[id: 0xacac6993, L:/127.0.0.1:57895 - R:localhost/127.0.0.1:56872]' for 'GET' to 'http://localhost:56872/session/d38e2200f9a8fa58db26d8aa86475878/screenshot'
17:29:52.405 [Forwarding screenshot on session d38e2200f9a8fa58db26d8aa86475878 to remote] DEBUG org.asynchttpclient.netty.request.NettyRequestSender - Using open Channel [id: 0xacac6993, L:/127.0.0.1:57895 - R:localhost/127.0.0.1:56872] for GET '/session/d38e2200f9a8fa58db26d8aa86475878/screenshot'
17:29:52.703 [AsyncHttpClient-1-11] DEBUG org.asynchttpclient.netty.handler.HttpHandler - 

Request DefaultFullHttpRequest(decodeResult: success, version: HTTP/1.1, content: EmptyByteBufBE)
GET /session/d38e2200f9a8fa58db26d8aa86475878/screenshot HTTP/1.1
User-Agent: selenium/4.1.2 (java windows)
Cache-Control: no-cache
Content-Type: application/json; charset=utf-8
host: localhost:56872
accept: */*

Response DefaultHttpResponse(decodeResult: success, version: HTTP/1.1)
HTTP/1.1 200 OK
Content-Type: application/json; charset=utf-8
cache-control: no-cache
content-length: 442496

17:29:52.705 [AsyncHttpClient-1-11] DEBUG org.asynchttpclient.netty.channel.ChannelManager - Adding key: http://localhost:56872 for channel [id: 0xacac6993, L:/127.0.0.1:57895 - R:localhost/127.0.0.1:56872]
17:29:52.730 [main] DEBUG net.serenitybdd.core.photography.Darkroom - Send negative for processing for target\site\serenity\e453e16acfc958569705420dda2e01c87205172b515baa85e792d9e62962d9e3.png
17:29:52.730 [Darkroom Processing Line] DEBUG net.serenitybdd.core.photography.DarkroomProcessingLine - Processing screenshot image in /var/screenshots/screenshot-18358629734346129082
17:29:52.730 [Darkroom Processing Line] DEBUG net.serenitybdd.core.photography.DarkroomProcessingLine - Saving screenshot to target\site\serenity\e453e16acfc958569705420dda2e01c87205172b515baa85e792d9e62962d9e3.png
17:29:52.741 [Forwarding findElement on session d38e2200f9a8fa58db26d8aa86475878 to remote] DEBUG org.asynchttpclient.netty.request.NettyRequestSender - Using pooled Channel '[id: 0xacac6993, L:/127.0.0.1:57895 - R:localhost/127.0.0.1:56872]' for 'POST' to 'http://localhost:56872/session/d38e2200f9a8fa58db26d8aa86475878/element'
17:29:52.741 [Forwarding findElement on session d38e2200f9a8fa58db26d8aa86475878 to remote] DEBUG org.asynchttpclient.netty.request.NettyRequestSender - Using open Channel [id: 0xacac6993, L:/127.0.0.1:57895 - R:localhost/127.0.0.1:56872] for POST '/session/d38e2200f9a8fa58db26d8aa86475878/element'
17:29:52.762 [AsyncHttpClient-1-11] DEBUG org.asynchttpclient.netty.handler.HttpHandler - 

Request DefaultHttpRequest(decodeResult: success, version: HTTP/1.1)
POST /session/d38e2200f9a8fa58db26d8aa86475878/element HTTP/1.1
User-Agent: selenium/4.1.2 (java windows)
Content-Length: 53
Content-Type: application/json; charset=utf-8
host: localhost:56872
accept: */*

Response DefaultHttpResponse(decodeResult: success, version: HTTP/1.1)
HTTP/1.1 200 OK
Content-Type: application/json; charset=utf-8
cache-control: no-cache
content-length: 88

17:29:52.762 [AsyncHttpClient-1-11] DEBUG org.asynchttpclient.netty.channel.ChannelManager - Adding key: http://localhost:56872 for channel [id: 0xacac6993, L:/127.0.0.1:57895 - R:localhost/127.0.0.1:56872]
17:29:52.765 [Forwarding clearElement on session d38e2200f9a8fa58db26d8aa86475878 to remote] DEBUG org.asynchttpclient.netty.request.NettyRequestSender - Using pooled Channel '[id: 0xacac6993, L:/127.0.0.1:57895 - R:localhost/127.0.0.1:56872]' for 'POST' to 'http://localhost:56872/session/d38e2200f9a8fa58db26d8aa86475878/element/87b856e2-f0c0-4ec0-a5a0-f6ee37b91a7a/clear'
17:29:52.765 [Forwarding clearElement on session d38e2200f9a8fa58db26d8aa86475878 to remote] DEBUG org.asynchttpclient.netty.request.NettyRequestSender - Using open Channel [id: 0xacac6993, L:/127.0.0.1:57895 - R:localhost/127.0.0.1:56872] for POST '/session/d38e2200f9a8fa58db26d8aa86475878/element/87b856e2-f0c0-4ec0-a5a0-f6ee37b91a7a/clear'
17:29:52.806 [AsyncHttpClient-1-11] DEBUG org.asynchttpclient.netty.handler.HttpHandler - 

Request DefaultHttpRequest(decodeResult: success, version: HTTP/1.1)
POST /session/d38e2200f9a8fa58db26d8aa86475878/element/87b856e2-f0c0-4ec0-a5a0-f6ee37b91a7a/clear HTTP/1.1
User-Agent: selenium/4.1.2 (java windows)
Content-Length: 50
Content-Type: application/json; charset=utf-8
host: localhost:56872
accept: */*

Response DefaultHttpResponse(decodeResult: success, version: HTTP/1.1)
HTTP/1.1 200 OK
Content-Type: application/json; charset=utf-8
cache-control: no-cache
content-length: 14

17:29:52.807 [AsyncHttpClient-1-11] DEBUG org.asynchttpclient.netty.channel.ChannelManager - Adding key: http://localhost:56872 for channel [id: 0xacac6993, L:/127.0.0.1:57895 - R:localhost/127.0.0.1:56872]
17:29:52.810 [Forwarding sendKeysToElement on session d38e2200f9a8fa58db26d8aa86475878 to remote] DEBUG org.asynchttpclient.netty.request.NettyRequestSender - Using pooled Channel '[id: 0xacac6993, L:/127.0.0.1:57895 - R:localhost/127.0.0.1:56872]' for 'POST' to 'http://localhost:56872/session/d38e2200f9a8fa58db26d8aa86475878/element/87b856e2-f0c0-4ec0-a5a0-f6ee37b91a7a/value'
17:29:52.811 [Forwarding sendKeysToElement on session d38e2200f9a8fa58db26d8aa86475878 to remote] DEBUG org.asynchttpclient.netty.request.NettyRequestSender - Using open Channel [id: 0xacac6993, L:/127.0.0.1:57895 - R:localhost/127.0.0.1:56872] for POST '/session/d38e2200f9a8fa58db26d8aa86475878/element/87b856e2-f0c0-4ec0-a5a0-f6ee37b91a7a/value'
17:29:52.891 [AsyncHttpClient-1-11] DEBUG org.asynchttpclient.netty.handler.HttpHandler - 

Request DefaultHttpRequest(decodeResult: success, version: HTTP/1.1)
POST /session/d38e2200f9a8fa58db26d8aa86475878/element/87b856e2-f0c0-4ec0-a5a0-f6ee37b91a7a/value HTTP/1.1
User-Agent: selenium/4.1.2 (java windows)
Content-Length: 181
Content-Type: application/json; charset=utf-8
host: localhost:56872
accept: */*

Response DefaultHttpResponse(decodeResult: success, version: HTTP/1.1)
HTTP/1.1 200 OK
Content-Type: application/json; charset=utf-8
cache-control: no-cache
content-length: 14

17:29:52.892 [AsyncHttpClient-1-11] DEBUG org.asynchttpclient.netty.channel.ChannelManager - Adding key: http://localhost:56872 for channel [id: 0xacac6993, L:/127.0.0.1:57895 - R:localhost/127.0.0.1:56872]
  &amp#27;[32mAnd &amp#27;[0m&amp#27;[32mI input invalid password&amp#27;[0m                           &amp#27;[90m# starter.stepdefinitions.LoginStep.iInputInvalidPassword()&amp#27;[0m
17:29:52.900 [Forwarding screenshot on session d38e2200f9a8fa58db26d8aa86475878 to remote] DEBUG org.asynchttpclient.netty.request.NettyRequestSender - Using pooled Channel '[id: 0xacac6993, L:/127.0.0.1:57895 - R:localhost/127.0.0.1:56872]' for 'GET' to 'http://localhost:56872/session/d38e2200f9a8fa58db26d8aa86475878/screenshot'
17:29:52.900 [Forwarding screenshot on session d38e2200f9a8fa58db26d8aa86475878 to remote] DEBUG org.asynchttpclient.netty.request.NettyRequestSender - Using open Channel [id: 0xacac6993, L:/127.0.0.1:57895 - R:localhost/127.0.0.1:56872] for GET '/session/d38e2200f9a8fa58db26d8aa86475878/screenshot'
17:29:53.037 [AsyncHttpClient-1-1] DEBUG org.asynchttpclient.netty.channel.DefaultChannelPool - Entry count for : http://localhost:57896 : 1
17:29:53.157 [AsyncHttpClient-1-11] DEBUG org.asynchttpclient.netty.handler.HttpHandler - 

Request DefaultFullHttpRequest(decodeResult: success, version: HTTP/1.1, content: EmptyByteBufBE)
GET /session/d38e2200f9a8fa58db26d8aa86475878/screenshot HTTP/1.1
User-Agent: selenium/4.1.2 (java windows)
Cache-Control: no-cache
Content-Type: application/json; charset=utf-8
host: localhost:56872
accept: */*

Response DefaultHttpResponse(decodeResult: success, version: HTTP/1.1)
HTTP/1.1 200 OK
Content-Type: application/json; charset=utf-8
cache-control: no-cache
content-length: 317232

17:29:53.159 [AsyncHttpClient-1-11] DEBUG org.asynchttpclient.netty.channel.ChannelManager - Adding key: http://localhost:56872 for channel [id: 0xacac6993, L:/127.0.0.1:57895 - R:localhost/127.0.0.1:56872]
17:29:53.175 [main] DEBUG net.serenitybdd.core.photography.Darkroom - Send negative for processing for target\site\serenity\7c69a43c26113d4ed4986f27549dee91a79f2122b0de9c259adfffb7426b2809.png
17:29:53.175 [Darkroom Processing Line] DEBUG net.serenitybdd.core.photography.DarkroomProcessingLine - Processing screenshot image in /var/screenshots/screenshot-7150870897951827618
17:29:53.175 [Darkroom Processing Line] DEBUG net.serenitybdd.core.photography.DarkroomProcessingLine - Saving screenshot to target\site\serenity\7c69a43c26113d4ed4986f27549dee91a79f2122b0de9c259adfffb7426b2809.png
17:29:53.186 [Forwarding findElement on session d38e2200f9a8fa58db26d8aa86475878 to remote] DEBUG org.asynchttpclient.netty.request.NettyRequestSender - Using pooled Channel '[id: 0xacac6993, L:/127.0.0.1:57895 - R:localhost/127.0.0.1:56872]' for 'POST' to 'http://localhost:56872/session/d38e2200f9a8fa58db26d8aa86475878/element'
17:29:53.186 [Forwarding findElement on session d38e2200f9a8fa58db26d8aa86475878 to remote] DEBUG org.asynchttpclient.netty.request.NettyRequestSender - Using open Channel [id: 0xacac6993, L:/127.0.0.1:57895 - R:localhost/127.0.0.1:56872] for POST '/session/d38e2200f9a8fa58db26d8aa86475878/element'
17:29:53.196 [AsyncHttpClient-1-11] DEBUG org.asynchttpclient.netty.handler.HttpHandler - 

Request DefaultHttpRequest(decodeResult: success, version: HTTP/1.1)
POST /session/d38e2200f9a8fa58db26d8aa86475878/element HTTP/1.1
User-Agent: selenium/4.1.2 (java windows)
Content-Length: 50
Content-Type: application/json; charset=utf-8
host: localhost:56872
accept: */*

Response DefaultHttpResponse(decodeResult: success, version: HTTP/1.1)
HTTP/1.1 200 OK
Content-Type: application/json; charset=utf-8
cache-control: no-cache
content-length: 88

17:29:53.196 [AsyncHttpClient-1-11] DEBUG org.asynchttpclient.netty.channel.ChannelManager - Adding key: http://localhost:56872 for channel [id: 0xacac6993, L:/127.0.0.1:57895 - R:localhost/127.0.0.1:56872]
17:29:53.201 [Forwarding isElementDisplayed on session d38e2200f9a8fa58db26d8aa86475878 to remote] DEBUG org.asynchttpclient.netty.request.NettyRequestSender - Using pooled Channel '[id: 0xacac6993, L:/127.0.0.1:57895 - R:localhost/127.0.0.1:56872]' for 'POST' to 'http://localhost:56872/session/d38e2200f9a8fa58db26d8aa86475878/execute/sync'
17:29:53.201 [Forwarding isElementDisplayed on session d38e2200f9a8fa58db26d8aa86475878 to remote] DEBUG org.asynchttpclient.netty.request.NettyRequestSender - Using open Channel [id: 0xacac6993, L:/127.0.0.1:57895 - R:localhost/127.0.0.1:56872] for POST '/session/d38e2200f9a8fa58db26d8aa86475878/execute/sync'
17:29:53.221 [AsyncHttpClient-1-11] DEBUG org.asynchttpclient.netty.handler.HttpHandler - 

Request DefaultHttpRequest(decodeResult: success, version: HTTP/1.1)
POST /session/d38e2200f9a8fa58db26d8aa86475878/execute/sync HTTP/1.1
User-Agent: selenium/4.1.2 (java windows)
Content-Length: 48780
Content-Type: application/json; charset=utf-8
host: localhost:56872
accept: */*

Response DefaultHttpResponse(decodeResult: success, version: HTTP/1.1)
HTTP/1.1 200 OK
Content-Type: application/json; charset=utf-8
cache-control: no-cache
content-length: 14

17:29:53.221 [AsyncHttpClient-1-11] DEBUG org.asynchttpclient.netty.channel.ChannelManager - Adding key: http://localhost:56872 for channel [id: 0xacac6993, L:/127.0.0.1:57895 - R:localhost/127.0.0.1:56872]
17:29:53.226 [Forwarding findElement on session d38e2200f9a8fa58db26d8aa86475878 to remote] DEBUG org.asynchttpclient.netty.request.NettyRequestSender - Using pooled Channel '[id: 0xacac6993, L:/127.0.0.1:57895 - R:localhost/127.0.0.1:56872]' for 'POST' to 'http://localhost:56872/session/d38e2200f9a8fa58db26d8aa86475878/element'
17:29:53.226 [Forwarding findElement on session d38e2200f9a8fa58db26d8aa86475878 to remote] DEBUG org.asynchttpclient.netty.request.NettyRequestSender - Using open Channel [id: 0xacac6993, L:/127.0.0.1:57895 - R:localhost/127.0.0.1:56872] for POST '/session/d38e2200f9a8fa58db26d8aa86475878/element'
17:29:53.235 [AsyncHttpClient-1-11] DEBUG org.asynchttpclient.netty.handler.HttpHandler - 

Request DefaultHttpRequest(decodeResult: success, version: HTTP/1.1)
POST /session/d38e2200f9a8fa58db26d8aa86475878/element HTTP/1.1
User-Agent: selenium/4.1.2 (java windows)
Content-Length: 50
Content-Type: application/json; charset=utf-8
host: localhost:56872
accept: */*

Response DefaultHttpResponse(decodeResult: success, version: HTTP/1.1)
HTTP/1.1 200 OK
Content-Type: application/json; charset=utf-8
cache-control: no-cache
content-length: 88

17:29:53.236 [AsyncHttpClient-1-11] DEBUG org.asynchttpclient.netty.channel.ChannelManager - Adding key: http://localhost:56872 for channel [id: 0xacac6993, L:/127.0.0.1:57895 - R:localhost/127.0.0.1:56872]
17:29:53.238 [Forwarding getElementTagName on session d38e2200f9a8fa58db26d8aa86475878 to remote] DEBUG org.asynchttpclient.netty.request.NettyRequestSender - Using pooled Channel '[id: 0xacac6993, L:/127.0.0.1:57895 - R:localhost/127.0.0.1:56872]' for 'GET' to 'http://localhost:56872/session/d38e2200f9a8fa58db26d8aa86475878/element/32588e0d-aa14-4088-b740-2bc8844e4350/name'
17:29:53.238 [Forwarding getElementTagName on session d38e2200f9a8fa58db26d8aa86475878 to remote] DEBUG org.asynchttpclient.netty.request.NettyRequestSender - Using open Channel [id: 0xacac6993, L:/127.0.0.1:57895 - R:localhost/127.0.0.1:56872] for GET '/session/d38e2200f9a8fa58db26d8aa86475878/element/32588e0d-aa14-4088-b740-2bc8844e4350/name'
17:29:53.243 [AsyncHttpClient-1-11] DEBUG org.asynchttpclient.netty.handler.HttpHandler - 

Request DefaultFullHttpRequest(decodeResult: success, version: HTTP/1.1, content: EmptyByteBufBE)
GET /session/d38e2200f9a8fa58db26d8aa86475878/element/32588e0d-aa14-4088-b740-2bc8844e4350/name HTTP/1.1
User-Agent: selenium/4.1.2 (java windows)
Cache-Control: no-cache
Content-Type: application/json; charset=utf-8
host: localhost:56872
accept: */*

Response DefaultHttpResponse(decodeResult: success, version: HTTP/1.1)
HTTP/1.1 200 OK
Content-Type: application/json; charset=utf-8
cache-control: no-cache
content-length: 18

17:29:53.244 [AsyncHttpClient-1-11] DEBUG org.asynchttpclient.netty.channel.ChannelManager - Adding key: http://localhost:56872 for channel [id: 0xacac6993, L:/127.0.0.1:57895 - R:localhost/127.0.0.1:56872]
17:29:53.245 [Forwarding getElementTagName on session d38e2200f9a8fa58db26d8aa86475878 to remote] DEBUG org.asynchttpclient.netty.request.NettyRequestSender - Using pooled Channel '[id: 0xacac6993, L:/127.0.0.1:57895 - R:localhost/127.0.0.1:56872]' for 'GET' to 'http://localhost:56872/session/d38e2200f9a8fa58db26d8aa86475878/element/32588e0d-aa14-4088-b740-2bc8844e4350/name'
17:29:53.245 [Forwarding getElementTagName on session d38e2200f9a8fa58db26d8aa86475878 to remote] DEBUG org.asynchttpclient.netty.request.NettyRequestSender - Using open Channel [id: 0xacac6993, L:/127.0.0.1:57895 - R:localhost/127.0.0.1:56872] for GET '/session/d38e2200f9a8fa58db26d8aa86475878/element/32588e0d-aa14-4088-b740-2bc8844e4350/name'
17:29:53.247 [AsyncHttpClient-1-11] DEBUG org.asynchttpclient.netty.handler.HttpHandler - 

Request DefaultFullHttpRequest(decodeResult: success, version: HTTP/1.1, content: EmptyByteBufBE)
GET /session/d38e2200f9a8fa58db26d8aa86475878/element/32588e0d-aa14-4088-b740-2bc8844e4350/name HTTP/1.1
User-Agent: selenium/4.1.2 (java windows)
Cache-Control: no-cache
Content-Type: application/json; charset=utf-8
host: localhost:56872
accept: */*

Response DefaultHttpResponse(decodeResult: success, version: HTTP/1.1)
HTTP/1.1 200 OK
Content-Type: application/json; charset=utf-8
cache-control: no-cache
content-length: 18

17:29:53.248 [AsyncHttpClient-1-11] DEBUG org.asynchttpclient.netty.channel.ChannelManager - Adding key: http://localhost:56872 for channel [id: 0xacac6993, L:/127.0.0.1:57895 - R:localhost/127.0.0.1:56872]
17:29:53.250 [Forwarding isElementEnabled on session d38e2200f9a8fa58db26d8aa86475878 to remote] DEBUG org.asynchttpclient.netty.request.NettyRequestSender - Using pooled Channel '[id: 0xacac6993, L:/127.0.0.1:57895 - R:localhost/127.0.0.1:56872]' for 'GET' to 'http://localhost:56872/session/d38e2200f9a8fa58db26d8aa86475878/element/32588e0d-aa14-4088-b740-2bc8844e4350/enabled'
17:29:53.250 [Forwarding isElementEnabled on session d38e2200f9a8fa58db26d8aa86475878 to remote] DEBUG org.asynchttpclient.netty.request.NettyRequestSender - Using open Channel [id: 0xacac6993, L:/127.0.0.1:57895 - R:localhost/127.0.0.1:56872] for GET '/session/d38e2200f9a8fa58db26d8aa86475878/element/32588e0d-aa14-4088-b740-2bc8844e4350/enabled'
17:29:53.261 [AsyncHttpClient-1-11] DEBUG org.asynchttpclient.netty.handler.HttpHandler - 

Request DefaultFullHttpRequest(decodeResult: success, version: HTTP/1.1, content: EmptyByteBufBE)
GET /session/d38e2200f9a8fa58db26d8aa86475878/element/32588e0d-aa14-4088-b740-2bc8844e4350/enabled HTTP/1.1
User-Agent: selenium/4.1.2 (java windows)
Cache-Control: no-cache
Content-Type: application/json; charset=utf-8
host: localhost:56872
accept: */*

Response DefaultHttpResponse(decodeResult: success, version: HTTP/1.1)
HTTP/1.1 200 OK
Content-Type: application/json; charset=utf-8
cache-control: no-cache
content-length: 14

17:29:53.261 [AsyncHttpClient-1-11] DEBUG org.asynchttpclient.netty.channel.ChannelManager - Adding key: http://localhost:56872 for channel [id: 0xacac6993, L:/127.0.0.1:57895 - R:localhost/127.0.0.1:56872]
17:29:53.263 [Forwarding isElementEnabled on session d38e2200f9a8fa58db26d8aa86475878 to remote] DEBUG org.asynchttpclient.netty.request.NettyRequestSender - Using pooled Channel '[id: 0xacac6993, L:/127.0.0.1:57895 - R:localhost/127.0.0.1:56872]' for 'GET' to 'http://localhost:56872/session/d38e2200f9a8fa58db26d8aa86475878/element/32588e0d-aa14-4088-b740-2bc8844e4350/enabled'
17:29:53.263 [Forwarding isElementEnabled on session d38e2200f9a8fa58db26d8aa86475878 to remote] DEBUG org.asynchttpclient.netty.request.NettyRequestSender - Using open Channel [id: 0xacac6993, L:/127.0.0.1:57895 - R:localhost/127.0.0.1:56872] for GET '/session/d38e2200f9a8fa58db26d8aa86475878/element/32588e0d-aa14-4088-b740-2bc8844e4350/enabled'
17:29:53.270 [AsyncHttpClient-1-11] DEBUG org.asynchttpclient.netty.handler.HttpHandler - 

Request DefaultFullHttpRequest(decodeResult: success, version: HTTP/1.1, content: EmptyByteBufBE)
GET /session/d38e2200f9a8fa58db26d8aa86475878/element/32588e0d-aa14-4088-b740-2bc8844e4350/enabled HTTP/1.1
User-Agent: selenium/4.1.2 (java windows)
Cache-Control: no-cache
Content-Type: application/json; charset=utf-8
host: localhost:56872
accept: */*

Response DefaultHttpResponse(decodeResult: success, version: HTTP/1.1)
HTTP/1.1 200 OK
Content-Type: application/json; charset=utf-8
cache-control: no-cache
content-length: 14

17:29:53.270 [AsyncHttpClient-1-11] DEBUG org.asynchttpclient.netty.channel.ChannelManager - Adding key: http://localhost:56872 for channel [id: 0xacac6993, L:/127.0.0.1:57895 - R:localhost/127.0.0.1:56872]
17:29:53.272 [Forwarding findElement on session d38e2200f9a8fa58db26d8aa86475878 to remote] DEBUG org.asynchttpclient.netty.request.NettyRequestSender - Using pooled Channel '[id: 0xacac6993, L:/127.0.0.1:57895 - R:localhost/127.0.0.1:56872]' for 'POST' to 'http://localhost:56872/session/d38e2200f9a8fa58db26d8aa86475878/element'
17:29:53.272 [Forwarding findElement on session d38e2200f9a8fa58db26d8aa86475878 to remote] DEBUG org.asynchttpclient.netty.request.NettyRequestSender - Using open Channel [id: 0xacac6993, L:/127.0.0.1:57895 - R:localhost/127.0.0.1:56872] for POST '/session/d38e2200f9a8fa58db26d8aa86475878/element'
17:29:53.282 [AsyncHttpClient-1-11] DEBUG org.asynchttpclient.netty.handler.HttpHandler - 

Request DefaultHttpRequest(decodeResult: success, version: HTTP/1.1)
POST /session/d38e2200f9a8fa58db26d8aa86475878/element HTTP/1.1
User-Agent: selenium/4.1.2 (java windows)
Content-Length: 50
Content-Type: application/json; charset=utf-8
host: localhost:56872
accept: */*

Response DefaultHttpResponse(decodeResult: success, version: HTTP/1.1)
HTTP/1.1 200 OK
Content-Type: application/json; charset=utf-8
cache-control: no-cache
content-length: 88

17:29:53.283 [AsyncHttpClient-1-11] DEBUG org.asynchttpclient.netty.channel.ChannelManager - Adding key: http://localhost:56872 for channel [id: 0xacac6993, L:/127.0.0.1:57895 - R:localhost/127.0.0.1:56872]
17:29:53.284 [Forwarding clickElement on session d38e2200f9a8fa58db26d8aa86475878 to remote] DEBUG org.asynchttpclient.netty.request.NettyRequestSender - Using pooled Channel '[id: 0xacac6993, L:/127.0.0.1:57895 - R:localhost/127.0.0.1:56872]' for 'POST' to 'http://localhost:56872/session/d38e2200f9a8fa58db26d8aa86475878/element/32588e0d-aa14-4088-b740-2bc8844e4350/click'
17:29:53.284 [Forwarding clickElement on session d38e2200f9a8fa58db26d8aa86475878 to remote] DEBUG org.asynchttpclient.netty.request.NettyRequestSender - Using open Channel [id: 0xacac6993, L:/127.0.0.1:57895 - R:localhost/127.0.0.1:56872] for POST '/session/d38e2200f9a8fa58db26d8aa86475878/element/32588e0d-aa14-4088-b740-2bc8844e4350/click'
17:29:53.331 [AsyncHttpClient-1-11] DEBUG org.asynchttpclient.netty.handler.HttpHandler - 

Request DefaultHttpRequest(decodeResult: success, version: HTTP/1.1)
POST /session/d38e2200f9a8fa58db26d8aa86475878/element/32588e0d-aa14-4088-b740-2bc8844e4350/click HTTP/1.1
User-Agent: selenium/4.1.2 (java windows)
Content-Length: 50
Content-Type: application/json; charset=utf-8
host: localhost:56872
accept: */*

Response DefaultHttpResponse(decodeResult: success, version: HTTP/1.1)
HTTP/1.1 200 OK
Content-Type: application/json; charset=utf-8
cache-control: no-cache
content-length: 14

17:29:53.332 [AsyncHttpClient-1-11] DEBUG org.asynchttpclient.netty.channel.ChannelManager - Adding key: http://localhost:56872 for channel [id: 0xacac6993, L:/127.0.0.1:57895 - R:localhost/127.0.0.1:56872]
  &amp#27;[32mAnd &amp#27;[0m&amp#27;[32mI click login button&amp#27;[0m                               &amp#27;[90m# starter.stepdefinitions.LoginStep.iClickLoginButton()&amp#27;[0m
17:29:53.340 [Forwarding screenshot on session d38e2200f9a8fa58db26d8aa86475878 to remote] DEBUG org.asynchttpclient.netty.request.NettyRequestSender - Using pooled Channel '[id: 0xacac6993, L:/127.0.0.1:57895 - R:localhost/127.0.0.1:56872]' for 'GET' to 'http://localhost:56872/session/d38e2200f9a8fa58db26d8aa86475878/screenshot'
17:29:53.340 [Forwarding screenshot on session d38e2200f9a8fa58db26d8aa86475878 to remote] DEBUG org.asynchttpclient.netty.request.NettyRequestSender - Using open Channel [id: 0xacac6993, L:/127.0.0.1:57895 - R:localhost/127.0.0.1:56872] for GET '/session/d38e2200f9a8fa58db26d8aa86475878/screenshot'
17:29:53.556 [AsyncHttpClient-1-11] DEBUG org.asynchttpclient.netty.handler.HttpHandler - 

Request DefaultFullHttpRequest(decodeResult: success, version: HTTP/1.1, content: EmptyByteBufBE)
GET /session/d38e2200f9a8fa58db26d8aa86475878/screenshot HTTP/1.1
User-Agent: selenium/4.1.2 (java windows)
Cache-Control: no-cache
Content-Type: application/json; charset=utf-8
host: localhost:56872
accept: */*

Response DefaultHttpResponse(decodeResult: success, version: HTTP/1.1)
HTTP/1.1 200 OK
Content-Type: application/json; charset=utf-8
cache-control: no-cache
content-length: 292640

17:29:53.557 [AsyncHttpClient-1-11] DEBUG org.asynchttpclient.netty.channel.ChannelManager - Adding key: http://localhost:56872 for channel [id: 0xacac6993, L:/127.0.0.1:57895 - R:localhost/127.0.0.1:56872]
17:29:53.570 [main] DEBUG net.serenitybdd.core.photography.Darkroom - Send negative for processing for target\site\serenity\3b249f677eda74b7217dd44dd822c384f6a90da44b086f41f3d9765b85e256ad.png
17:29:53.570 [Darkroom Processing Line] DEBUG net.serenitybdd.core.photography.DarkroomProcessingLine - Processing screenshot image in /var/screenshots/screenshot-6998693432949295096
17:29:53.570 [Darkroom Processing Line] DEBUG net.serenitybdd.core.photography.DarkroomProcessingLine - Saving screenshot to target\site\serenity\3b249f677eda74b7217dd44dd822c384f6a90da44b086f41f3d9765b85e256ad.png
17:29:53.578 [Forwarding findElement on session d38e2200f9a8fa58db26d8aa86475878 to remote] DEBUG org.asynchttpclient.netty.request.NettyRequestSender - Using pooled Channel '[id: 0xacac6993, L:/127.0.0.1:57895 - R:localhost/127.0.0.1:56872]' for 'POST' to 'http://localhost:56872/session/d38e2200f9a8fa58db26d8aa86475878/element'
17:29:53.578 [Forwarding findElement on session d38e2200f9a8fa58db26d8aa86475878 to remote] DEBUG org.asynchttpclient.netty.request.NettyRequestSender - Using open Channel [id: 0xacac6993, L:/127.0.0.1:57895 - R:localhost/127.0.0.1:56872] for POST '/session/d38e2200f9a8fa58db26d8aa86475878/element'
17:29:53.723 [AsyncHttpClient-1-11] DEBUG org.asynchttpclient.netty.handler.HttpHandler - 

Request DefaultHttpRequest(decodeResult: success, version: HTTP/1.1)
POST /session/d38e2200f9a8fa58db26d8aa86475878/element HTTP/1.1
User-Agent: selenium/4.1.2 (java windows)
Content-Length: 49
Content-Type: application/json; charset=utf-8
host: localhost:56872
accept: */*

Response DefaultHttpResponse(decodeResult: success, version: HTTP/1.1)
HTTP/1.1 200 OK
Content-Type: application/json; charset=utf-8
cache-control: no-cache
content-length: 88

17:29:53.723 [AsyncHttpClient-1-11] DEBUG org.asynchttpclient.netty.channel.ChannelManager - Adding key: http://localhost:56872 for channel [id: 0xacac6993, L:/127.0.0.1:57895 - R:localhost/127.0.0.1:56872]
17:29:53.729 [Forwarding isElementDisplayed on session d38e2200f9a8fa58db26d8aa86475878 to remote] DEBUG org.asynchttpclient.netty.request.NettyRequestSender - Using pooled Channel '[id: 0xacac6993, L:/127.0.0.1:57895 - R:localhost/127.0.0.1:56872]' for 'POST' to 'http://localhost:56872/session/d38e2200f9a8fa58db26d8aa86475878/execute/sync'
17:29:53.730 [Forwarding isElementDisplayed on session d38e2200f9a8fa58db26d8aa86475878 to remote] DEBUG org.asynchttpclient.netty.request.NettyRequestSender - Using open Channel [id: 0xacac6993, L:/127.0.0.1:57895 - R:localhost/127.0.0.1:56872] for POST '/session/d38e2200f9a8fa58db26d8aa86475878/execute/sync'
17:29:53.744 [AsyncHttpClient-1-11] DEBUG org.asynchttpclient.netty.handler.HttpHandler - 

Request DefaultHttpRequest(decodeResult: success, version: HTTP/1.1)
POST /session/d38e2200f9a8fa58db26d8aa86475878/execute/sync HTTP/1.1
User-Agent: selenium/4.1.2 (java windows)
Content-Length: 48780
Content-Type: application/json; charset=utf-8
host: localhost:56872
accept: */*

Response DefaultHttpResponse(decodeResult: success, version: HTTP/1.1)
HTTP/1.1 200 OK
Content-Type: application/json; charset=utf-8
cache-control: no-cache
content-length: 14

17:29:53.745 [AsyncHttpClient-1-11] DEBUG org.asynchttpclient.netty.channel.ChannelManager - Adding key: http://localhost:56872 for channel [id: 0xacac6993, L:/127.0.0.1:57895 - R:localhost/127.0.0.1:56872]
  &amp#27;[32mThen &amp#27;[0m&amp#27;[32mI will get error message&amp#27;[0m                          &amp#27;[90m# starter.stepdefinitions.LoginStep.iWillGetErrorMessage()&amp#27;[0m
17:29:53.751 [Forwarding screenshot on session d38e2200f9a8fa58db26d8aa86475878 to remote] DEBUG org.asynchttpclient.netty.request.NettyRequestSender - Using pooled Channel '[id: 0xacac6993, L:/127.0.0.1:57895 - R:localhost/127.0.0.1:56872]' for 'GET' to 'http://localhost:56872/session/d38e2200f9a8fa58db26d8aa86475878/screenshot'
17:29:53.751 [Forwarding screenshot on session d38e2200f9a8fa58db26d8aa86475878 to remote] DEBUG org.asynchttpclient.netty.request.NettyRequestSender - Using open Channel [id: 0xacac6993, L:/127.0.0.1:57895 - R:localhost/127.0.0.1:56872] for GET '/session/d38e2200f9a8fa58db26d8aa86475878/screenshot'
17:29:54.013 [AsyncHttpClient-1-11] DEBUG org.asynchttpclient.netty.handler.HttpHandler - 

Request DefaultFullHttpRequest(decodeResult: success, version: HTTP/1.1, content: EmptyByteBufBE)
GET /session/d38e2200f9a8fa58db26d8aa86475878/screenshot HTTP/1.1
User-Agent: selenium/4.1.2 (java windows)
Cache-Control: no-cache
Content-Type: application/json; charset=utf-8
host: localhost:56872
accept: */*

Response DefaultHttpResponse(decodeResult: success, version: HTTP/1.1)
HTTP/1.1 200 OK
Content-Type: application/json; charset=utf-8
cache-control: no-cache
content-length: 322228

17:29:54.014 [AsyncHttpClient-1-11] DEBUG org.asynchttpclient.netty.channel.ChannelManager - Adding key: http://localhost:56872 for channel [id: 0xacac6993, L:/127.0.0.1:57895 - R:localhost/127.0.0.1:56872]
17:29:54.027 [main] DEBUG net.serenitybdd.core.photography.Darkroom - Send negative for processing for target\site\serenity\b088f5cac04ad489af997afa5c2d1fc977914dbf6cfb081570ec9598cdca7886.png
17:29:54.028 [Darkroom Processing Line] DEBUG net.serenitybdd.core.photography.DarkroomProcessingLine - Processing screenshot image in /var/screenshots/screenshot-4830289665940072144
17:29:54.028 [Darkroom Processing Line] DEBUG net.serenitybdd.core.photography.DarkroomProcessingLine - Saving screenshot to target\site\serenity\b088f5cac04ad489af997afa5c2d1fc977914dbf6cfb081570ec9598cdca7886.png
17:29:54.029 [main] INFO  - 
  _____   ___   ___   _____     ___     _     ___   ___   ___   ___  
 |_   _| | __| / __| |_   _|   | _ \   /_\   / __| / __| | __| |   \ 
   | |   | _|  \__ \   | |     |  _/  / _ \  \__ \ \__ \ | _|  | |) |
   |_|   |___| |___/   |_|     |_|   /_/ \_\ |___/ |___/ |___| |___/ 

Login with valid username and invalid password
----------------------------------------------------------------------
17:29:54.030 [AsyncHttpClient-1-13] DEBUG org.asynchttpclient.netty.handler.WebSocketHandler - Channel Closed: [id: 0x6eabdb0d, L:/127.0.0.1:57904 ! R:localhost/127.0.0.1:57896] with attribute NettyResponseFuture{currentRetry=5,
	isDone=1,
	isCancelled=0,
	asyncHandler=org.asynchttpclient.ws.WebSocketUpgradeHandler@39ea4be9,
	nettyRequest=org.asynchttpclient.netty.request.NettyRequest@7ce8c2b0,
	future=java.util.concurrent.CompletableFuture@5edc335c[Completed normally],
	uri=ws://localhost:57896/devtools/browser/17c2feb7-7d45-4fc0-ba21-1795b3a0f101,
	keepAlive=true,
	redirectCount=0,
	timeoutsHolder=null,
	inAuth=0,
	touch=1664965785818}
17:29:54.031 [AsyncHttpClient-1-13] DEBUG org.asynchttpclient.netty.channel.ChannelManager - Closing Channel [id: 0x6eabdb0d, L:/127.0.0.1:57904 ! R:localhost/127.0.0.1:57896] 
17:29:54.031 [Driver Command Executor] DEBUG org.asynchttpclient.netty.request.NettyRequestSender - Using pooled Channel '[id: 0xacac6993, L:/127.0.0.1:57895 - R:localhost/127.0.0.1:56872]' for 'DELETE' to 'http://localhost:56872/session/d38e2200f9a8fa58db26d8aa86475878'
17:29:54.031 [Driver Command Executor] DEBUG org.asynchttpclient.netty.request.NettyRequestSender - Using open Channel [id: 0xacac6993, L:/127.0.0.1:57895 - R:localhost/127.0.0.1:56872] for DELETE '/session/d38e2200f9a8fa58db26d8aa86475878'
17:29:54.111 [AsyncHttpClient-1-12] DEBUG org.asynchttpclient.netty.handler.HttpHandler - Unexpected I/O exception on channel [id: 0x6a34de13, L:/127.0.0.1:57903 - R:localhost/127.0.0.1:57896]
java.net.SocketException: Connection reset
	at java.base/sun.nio.ch.SocketChannelImpl.throwConnectionReset(SocketChannelImpl.java:345)
	at java.base/sun.nio.ch.SocketChannelImpl.read(SocketChannelImpl.java:376)
	at io.netty.buffer.PooledByteBuf.setBytes(PooledByteBuf.java:258)
	at io.netty.buffer.AbstractByteBuf.writeBytes(AbstractByteBuf.java:1132)
	at io.netty.channel.socket.nio.NioSocketChannel.doReadBytes(NioSocketChannel.java:350)
	at io.netty.channel.nio.AbstractNioByteChannel$NioByteUnsafe.read(AbstractNioByteChannel.java:151)
	at io.netty.channel.nio.NioEventLoop.processSelectedKey(NioEventLoop.java:722)
	at io.netty.channel.nio.NioEventLoop.processSelectedKeysOptimized(NioEventLoop.java:658)
	at io.netty.channel.nio.NioEventLoop.processSelectedKeys(NioEventLoop.java:584)
	at io.netty.channel.nio.NioEventLoop.run(NioEventLoop.java:496)
	at io.netty.util.concurrent.SingleThreadEventExecutor$4.run(SingleThreadEventExecutor.java:986)
	at io.netty.util.internal.ThreadExecutorMap$2.run(ThreadExecutorMap.java:74)
	at io.netty.util.concurrent.FastThreadLocalRunnable.run(FastThreadLocalRunnable.java:30)
	at java.base/java.lang.Thread.run(Thread.java:830)
17:29:54.111 [AsyncHttpClient-1-12] DEBUG org.asynchttpclient.netty.channel.ChannelManager - Closing Channel [id: 0x6a34de13, L:/127.0.0.1:57903 - R:localhost/127.0.0.1:57896] 
17:29:54.111 [AsyncHttpClient-1-12] DEBUG org.asynchttpclient.netty.handler.HttpHandler - Channel Closed: [id: 0x6a34de13, L:/127.0.0.1:57903 ! R:localhost/127.0.0.1:57896] with attribute DISCARD
17:29:54.131 [AsyncHttpClient-1-11] DEBUG org.asynchttpclient.netty.handler.HttpHandler - 

Request DefaultFullHttpRequest(decodeResult: success, version: HTTP/1.1, content: EmptyByteBufBE)
DELETE /session/d38e2200f9a8fa58db26d8aa86475878 HTTP/1.1
User-Agent: selenium/4.1.2 (java windows)
Content-Type: application/json; charset=utf-8
host: localhost:56872
accept: */*

Response DefaultHttpResponse(decodeResult: success, version: HTTP/1.1)
HTTP/1.1 200 OK
Content-Type: application/json; charset=utf-8
cache-control: no-cache
content-length: 14

17:29:54.131 [AsyncHttpClient-1-11] DEBUG org.asynchttpclient.netty.channel.ChannelManager - Adding key: http://localhost:56872 for channel [id: 0xacac6993, L:/127.0.0.1:57895 - R:localhost/127.0.0.1:56872]
17:29:54.137 [AsyncHttpClient-1-1] DEBUG org.asynchttpclient.netty.channel.DefaultChannelPool - Entry count for : http://localhost:57896 : 1
17:29:54.137 [AsyncHttpClient-1-1] DEBUG org.asynchttpclient.netty.channel.DefaultChannelPool - Entry count for : http://localhost:56872 : 1
17:29:54.137 [AsyncHttpClient-1-1] DEBUG org.asynchttpclient.netty.channel.DefaultChannelPool - Adding Candidate expired Channel [id: 0x6a34de13, L:/127.0.0.1:57903 ! R:localhost/127.0.0.1:57896] isIdleTimeoutExpired=false isRemotelyClosed=true isTtlExpired=false
17:29:54.137 [AsyncHttpClient-1-1] DEBUG org.asynchttpclient.netty.channel.DefaultChannelPool - Closing Idle Channel [id: 0x6a34de13, L:/127.0.0.1:57903 ! R:localhost/127.0.0.1:57896]
17:29:54.137 [AsyncHttpClient-1-1] DEBUG org.asynchttpclient.netty.channel.DefaultChannelPool - Closed 1 connections out of 2 in 0 ms
17:29:54.188 [AsyncHttpClient-1-11] DEBUG org.asynchttpclient.netty.handler.HttpHandler - Channel Closed: [id: 0xacac6993, L:/127.0.0.1:57895 ! R:localhost/127.0.0.1:56872] with attribute DISCARD
]]></system-out>
    <system-err><![CDATA[Starting ChromeDriver 106.0.5249.61 (511755355844955cd3e264779baf0dd38212a4d0-refs/branch-heads/5249@{#569}) on port 56872
Only local connections are allowed.
Please see https://chromedriver.chromium.org/security-considerations for suggestions on keeping ChromeDriver safe.
ChromeDriver was started successfully.
Oct 05, 2022 5:29:45 PM org.openqa.selenium.remote.ProtocolHandshake createSession
INFO: Detected dialect: W3C
Oct 05, 2022 5:29:45 PM org.openqa.selenium.devtools.CdpVersionFinder findNearestMatch
WARNING: Unable to find an exact match for CDP version 106, so returning the closest version found: a no-op implementation
Oct 05, 2022 5:29:45 PM org.openqa.selenium.devtools.CdpVersionFinder findNearestMatch
INFO: Unable to find CDP implementation matching 106.
Oct 05, 2022 5:29:45 PM org.openqa.selenium.chromium.ChromiumDriver lambda$new$3
WARNING: Unable to find version of CDP to use for . You may need to include a dependency on a specific version of the CDP using something similar to `org.seleniumhq.selenium:selenium-devtools-v86:4.1.2` where the version ("v86") matches the version of the chromium-based browser you're using and the version number of the artifact is the same as Selenium's.
]]></system-err>
  </testcase>
  <testcase name="Login with empty username and password" classname="Login" time="11.293">
    <system-out><![CDATA[
Scenario: Login with empty username and password &amp#27;[90m# src/test/resources/features/Login.feature:32&amp#27;[0m
17:29:54.738 [main] INFO io.cucumber.core.plugin.SerenityReporter - Running feature from file:///C:/Users/ASUS/Desktop/stupen/repo/21_Review%20Web%20UI%20Testing%20with%20Serenity/Praktikum/qaBooks/src/test/resources/features/Login.feature
17:29:54.740 [main] INFO  - 
  _____   ___   ___   _____     ___   _____     _     ___   _____   ___   ___  
 |_   _| | __| / __| |_   _|   / __| |_   _|   /_\   | _ \ |_   _| | __| |   \ 
   | |   | _|  \__ \   | |     \__ \   | |    / _ \  |   /   | |   | _|  | |) |
   |_|   |___| |___/   |_|     |___/   |_|   /_/ \_\ |_|_\   |_|   |___| |___/ 

Login with empty username and password(login;login-with-empty-username-and-password)
--------------------------------------------------------------------------------
17:29:54.754 [main] INFO net.serenitybdd.core.webdriver.driverproviders.ChromeDriverProvider - Using automatically driver download
17:29:54.915 [main] DEBUG io.github.bonigarcia.wdm.cache.ResolutionCache - Resolution chrome=106 in cache (valid until 17:53:10 05/10/2022 WIB)
17:29:54.920 [main] DEBUG io.github.bonigarcia.wdm.cache.ResolutionCache - Resolution chrome106=106.0.5249.61 in cache (valid until 14:14:44 06/10/2022 WIB)
17:29:54.922 [main] INFO io.github.bonigarcia.wdm.WebDriverManager - Using chromedriver 106.0.5249.61 (resolved driver for Chrome 106)
17:29:54.939 [main] DEBUG io.github.bonigarcia.wdm.WebDriverManager - Driver chromedriver 106.0.5249.61 found in cache
17:29:54.939 [main] INFO io.github.bonigarcia.wdm.WebDriverManager - Exporting webdriver.chrome.driver as C:\Users\ASUS\.cache\selenium\chromedriver\win32\106.0.5249.61\chromedriver.exe
17:29:55.114 [main] DEBUG net.serenitybdd.core.webdriver.driverproviders.ProvideNewDriver - Instantiating driver
17:29:55.114 [main] DEBUG net.serenitybdd.core.webdriver.driverproviders.ProvideNewDriver - Driver capabilities: Capabilities {acceptInsecureCerts: false, base.url: https://demoqa.com/books, browserName: chrome, chrome.driver: src/test/resources/webdrive..., driver: chrome, goog:chromeOptions: {args: [], extensions: []}}
17:29:55.237 [AsyncHttpClient-1-1] DEBUG org.asynchttpclient.netty.channel.DefaultChannelPool - Entry count for : http://localhost:56872 : 1
17:29:55.237 [AsyncHttpClient-1-1] DEBUG org.asynchttpclient.netty.channel.DefaultChannelPool - Adding Candidate expired Channel [id: 0xacac6993, L:/127.0.0.1:57895 ! R:localhost/127.0.0.1:56872] isIdleTimeoutExpired=false isRemotelyClosed=true isTtlExpired=false
17:29:55.237 [AsyncHttpClient-1-1] DEBUG org.asynchttpclient.netty.channel.DefaultChannelPool - Closing Idle Channel [id: 0xacac6993, L:/127.0.0.1:57895 ! R:localhost/127.0.0.1:56872]
17:29:55.237 [AsyncHttpClient-1-1] DEBUG org.asynchttpclient.netty.channel.DefaultChannelPool - Closed 1 connections out of 1 in 0 ms
17:29:55.669 [AsyncHttpClient-1-14] DEBUG org.asynchttpclient.netty.channel.NettyConnectListener - Using new Channel '[id: 0x00217b89, L:/127.0.0.1:57964 - R:localhost/127.0.0.1:61992]' for 'POST' to '/session'
17:29:56.532 [AsyncHttpClient-1-14] DEBUG org.asynchttpclient.netty.handler.HttpHandler - 

Request DefaultHttpRequest(decodeResult: success, version: HTTP/1.1)
POST /session HTTP/1.1
User-Agent: selenium/4.1.2 (java windows)
Content-Length: 610
Content-Type: application/json; charset=utf-8
host: localhost:61992
accept: */*

Response DefaultHttpResponse(decodeResult: success, version: HTTP/1.1)
HTTP/1.1 200 OK
Content-Type: application/json; charset=utf-8
cache-control: no-cache
content-length: 789

17:29:56.532 [AsyncHttpClient-1-14] DEBUG org.asynchttpclient.netty.channel.ChannelManager - Adding key: http://localhost:61992 for channel [id: 0x00217b89, L:/127.0.0.1:57964 - R:localhost/127.0.0.1:61992]
17:29:56.550 [AsyncHttpClient-1-15] DEBUG org.asynchttpclient.netty.channel.NettyConnectListener - Using new Channel '[id: 0xb08fb8e6, L:/127.0.0.1:57974 - R:localhost/127.0.0.1:57968]' for 'GET' to '/json/version'
17:29:56.555 [AsyncHttpClient-1-15] DEBUG org.asynchttpclient.netty.handler.HttpHandler - 

Request DefaultFullHttpRequest(decodeResult: success, version: HTTP/1.1, content: EmptyByteBufBE)
GET /json/version HTTP/1.1
User-Agent: selenium/4.1.2 (java windows)
host: localhost:57968
accept: */*

Response DefaultHttpResponse(decodeResult: success, version: HTTP/1.1)
HTTP/1.1 200 OK
Content-Type: application/json; charset=UTF-8
content-length: 423

17:29:56.555 [AsyncHttpClient-1-15] DEBUG org.asynchttpclient.netty.channel.ChannelManager - Adding key: http://localhost:57968 for channel [id: 0xb08fb8e6, L:/127.0.0.1:57974 - R:localhost/127.0.0.1:57968]
17:29:56.562 [AsyncHttpClient-1-16] DEBUG org.asynchttpclient.netty.channel.NettyConnectListener - Using new Channel '[id: 0x0c57123a, L:/127.0.0.1:57975 - R:localhost/127.0.0.1:57968]' for 'GET' to '/devtools/browser/32a07d9a-6d75-4cd1-8d5e-522c28265ecd'
17:29:56.568 [AsyncHttpClient-1-16] DEBUG org.asynchttpclient.netty.handler.WebSocketHandler - 

Request DefaultFullHttpRequest(decodeResult: success, version: HTTP/1.1, content: EmptyByteBufBE)
GET /devtools/browser/32a07d9a-6d75-4cd1-8d5e-522c28265ecd HTTP/1.1
upgrade: websocket
connection: upgrade
sec-websocket-key: gNWe6MHCt4CLbzxQfxf4hA==
sec-websocket-version: 13
origin: http://localhost:57968
host: localhost:57968
accept: */*
user-agent: AHC/2.1

Response DefaultHttpResponse(decodeResult: success, version: HTTP/1.1)
HTTP/1.1 101 WebSocket Protocol Handshake
Upgrade: WebSocket
Connection: Upgrade
Sec-WebSocket-Accept: ri3rGQlcMiS24fktJN+gx/tPIdQ=

17:29:56.578 [Forwarding get on session bf334f4da282c52a69c7194d4e1c4f69 to remote] DEBUG org.asynchttpclient.netty.request.NettyRequestSender - Using pooled Channel '[id: 0x00217b89, L:/127.0.0.1:57964 - R:localhost/127.0.0.1:61992]' for 'POST' to 'http://localhost:61992/session/bf334f4da282c52a69c7194d4e1c4f69/url'
17:29:56.578 [Forwarding get on session bf334f4da282c52a69c7194d4e1c4f69 to remote] DEBUG org.asynchttpclient.netty.request.NettyRequestSender - Using open Channel [id: 0x00217b89, L:/127.0.0.1:57964 - R:localhost/127.0.0.1:61992] for POST '/session/bf334f4da282c52a69c7194d4e1c4f69/url'
17:29:57.436 [AsyncHttpClient-1-1] DEBUG org.asynchttpclient.netty.channel.DefaultChannelPool - Entry count for : http://localhost:57968 : 1
17:29:58.539 [AsyncHttpClient-1-1] DEBUG org.asynchttpclient.netty.channel.DefaultChannelPool - Entry count for : http://localhost:57968 : 1
17:29:59.642 [AsyncHttpClient-1-1] DEBUG org.asynchttpclient.netty.channel.DefaultChannelPool - Entry count for : http://localhost:57968 : 1
17:30:00.741 [AsyncHttpClient-1-1] DEBUG org.asynchttpclient.netty.channel.DefaultChannelPool - Entry count for : http://localhost:57968 : 1
17:30:01.844 [AsyncHttpClient-1-1] DEBUG org.asynchttpclient.netty.channel.DefaultChannelPool - Entry count for : http://localhost:57968 : 1
17:30:02.936 [AsyncHttpClient-1-1] DEBUG org.asynchttpclient.netty.channel.DefaultChannelPool - Entry count for : http://localhost:57968 : 1
17:30:03.115 [AsyncHttpClient-1-14] DEBUG org.asynchttpclient.netty.handler.HttpHandler - 

Request DefaultHttpRequest(decodeResult: success, version: HTTP/1.1)
POST /session/bf334f4da282c52a69c7194d4e1c4f69/url HTTP/1.1
User-Agent: selenium/4.1.2 (java windows)
Content-Length: 60
Content-Type: application/json; charset=utf-8
host: localhost:61992
accept: */*

Response DefaultHttpResponse(decodeResult: success, version: HTTP/1.1)
HTTP/1.1 200 OK
Content-Type: application/json; charset=utf-8
cache-control: no-cache
content-length: 14

17:30:03.115 [AsyncHttpClient-1-14] DEBUG org.asynchttpclient.netty.channel.ChannelManager - Adding key: http://localhost:61992 for channel [id: 0x00217b89, L:/127.0.0.1:57964 - R:localhost/127.0.0.1:61992]
17:30:03.116 [Forwarding setTimeout on session bf334f4da282c52a69c7194d4e1c4f69 to remote] DEBUG org.asynchttpclient.netty.request.NettyRequestSender - Using pooled Channel '[id: 0x00217b89, L:/127.0.0.1:57964 - R:localhost/127.0.0.1:61992]' for 'POST' to 'http://localhost:61992/session/bf334f4da282c52a69c7194d4e1c4f69/timeouts'
17:30:03.116 [Forwarding setTimeout on session bf334f4da282c52a69c7194d4e1c4f69 to remote] DEBUG org.asynchttpclient.netty.request.NettyRequestSender - Using open Channel [id: 0x00217b89, L:/127.0.0.1:57964 - R:localhost/127.0.0.1:61992] for POST '/session/bf334f4da282c52a69c7194d4e1c4f69/timeouts'
17:30:03.117 [AsyncHttpClient-1-14] DEBUG org.asynchttpclient.netty.handler.HttpHandler - 

Request DefaultHttpRequest(decodeResult: success, version: HTTP/1.1)
POST /session/bf334f4da282c52a69c7194d4e1c4f69/timeouts HTTP/1.1
User-Agent: selenium/4.1.2 (java windows)
Content-Length: 22
Content-Type: application/json; charset=utf-8
host: localhost:61992
accept: */*

Response DefaultHttpResponse(decodeResult: success, version: HTTP/1.1)
HTTP/1.1 200 OK
Content-Type: application/json; charset=utf-8
cache-control: no-cache
content-length: 14

17:30:03.117 [AsyncHttpClient-1-14] DEBUG org.asynchttpclient.netty.channel.ChannelManager - Adding key: http://localhost:61992 for channel [id: 0x00217b89, L:/127.0.0.1:57964 - R:localhost/127.0.0.1:61992]
17:30:03.120 [Forwarding getCurrentUrl on session bf334f4da282c52a69c7194d4e1c4f69 to remote] DEBUG org.asynchttpclient.netty.request.NettyRequestSender - Using pooled Channel '[id: 0x00217b89, L:/127.0.0.1:57964 - R:localhost/127.0.0.1:61992]' for 'GET' to 'http://localhost:61992/session/bf334f4da282c52a69c7194d4e1c4f69/url'
17:30:03.120 [Forwarding getCurrentUrl on session bf334f4da282c52a69c7194d4e1c4f69 to remote] DEBUG org.asynchttpclient.netty.request.NettyRequestSender - Using open Channel [id: 0x00217b89, L:/127.0.0.1:57964 - R:localhost/127.0.0.1:61992] for GET '/session/bf334f4da282c52a69c7194d4e1c4f69/url'
17:30:03.126 [AsyncHttpClient-1-14] DEBUG org.asynchttpclient.netty.handler.HttpHandler - 

Request DefaultFullHttpRequest(decodeResult: success, version: HTTP/1.1, content: EmptyByteBufBE)
GET /session/bf334f4da282c52a69c7194d4e1c4f69/url HTTP/1.1
User-Agent: selenium/4.1.2 (java windows)
Cache-Control: no-cache
Content-Type: application/json; charset=utf-8
host: localhost:61992
accept: */*

Response DefaultHttpResponse(decodeResult: success, version: HTTP/1.1)
HTTP/1.1 200 OK
Content-Type: application/json; charset=utf-8
cache-control: no-cache
content-length: 37

17:30:03.126 [AsyncHttpClient-1-14] DEBUG org.asynchttpclient.netty.channel.ChannelManager - Adding key: http://localhost:61992 for channel [id: 0x00217b89, L:/127.0.0.1:57964 - R:localhost/127.0.0.1:61992]
17:30:03.132 [Forwarding findElement on session bf334f4da282c52a69c7194d4e1c4f69 to remote] DEBUG org.asynchttpclient.netty.request.NettyRequestSender - Using pooled Channel '[id: 0x00217b89, L:/127.0.0.1:57964 - R:localhost/127.0.0.1:61992]' for 'POST' to 'http://localhost:61992/session/bf334f4da282c52a69c7194d4e1c4f69/element'
17:30:03.132 [Forwarding findElement on session bf334f4da282c52a69c7194d4e1c4f69 to remote] DEBUG org.asynchttpclient.netty.request.NettyRequestSender - Using open Channel [id: 0x00217b89, L:/127.0.0.1:57964 - R:localhost/127.0.0.1:61992] for POST '/session/bf334f4da282c52a69c7194d4e1c4f69/element'
17:30:03.145 [AsyncHttpClient-1-14] DEBUG org.asynchttpclient.netty.handler.HttpHandler - 

Request DefaultHttpRequest(decodeResult: success, version: HTTP/1.1)
POST /session/bf334f4da282c52a69c7194d4e1c4f69/element HTTP/1.1
User-Agent: selenium/4.1.2 (java windows)
Content-Length: 50
Content-Type: application/json; charset=utf-8
host: localhost:61992
accept: */*

Response DefaultHttpResponse(decodeResult: success, version: HTTP/1.1)
HTTP/1.1 200 OK
Content-Type: application/json; charset=utf-8
cache-control: no-cache
content-length: 88

17:30:03.145 [AsyncHttpClient-1-14] DEBUG org.asynchttpclient.netty.channel.ChannelManager - Adding key: http://localhost:61992 for channel [id: 0x00217b89, L:/127.0.0.1:57964 - R:localhost/127.0.0.1:61992]
17:30:03.149 [Forwarding isElementDisplayed on session bf334f4da282c52a69c7194d4e1c4f69 to remote] DEBUG org.asynchttpclient.netty.request.NettyRequestSender - Using pooled Channel '[id: 0x00217b89, L:/127.0.0.1:57964 - R:localhost/127.0.0.1:61992]' for 'POST' to 'http://localhost:61992/session/bf334f4da282c52a69c7194d4e1c4f69/execute/sync'
17:30:03.150 [Forwarding isElementDisplayed on session bf334f4da282c52a69c7194d4e1c4f69 to remote] DEBUG org.asynchttpclient.netty.request.NettyRequestSender - Using open Channel [id: 0x00217b89, L:/127.0.0.1:57964 - R:localhost/127.0.0.1:61992] for POST '/session/bf334f4da282c52a69c7194d4e1c4f69/execute/sync'
17:30:03.164 [AsyncHttpClient-1-14] DEBUG org.asynchttpclient.netty.handler.HttpHandler - 

Request DefaultHttpRequest(decodeResult: success, version: HTTP/1.1)
POST /session/bf334f4da282c52a69c7194d4e1c4f69/execute/sync HTTP/1.1
User-Agent: selenium/4.1.2 (java windows)
Content-Length: 48780
Content-Type: application/json; charset=utf-8
host: localhost:61992
accept: */*

Response DefaultHttpResponse(decodeResult: success, version: HTTP/1.1)
HTTP/1.1 200 OK
Content-Type: application/json; charset=utf-8
cache-control: no-cache
content-length: 14

17:30:03.164 [AsyncHttpClient-1-14] DEBUG org.asynchttpclient.netty.channel.ChannelManager - Adding key: http://localhost:61992 for channel [id: 0x00217b89, L:/127.0.0.1:57964 - R:localhost/127.0.0.1:61992]
17:30:03.167 [Forwarding findElement on session bf334f4da282c52a69c7194d4e1c4f69 to remote] DEBUG org.asynchttpclient.netty.request.NettyRequestSender - Using pooled Channel '[id: 0x00217b89, L:/127.0.0.1:57964 - R:localhost/127.0.0.1:61992]' for 'POST' to 'http://localhost:61992/session/bf334f4da282c52a69c7194d4e1c4f69/element'
17:30:03.167 [Forwarding findElement on session bf334f4da282c52a69c7194d4e1c4f69 to remote] DEBUG org.asynchttpclient.netty.request.NettyRequestSender - Using open Channel [id: 0x00217b89, L:/127.0.0.1:57964 - R:localhost/127.0.0.1:61992] for POST '/session/bf334f4da282c52a69c7194d4e1c4f69/element'
17:30:03.174 [AsyncHttpClient-1-14] DEBUG org.asynchttpclient.netty.handler.HttpHandler - 

Request DefaultHttpRequest(decodeResult: success, version: HTTP/1.1)
POST /session/bf334f4da282c52a69c7194d4e1c4f69/element HTTP/1.1
User-Agent: selenium/4.1.2 (java windows)
Content-Length: 50
Content-Type: application/json; charset=utf-8
host: localhost:61992
accept: */*

Response DefaultHttpResponse(decodeResult: success, version: HTTP/1.1)
HTTP/1.1 200 OK
Content-Type: application/json; charset=utf-8
cache-control: no-cache
content-length: 88

17:30:03.174 [AsyncHttpClient-1-14] DEBUG org.asynchttpclient.netty.channel.ChannelManager - Adding key: http://localhost:61992 for channel [id: 0x00217b89, L:/127.0.0.1:57964 - R:localhost/127.0.0.1:61992]
17:30:03.176 [Forwarding getElementTagName on session bf334f4da282c52a69c7194d4e1c4f69 to remote] DEBUG org.asynchttpclient.netty.request.NettyRequestSender - Using pooled Channel '[id: 0x00217b89, L:/127.0.0.1:57964 - R:localhost/127.0.0.1:61992]' for 'GET' to 'http://localhost:61992/session/bf334f4da282c52a69c7194d4e1c4f69/element/79c04757-3cf5-40dd-bf5e-ac5b8f4f0810/name'
17:30:03.176 [Forwarding getElementTagName on session bf334f4da282c52a69c7194d4e1c4f69 to remote] DEBUG org.asynchttpclient.netty.request.NettyRequestSender - Using open Channel [id: 0x00217b89, L:/127.0.0.1:57964 - R:localhost/127.0.0.1:61992] for GET '/session/bf334f4da282c52a69c7194d4e1c4f69/element/79c04757-3cf5-40dd-bf5e-ac5b8f4f0810/name'
17:30:03.182 [AsyncHttpClient-1-14] DEBUG org.asynchttpclient.netty.handler.HttpHandler - 

Request DefaultFullHttpRequest(decodeResult: success, version: HTTP/1.1, content: EmptyByteBufBE)
GET /session/bf334f4da282c52a69c7194d4e1c4f69/element/79c04757-3cf5-40dd-bf5e-ac5b8f4f0810/name HTTP/1.1
User-Agent: selenium/4.1.2 (java windows)
Cache-Control: no-cache
Content-Type: application/json; charset=utf-8
host: localhost:61992
accept: */*

Response DefaultHttpResponse(decodeResult: success, version: HTTP/1.1)
HTTP/1.1 200 OK
Content-Type: application/json; charset=utf-8
cache-control: no-cache
content-length: 18

17:30:03.182 [AsyncHttpClient-1-14] DEBUG org.asynchttpclient.netty.channel.ChannelManager - Adding key: http://localhost:61992 for channel [id: 0x00217b89, L:/127.0.0.1:57964 - R:localhost/127.0.0.1:61992]
17:30:03.183 [Forwarding getElementTagName on session bf334f4da282c52a69c7194d4e1c4f69 to remote] DEBUG org.asynchttpclient.netty.request.NettyRequestSender - Using pooled Channel '[id: 0x00217b89, L:/127.0.0.1:57964 - R:localhost/127.0.0.1:61992]' for 'GET' to 'http://localhost:61992/session/bf334f4da282c52a69c7194d4e1c4f69/element/79c04757-3cf5-40dd-bf5e-ac5b8f4f0810/name'
17:30:03.183 [Forwarding getElementTagName on session bf334f4da282c52a69c7194d4e1c4f69 to remote] DEBUG org.asynchttpclient.netty.request.NettyRequestSender - Using open Channel [id: 0x00217b89, L:/127.0.0.1:57964 - R:localhost/127.0.0.1:61992] for GET '/session/bf334f4da282c52a69c7194d4e1c4f69/element/79c04757-3cf5-40dd-bf5e-ac5b8f4f0810/name'
17:30:03.188 [AsyncHttpClient-1-14] DEBUG org.asynchttpclient.netty.handler.HttpHandler - 

Request DefaultFullHttpRequest(decodeResult: success, version: HTTP/1.1, content: EmptyByteBufBE)
GET /session/bf334f4da282c52a69c7194d4e1c4f69/element/79c04757-3cf5-40dd-bf5e-ac5b8f4f0810/name HTTP/1.1
User-Agent: selenium/4.1.2 (java windows)
Cache-Control: no-cache
Content-Type: application/json; charset=utf-8
host: localhost:61992
accept: */*

Response DefaultHttpResponse(decodeResult: success, version: HTTP/1.1)
HTTP/1.1 200 OK
Content-Type: application/json; charset=utf-8
cache-control: no-cache
content-length: 18

17:30:03.188 [AsyncHttpClient-1-14] DEBUG org.asynchttpclient.netty.channel.ChannelManager - Adding key: http://localhost:61992 for channel [id: 0x00217b89, L:/127.0.0.1:57964 - R:localhost/127.0.0.1:61992]
17:30:03.190 [Forwarding isElementEnabled on session bf334f4da282c52a69c7194d4e1c4f69 to remote] DEBUG org.asynchttpclient.netty.request.NettyRequestSender - Using pooled Channel '[id: 0x00217b89, L:/127.0.0.1:57964 - R:localhost/127.0.0.1:61992]' for 'GET' to 'http://localhost:61992/session/bf334f4da282c52a69c7194d4e1c4f69/element/79c04757-3cf5-40dd-bf5e-ac5b8f4f0810/enabled'
17:30:03.190 [Forwarding isElementEnabled on session bf334f4da282c52a69c7194d4e1c4f69 to remote] DEBUG org.asynchttpclient.netty.request.NettyRequestSender - Using open Channel [id: 0x00217b89, L:/127.0.0.1:57964 - R:localhost/127.0.0.1:61992] for GET '/session/bf334f4da282c52a69c7194d4e1c4f69/element/79c04757-3cf5-40dd-bf5e-ac5b8f4f0810/enabled'
17:30:03.199 [AsyncHttpClient-1-14] DEBUG org.asynchttpclient.netty.handler.HttpHandler - 

Request DefaultFullHttpRequest(decodeResult: success, version: HTTP/1.1, content: EmptyByteBufBE)
GET /session/bf334f4da282c52a69c7194d4e1c4f69/element/79c04757-3cf5-40dd-bf5e-ac5b8f4f0810/enabled HTTP/1.1
User-Agent: selenium/4.1.2 (java windows)
Cache-Control: no-cache
Content-Type: application/json; charset=utf-8
host: localhost:61992
accept: */*

Response DefaultHttpResponse(decodeResult: success, version: HTTP/1.1)
HTTP/1.1 200 OK
Content-Type: application/json; charset=utf-8
cache-control: no-cache
content-length: 14

17:30:03.200 [AsyncHttpClient-1-14] DEBUG org.asynchttpclient.netty.channel.ChannelManager - Adding key: http://localhost:61992 for channel [id: 0x00217b89, L:/127.0.0.1:57964 - R:localhost/127.0.0.1:61992]
17:30:03.202 [Forwarding isElementEnabled on session bf334f4da282c52a69c7194d4e1c4f69 to remote] DEBUG org.asynchttpclient.netty.request.NettyRequestSender - Using pooled Channel '[id: 0x00217b89, L:/127.0.0.1:57964 - R:localhost/127.0.0.1:61992]' for 'GET' to 'http://localhost:61992/session/bf334f4da282c52a69c7194d4e1c4f69/element/79c04757-3cf5-40dd-bf5e-ac5b8f4f0810/enabled'
17:30:03.202 [Forwarding isElementEnabled on session bf334f4da282c52a69c7194d4e1c4f69 to remote] DEBUG org.asynchttpclient.netty.request.NettyRequestSender - Using open Channel [id: 0x00217b89, L:/127.0.0.1:57964 - R:localhost/127.0.0.1:61992] for GET '/session/bf334f4da282c52a69c7194d4e1c4f69/element/79c04757-3cf5-40dd-bf5e-ac5b8f4f0810/enabled'
17:30:03.209 [AsyncHttpClient-1-14] DEBUG org.asynchttpclient.netty.handler.HttpHandler - 

Request DefaultFullHttpRequest(decodeResult: success, version: HTTP/1.1, content: EmptyByteBufBE)
GET /session/bf334f4da282c52a69c7194d4e1c4f69/element/79c04757-3cf5-40dd-bf5e-ac5b8f4f0810/enabled HTTP/1.1
User-Agent: selenium/4.1.2 (java windows)
Cache-Control: no-cache
Content-Type: application/json; charset=utf-8
host: localhost:61992
accept: */*

Response DefaultHttpResponse(decodeResult: success, version: HTTP/1.1)
HTTP/1.1 200 OK
Content-Type: application/json; charset=utf-8
cache-control: no-cache
content-length: 14

17:30:03.209 [AsyncHttpClient-1-14] DEBUG org.asynchttpclient.netty.channel.ChannelManager - Adding key: http://localhost:61992 for channel [id: 0x00217b89, L:/127.0.0.1:57964 - R:localhost/127.0.0.1:61992]
17:30:03.211 [Forwarding findElement on session bf334f4da282c52a69c7194d4e1c4f69 to remote] DEBUG org.asynchttpclient.netty.request.NettyRequestSender - Using pooled Channel '[id: 0x00217b89, L:/127.0.0.1:57964 - R:localhost/127.0.0.1:61992]' for 'POST' to 'http://localhost:61992/session/bf334f4da282c52a69c7194d4e1c4f69/element'
17:30:03.212 [Forwarding findElement on session bf334f4da282c52a69c7194d4e1c4f69 to remote] DEBUG org.asynchttpclient.netty.request.NettyRequestSender - Using open Channel [id: 0x00217b89, L:/127.0.0.1:57964 - R:localhost/127.0.0.1:61992] for POST '/session/bf334f4da282c52a69c7194d4e1c4f69/element'
17:30:03.220 [AsyncHttpClient-1-14] DEBUG org.asynchttpclient.netty.handler.HttpHandler - 

Request DefaultHttpRequest(decodeResult: success, version: HTTP/1.1)
POST /session/bf334f4da282c52a69c7194d4e1c4f69/element HTTP/1.1
User-Agent: selenium/4.1.2 (java windows)
Content-Length: 50
Content-Type: application/json; charset=utf-8
host: localhost:61992
accept: */*

Response DefaultHttpResponse(decodeResult: success, version: HTTP/1.1)
HTTP/1.1 200 OK
Content-Type: application/json; charset=utf-8
cache-control: no-cache
content-length: 88

17:30:03.220 [AsyncHttpClient-1-14] DEBUG org.asynchttpclient.netty.channel.ChannelManager - Adding key: http://localhost:61992 for channel [id: 0x00217b89, L:/127.0.0.1:57964 - R:localhost/127.0.0.1:61992]
17:30:03.221 [Forwarding clickElement on session bf334f4da282c52a69c7194d4e1c4f69 to remote] DEBUG org.asynchttpclient.netty.request.NettyRequestSender - Using pooled Channel '[id: 0x00217b89, L:/127.0.0.1:57964 - R:localhost/127.0.0.1:61992]' for 'POST' to 'http://localhost:61992/session/bf334f4da282c52a69c7194d4e1c4f69/element/79c04757-3cf5-40dd-bf5e-ac5b8f4f0810/click'
17:30:03.221 [Forwarding clickElement on session bf334f4da282c52a69c7194d4e1c4f69 to remote] DEBUG org.asynchttpclient.netty.request.NettyRequestSender - Using open Channel [id: 0x00217b89, L:/127.0.0.1:57964 - R:localhost/127.0.0.1:61992] for POST '/session/bf334f4da282c52a69c7194d4e1c4f69/element/79c04757-3cf5-40dd-bf5e-ac5b8f4f0810/click'
17:30:03.349 [AsyncHttpClient-1-14] DEBUG org.asynchttpclient.netty.handler.HttpHandler - 

Request DefaultHttpRequest(decodeResult: success, version: HTTP/1.1)
POST /session/bf334f4da282c52a69c7194d4e1c4f69/element/79c04757-3cf5-40dd-bf5e-ac5b8f4f0810/click HTTP/1.1
User-Agent: selenium/4.1.2 (java windows)
Content-Length: 50
Content-Type: application/json; charset=utf-8
host: localhost:61992
accept: */*

Response DefaultHttpResponse(decodeResult: success, version: HTTP/1.1)
HTTP/1.1 200 OK
Content-Type: application/json; charset=utf-8
cache-control: no-cache
content-length: 14

17:30:03.349 [AsyncHttpClient-1-14] DEBUG org.asynchttpclient.netty.channel.ChannelManager - Adding key: http://localhost:61992 for channel [id: 0x00217b89, L:/127.0.0.1:57964 - R:localhost/127.0.0.1:61992]
  &amp#27;[32mGiven &amp#27;[0m&amp#27;[32mI am on the login page&amp#27;[0m                   &amp#27;[90m# starter.stepdefinitions.LoginStep.iAmOnTheLoginPage()&amp#27;[0m
17:30:03.360 [Forwarding screenshot on session bf334f4da282c52a69c7194d4e1c4f69 to remote] DEBUG org.asynchttpclient.netty.request.NettyRequestSender - Using pooled Channel '[id: 0x00217b89, L:/127.0.0.1:57964 - R:localhost/127.0.0.1:61992]' for 'GET' to 'http://localhost:61992/session/bf334f4da282c52a69c7194d4e1c4f69/screenshot'
17:30:03.360 [Forwarding screenshot on session bf334f4da282c52a69c7194d4e1c4f69 to remote] DEBUG org.asynchttpclient.netty.request.NettyRequestSender - Using open Channel [id: 0x00217b89, L:/127.0.0.1:57964 - R:localhost/127.0.0.1:61992] for GET '/session/bf334f4da282c52a69c7194d4e1c4f69/screenshot'
17:30:03.601 [AsyncHttpClient-1-14] DEBUG org.asynchttpclient.netty.handler.HttpHandler - 

Request DefaultFullHttpRequest(decodeResult: success, version: HTTP/1.1, content: EmptyByteBufBE)
GET /session/bf334f4da282c52a69c7194d4e1c4f69/screenshot HTTP/1.1
User-Agent: selenium/4.1.2 (java windows)
Cache-Control: no-cache
Content-Type: application/json; charset=utf-8
host: localhost:61992
accept: */*

Response DefaultHttpResponse(decodeResult: success, version: HTTP/1.1)
HTTP/1.1 200 OK
Content-Type: application/json; charset=utf-8
cache-control: no-cache
content-length: 369232

17:30:03.602 [AsyncHttpClient-1-14] DEBUG org.asynchttpclient.netty.channel.ChannelManager - Adding key: http://localhost:61992 for channel [id: 0x00217b89, L:/127.0.0.1:57964 - R:localhost/127.0.0.1:61992]
17:30:03.616 [main] DEBUG net.serenitybdd.core.photography.Darkroom - Send negative for processing for target\site\serenity\58f44a5bd4c36b6defcf53d0b50a43fcbc9d1e03bc2bbfa157e8856091e4c167.png
17:30:03.616 [Darkroom Processing Line] DEBUG net.serenitybdd.core.photography.DarkroomProcessingLine - Processing screenshot image in /var/screenshots/screenshot-16592307478133702212
17:30:03.616 [Darkroom Processing Line] DEBUG net.serenitybdd.core.photography.DarkroomProcessingLine - Saving screenshot to target\site\serenity\58f44a5bd4c36b6defcf53d0b50a43fcbc9d1e03bc2bbfa157e8856091e4c167.png
17:30:03.626 [Forwarding findElement on session bf334f4da282c52a69c7194d4e1c4f69 to remote] DEBUG org.asynchttpclient.netty.request.NettyRequestSender - Using pooled Channel '[id: 0x00217b89, L:/127.0.0.1:57964 - R:localhost/127.0.0.1:61992]' for 'POST' to 'http://localhost:61992/session/bf334f4da282c52a69c7194d4e1c4f69/element'
17:30:03.626 [Forwarding findElement on session bf334f4da282c52a69c7194d4e1c4f69 to remote] DEBUG org.asynchttpclient.netty.request.NettyRequestSender - Using open Channel [id: 0x00217b89, L:/127.0.0.1:57964 - R:localhost/127.0.0.1:61992] for POST '/session/bf334f4da282c52a69c7194d4e1c4f69/element'
17:30:03.638 [AsyncHttpClient-1-14] DEBUG org.asynchttpclient.netty.handler.HttpHandler - 

Request DefaultHttpRequest(decodeResult: success, version: HTTP/1.1)
POST /session/bf334f4da282c52a69c7194d4e1c4f69/element HTTP/1.1
User-Agent: selenium/4.1.2 (java windows)
Content-Length: 53
Content-Type: application/json; charset=utf-8
host: localhost:61992
accept: */*

Response DefaultHttpResponse(decodeResult: success, version: HTTP/1.1)
HTTP/1.1 200 OK
Content-Type: application/json; charset=utf-8
cache-control: no-cache
content-length: 88

17:30:03.638 [AsyncHttpClient-1-14] DEBUG org.asynchttpclient.netty.channel.ChannelManager - Adding key: http://localhost:61992 for channel [id: 0x00217b89, L:/127.0.0.1:57964 - R:localhost/127.0.0.1:61992]
17:30:03.639 [Forwarding clearElement on session bf334f4da282c52a69c7194d4e1c4f69 to remote] DEBUG org.asynchttpclient.netty.request.NettyRequestSender - Using pooled Channel '[id: 0x00217b89, L:/127.0.0.1:57964 - R:localhost/127.0.0.1:61992]' for 'POST' to 'http://localhost:61992/session/bf334f4da282c52a69c7194d4e1c4f69/element/d766d277-3b46-4c6b-a4bb-86b794c70703/clear'
17:30:03.639 [Forwarding clearElement on session bf334f4da282c52a69c7194d4e1c4f69 to remote] DEBUG org.asynchttpclient.netty.request.NettyRequestSender - Using open Channel [id: 0x00217b89, L:/127.0.0.1:57964 - R:localhost/127.0.0.1:61992] for POST '/session/bf334f4da282c52a69c7194d4e1c4f69/element/d766d277-3b46-4c6b-a4bb-86b794c70703/clear'
17:30:03.681 [AsyncHttpClient-1-14] DEBUG org.asynchttpclient.netty.handler.HttpHandler - 

Request DefaultHttpRequest(decodeResult: success, version: HTTP/1.1)
POST /session/bf334f4da282c52a69c7194d4e1c4f69/element/d766d277-3b46-4c6b-a4bb-86b794c70703/clear HTTP/1.1
User-Agent: selenium/4.1.2 (java windows)
Content-Length: 50
Content-Type: application/json; charset=utf-8
host: localhost:61992
accept: */*

Response DefaultHttpResponse(decodeResult: success, version: HTTP/1.1)
HTTP/1.1 200 OK
Content-Type: application/json; charset=utf-8
cache-control: no-cache
content-length: 14

17:30:03.681 [AsyncHttpClient-1-14] DEBUG org.asynchttpclient.netty.channel.ChannelManager - Adding key: http://localhost:61992 for channel [id: 0x00217b89, L:/127.0.0.1:57964 - R:localhost/127.0.0.1:61992]
17:30:03.683 [Forwarding sendKeysToElement on session bf334f4da282c52a69c7194d4e1c4f69 to remote] DEBUG org.asynchttpclient.netty.request.NettyRequestSender - Using pooled Channel '[id: 0x00217b89, L:/127.0.0.1:57964 - R:localhost/127.0.0.1:61992]' for 'POST' to 'http://localhost:61992/session/bf334f4da282c52a69c7194d4e1c4f69/element/d766d277-3b46-4c6b-a4bb-86b794c70703/value'
17:30:03.683 [Forwarding sendKeysToElement on session bf334f4da282c52a69c7194d4e1c4f69 to remote] DEBUG org.asynchttpclient.netty.request.NettyRequestSender - Using open Channel [id: 0x00217b89, L:/127.0.0.1:57964 - R:localhost/127.0.0.1:61992] for POST '/session/bf334f4da282c52a69c7194d4e1c4f69/element/d766d277-3b46-4c6b-a4bb-86b794c70703/value'
17:30:03.739 [AsyncHttpClient-1-14] DEBUG org.asynchttpclient.netty.handler.HttpHandler - 

Request DefaultHttpRequest(decodeResult: success, version: HTTP/1.1)
POST /session/bf334f4da282c52a69c7194d4e1c4f69/element/d766d277-3b46-4c6b-a4bb-86b794c70703/value HTTP/1.1
User-Agent: selenium/4.1.2 (java windows)
Content-Length: 82
Content-Type: application/json; charset=utf-8
host: localhost:61992
accept: */*

Response DefaultHttpResponse(decodeResult: success, version: HTTP/1.1)
HTTP/1.1 200 OK
Content-Type: application/json; charset=utf-8
cache-control: no-cache
content-length: 14

17:30:03.740 [AsyncHttpClient-1-14] DEBUG org.asynchttpclient.netty.channel.ChannelManager - Adding key: http://localhost:61992 for channel [id: 0x00217b89, L:/127.0.0.1:57964 - R:localhost/127.0.0.1:61992]
  &amp#27;[32mWhen &amp#27;[0m&amp#27;[32mI input empty username&amp#27;[0m                    &amp#27;[90m# starter.stepdefinitions.LoginStep.iInputEmptyUsername()&amp#27;[0m
17:30:03.751 [Forwarding screenshot on session bf334f4da282c52a69c7194d4e1c4f69 to remote] DEBUG org.asynchttpclient.netty.request.NettyRequestSender - Using pooled Channel '[id: 0x00217b89, L:/127.0.0.1:57964 - R:localhost/127.0.0.1:61992]' for 'GET' to 'http://localhost:61992/session/bf334f4da282c52a69c7194d4e1c4f69/screenshot'
17:30:03.751 [Forwarding screenshot on session bf334f4da282c52a69c7194d4e1c4f69 to remote] DEBUG org.asynchttpclient.netty.request.NettyRequestSender - Using open Channel [id: 0x00217b89, L:/127.0.0.1:57964 - R:localhost/127.0.0.1:61992] for GET '/session/bf334f4da282c52a69c7194d4e1c4f69/screenshot'
17:30:04.010 [AsyncHttpClient-1-14] DEBUG org.asynchttpclient.netty.handler.HttpHandler - 

Request DefaultFullHttpRequest(decodeResult: success, version: HTTP/1.1, content: EmptyByteBufBE)
GET /session/bf334f4da282c52a69c7194d4e1c4f69/screenshot HTTP/1.1
User-Agent: selenium/4.1.2 (java windows)
Cache-Control: no-cache
Content-Type: application/json; charset=utf-8
host: localhost:61992
accept: */*

Response DefaultHttpResponse(decodeResult: success, version: HTTP/1.1)
HTTP/1.1 200 OK
Content-Type: application/json; charset=utf-8
cache-control: no-cache
content-length: 281032

17:30:04.011 [AsyncHttpClient-1-14] DEBUG org.asynchttpclient.netty.channel.ChannelManager - Adding key: http://localhost:61992 for channel [id: 0x00217b89, L:/127.0.0.1:57964 - R:localhost/127.0.0.1:61992]
17:30:04.029 [main] DEBUG net.serenitybdd.core.photography.Darkroom - Send negative for processing for target\site\serenity\f4137e3eb7de66da4cde1c9b872b33be8b10c3e6c50e9948919ee1771bdb52f6.png
17:30:04.029 [Darkroom Processing Line] DEBUG net.serenitybdd.core.photography.DarkroomProcessingLine - Processing screenshot image in /var/screenshots/screenshot-15943331292263386550
17:30:04.029 [Darkroom Processing Line] DEBUG net.serenitybdd.core.photography.DarkroomProcessingLine - Saving screenshot to target\site\serenity\f4137e3eb7de66da4cde1c9b872b33be8b10c3e6c50e9948919ee1771bdb52f6.png
17:30:04.036 [AsyncHttpClient-1-1] DEBUG org.asynchttpclient.netty.channel.DefaultChannelPool - Entry count for : http://localhost:61992 : 1
17:30:04.036 [AsyncHttpClient-1-1] DEBUG org.asynchttpclient.netty.channel.DefaultChannelPool - Entry count for : http://localhost:57968 : 1
17:30:04.041 [Forwarding findElement on session bf334f4da282c52a69c7194d4e1c4f69 to remote] DEBUG org.asynchttpclient.netty.request.NettyRequestSender - Using pooled Channel '[id: 0x00217b89, L:/127.0.0.1:57964 - R:localhost/127.0.0.1:61992]' for 'POST' to 'http://localhost:61992/session/bf334f4da282c52a69c7194d4e1c4f69/element'
17:30:04.042 [Forwarding findElement on session bf334f4da282c52a69c7194d4e1c4f69 to remote] DEBUG org.asynchttpclient.netty.request.NettyRequestSender - Using open Channel [id: 0x00217b89, L:/127.0.0.1:57964 - R:localhost/127.0.0.1:61992] for POST '/session/bf334f4da282c52a69c7194d4e1c4f69/element'
17:30:04.054 [AsyncHttpClient-1-14] DEBUG org.asynchttpclient.netty.handler.HttpHandler - 

Request DefaultHttpRequest(decodeResult: success, version: HTTP/1.1)
POST /session/bf334f4da282c52a69c7194d4e1c4f69/element HTTP/1.1
User-Agent: selenium/4.1.2 (java windows)
Content-Length: 53
Content-Type: application/json; charset=utf-8
host: localhost:61992
accept: */*

Response DefaultHttpResponse(decodeResult: success, version: HTTP/1.1)
HTTP/1.1 200 OK
Content-Type: application/json; charset=utf-8
cache-control: no-cache
content-length: 88

17:30:04.054 [AsyncHttpClient-1-14] DEBUG org.asynchttpclient.netty.channel.ChannelManager - Adding key: http://localhost:61992 for channel [id: 0x00217b89, L:/127.0.0.1:57964 - R:localhost/127.0.0.1:61992]
17:30:04.056 [Forwarding clearElement on session bf334f4da282c52a69c7194d4e1c4f69 to remote] DEBUG org.asynchttpclient.netty.request.NettyRequestSender - Using pooled Channel '[id: 0x00217b89, L:/127.0.0.1:57964 - R:localhost/127.0.0.1:61992]' for 'POST' to 'http://localhost:61992/session/bf334f4da282c52a69c7194d4e1c4f69/element/9b87300e-03f1-48fd-8825-707befbc77cd/clear'
17:30:04.056 [Forwarding clearElement on session bf334f4da282c52a69c7194d4e1c4f69 to remote] DEBUG org.asynchttpclient.netty.request.NettyRequestSender - Using open Channel [id: 0x00217b89, L:/127.0.0.1:57964 - R:localhost/127.0.0.1:61992] for POST '/session/bf334f4da282c52a69c7194d4e1c4f69/element/9b87300e-03f1-48fd-8825-707befbc77cd/clear'
17:30:04.098 [AsyncHttpClient-1-14] DEBUG org.asynchttpclient.netty.handler.HttpHandler - 

Request DefaultHttpRequest(decodeResult: success, version: HTTP/1.1)
POST /session/bf334f4da282c52a69c7194d4e1c4f69/element/9b87300e-03f1-48fd-8825-707befbc77cd/clear HTTP/1.1
User-Agent: selenium/4.1.2 (java windows)
Content-Length: 50
Content-Type: application/json; charset=utf-8
host: localhost:61992
accept: */*

Response DefaultHttpResponse(decodeResult: success, version: HTTP/1.1)
HTTP/1.1 200 OK
Content-Type: application/json; charset=utf-8
cache-control: no-cache
content-length: 14

17:30:04.098 [AsyncHttpClient-1-14] DEBUG org.asynchttpclient.netty.channel.ChannelManager - Adding key: http://localhost:61992 for channel [id: 0x00217b89, L:/127.0.0.1:57964 - R:localhost/127.0.0.1:61992]
17:30:04.101 [Forwarding sendKeysToElement on session bf334f4da282c52a69c7194d4e1c4f69 to remote] DEBUG org.asynchttpclient.netty.request.NettyRequestSender - Using pooled Channel '[id: 0x00217b89, L:/127.0.0.1:57964 - R:localhost/127.0.0.1:61992]' for 'POST' to 'http://localhost:61992/session/bf334f4da282c52a69c7194d4e1c4f69/element/9b87300e-03f1-48fd-8825-707befbc77cd/value'
17:30:04.101 [Forwarding sendKeysToElement on session bf334f4da282c52a69c7194d4e1c4f69 to remote] DEBUG org.asynchttpclient.netty.request.NettyRequestSender - Using open Channel [id: 0x00217b89, L:/127.0.0.1:57964 - R:localhost/127.0.0.1:61992] for POST '/session/bf334f4da282c52a69c7194d4e1c4f69/element/9b87300e-03f1-48fd-8825-707befbc77cd/value'
17:30:04.149 [AsyncHttpClient-1-14] DEBUG org.asynchttpclient.netty.handler.HttpHandler - 

Request DefaultHttpRequest(decodeResult: success, version: HTTP/1.1)
POST /session/bf334f4da282c52a69c7194d4e1c4f69/element/9b87300e-03f1-48fd-8825-707befbc77cd/value HTTP/1.1
User-Agent: selenium/4.1.2 (java windows)
Content-Length: 82
Content-Type: application/json; charset=utf-8
host: localhost:61992
accept: */*

Response DefaultHttpResponse(decodeResult: success, version: HTTP/1.1)
HTTP/1.1 200 OK
Content-Type: application/json; charset=utf-8
cache-control: no-cache
content-length: 14

17:30:04.149 [AsyncHttpClient-1-14] DEBUG org.asynchttpclient.netty.channel.ChannelManager - Adding key: http://localhost:61992 for channel [id: 0x00217b89, L:/127.0.0.1:57964 - R:localhost/127.0.0.1:61992]
  &amp#27;[32mAnd &amp#27;[0m&amp#27;[32mI input empty password&amp#27;[0m                     &amp#27;[90m# starter.stepdefinitions.LoginStep.iInputEmptyPassword()&amp#27;[0m
17:30:04.162 [Forwarding screenshot on session bf334f4da282c52a69c7194d4e1c4f69 to remote] DEBUG org.asynchttpclient.netty.request.NettyRequestSender - Using pooled Channel '[id: 0x00217b89, L:/127.0.0.1:57964 - R:localhost/127.0.0.1:61992]' for 'GET' to 'http://localhost:61992/session/bf334f4da282c52a69c7194d4e1c4f69/screenshot'
17:30:04.162 [Forwarding screenshot on session bf334f4da282c52a69c7194d4e1c4f69 to remote] DEBUG org.asynchttpclient.netty.request.NettyRequestSender - Using open Channel [id: 0x00217b89, L:/127.0.0.1:57964 - R:localhost/127.0.0.1:61992] for GET '/session/bf334f4da282c52a69c7194d4e1c4f69/screenshot'
17:30:04.414 [AsyncHttpClient-1-14] DEBUG org.asynchttpclient.netty.handler.HttpHandler - 

Request DefaultFullHttpRequest(decodeResult: success, version: HTTP/1.1, content: EmptyByteBufBE)
GET /session/bf334f4da282c52a69c7194d4e1c4f69/screenshot HTTP/1.1
User-Agent: selenium/4.1.2 (java windows)
Cache-Control: no-cache
Content-Type: application/json; charset=utf-8
host: localhost:61992
accept: */*

Response DefaultHttpResponse(decodeResult: success, version: HTTP/1.1)
HTTP/1.1 200 OK
Content-Type: application/json; charset=utf-8
cache-control: no-cache
content-length: 281444

17:30:04.415 [AsyncHttpClient-1-14] DEBUG org.asynchttpclient.netty.channel.ChannelManager - Adding key: http://localhost:61992 for channel [id: 0x00217b89, L:/127.0.0.1:57964 - R:localhost/127.0.0.1:61992]
17:30:04.430 [main] DEBUG net.serenitybdd.core.photography.Darkroom - Send negative for processing for target\site\serenity\1852ba483aa9958a49ecf48de3dcc4c9fb95cce2f377952a4b9da88a8bc7c6fd.png
17:30:04.430 [Darkroom Processing Line] DEBUG net.serenitybdd.core.photography.DarkroomProcessingLine - Processing screenshot image in /var/screenshots/screenshot-1985910152941850750
17:30:04.430 [Darkroom Processing Line] DEBUG net.serenitybdd.core.photography.DarkroomProcessingLine - Saving screenshot to target\site\serenity\1852ba483aa9958a49ecf48de3dcc4c9fb95cce2f377952a4b9da88a8bc7c6fd.png
17:30:04.443 [Forwarding findElement on session bf334f4da282c52a69c7194d4e1c4f69 to remote] DEBUG org.asynchttpclient.netty.request.NettyRequestSender - Using pooled Channel '[id: 0x00217b89, L:/127.0.0.1:57964 - R:localhost/127.0.0.1:61992]' for 'POST' to 'http://localhost:61992/session/bf334f4da282c52a69c7194d4e1c4f69/element'
17:30:04.443 [Forwarding findElement on session bf334f4da282c52a69c7194d4e1c4f69 to remote] DEBUG org.asynchttpclient.netty.request.NettyRequestSender - Using open Channel [id: 0x00217b89, L:/127.0.0.1:57964 - R:localhost/127.0.0.1:61992] for POST '/session/bf334f4da282c52a69c7194d4e1c4f69/element'
17:30:04.454 [AsyncHttpClient-1-14] DEBUG org.asynchttpclient.netty.handler.HttpHandler - 

Request DefaultHttpRequest(decodeResult: success, version: HTTP/1.1)
POST /session/bf334f4da282c52a69c7194d4e1c4f69/element HTTP/1.1
User-Agent: selenium/4.1.2 (java windows)
Content-Length: 50
Content-Type: application/json; charset=utf-8
host: localhost:61992
accept: */*

Response DefaultHttpResponse(decodeResult: success, version: HTTP/1.1)
HTTP/1.1 200 OK
Content-Type: application/json; charset=utf-8
cache-control: no-cache
content-length: 88

17:30:04.454 [AsyncHttpClient-1-14] DEBUG org.asynchttpclient.netty.channel.ChannelManager - Adding key: http://localhost:61992 for channel [id: 0x00217b89, L:/127.0.0.1:57964 - R:localhost/127.0.0.1:61992]
17:30:04.460 [Forwarding isElementDisplayed on session bf334f4da282c52a69c7194d4e1c4f69 to remote] DEBUG org.asynchttpclient.netty.request.NettyRequestSender - Using pooled Channel '[id: 0x00217b89, L:/127.0.0.1:57964 - R:localhost/127.0.0.1:61992]' for 'POST' to 'http://localhost:61992/session/bf334f4da282c52a69c7194d4e1c4f69/execute/sync'
17:30:04.460 [Forwarding isElementDisplayed on session bf334f4da282c52a69c7194d4e1c4f69 to remote] DEBUG org.asynchttpclient.netty.request.NettyRequestSender - Using open Channel [id: 0x00217b89, L:/127.0.0.1:57964 - R:localhost/127.0.0.1:61992] for POST '/session/bf334f4da282c52a69c7194d4e1c4f69/execute/sync'
17:30:04.480 [AsyncHttpClient-1-14] DEBUG org.asynchttpclient.netty.handler.HttpHandler - 

Request DefaultHttpRequest(decodeResult: success, version: HTTP/1.1)
POST /session/bf334f4da282c52a69c7194d4e1c4f69/execute/sync HTTP/1.1
User-Agent: selenium/4.1.2 (java windows)
Content-Length: 48780
Content-Type: application/json; charset=utf-8
host: localhost:61992
accept: */*

Response DefaultHttpResponse(decodeResult: success, version: HTTP/1.1)
HTTP/1.1 200 OK
Content-Type: application/json; charset=utf-8
cache-control: no-cache
content-length: 14

17:30:04.480 [AsyncHttpClient-1-14] DEBUG org.asynchttpclient.netty.channel.ChannelManager - Adding key: http://localhost:61992 for channel [id: 0x00217b89, L:/127.0.0.1:57964 - R:localhost/127.0.0.1:61992]
17:30:04.483 [Forwarding findElement on session bf334f4da282c52a69c7194d4e1c4f69 to remote] DEBUG org.asynchttpclient.netty.request.NettyRequestSender - Using pooled Channel '[id: 0x00217b89, L:/127.0.0.1:57964 - R:localhost/127.0.0.1:61992]' for 'POST' to 'http://localhost:61992/session/bf334f4da282c52a69c7194d4e1c4f69/element'
17:30:04.483 [Forwarding findElement on session bf334f4da282c52a69c7194d4e1c4f69 to remote] DEBUG org.asynchttpclient.netty.request.NettyRequestSender - Using open Channel [id: 0x00217b89, L:/127.0.0.1:57964 - R:localhost/127.0.0.1:61992] for POST '/session/bf334f4da282c52a69c7194d4e1c4f69/element'
17:30:04.492 [AsyncHttpClient-1-14] DEBUG org.asynchttpclient.netty.handler.HttpHandler - 

Request DefaultHttpRequest(decodeResult: success, version: HTTP/1.1)
POST /session/bf334f4da282c52a69c7194d4e1c4f69/element HTTP/1.1
User-Agent: selenium/4.1.2 (java windows)
Content-Length: 50
Content-Type: application/json; charset=utf-8
host: localhost:61992
accept: */*

Response DefaultHttpResponse(decodeResult: success, version: HTTP/1.1)
HTTP/1.1 200 OK
Content-Type: application/json; charset=utf-8
cache-control: no-cache
content-length: 88

17:30:04.492 [AsyncHttpClient-1-14] DEBUG org.asynchttpclient.netty.channel.ChannelManager - Adding key: http://localhost:61992 for channel [id: 0x00217b89, L:/127.0.0.1:57964 - R:localhost/127.0.0.1:61992]
17:30:04.494 [Forwarding getElementTagName on session bf334f4da282c52a69c7194d4e1c4f69 to remote] DEBUG org.asynchttpclient.netty.request.NettyRequestSender - Using pooled Channel '[id: 0x00217b89, L:/127.0.0.1:57964 - R:localhost/127.0.0.1:61992]' for 'GET' to 'http://localhost:61992/session/bf334f4da282c52a69c7194d4e1c4f69/element/90bc8347-d19c-461a-9b54-323cbe0966a8/name'
17:30:04.494 [Forwarding getElementTagName on session bf334f4da282c52a69c7194d4e1c4f69 to remote] DEBUG org.asynchttpclient.netty.request.NettyRequestSender - Using open Channel [id: 0x00217b89, L:/127.0.0.1:57964 - R:localhost/127.0.0.1:61992] for GET '/session/bf334f4da282c52a69c7194d4e1c4f69/element/90bc8347-d19c-461a-9b54-323cbe0966a8/name'
17:30:04.499 [AsyncHttpClient-1-14] DEBUG org.asynchttpclient.netty.handler.HttpHandler - 

Request DefaultFullHttpRequest(decodeResult: success, version: HTTP/1.1, content: EmptyByteBufBE)
GET /session/bf334f4da282c52a69c7194d4e1c4f69/element/90bc8347-d19c-461a-9b54-323cbe0966a8/name HTTP/1.1
User-Agent: selenium/4.1.2 (java windows)
Cache-Control: no-cache
Content-Type: application/json; charset=utf-8
host: localhost:61992
accept: */*

Response DefaultHttpResponse(decodeResult: success, version: HTTP/1.1)
HTTP/1.1 200 OK
Content-Type: application/json; charset=utf-8
cache-control: no-cache
content-length: 18

17:30:04.499 [AsyncHttpClient-1-14] DEBUG org.asynchttpclient.netty.channel.ChannelManager - Adding key: http://localhost:61992 for channel [id: 0x00217b89, L:/127.0.0.1:57964 - R:localhost/127.0.0.1:61992]
17:30:04.501 [Forwarding getElementTagName on session bf334f4da282c52a69c7194d4e1c4f69 to remote] DEBUG org.asynchttpclient.netty.request.NettyRequestSender - Using pooled Channel '[id: 0x00217b89, L:/127.0.0.1:57964 - R:localhost/127.0.0.1:61992]' for 'GET' to 'http://localhost:61992/session/bf334f4da282c52a69c7194d4e1c4f69/element/90bc8347-d19c-461a-9b54-323cbe0966a8/name'
17:30:04.501 [Forwarding getElementTagName on session bf334f4da282c52a69c7194d4e1c4f69 to remote] DEBUG org.asynchttpclient.netty.request.NettyRequestSender - Using open Channel [id: 0x00217b89, L:/127.0.0.1:57964 - R:localhost/127.0.0.1:61992] for GET '/session/bf334f4da282c52a69c7194d4e1c4f69/element/90bc8347-d19c-461a-9b54-323cbe0966a8/name'
17:30:04.505 [AsyncHttpClient-1-14] DEBUG org.asynchttpclient.netty.handler.HttpHandler - 

Request DefaultFullHttpRequest(decodeResult: success, version: HTTP/1.1, content: EmptyByteBufBE)
GET /session/bf334f4da282c52a69c7194d4e1c4f69/element/90bc8347-d19c-461a-9b54-323cbe0966a8/name HTTP/1.1
User-Agent: selenium/4.1.2 (java windows)
Cache-Control: no-cache
Content-Type: application/json; charset=utf-8
host: localhost:61992
accept: */*

Response DefaultHttpResponse(decodeResult: success, version: HTTP/1.1)
HTTP/1.1 200 OK
Content-Type: application/json; charset=utf-8
cache-control: no-cache
content-length: 18

17:30:04.506 [AsyncHttpClient-1-14] DEBUG org.asynchttpclient.netty.channel.ChannelManager - Adding key: http://localhost:61992 for channel [id: 0x00217b89, L:/127.0.0.1:57964 - R:localhost/127.0.0.1:61992]
17:30:04.509 [Forwarding isElementEnabled on session bf334f4da282c52a69c7194d4e1c4f69 to remote] DEBUG org.asynchttpclient.netty.request.NettyRequestSender - Using pooled Channel '[id: 0x00217b89, L:/127.0.0.1:57964 - R:localhost/127.0.0.1:61992]' for 'GET' to 'http://localhost:61992/session/bf334f4da282c52a69c7194d4e1c4f69/element/90bc8347-d19c-461a-9b54-323cbe0966a8/enabled'
17:30:04.509 [Forwarding isElementEnabled on session bf334f4da282c52a69c7194d4e1c4f69 to remote] DEBUG org.asynchttpclient.netty.request.NettyRequestSender - Using open Channel [id: 0x00217b89, L:/127.0.0.1:57964 - R:localhost/127.0.0.1:61992] for GET '/session/bf334f4da282c52a69c7194d4e1c4f69/element/90bc8347-d19c-461a-9b54-323cbe0966a8/enabled'
17:30:04.519 [AsyncHttpClient-1-14] DEBUG org.asynchttpclient.netty.handler.HttpHandler - 

Request DefaultFullHttpRequest(decodeResult: success, version: HTTP/1.1, content: EmptyByteBufBE)
GET /session/bf334f4da282c52a69c7194d4e1c4f69/element/90bc8347-d19c-461a-9b54-323cbe0966a8/enabled HTTP/1.1
User-Agent: selenium/4.1.2 (java windows)
Cache-Control: no-cache
Content-Type: application/json; charset=utf-8
host: localhost:61992
accept: */*

Response DefaultHttpResponse(decodeResult: success, version: HTTP/1.1)
HTTP/1.1 200 OK
Content-Type: application/json; charset=utf-8
cache-control: no-cache
content-length: 14

17:30:04.519 [AsyncHttpClient-1-14] DEBUG org.asynchttpclient.netty.channel.ChannelManager - Adding key: http://localhost:61992 for channel [id: 0x00217b89, L:/127.0.0.1:57964 - R:localhost/127.0.0.1:61992]
17:30:04.521 [Forwarding isElementEnabled on session bf334f4da282c52a69c7194d4e1c4f69 to remote] DEBUG org.asynchttpclient.netty.request.NettyRequestSender - Using pooled Channel '[id: 0x00217b89, L:/127.0.0.1:57964 - R:localhost/127.0.0.1:61992]' for 'GET' to 'http://localhost:61992/session/bf334f4da282c52a69c7194d4e1c4f69/element/90bc8347-d19c-461a-9b54-323cbe0966a8/enabled'
17:30:04.521 [Forwarding isElementEnabled on session bf334f4da282c52a69c7194d4e1c4f69 to remote] DEBUG org.asynchttpclient.netty.request.NettyRequestSender - Using open Channel [id: 0x00217b89, L:/127.0.0.1:57964 - R:localhost/127.0.0.1:61992] for GET '/session/bf334f4da282c52a69c7194d4e1c4f69/element/90bc8347-d19c-461a-9b54-323cbe0966a8/enabled'
17:30:04.527 [AsyncHttpClient-1-14] DEBUG org.asynchttpclient.netty.handler.HttpHandler - 

Request DefaultFullHttpRequest(decodeResult: success, version: HTTP/1.1, content: EmptyByteBufBE)
GET /session/bf334f4da282c52a69c7194d4e1c4f69/element/90bc8347-d19c-461a-9b54-323cbe0966a8/enabled HTTP/1.1
User-Agent: selenium/4.1.2 (java windows)
Cache-Control: no-cache
Content-Type: application/json; charset=utf-8
host: localhost:61992
accept: */*

Response DefaultHttpResponse(decodeResult: success, version: HTTP/1.1)
HTTP/1.1 200 OK
Content-Type: application/json; charset=utf-8
cache-control: no-cache
content-length: 14

17:30:04.527 [AsyncHttpClient-1-14] DEBUG org.asynchttpclient.netty.channel.ChannelManager - Adding key: http://localhost:61992 for channel [id: 0x00217b89, L:/127.0.0.1:57964 - R:localhost/127.0.0.1:61992]
17:30:04.529 [Forwarding findElement on session bf334f4da282c52a69c7194d4e1c4f69 to remote] DEBUG org.asynchttpclient.netty.request.NettyRequestSender - Using pooled Channel '[id: 0x00217b89, L:/127.0.0.1:57964 - R:localhost/127.0.0.1:61992]' for 'POST' to 'http://localhost:61992/session/bf334f4da282c52a69c7194d4e1c4f69/element'
17:30:04.529 [Forwarding findElement on session bf334f4da282c52a69c7194d4e1c4f69 to remote] DEBUG org.asynchttpclient.netty.request.NettyRequestSender - Using open Channel [id: 0x00217b89, L:/127.0.0.1:57964 - R:localhost/127.0.0.1:61992] for POST '/session/bf334f4da282c52a69c7194d4e1c4f69/element'
17:30:04.535 [AsyncHttpClient-1-14] DEBUG org.asynchttpclient.netty.handler.HttpHandler - 

Request DefaultHttpRequest(decodeResult: success, version: HTTP/1.1)
POST /session/bf334f4da282c52a69c7194d4e1c4f69/element HTTP/1.1
User-Agent: selenium/4.1.2 (java windows)
Content-Length: 50
Content-Type: application/json; charset=utf-8
host: localhost:61992
accept: */*

Response DefaultHttpResponse(decodeResult: success, version: HTTP/1.1)
HTTP/1.1 200 OK
Content-Type: application/json; charset=utf-8
cache-control: no-cache
content-length: 88

17:30:04.535 [AsyncHttpClient-1-14] DEBUG org.asynchttpclient.netty.channel.ChannelManager - Adding key: http://localhost:61992 for channel [id: 0x00217b89, L:/127.0.0.1:57964 - R:localhost/127.0.0.1:61992]
17:30:04.536 [Forwarding clickElement on session bf334f4da282c52a69c7194d4e1c4f69 to remote] DEBUG org.asynchttpclient.netty.request.NettyRequestSender - Using pooled Channel '[id: 0x00217b89, L:/127.0.0.1:57964 - R:localhost/127.0.0.1:61992]' for 'POST' to 'http://localhost:61992/session/bf334f4da282c52a69c7194d4e1c4f69/element/90bc8347-d19c-461a-9b54-323cbe0966a8/click'
17:30:04.536 [Forwarding clickElement on session bf334f4da282c52a69c7194d4e1c4f69 to remote] DEBUG org.asynchttpclient.netty.request.NettyRequestSender - Using open Channel [id: 0x00217b89, L:/127.0.0.1:57964 - R:localhost/127.0.0.1:61992] for POST '/session/bf334f4da282c52a69c7194d4e1c4f69/element/90bc8347-d19c-461a-9b54-323cbe0966a8/click'
17:30:04.579 [AsyncHttpClient-1-14] DEBUG org.asynchttpclient.netty.handler.HttpHandler - 

Request DefaultHttpRequest(decodeResult: success, version: HTTP/1.1)
POST /session/bf334f4da282c52a69c7194d4e1c4f69/element/90bc8347-d19c-461a-9b54-323cbe0966a8/click HTTP/1.1
User-Agent: selenium/4.1.2 (java windows)
Content-Length: 50
Content-Type: application/json; charset=utf-8
host: localhost:61992
accept: */*

Response DefaultHttpResponse(decodeResult: success, version: HTTP/1.1)
HTTP/1.1 200 OK
Content-Type: application/json; charset=utf-8
cache-control: no-cache
content-length: 14

17:30:04.579 [AsyncHttpClient-1-14] DEBUG org.asynchttpclient.netty.channel.ChannelManager - Adding key: http://localhost:61992 for channel [id: 0x00217b89, L:/127.0.0.1:57964 - R:localhost/127.0.0.1:61992]
  &amp#27;[32mAnd &amp#27;[0m&amp#27;[32mI click login button&amp#27;[0m                       &amp#27;[90m# starter.stepdefinitions.LoginStep.iClickLoginButton()&amp#27;[0m
17:30:04.591 [Forwarding screenshot on session bf334f4da282c52a69c7194d4e1c4f69 to remote] DEBUG org.asynchttpclient.netty.request.NettyRequestSender - Using pooled Channel '[id: 0x00217b89, L:/127.0.0.1:57964 - R:localhost/127.0.0.1:61992]' for 'GET' to 'http://localhost:61992/session/bf334f4da282c52a69c7194d4e1c4f69/screenshot'
17:30:04.591 [Forwarding screenshot on session bf334f4da282c52a69c7194d4e1c4f69 to remote] DEBUG org.asynchttpclient.netty.request.NettyRequestSender - Using open Channel [id: 0x00217b89, L:/127.0.0.1:57964 - R:localhost/127.0.0.1:61992] for GET '/session/bf334f4da282c52a69c7194d4e1c4f69/screenshot'
17:30:04.961 [AsyncHttpClient-1-14] DEBUG org.asynchttpclient.netty.handler.HttpHandler - 

Request DefaultFullHttpRequest(decodeResult: success, version: HTTP/1.1, content: EmptyByteBufBE)
GET /session/bf334f4da282c52a69c7194d4e1c4f69/screenshot HTTP/1.1
User-Agent: selenium/4.1.2 (java windows)
Cache-Control: no-cache
Content-Type: application/json; charset=utf-8
host: localhost:61992
accept: */*

Response DefaultHttpResponse(decodeResult: success, version: HTTP/1.1)
HTTP/1.1 200 OK
Content-Type: application/json; charset=utf-8
cache-control: no-cache
content-length: 284804

17:30:04.962 [AsyncHttpClient-1-14] DEBUG org.asynchttpclient.netty.channel.ChannelManager - Adding key: http://localhost:61992 for channel [id: 0x00217b89, L:/127.0.0.1:57964 - R:localhost/127.0.0.1:61992]
17:30:04.977 [main] DEBUG net.serenitybdd.core.photography.Darkroom - Send negative for processing for target\site\serenity\e9ba1f9b632ba8e69e829a8abfc069f403e903cd9240c35534d1771f90de02ba.png
17:30:04.977 [Darkroom Processing Line] DEBUG net.serenitybdd.core.photography.DarkroomProcessingLine - Processing screenshot image in /var/screenshots/screenshot-11061364974324890832
17:30:04.977 [Darkroom Processing Line] DEBUG net.serenitybdd.core.photography.DarkroomProcessingLine - Saving screenshot to target\site\serenity\e9ba1f9b632ba8e69e829a8abfc069f403e903cd9240c35534d1771f90de02ba.png
17:30:04.991 [Forwarding findElement on session bf334f4da282c52a69c7194d4e1c4f69 to remote] DEBUG org.asynchttpclient.netty.request.NettyRequestSender - Using pooled Channel '[id: 0x00217b89, L:/127.0.0.1:57964 - R:localhost/127.0.0.1:61992]' for 'POST' to 'http://localhost:61992/session/bf334f4da282c52a69c7194d4e1c4f69/element'
17:30:04.991 [Forwarding findElement on session bf334f4da282c52a69c7194d4e1c4f69 to remote] DEBUG org.asynchttpclient.netty.request.NettyRequestSender - Using open Channel [id: 0x00217b89, L:/127.0.0.1:57964 - R:localhost/127.0.0.1:61992] for POST '/session/bf334f4da282c52a69c7194d4e1c4f69/element'
17:30:05.007 [AsyncHttpClient-1-14] DEBUG org.asynchttpclient.netty.handler.HttpHandler - 

Request DefaultHttpRequest(decodeResult: success, version: HTTP/1.1)
POST /session/bf334f4da282c52a69c7194d4e1c4f69/element HTTP/1.1
User-Agent: selenium/4.1.2 (java windows)
Content-Length: 53
Content-Type: application/json; charset=utf-8
host: localhost:61992
accept: */*

Response DefaultHttpResponse(decodeResult: success, version: HTTP/1.1)
HTTP/1.1 200 OK
Content-Type: application/json; charset=utf-8
cache-control: no-cache
content-length: 88

17:30:05.007 [AsyncHttpClient-1-14] DEBUG org.asynchttpclient.netty.channel.ChannelManager - Adding key: http://localhost:61992 for channel [id: 0x00217b89, L:/127.0.0.1:57964 - R:localhost/127.0.0.1:61992]
17:30:05.019 [Forwarding getElementAttribute on session bf334f4da282c52a69c7194d4e1c4f69 to remote] DEBUG org.asynchttpclient.netty.request.NettyRequestSender - Using pooled Channel '[id: 0x00217b89, L:/127.0.0.1:57964 - R:localhost/127.0.0.1:61992]' for 'POST' to 'http://localhost:61992/session/bf334f4da282c52a69c7194d4e1c4f69/execute/sync'
17:30:05.019 [Forwarding getElementAttribute on session bf334f4da282c52a69c7194d4e1c4f69 to remote] DEBUG org.asynchttpclient.netty.request.NettyRequestSender - Using open Channel [id: 0x00217b89, L:/127.0.0.1:57964 - R:localhost/127.0.0.1:61992] for POST '/session/bf334f4da282c52a69c7194d4e1c4f69/execute/sync'
17:30:05.040 [AsyncHttpClient-1-14] DEBUG org.asynchttpclient.netty.handler.HttpHandler - 

Request DefaultHttpRequest(decodeResult: success, version: HTTP/1.1)
POST /session/bf334f4da282c52a69c7194d4e1c4f69/execute/sync HTTP/1.1
User-Agent: selenium/4.1.2 (java windows)
Content-Length: 47340
Content-Type: application/json; charset=utf-8
host: localhost:61992
accept: */*

Response DefaultHttpResponse(decodeResult: success, version: HTTP/1.1)
HTTP/1.1 200 OK
Content-Type: application/json; charset=utf-8
cache-control: no-cache
content-length: 43

17:30:05.040 [AsyncHttpClient-1-14] DEBUG org.asynchttpclient.netty.channel.ChannelManager - Adding key: http://localhost:61992 for channel [id: 0x00217b89, L:/127.0.0.1:57964 - R:localhost/127.0.0.1:61992]
17:30:05.044 [Forwarding findElement on session bf334f4da282c52a69c7194d4e1c4f69 to remote] DEBUG org.asynchttpclient.netty.request.NettyRequestSender - Using pooled Channel '[id: 0x00217b89, L:/127.0.0.1:57964 - R:localhost/127.0.0.1:61992]' for 'POST' to 'http://localhost:61992/session/bf334f4da282c52a69c7194d4e1c4f69/element'
17:30:05.044 [Forwarding findElement on session bf334f4da282c52a69c7194d4e1c4f69 to remote] DEBUG org.asynchttpclient.netty.request.NettyRequestSender - Using open Channel [id: 0x00217b89, L:/127.0.0.1:57964 - R:localhost/127.0.0.1:61992] for POST '/session/bf334f4da282c52a69c7194d4e1c4f69/element'
17:30:05.051 [AsyncHttpClient-1-14] DEBUG org.asynchttpclient.netty.handler.HttpHandler - 

Request DefaultHttpRequest(decodeResult: success, version: HTTP/1.1)
POST /session/bf334f4da282c52a69c7194d4e1c4f69/element HTTP/1.1
User-Agent: selenium/4.1.2 (java windows)
Content-Length: 53
Content-Type: application/json; charset=utf-8
host: localhost:61992
accept: */*

Response DefaultHttpResponse(decodeResult: success, version: HTTP/1.1)
HTTP/1.1 200 OK
Content-Type: application/json; charset=utf-8
cache-control: no-cache
content-length: 88

17:30:05.051 [AsyncHttpClient-1-14] DEBUG org.asynchttpclient.netty.channel.ChannelManager - Adding key: http://localhost:61992 for channel [id: 0x00217b89, L:/127.0.0.1:57964 - R:localhost/127.0.0.1:61992]
17:30:05.054 [Forwarding getElementAttribute on session bf334f4da282c52a69c7194d4e1c4f69 to remote] DEBUG org.asynchttpclient.netty.request.NettyRequestSender - Using pooled Channel '[id: 0x00217b89, L:/127.0.0.1:57964 - R:localhost/127.0.0.1:61992]' for 'POST' to 'http://localhost:61992/session/bf334f4da282c52a69c7194d4e1c4f69/execute/sync'
17:30:05.054 [Forwarding getElementAttribute on session bf334f4da282c52a69c7194d4e1c4f69 to remote] DEBUG org.asynchttpclient.netty.request.NettyRequestSender - Using open Channel [id: 0x00217b89, L:/127.0.0.1:57964 - R:localhost/127.0.0.1:61992] for POST '/session/bf334f4da282c52a69c7194d4e1c4f69/execute/sync'
17:30:05.067 [AsyncHttpClient-1-14] DEBUG org.asynchttpclient.netty.handler.HttpHandler - 

Request DefaultHttpRequest(decodeResult: success, version: HTTP/1.1)
POST /session/bf334f4da282c52a69c7194d4e1c4f69/execute/sync HTTP/1.1
User-Agent: selenium/4.1.2 (java windows)
Content-Length: 47340
Content-Type: application/json; charset=utf-8
host: localhost:61992
accept: */*

Response DefaultHttpResponse(decodeResult: success, version: HTTP/1.1)
HTTP/1.1 200 OK
Content-Type: application/json; charset=utf-8
cache-control: no-cache
content-length: 43

17:30:05.067 [AsyncHttpClient-1-14] DEBUG org.asynchttpclient.netty.channel.ChannelManager - Adding key: http://localhost:61992 for channel [id: 0x00217b89, L:/127.0.0.1:57964 - R:localhost/127.0.0.1:61992]
  &amp#27;[32mThen &amp#27;[0m&amp#27;[32mI will get empty error message&amp#27;[0m            &amp#27;[90m# starter.stepdefinitions.LoginStep.iWillGetEmptyErrorMessage()&amp#27;[0m
17:30:05.073 [Forwarding screenshot on session bf334f4da282c52a69c7194d4e1c4f69 to remote] DEBUG org.asynchttpclient.netty.request.NettyRequestSender - Using pooled Channel '[id: 0x00217b89, L:/127.0.0.1:57964 - R:localhost/127.0.0.1:61992]' for 'GET' to 'http://localhost:61992/session/bf334f4da282c52a69c7194d4e1c4f69/screenshot'
17:30:05.073 [Forwarding screenshot on session bf334f4da282c52a69c7194d4e1c4f69 to remote] DEBUG org.asynchttpclient.netty.request.NettyRequestSender - Using open Channel [id: 0x00217b89, L:/127.0.0.1:57964 - R:localhost/127.0.0.1:61992] for GET '/session/bf334f4da282c52a69c7194d4e1c4f69/screenshot'
17:30:05.138 [AsyncHttpClient-1-1] DEBUG org.asynchttpclient.netty.channel.DefaultChannelPool - Entry count for : http://localhost:57968 : 1
17:30:05.285 [AsyncHttpClient-1-14] DEBUG org.asynchttpclient.netty.handler.HttpHandler - 

Request DefaultFullHttpRequest(decodeResult: success, version: HTTP/1.1, content: EmptyByteBufBE)
GET /session/bf334f4da282c52a69c7194d4e1c4f69/screenshot HTTP/1.1
User-Agent: selenium/4.1.2 (java windows)
Cache-Control: no-cache
Content-Type: application/json; charset=utf-8
host: localhost:61992
accept: */*

Response DefaultHttpResponse(decodeResult: success, version: HTTP/1.1)
HTTP/1.1 200 OK
Content-Type: application/json; charset=utf-8
cache-control: no-cache
content-length: 284824

17:30:05.286 [AsyncHttpClient-1-14] DEBUG org.asynchttpclient.netty.channel.ChannelManager - Adding key: http://localhost:61992 for channel [id: 0x00217b89, L:/127.0.0.1:57964 - R:localhost/127.0.0.1:61992]
17:30:05.302 [main] DEBUG net.serenitybdd.core.photography.Darkroom - Send negative for processing for target\site\serenity\c9b147fe92caf67280a7a0034993d095ac00faa08ccad39cc5247157b52df7d8.png
17:30:05.302 [Darkroom Processing Line] DEBUG net.serenitybdd.core.photography.DarkroomProcessingLine - Processing screenshot image in /var/screenshots/screenshot-10656936594937511886
17:30:05.302 [Darkroom Processing Line] DEBUG net.serenitybdd.core.photography.DarkroomProcessingLine - Saving screenshot to target\site\serenity\c9b147fe92caf67280a7a0034993d095ac00faa08ccad39cc5247157b52df7d8.png
17:30:05.303 [main] INFO  - 
  _____   ___   ___   _____     ___     _     ___   ___   ___   ___  
 |_   _| | __| / __| |_   _|   | _ \   /_\   / __| / __| | __| |   \ 
   | |   | _|  \__ \   | |     |  _/  / _ \  \__ \ \__ \ | _|  | |) |
   |_|   |___| |___/   |_|     |_|   /_/ \_\ |___/ |___/ |___| |___/ 

Login with empty username and password
----------------------------------------------------------------------
17:30:05.305 [AsyncHttpClient-1-16] DEBUG org.asynchttpclient.netty.handler.WebSocketHandler - Channel Closed: [id: 0x0c57123a, L:/127.0.0.1:57975 ! R:localhost/127.0.0.1:57968] with attribute NettyResponseFuture{currentRetry=5,
	isDone=1,
	isCancelled=0,
	asyncHandler=org.asynchttpclient.ws.WebSocketUpgradeHandler@1d0ad33c,
	nettyRequest=org.asynchttpclient.netty.request.NettyRequest@58085ef9,
	future=java.util.concurrent.CompletableFuture@5a3abd6c[Completed normally],
	uri=ws://localhost:57968/devtools/browser/32a07d9a-6d75-4cd1-8d5e-522c28265ecd,
	keepAlive=true,
	redirectCount=0,
	timeoutsHolder=null,
	inAuth=0,
	touch=1664965796569}
17:30:05.305 [AsyncHttpClient-1-16] DEBUG org.asynchttpclient.netty.channel.ChannelManager - Closing Channel [id: 0x0c57123a, L:/127.0.0.1:57975 ! R:localhost/127.0.0.1:57968] 
17:30:05.306 [Driver Command Executor] DEBUG org.asynchttpclient.netty.request.NettyRequestSender - Using pooled Channel '[id: 0x00217b89, L:/127.0.0.1:57964 - R:localhost/127.0.0.1:61992]' for 'DELETE' to 'http://localhost:61992/session/bf334f4da282c52a69c7194d4e1c4f69'
17:30:05.306 [Driver Command Executor] DEBUG org.asynchttpclient.netty.request.NettyRequestSender - Using open Channel [id: 0x00217b89, L:/127.0.0.1:57964 - R:localhost/127.0.0.1:61992] for DELETE '/session/bf334f4da282c52a69c7194d4e1c4f69'
17:30:05.399 [AsyncHttpClient-1-15] DEBUG org.asynchttpclient.netty.handler.HttpHandler - Unexpected I/O exception on channel [id: 0xb08fb8e6, L:/127.0.0.1:57974 - R:localhost/127.0.0.1:57968]
java.net.SocketException: Connection reset
	at java.base/sun.nio.ch.SocketChannelImpl.throwConnectionReset(SocketChannelImpl.java:345)
	at java.base/sun.nio.ch.SocketChannelImpl.read(SocketChannelImpl.java:376)
	at io.netty.buffer.PooledByteBuf.setBytes(PooledByteBuf.java:258)
	at io.netty.buffer.AbstractByteBuf.writeBytes(AbstractByteBuf.java:1132)
	at io.netty.channel.socket.nio.NioSocketChannel.doReadBytes(NioSocketChannel.java:350)
	at io.netty.channel.nio.AbstractNioByteChannel$NioByteUnsafe.read(AbstractNioByteChannel.java:151)
	at io.netty.channel.nio.NioEventLoop.processSelectedKey(NioEventLoop.java:722)
	at io.netty.channel.nio.NioEventLoop.processSelectedKeysOptimized(NioEventLoop.java:658)
	at io.netty.channel.nio.NioEventLoop.processSelectedKeys(NioEventLoop.java:584)
	at io.netty.channel.nio.NioEventLoop.run(NioEventLoop.java:496)
	at io.netty.util.concurrent.SingleThreadEventExecutor$4.run(SingleThreadEventExecutor.java:986)
	at io.netty.util.internal.ThreadExecutorMap$2.run(ThreadExecutorMap.java:74)
	at io.netty.util.concurrent.FastThreadLocalRunnable.run(FastThreadLocalRunnable.java:30)
	at java.base/java.lang.Thread.run(Thread.java:830)
17:30:05.399 [AsyncHttpClient-1-15] DEBUG org.asynchttpclient.netty.channel.ChannelManager - Closing Channel [id: 0xb08fb8e6, L:/127.0.0.1:57974 - R:localhost/127.0.0.1:57968] 
17:30:05.399 [AsyncHttpClient-1-15] DEBUG org.asynchttpclient.netty.handler.HttpHandler - Channel Closed: [id: 0xb08fb8e6, L:/127.0.0.1:57974 ! R:localhost/127.0.0.1:57968] with attribute DISCARD
17:30:05.421 [AsyncHttpClient-1-14] DEBUG org.asynchttpclient.netty.handler.HttpHandler - 

Request DefaultFullHttpRequest(decodeResult: success, version: HTTP/1.1, content: EmptyByteBufBE)
DELETE /session/bf334f4da282c52a69c7194d4e1c4f69 HTTP/1.1
User-Agent: selenium/4.1.2 (java windows)
Content-Type: application/json; charset=utf-8
host: localhost:61992
accept: */*

Response DefaultHttpResponse(decodeResult: success, version: HTTP/1.1)
HTTP/1.1 200 OK
Content-Type: application/json; charset=utf-8
cache-control: no-cache
content-length: 14

17:30:05.421 [AsyncHttpClient-1-14] DEBUG org.asynchttpclient.netty.channel.ChannelManager - Adding key: http://localhost:61992 for channel [id: 0x00217b89, L:/127.0.0.1:57964 - R:localhost/127.0.0.1:61992]
17:30:05.487 [AsyncHttpClient-1-14] DEBUG org.asynchttpclient.netty.handler.HttpHandler - Channel Closed: [id: 0x00217b89, L:/127.0.0.1:57964 ! R:localhost/127.0.0.1:61992] with attribute DISCARD
]]></system-out>
    <system-err><![CDATA[Starting ChromeDriver 106.0.5249.61 (511755355844955cd3e264779baf0dd38212a4d0-refs/branch-heads/5249@{#569}) on port 61992
Only local connections are allowed.
Please see https://chromedriver.chromium.org/security-considerations for suggestions on keeping ChromeDriver safe.
ChromeDriver was started successfully.
Oct 05, 2022 5:29:56 PM org.openqa.selenium.remote.ProtocolHandshake createSession
INFO: Detected dialect: W3C
Oct 05, 2022 5:29:56 PM org.openqa.selenium.devtools.CdpVersionFinder findNearestMatch
WARNING: Unable to find an exact match for CDP version 106, so returning the closest version found: a no-op implementation
Oct 05, 2022 5:29:56 PM org.openqa.selenium.devtools.CdpVersionFinder findNearestMatch
INFO: Unable to find CDP implementation matching 106.
Oct 05, 2022 5:29:56 PM org.openqa.selenium.chromium.ChromiumDriver lambda$new$3
WARNING: Unable to find version of CDP to use for . You may need to include a dependency on a specific version of the CDP using something similar to `org.seleniumhq.selenium:selenium-devtools-v86:4.1.2` where the version ("v86") matches the version of the chromium-based browser you're using and the version number of the artifact is the same as Selenium's.
]]></system-err>
  </testcase>
  <testcase name="Login with empty username and valid password" classname="Login" time="10.386">
    <system-out><![CDATA[
Scenario: Login with empty username and valid password &amp#27;[90m# src/test/resources/features/Login.feature:39&amp#27;[0m
17:30:06.038 [main] INFO io.cucumber.core.plugin.SerenityReporter - Running feature from file:///C:/Users/ASUS/Desktop/stupen/repo/21_Review%20Web%20UI%20Testing%20with%20Serenity/Praktikum/qaBooks/src/test/resources/features/Login.feature
17:30:06.042 [main] INFO  - 
  _____   ___   ___   _____     ___   _____     _     ___   _____   ___   ___  
 |_   _| | __| / __| |_   _|   / __| |_   _|   /_\   | _ \ |_   _| | __| |   \ 
   | |   | _|  \__ \   | |     \__ \   | |    / _ \  |   /   | |   | _|  | |) |
   |_|   |___| |___/   |_|     |___/   |_|   /_/ \_\ |_|_\   |_|   |___| |___/ 

Login with empty username and valid password(login;login-with-empty-username-and-valid-password)
--------------------------------------------------------------------------------
17:30:06.061 [main] INFO net.serenitybdd.core.webdriver.driverproviders.ChromeDriverProvider - Using automatically driver download
17:30:06.212 [main] DEBUG io.github.bonigarcia.wdm.cache.ResolutionCache - Resolution chrome=106 in cache (valid until 17:53:10 05/10/2022 WIB)
17:30:06.217 [main] DEBUG io.github.bonigarcia.wdm.cache.ResolutionCache - Resolution chrome106=106.0.5249.61 in cache (valid until 14:14:44 06/10/2022 WIB)
17:30:06.219 [main] INFO io.github.bonigarcia.wdm.WebDriverManager - Using chromedriver 106.0.5249.61 (resolved driver for Chrome 106)
17:30:06.236 [AsyncHttpClient-1-1] DEBUG org.asynchttpclient.netty.channel.DefaultChannelPool - Entry count for : http://localhost:61992 : 1
17:30:06.236 [AsyncHttpClient-1-1] DEBUG org.asynchttpclient.netty.channel.DefaultChannelPool - Entry count for : http://localhost:57968 : 1
17:30:06.236 [AsyncHttpClient-1-1] DEBUG org.asynchttpclient.netty.channel.DefaultChannelPool - Adding Candidate expired Channel [id: 0x00217b89, L:/127.0.0.1:57964 ! R:localhost/127.0.0.1:61992] isIdleTimeoutExpired=false isRemotelyClosed=true isTtlExpired=false
17:30:06.236 [AsyncHttpClient-1-1] DEBUG org.asynchttpclient.netty.channel.DefaultChannelPool - Closing Idle Channel [id: 0x00217b89, L:/127.0.0.1:57964 ! R:localhost/127.0.0.1:61992]
17:30:06.236 [AsyncHttpClient-1-1] DEBUG org.asynchttpclient.netty.channel.DefaultChannelPool - Adding Candidate expired Channel [id: 0xb08fb8e6, L:/127.0.0.1:57974 ! R:localhost/127.0.0.1:57968] isIdleTimeoutExpired=false isRemotelyClosed=true isTtlExpired=false
17:30:06.236 [AsyncHttpClient-1-1] DEBUG org.asynchttpclient.netty.channel.DefaultChannelPool - Closing Idle Channel [id: 0xb08fb8e6, L:/127.0.0.1:57974 ! R:localhost/127.0.0.1:57968]
17:30:06.236 [AsyncHttpClient-1-1] DEBUG org.asynchttpclient.netty.channel.DefaultChannelPool - Closed 2 connections out of 2 in 0 ms
17:30:06.240 [main] DEBUG io.github.bonigarcia.wdm.WebDriverManager - Driver chromedriver 106.0.5249.61 found in cache
17:30:06.241 [main] INFO io.github.bonigarcia.wdm.WebDriverManager - Exporting webdriver.chrome.driver as C:\Users\ASUS\.cache\selenium\chromedriver\win32\106.0.5249.61\chromedriver.exe
17:30:06.402 [main] DEBUG net.serenitybdd.core.webdriver.driverproviders.ProvideNewDriver - Instantiating driver
17:30:06.402 [main] DEBUG net.serenitybdd.core.webdriver.driverproviders.ProvideNewDriver - Driver capabilities: Capabilities {acceptInsecureCerts: false, base.url: https://demoqa.com/books, browserName: chrome, chrome.driver: src/test/resources/webdrive..., driver: chrome, goog:chromeOptions: {args: [], extensions: []}}
17:30:06.957 [AsyncHttpClient-1-17] DEBUG org.asynchttpclient.netty.channel.NettyConnectListener - Using new Channel '[id: 0x8baebbd4, L:/127.0.0.1:58037 - R:localhost/127.0.0.1:58603]' for 'POST' to '/session'
17:30:07.797 [AsyncHttpClient-1-17] DEBUG org.asynchttpclient.netty.handler.HttpHandler - 

Request DefaultHttpRequest(decodeResult: success, version: HTTP/1.1)
POST /session HTTP/1.1
User-Agent: selenium/4.1.2 (java windows)
Content-Length: 610
Content-Type: application/json; charset=utf-8
host: localhost:58603
accept: */*

Response DefaultHttpResponse(decodeResult: success, version: HTTP/1.1)
HTTP/1.1 200 OK
Content-Type: application/json; charset=utf-8
cache-control: no-cache
content-length: 788

17:30:07.798 [AsyncHttpClient-1-17] DEBUG org.asynchttpclient.netty.channel.ChannelManager - Adding key: http://localhost:58603 for channel [id: 0x8baebbd4, L:/127.0.0.1:58037 - R:localhost/127.0.0.1:58603]
17:30:07.810 [AsyncHttpClient-1-2] DEBUG org.asynchttpclient.netty.channel.NettyConnectListener - Using new Channel '[id: 0x4d8ce514, L:/127.0.0.1:58045 - R:localhost/127.0.0.1:58038]' for 'GET' to '/json/version'
17:30:07.811 [AsyncHttpClient-1-2] DEBUG org.asynchttpclient.netty.handler.HttpHandler - 

Request DefaultFullHttpRequest(decodeResult: success, version: HTTP/1.1, content: EmptyByteBufBE)
GET /json/version HTTP/1.1
User-Agent: selenium/4.1.2 (java windows)
host: localhost:58038
accept: */*

Response DefaultHttpResponse(decodeResult: success, version: HTTP/1.1)
HTTP/1.1 200 OK
Content-Type: application/json; charset=UTF-8
content-length: 423

17:30:07.811 [AsyncHttpClient-1-2] DEBUG org.asynchttpclient.netty.channel.ChannelManager - Adding key: http://localhost:58038 for channel [id: 0x4d8ce514, L:/127.0.0.1:58045 - R:localhost/127.0.0.1:58038]
17:30:07.815 [AsyncHttpClient-1-3] DEBUG org.asynchttpclient.netty.channel.NettyConnectListener - Using new Channel '[id: 0xd01a6918, L:/127.0.0.1:58046 - R:localhost/127.0.0.1:58038]' for 'GET' to '/devtools/browser/237e38f2-b9ec-49f8-8374-b449797f5f42'
17:30:07.816 [AsyncHttpClient-1-3] DEBUG org.asynchttpclient.netty.handler.WebSocketHandler - 

Request DefaultFullHttpRequest(decodeResult: success, version: HTTP/1.1, content: EmptyByteBufBE)
GET /devtools/browser/237e38f2-b9ec-49f8-8374-b449797f5f42 HTTP/1.1
upgrade: websocket
connection: upgrade
sec-websocket-key: aVd3kxS/dr+F6RngmUIynA==
sec-websocket-version: 13
origin: http://localhost:58038
host: localhost:58038
accept: */*
user-agent: AHC/2.1

Response DefaultHttpResponse(decodeResult: success, version: HTTP/1.1)
HTTP/1.1 101 WebSocket Protocol Handshake
Upgrade: WebSocket
Connection: Upgrade
Sec-WebSocket-Accept: ZHgU5eXfW+YRAZfyuiY5ZawYzvA=

17:30:07.823 [Forwarding get on session e091a63e3b3586e78259e7916764eca6 to remote] DEBUG org.asynchttpclient.netty.request.NettyRequestSender - Using pooled Channel '[id: 0x8baebbd4, L:/127.0.0.1:58037 - R:localhost/127.0.0.1:58603]' for 'POST' to 'http://localhost:58603/session/e091a63e3b3586e78259e7916764eca6/url'
17:30:07.823 [Forwarding get on session e091a63e3b3586e78259e7916764eca6 to remote] DEBUG org.asynchttpclient.netty.request.NettyRequestSender - Using open Channel [id: 0x8baebbd4, L:/127.0.0.1:58037 - R:localhost/127.0.0.1:58603] for POST '/session/e091a63e3b3586e78259e7916764eca6/url'
17:30:08.439 [AsyncHttpClient-1-1] DEBUG org.asynchttpclient.netty.channel.DefaultChannelPool - Entry count for : http://localhost:58038 : 1
17:30:09.536 [AsyncHttpClient-1-1] DEBUG org.asynchttpclient.netty.channel.DefaultChannelPool - Entry count for : http://localhost:58038 : 1
17:30:10.636 [AsyncHttpClient-1-1] DEBUG org.asynchttpclient.netty.channel.DefaultChannelPool - Entry count for : http://localhost:58038 : 1
17:30:11.744 [AsyncHttpClient-1-1] DEBUG org.asynchttpclient.netty.channel.DefaultChannelPool - Entry count for : http://localhost:58038 : 1
17:30:12.841 [AsyncHttpClient-1-1] DEBUG org.asynchttpclient.netty.channel.DefaultChannelPool - Entry count for : http://localhost:58038 : 1
17:30:13.940 [AsyncHttpClient-1-17] DEBUG org.asynchttpclient.netty.handler.HttpHandler - 

Request DefaultHttpRequest(decodeResult: success, version: HTTP/1.1)
POST /session/e091a63e3b3586e78259e7916764eca6/url HTTP/1.1
User-Agent: selenium/4.1.2 (java windows)
Content-Length: 60
Content-Type: application/json; charset=utf-8
host: localhost:58603
accept: */*

Response DefaultHttpResponse(decodeResult: success, version: HTTP/1.1)
HTTP/1.1 200 OK
Content-Type: application/json; charset=utf-8
cache-control: no-cache
content-length: 14

17:30:13.940 [AsyncHttpClient-1-17] DEBUG org.asynchttpclient.netty.channel.ChannelManager - Adding key: http://localhost:58603 for channel [id: 0x8baebbd4, L:/127.0.0.1:58037 - R:localhost/127.0.0.1:58603]
17:30:13.941 [AsyncHttpClient-1-1] DEBUG org.asynchttpclient.netty.channel.DefaultChannelPool - Entry count for : http://localhost:58038 : 1
17:30:13.941 [AsyncHttpClient-1-1] DEBUG org.asynchttpclient.netty.channel.DefaultChannelPool - Entry count for : http://localhost:58603 : 1
17:30:13.942 [Forwarding setTimeout on session e091a63e3b3586e78259e7916764eca6 to remote] DEBUG org.asynchttpclient.netty.request.NettyRequestSender - Using pooled Channel '[id: 0x8baebbd4, L:/127.0.0.1:58037 - R:localhost/127.0.0.1:58603]' for 'POST' to 'http://localhost:58603/session/e091a63e3b3586e78259e7916764eca6/timeouts'
17:30:13.942 [Forwarding setTimeout on session e091a63e3b3586e78259e7916764eca6 to remote] DEBUG org.asynchttpclient.netty.request.NettyRequestSender - Using open Channel [id: 0x8baebbd4, L:/127.0.0.1:58037 - R:localhost/127.0.0.1:58603] for POST '/session/e091a63e3b3586e78259e7916764eca6/timeouts'
17:30:13.943 [AsyncHttpClient-1-17] DEBUG org.asynchttpclient.netty.handler.HttpHandler - 

Request DefaultHttpRequest(decodeResult: success, version: HTTP/1.1)
POST /session/e091a63e3b3586e78259e7916764eca6/timeouts HTTP/1.1
User-Agent: selenium/4.1.2 (java windows)
Content-Length: 22
Content-Type: application/json; charset=utf-8
host: localhost:58603
accept: */*

Response DefaultHttpResponse(decodeResult: success, version: HTTP/1.1)
HTTP/1.1 200 OK
Content-Type: application/json; charset=utf-8
cache-control: no-cache
content-length: 14

17:30:13.943 [AsyncHttpClient-1-17] DEBUG org.asynchttpclient.netty.channel.ChannelManager - Adding key: http://localhost:58603 for channel [id: 0x8baebbd4, L:/127.0.0.1:58037 - R:localhost/127.0.0.1:58603]
17:30:13.947 [Forwarding getCurrentUrl on session e091a63e3b3586e78259e7916764eca6 to remote] DEBUG org.asynchttpclient.netty.request.NettyRequestSender - Using pooled Channel '[id: 0x8baebbd4, L:/127.0.0.1:58037 - R:localhost/127.0.0.1:58603]' for 'GET' to 'http://localhost:58603/session/e091a63e3b3586e78259e7916764eca6/url'
17:30:13.948 [Forwarding getCurrentUrl on session e091a63e3b3586e78259e7916764eca6 to remote] DEBUG org.asynchttpclient.netty.request.NettyRequestSender - Using open Channel [id: 0x8baebbd4, L:/127.0.0.1:58037 - R:localhost/127.0.0.1:58603] for GET '/session/e091a63e3b3586e78259e7916764eca6/url'
17:30:13.953 [AsyncHttpClient-1-17] DEBUG org.asynchttpclient.netty.handler.HttpHandler - 

Request DefaultFullHttpRequest(decodeResult: success, version: HTTP/1.1, content: EmptyByteBufBE)
GET /session/e091a63e3b3586e78259e7916764eca6/url HTTP/1.1
User-Agent: selenium/4.1.2 (java windows)
Cache-Control: no-cache
Content-Type: application/json; charset=utf-8
host: localhost:58603
accept: */*

Response DefaultHttpResponse(decodeResult: success, version: HTTP/1.1)
HTTP/1.1 200 OK
Content-Type: application/json; charset=utf-8
cache-control: no-cache
content-length: 37

17:30:13.953 [AsyncHttpClient-1-17] DEBUG org.asynchttpclient.netty.channel.ChannelManager - Adding key: http://localhost:58603 for channel [id: 0x8baebbd4, L:/127.0.0.1:58037 - R:localhost/127.0.0.1:58603]
17:30:13.958 [Forwarding findElement on session e091a63e3b3586e78259e7916764eca6 to remote] DEBUG org.asynchttpclient.netty.request.NettyRequestSender - Using pooled Channel '[id: 0x8baebbd4, L:/127.0.0.1:58037 - R:localhost/127.0.0.1:58603]' for 'POST' to 'http://localhost:58603/session/e091a63e3b3586e78259e7916764eca6/element'
17:30:13.958 [Forwarding findElement on session e091a63e3b3586e78259e7916764eca6 to remote] DEBUG org.asynchttpclient.netty.request.NettyRequestSender - Using open Channel [id: 0x8baebbd4, L:/127.0.0.1:58037 - R:localhost/127.0.0.1:58603] for POST '/session/e091a63e3b3586e78259e7916764eca6/element'
17:30:13.968 [AsyncHttpClient-1-17] DEBUG org.asynchttpclient.netty.handler.HttpHandler - 

Request DefaultHttpRequest(decodeResult: success, version: HTTP/1.1)
POST /session/e091a63e3b3586e78259e7916764eca6/element HTTP/1.1
User-Agent: selenium/4.1.2 (java windows)
Content-Length: 50
Content-Type: application/json; charset=utf-8
host: localhost:58603
accept: */*

Response DefaultHttpResponse(decodeResult: success, version: HTTP/1.1)
HTTP/1.1 200 OK
Content-Type: application/json; charset=utf-8
cache-control: no-cache
content-length: 88

17:30:13.968 [AsyncHttpClient-1-17] DEBUG org.asynchttpclient.netty.channel.ChannelManager - Adding key: http://localhost:58603 for channel [id: 0x8baebbd4, L:/127.0.0.1:58037 - R:localhost/127.0.0.1:58603]
17:30:13.972 [Forwarding isElementDisplayed on session e091a63e3b3586e78259e7916764eca6 to remote] DEBUG org.asynchttpclient.netty.request.NettyRequestSender - Using pooled Channel '[id: 0x8baebbd4, L:/127.0.0.1:58037 - R:localhost/127.0.0.1:58603]' for 'POST' to 'http://localhost:58603/session/e091a63e3b3586e78259e7916764eca6/execute/sync'
17:30:13.972 [Forwarding isElementDisplayed on session e091a63e3b3586e78259e7916764eca6 to remote] DEBUG org.asynchttpclient.netty.request.NettyRequestSender - Using open Channel [id: 0x8baebbd4, L:/127.0.0.1:58037 - R:localhost/127.0.0.1:58603] for POST '/session/e091a63e3b3586e78259e7916764eca6/execute/sync'
17:30:13.987 [AsyncHttpClient-1-17] DEBUG org.asynchttpclient.netty.handler.HttpHandler - 

Request DefaultHttpRequest(decodeResult: success, version: HTTP/1.1)
POST /session/e091a63e3b3586e78259e7916764eca6/execute/sync HTTP/1.1
User-Agent: selenium/4.1.2 (java windows)
Content-Length: 48780
Content-Type: application/json; charset=utf-8
host: localhost:58603
accept: */*

Response DefaultHttpResponse(decodeResult: success, version: HTTP/1.1)
HTTP/1.1 200 OK
Content-Type: application/json; charset=utf-8
cache-control: no-cache
content-length: 14

17:30:13.987 [AsyncHttpClient-1-17] DEBUG org.asynchttpclient.netty.channel.ChannelManager - Adding key: http://localhost:58603 for channel [id: 0x8baebbd4, L:/127.0.0.1:58037 - R:localhost/127.0.0.1:58603]
17:30:13.990 [Forwarding findElement on session e091a63e3b3586e78259e7916764eca6 to remote] DEBUG org.asynchttpclient.netty.request.NettyRequestSender - Using pooled Channel '[id: 0x8baebbd4, L:/127.0.0.1:58037 - R:localhost/127.0.0.1:58603]' for 'POST' to 'http://localhost:58603/session/e091a63e3b3586e78259e7916764eca6/element'
17:30:13.990 [Forwarding findElement on session e091a63e3b3586e78259e7916764eca6 to remote] DEBUG org.asynchttpclient.netty.request.NettyRequestSender - Using open Channel [id: 0x8baebbd4, L:/127.0.0.1:58037 - R:localhost/127.0.0.1:58603] for POST '/session/e091a63e3b3586e78259e7916764eca6/element'
17:30:13.998 [AsyncHttpClient-1-17] DEBUG org.asynchttpclient.netty.handler.HttpHandler - 

Request DefaultHttpRequest(decodeResult: success, version: HTTP/1.1)
POST /session/e091a63e3b3586e78259e7916764eca6/element HTTP/1.1
User-Agent: selenium/4.1.2 (java windows)
Content-Length: 50
Content-Type: application/json; charset=utf-8
host: localhost:58603
accept: */*

Response DefaultHttpResponse(decodeResult: success, version: HTTP/1.1)
HTTP/1.1 200 OK
Content-Type: application/json; charset=utf-8
cache-control: no-cache
content-length: 88

17:30:13.998 [AsyncHttpClient-1-17] DEBUG org.asynchttpclient.netty.channel.ChannelManager - Adding key: http://localhost:58603 for channel [id: 0x8baebbd4, L:/127.0.0.1:58037 - R:localhost/127.0.0.1:58603]
17:30:13.999 [Forwarding getElementTagName on session e091a63e3b3586e78259e7916764eca6 to remote] DEBUG org.asynchttpclient.netty.request.NettyRequestSender - Using pooled Channel '[id: 0x8baebbd4, L:/127.0.0.1:58037 - R:localhost/127.0.0.1:58603]' for 'GET' to 'http://localhost:58603/session/e091a63e3b3586e78259e7916764eca6/element/2b86be8a-544c-42a2-81dc-12ee36c74d8d/name'
17:30:13.999 [Forwarding getElementTagName on session e091a63e3b3586e78259e7916764eca6 to remote] DEBUG org.asynchttpclient.netty.request.NettyRequestSender - Using open Channel [id: 0x8baebbd4, L:/127.0.0.1:58037 - R:localhost/127.0.0.1:58603] for GET '/session/e091a63e3b3586e78259e7916764eca6/element/2b86be8a-544c-42a2-81dc-12ee36c74d8d/name'
17:30:14.005 [AsyncHttpClient-1-17] DEBUG org.asynchttpclient.netty.handler.HttpHandler - 

Request DefaultFullHttpRequest(decodeResult: success, version: HTTP/1.1, content: EmptyByteBufBE)
GET /session/e091a63e3b3586e78259e7916764eca6/element/2b86be8a-544c-42a2-81dc-12ee36c74d8d/name HTTP/1.1
User-Agent: selenium/4.1.2 (java windows)
Cache-Control: no-cache
Content-Type: application/json; charset=utf-8
host: localhost:58603
accept: */*

Response DefaultHttpResponse(decodeResult: success, version: HTTP/1.1)
HTTP/1.1 200 OK
Content-Type: application/json; charset=utf-8
cache-control: no-cache
content-length: 18

17:30:14.005 [AsyncHttpClient-1-17] DEBUG org.asynchttpclient.netty.channel.ChannelManager - Adding key: http://localhost:58603 for channel [id: 0x8baebbd4, L:/127.0.0.1:58037 - R:localhost/127.0.0.1:58603]
17:30:14.006 [Forwarding getElementTagName on session e091a63e3b3586e78259e7916764eca6 to remote] DEBUG org.asynchttpclient.netty.request.NettyRequestSender - Using pooled Channel '[id: 0x8baebbd4, L:/127.0.0.1:58037 - R:localhost/127.0.0.1:58603]' for 'GET' to 'http://localhost:58603/session/e091a63e3b3586e78259e7916764eca6/element/2b86be8a-544c-42a2-81dc-12ee36c74d8d/name'
17:30:14.006 [Forwarding getElementTagName on session e091a63e3b3586e78259e7916764eca6 to remote] DEBUG org.asynchttpclient.netty.request.NettyRequestSender - Using open Channel [id: 0x8baebbd4, L:/127.0.0.1:58037 - R:localhost/127.0.0.1:58603] for GET '/session/e091a63e3b3586e78259e7916764eca6/element/2b86be8a-544c-42a2-81dc-12ee36c74d8d/name'
17:30:14.010 [AsyncHttpClient-1-17] DEBUG org.asynchttpclient.netty.handler.HttpHandler - 

Request DefaultFullHttpRequest(decodeResult: success, version: HTTP/1.1, content: EmptyByteBufBE)
GET /session/e091a63e3b3586e78259e7916764eca6/element/2b86be8a-544c-42a2-81dc-12ee36c74d8d/name HTTP/1.1
User-Agent: selenium/4.1.2 (java windows)
Cache-Control: no-cache
Content-Type: application/json; charset=utf-8
host: localhost:58603
accept: */*

Response DefaultHttpResponse(decodeResult: success, version: HTTP/1.1)
HTTP/1.1 200 OK
Content-Type: application/json; charset=utf-8
cache-control: no-cache
content-length: 18

17:30:14.011 [AsyncHttpClient-1-17] DEBUG org.asynchttpclient.netty.channel.ChannelManager - Adding key: http://localhost:58603 for channel [id: 0x8baebbd4, L:/127.0.0.1:58037 - R:localhost/127.0.0.1:58603]
17:30:14.014 [Forwarding isElementEnabled on session e091a63e3b3586e78259e7916764eca6 to remote] DEBUG org.asynchttpclient.netty.request.NettyRequestSender - Using pooled Channel '[id: 0x8baebbd4, L:/127.0.0.1:58037 - R:localhost/127.0.0.1:58603]' for 'GET' to 'http://localhost:58603/session/e091a63e3b3586e78259e7916764eca6/element/2b86be8a-544c-42a2-81dc-12ee36c74d8d/enabled'
17:30:14.014 [Forwarding isElementEnabled on session e091a63e3b3586e78259e7916764eca6 to remote] DEBUG org.asynchttpclient.netty.request.NettyRequestSender - Using open Channel [id: 0x8baebbd4, L:/127.0.0.1:58037 - R:localhost/127.0.0.1:58603] for GET '/session/e091a63e3b3586e78259e7916764eca6/element/2b86be8a-544c-42a2-81dc-12ee36c74d8d/enabled'
17:30:14.024 [AsyncHttpClient-1-17] DEBUG org.asynchttpclient.netty.handler.HttpHandler - 

Request DefaultFullHttpRequest(decodeResult: success, version: HTTP/1.1, content: EmptyByteBufBE)
GET /session/e091a63e3b3586e78259e7916764eca6/element/2b86be8a-544c-42a2-81dc-12ee36c74d8d/enabled HTTP/1.1
User-Agent: selenium/4.1.2 (java windows)
Cache-Control: no-cache
Content-Type: application/json; charset=utf-8
host: localhost:58603
accept: */*

Response DefaultHttpResponse(decodeResult: success, version: HTTP/1.1)
HTTP/1.1 200 OK
Content-Type: application/json; charset=utf-8
cache-control: no-cache
content-length: 14

17:30:14.024 [AsyncHttpClient-1-17] DEBUG org.asynchttpclient.netty.channel.ChannelManager - Adding key: http://localhost:58603 for channel [id: 0x8baebbd4, L:/127.0.0.1:58037 - R:localhost/127.0.0.1:58603]
17:30:14.025 [Forwarding isElementEnabled on session e091a63e3b3586e78259e7916764eca6 to remote] DEBUG org.asynchttpclient.netty.request.NettyRequestSender - Using pooled Channel '[id: 0x8baebbd4, L:/127.0.0.1:58037 - R:localhost/127.0.0.1:58603]' for 'GET' to 'http://localhost:58603/session/e091a63e3b3586e78259e7916764eca6/element/2b86be8a-544c-42a2-81dc-12ee36c74d8d/enabled'
17:30:14.025 [Forwarding isElementEnabled on session e091a63e3b3586e78259e7916764eca6 to remote] DEBUG org.asynchttpclient.netty.request.NettyRequestSender - Using open Channel [id: 0x8baebbd4, L:/127.0.0.1:58037 - R:localhost/127.0.0.1:58603] for GET '/session/e091a63e3b3586e78259e7916764eca6/element/2b86be8a-544c-42a2-81dc-12ee36c74d8d/enabled'
17:30:14.033 [AsyncHttpClient-1-17] DEBUG org.asynchttpclient.netty.handler.HttpHandler - 

Request DefaultFullHttpRequest(decodeResult: success, version: HTTP/1.1, content: EmptyByteBufBE)
GET /session/e091a63e3b3586e78259e7916764eca6/element/2b86be8a-544c-42a2-81dc-12ee36c74d8d/enabled HTTP/1.1
User-Agent: selenium/4.1.2 (java windows)
Cache-Control: no-cache
Content-Type: application/json; charset=utf-8
host: localhost:58603
accept: */*

Response DefaultHttpResponse(decodeResult: success, version: HTTP/1.1)
HTTP/1.1 200 OK
Content-Type: application/json; charset=utf-8
cache-control: no-cache
content-length: 14

17:30:14.033 [AsyncHttpClient-1-17] DEBUG org.asynchttpclient.netty.channel.ChannelManager - Adding key: http://localhost:58603 for channel [id: 0x8baebbd4, L:/127.0.0.1:58037 - R:localhost/127.0.0.1:58603]
17:30:14.035 [Forwarding findElement on session e091a63e3b3586e78259e7916764eca6 to remote] DEBUG org.asynchttpclient.netty.request.NettyRequestSender - Using pooled Channel '[id: 0x8baebbd4, L:/127.0.0.1:58037 - R:localhost/127.0.0.1:58603]' for 'POST' to 'http://localhost:58603/session/e091a63e3b3586e78259e7916764eca6/element'
17:30:14.035 [Forwarding findElement on session e091a63e3b3586e78259e7916764eca6 to remote] DEBUG org.asynchttpclient.netty.request.NettyRequestSender - Using open Channel [id: 0x8baebbd4, L:/127.0.0.1:58037 - R:localhost/127.0.0.1:58603] for POST '/session/e091a63e3b3586e78259e7916764eca6/element'
17:30:14.043 [AsyncHttpClient-1-17] DEBUG org.asynchttpclient.netty.handler.HttpHandler - 

Request DefaultHttpRequest(decodeResult: success, version: HTTP/1.1)
POST /session/e091a63e3b3586e78259e7916764eca6/element HTTP/1.1
User-Agent: selenium/4.1.2 (java windows)
Content-Length: 50
Content-Type: application/json; charset=utf-8
host: localhost:58603
accept: */*

Response DefaultHttpResponse(decodeResult: success, version: HTTP/1.1)
HTTP/1.1 200 OK
Content-Type: application/json; charset=utf-8
cache-control: no-cache
content-length: 88

17:30:14.043 [AsyncHttpClient-1-17] DEBUG org.asynchttpclient.netty.channel.ChannelManager - Adding key: http://localhost:58603 for channel [id: 0x8baebbd4, L:/127.0.0.1:58037 - R:localhost/127.0.0.1:58603]
17:30:14.044 [Forwarding clickElement on session e091a63e3b3586e78259e7916764eca6 to remote] DEBUG org.asynchttpclient.netty.request.NettyRequestSender - Using pooled Channel '[id: 0x8baebbd4, L:/127.0.0.1:58037 - R:localhost/127.0.0.1:58603]' for 'POST' to 'http://localhost:58603/session/e091a63e3b3586e78259e7916764eca6/element/2b86be8a-544c-42a2-81dc-12ee36c74d8d/click'
17:30:14.044 [Forwarding clickElement on session e091a63e3b3586e78259e7916764eca6 to remote] DEBUG org.asynchttpclient.netty.request.NettyRequestSender - Using open Channel [id: 0x8baebbd4, L:/127.0.0.1:58037 - R:localhost/127.0.0.1:58603] for POST '/session/e091a63e3b3586e78259e7916764eca6/element/2b86be8a-544c-42a2-81dc-12ee36c74d8d/click'
17:30:14.150 [AsyncHttpClient-1-17] DEBUG org.asynchttpclient.netty.handler.HttpHandler - 

Request DefaultHttpRequest(decodeResult: success, version: HTTP/1.1)
POST /session/e091a63e3b3586e78259e7916764eca6/element/2b86be8a-544c-42a2-81dc-12ee36c74d8d/click HTTP/1.1
User-Agent: selenium/4.1.2 (java windows)
Content-Length: 50
Content-Type: application/json; charset=utf-8
host: localhost:58603
accept: */*

Response DefaultHttpResponse(decodeResult: success, version: HTTP/1.1)
HTTP/1.1 200 OK
Content-Type: application/json; charset=utf-8
cache-control: no-cache
content-length: 14

17:30:14.150 [AsyncHttpClient-1-17] DEBUG org.asynchttpclient.netty.channel.ChannelManager - Adding key: http://localhost:58603 for channel [id: 0x8baebbd4, L:/127.0.0.1:58037 - R:localhost/127.0.0.1:58603]
  &amp#27;[32mGiven &amp#27;[0m&amp#27;[32mI am on the login page&amp#27;[0m                         &amp#27;[90m# starter.stepdefinitions.LoginStep.iAmOnTheLoginPage()&amp#27;[0m
17:30:14.158 [Forwarding screenshot on session e091a63e3b3586e78259e7916764eca6 to remote] DEBUG org.asynchttpclient.netty.request.NettyRequestSender - Using pooled Channel '[id: 0x8baebbd4, L:/127.0.0.1:58037 - R:localhost/127.0.0.1:58603]' for 'GET' to 'http://localhost:58603/session/e091a63e3b3586e78259e7916764eca6/screenshot'
17:30:14.158 [Forwarding screenshot on session e091a63e3b3586e78259e7916764eca6 to remote] DEBUG org.asynchttpclient.netty.request.NettyRequestSender - Using open Channel [id: 0x8baebbd4, L:/127.0.0.1:58037 - R:localhost/127.0.0.1:58603] for GET '/session/e091a63e3b3586e78259e7916764eca6/screenshot'
17:30:14.403 [AsyncHttpClient-1-17] DEBUG org.asynchttpclient.netty.handler.HttpHandler - 

Request DefaultFullHttpRequest(decodeResult: success, version: HTTP/1.1, content: EmptyByteBufBE)
GET /session/e091a63e3b3586e78259e7916764eca6/screenshot HTTP/1.1
User-Agent: selenium/4.1.2 (java windows)
Cache-Control: no-cache
Content-Type: application/json; charset=utf-8
host: localhost:58603
accept: */*

Response DefaultHttpResponse(decodeResult: success, version: HTTP/1.1)
HTTP/1.1 200 OK
Content-Type: application/json; charset=utf-8
cache-control: no-cache
content-length: 327292

17:30:14.404 [AsyncHttpClient-1-17] DEBUG org.asynchttpclient.netty.channel.ChannelManager - Adding key: http://localhost:58603 for channel [id: 0x8baebbd4, L:/127.0.0.1:58037 - R:localhost/127.0.0.1:58603]
17:30:14.416 [main] DEBUG net.serenitybdd.core.photography.Darkroom - Send negative for processing for target\site\serenity\7aab738463dd9a9340864c08300a43e7f10044ddc9b24cb997cd6fe32298dbf6.png
17:30:14.417 [Darkroom Processing Line] DEBUG net.serenitybdd.core.photography.DarkroomProcessingLine - Processing screenshot image in /var/screenshots/screenshot-16853490461353351500
17:30:14.417 [Darkroom Processing Line] DEBUG net.serenitybdd.core.photography.DarkroomProcessingLine - Saving screenshot to target\site\serenity\7aab738463dd9a9340864c08300a43e7f10044ddc9b24cb997cd6fe32298dbf6.png
17:30:14.425 [Forwarding findElement on session e091a63e3b3586e78259e7916764eca6 to remote] DEBUG org.asynchttpclient.netty.request.NettyRequestSender - Using pooled Channel '[id: 0x8baebbd4, L:/127.0.0.1:58037 - R:localhost/127.0.0.1:58603]' for 'POST' to 'http://localhost:58603/session/e091a63e3b3586e78259e7916764eca6/element'
17:30:14.425 [Forwarding findElement on session e091a63e3b3586e78259e7916764eca6 to remote] DEBUG org.asynchttpclient.netty.request.NettyRequestSender - Using open Channel [id: 0x8baebbd4, L:/127.0.0.1:58037 - R:localhost/127.0.0.1:58603] for POST '/session/e091a63e3b3586e78259e7916764eca6/element'
17:30:14.437 [AsyncHttpClient-1-17] DEBUG org.asynchttpclient.netty.handler.HttpHandler - 

Request DefaultHttpRequest(decodeResult: success, version: HTTP/1.1)
POST /session/e091a63e3b3586e78259e7916764eca6/element HTTP/1.1
User-Agent: selenium/4.1.2 (java windows)
Content-Length: 53
Content-Type: application/json; charset=utf-8
host: localhost:58603
accept: */*

Response DefaultHttpResponse(decodeResult: success, version: HTTP/1.1)
HTTP/1.1 200 OK
Content-Type: application/json; charset=utf-8
cache-control: no-cache
content-length: 88

17:30:14.438 [AsyncHttpClient-1-17] DEBUG org.asynchttpclient.netty.channel.ChannelManager - Adding key: http://localhost:58603 for channel [id: 0x8baebbd4, L:/127.0.0.1:58037 - R:localhost/127.0.0.1:58603]
17:30:14.439 [Forwarding clearElement on session e091a63e3b3586e78259e7916764eca6 to remote] DEBUG org.asynchttpclient.netty.request.NettyRequestSender - Using pooled Channel '[id: 0x8baebbd4, L:/127.0.0.1:58037 - R:localhost/127.0.0.1:58603]' for 'POST' to 'http://localhost:58603/session/e091a63e3b3586e78259e7916764eca6/element/257ab3fe-b665-45f9-8b96-4d07d085c5d9/clear'
17:30:14.439 [Forwarding clearElement on session e091a63e3b3586e78259e7916764eca6 to remote] DEBUG org.asynchttpclient.netty.request.NettyRequestSender - Using open Channel [id: 0x8baebbd4, L:/127.0.0.1:58037 - R:localhost/127.0.0.1:58603] for POST '/session/e091a63e3b3586e78259e7916764eca6/element/257ab3fe-b665-45f9-8b96-4d07d085c5d9/clear'
17:30:14.478 [AsyncHttpClient-1-17] DEBUG org.asynchttpclient.netty.handler.HttpHandler - 

Request DefaultHttpRequest(decodeResult: success, version: HTTP/1.1)
POST /session/e091a63e3b3586e78259e7916764eca6/element/257ab3fe-b665-45f9-8b96-4d07d085c5d9/clear HTTP/1.1
User-Agent: selenium/4.1.2 (java windows)
Content-Length: 50
Content-Type: application/json; charset=utf-8
host: localhost:58603
accept: */*

Response DefaultHttpResponse(decodeResult: success, version: HTTP/1.1)
HTTP/1.1 200 OK
Content-Type: application/json; charset=utf-8
cache-control: no-cache
content-length: 14

17:30:14.479 [AsyncHttpClient-1-17] DEBUG org.asynchttpclient.netty.channel.ChannelManager - Adding key: http://localhost:58603 for channel [id: 0x8baebbd4, L:/127.0.0.1:58037 - R:localhost/127.0.0.1:58603]
17:30:14.481 [Forwarding sendKeysToElement on session e091a63e3b3586e78259e7916764eca6 to remote] DEBUG org.asynchttpclient.netty.request.NettyRequestSender - Using pooled Channel '[id: 0x8baebbd4, L:/127.0.0.1:58037 - R:localhost/127.0.0.1:58603]' for 'POST' to 'http://localhost:58603/session/e091a63e3b3586e78259e7916764eca6/element/257ab3fe-b665-45f9-8b96-4d07d085c5d9/value'
17:30:14.481 [Forwarding sendKeysToElement on session e091a63e3b3586e78259e7916764eca6 to remote] DEBUG org.asynchttpclient.netty.request.NettyRequestSender - Using open Channel [id: 0x8baebbd4, L:/127.0.0.1:58037 - R:localhost/127.0.0.1:58603] for POST '/session/e091a63e3b3586e78259e7916764eca6/element/257ab3fe-b665-45f9-8b96-4d07d085c5d9/value'
17:30:14.540 [AsyncHttpClient-1-17] DEBUG org.asynchttpclient.netty.handler.HttpHandler - 

Request DefaultHttpRequest(decodeResult: success, version: HTTP/1.1)
POST /session/e091a63e3b3586e78259e7916764eca6/element/257ab3fe-b665-45f9-8b96-4d07d085c5d9/value HTTP/1.1
User-Agent: selenium/4.1.2 (java windows)
Content-Length: 82
Content-Type: application/json; charset=utf-8
host: localhost:58603
accept: */*

Response DefaultHttpResponse(decodeResult: success, version: HTTP/1.1)
HTTP/1.1 200 OK
Content-Type: application/json; charset=utf-8
cache-control: no-cache
content-length: 14

17:30:14.540 [AsyncHttpClient-1-17] DEBUG org.asynchttpclient.netty.channel.ChannelManager - Adding key: http://localhost:58603 for channel [id: 0x8baebbd4, L:/127.0.0.1:58037 - R:localhost/127.0.0.1:58603]
  &amp#27;[32mWhen &amp#27;[0m&amp#27;[32mI input empty username&amp#27;[0m                          &amp#27;[90m# starter.stepdefinitions.LoginStep.iInputEmptyUsername()&amp#27;[0m
17:30:14.551 [Forwarding screenshot on session e091a63e3b3586e78259e7916764eca6 to remote] DEBUG org.asynchttpclient.netty.request.NettyRequestSender - Using pooled Channel '[id: 0x8baebbd4, L:/127.0.0.1:58037 - R:localhost/127.0.0.1:58603]' for 'GET' to 'http://localhost:58603/session/e091a63e3b3586e78259e7916764eca6/screenshot'
17:30:14.552 [Forwarding screenshot on session e091a63e3b3586e78259e7916764eca6 to remote] DEBUG org.asynchttpclient.netty.request.NettyRequestSender - Using open Channel [id: 0x8baebbd4, L:/127.0.0.1:58037 - R:localhost/127.0.0.1:58603] for GET '/session/e091a63e3b3586e78259e7916764eca6/screenshot'
17:30:14.799 [AsyncHttpClient-1-17] DEBUG org.asynchttpclient.netty.handler.HttpHandler - 

Request DefaultFullHttpRequest(decodeResult: success, version: HTTP/1.1, content: EmptyByteBufBE)
GET /session/e091a63e3b3586e78259e7916764eca6/screenshot HTTP/1.1
User-Agent: selenium/4.1.2 (java windows)
Cache-Control: no-cache
Content-Type: application/json; charset=utf-8
host: localhost:58603
accept: */*

Response DefaultHttpResponse(decodeResult: success, version: HTTP/1.1)
HTTP/1.1 200 OK
Content-Type: application/json; charset=utf-8
cache-control: no-cache
content-length: 320816

17:30:14.800 [AsyncHttpClient-1-17] DEBUG org.asynchttpclient.netty.channel.ChannelManager - Adding key: http://localhost:58603 for channel [id: 0x8baebbd4, L:/127.0.0.1:58037 - R:localhost/127.0.0.1:58603]
17:30:14.818 [main] DEBUG net.serenitybdd.core.photography.Darkroom - Send negative for processing for target\site\serenity\9081533da2a248d6d86b3274cbad96ac7ac4021409f4ccf1ec48b7c049fe5acd.png
17:30:14.818 [Darkroom Processing Line] DEBUG net.serenitybdd.core.photography.DarkroomProcessingLine - Processing screenshot image in /var/screenshots/screenshot-13857189953736617865
17:30:14.818 [Darkroom Processing Line] DEBUG net.serenitybdd.core.photography.DarkroomProcessingLine - Saving screenshot to target\site\serenity\9081533da2a248d6d86b3274cbad96ac7ac4021409f4ccf1ec48b7c049fe5acd.png
17:30:14.828 [Forwarding findElement on session e091a63e3b3586e78259e7916764eca6 to remote] DEBUG org.asynchttpclient.netty.request.NettyRequestSender - Using pooled Channel '[id: 0x8baebbd4, L:/127.0.0.1:58037 - R:localhost/127.0.0.1:58603]' for 'POST' to 'http://localhost:58603/session/e091a63e3b3586e78259e7916764eca6/element'
17:30:14.828 [Forwarding findElement on session e091a63e3b3586e78259e7916764eca6 to remote] DEBUG org.asynchttpclient.netty.request.NettyRequestSender - Using open Channel [id: 0x8baebbd4, L:/127.0.0.1:58037 - R:localhost/127.0.0.1:58603] for POST '/session/e091a63e3b3586e78259e7916764eca6/element'
17:30:14.845 [AsyncHttpClient-1-17] DEBUG org.asynchttpclient.netty.handler.HttpHandler - 

Request DefaultHttpRequest(decodeResult: success, version: HTTP/1.1)
POST /session/e091a63e3b3586e78259e7916764eca6/element HTTP/1.1
User-Agent: selenium/4.1.2 (java windows)
Content-Length: 53
Content-Type: application/json; charset=utf-8
host: localhost:58603
accept: */*

Response DefaultHttpResponse(decodeResult: success, version: HTTP/1.1)
HTTP/1.1 200 OK
Content-Type: application/json; charset=utf-8
cache-control: no-cache
content-length: 88

17:30:14.845 [AsyncHttpClient-1-17] DEBUG org.asynchttpclient.netty.channel.ChannelManager - Adding key: http://localhost:58603 for channel [id: 0x8baebbd4, L:/127.0.0.1:58037 - R:localhost/127.0.0.1:58603]
17:30:14.848 [Forwarding clearElement on session e091a63e3b3586e78259e7916764eca6 to remote] DEBUG org.asynchttpclient.netty.request.NettyRequestSender - Using pooled Channel '[id: 0x8baebbd4, L:/127.0.0.1:58037 - R:localhost/127.0.0.1:58603]' for 'POST' to 'http://localhost:58603/session/e091a63e3b3586e78259e7916764eca6/element/6aae51fe-951b-4061-9b95-0de745f58e26/clear'
17:30:14.848 [Forwarding clearElement on session e091a63e3b3586e78259e7916764eca6 to remote] DEBUG org.asynchttpclient.netty.request.NettyRequestSender - Using open Channel [id: 0x8baebbd4, L:/127.0.0.1:58037 - R:localhost/127.0.0.1:58603] for POST '/session/e091a63e3b3586e78259e7916764eca6/element/6aae51fe-951b-4061-9b95-0de745f58e26/clear'
17:30:14.887 [AsyncHttpClient-1-17] DEBUG org.asynchttpclient.netty.handler.HttpHandler - 

Request DefaultHttpRequest(decodeResult: success, version: HTTP/1.1)
POST /session/e091a63e3b3586e78259e7916764eca6/element/6aae51fe-951b-4061-9b95-0de745f58e26/clear HTTP/1.1
User-Agent: selenium/4.1.2 (java windows)
Content-Length: 50
Content-Type: application/json; charset=utf-8
host: localhost:58603
accept: */*

Response DefaultHttpResponse(decodeResult: success, version: HTTP/1.1)
HTTP/1.1 200 OK
Content-Type: application/json; charset=utf-8
cache-control: no-cache
content-length: 14

17:30:14.887 [AsyncHttpClient-1-17] DEBUG org.asynchttpclient.netty.channel.ChannelManager - Adding key: http://localhost:58603 for channel [id: 0x8baebbd4, L:/127.0.0.1:58037 - R:localhost/127.0.0.1:58603]
17:30:14.890 [Forwarding sendKeysToElement on session e091a63e3b3586e78259e7916764eca6 to remote] DEBUG org.asynchttpclient.netty.request.NettyRequestSender - Using pooled Channel '[id: 0x8baebbd4, L:/127.0.0.1:58037 - R:localhost/127.0.0.1:58603]' for 'POST' to 'http://localhost:58603/session/e091a63e3b3586e78259e7916764eca6/element/6aae51fe-951b-4061-9b95-0de745f58e26/value'
17:30:14.890 [Forwarding sendKeysToElement on session e091a63e3b3586e78259e7916764eca6 to remote] DEBUG org.asynchttpclient.netty.request.NettyRequestSender - Using open Channel [id: 0x8baebbd4, L:/127.0.0.1:58037 - R:localhost/127.0.0.1:58603] for POST '/session/e091a63e3b3586e78259e7916764eca6/element/6aae51fe-951b-4061-9b95-0de745f58e26/value'
17:30:15.017 [AsyncHttpClient-1-17] DEBUG org.asynchttpclient.netty.handler.HttpHandler - 

Request DefaultHttpRequest(decodeResult: success, version: HTTP/1.1)
POST /session/e091a63e3b3586e78259e7916764eca6/element/6aae51fe-951b-4061-9b95-0de745f58e26/value HTTP/1.1
User-Agent: selenium/4.1.2 (java windows)
Content-Length: 311
Content-Type: application/json; charset=utf-8
host: localhost:58603
accept: */*

Response DefaultHttpResponse(decodeResult: success, version: HTTP/1.1)
HTTP/1.1 200 OK
Content-Type: application/json; charset=utf-8
cache-control: no-cache
content-length: 14

17:30:15.017 [AsyncHttpClient-1-17] DEBUG org.asynchttpclient.netty.channel.ChannelManager - Adding key: http://localhost:58603 for channel [id: 0x8baebbd4, L:/127.0.0.1:58037 - R:localhost/127.0.0.1:58603]
  &amp#27;[32mAnd &amp#27;[0m&amp#27;[32mI input valid password&amp#27;[0m                           &amp#27;[90m# starter.stepdefinitions.LoginStep.iInputValidPassword()&amp#27;[0m
17:30:15.027 [Forwarding screenshot on session e091a63e3b3586e78259e7916764eca6 to remote] DEBUG org.asynchttpclient.netty.request.NettyRequestSender - Using pooled Channel '[id: 0x8baebbd4, L:/127.0.0.1:58037 - R:localhost/127.0.0.1:58603]' for 'GET' to 'http://localhost:58603/session/e091a63e3b3586e78259e7916764eca6/screenshot'
17:30:15.027 [Forwarding screenshot on session e091a63e3b3586e78259e7916764eca6 to remote] DEBUG org.asynchttpclient.netty.request.NettyRequestSender - Using open Channel [id: 0x8baebbd4, L:/127.0.0.1:58037 - R:localhost/127.0.0.1:58603] for GET '/session/e091a63e3b3586e78259e7916764eca6/screenshot'
17:30:15.037 [AsyncHttpClient-1-1] DEBUG org.asynchttpclient.netty.channel.DefaultChannelPool - Entry count for : http://localhost:58038 : 1
17:30:15.257 [AsyncHttpClient-1-17] DEBUG org.asynchttpclient.netty.handler.HttpHandler - 

Request DefaultFullHttpRequest(decodeResult: success, version: HTTP/1.1, content: EmptyByteBufBE)
GET /session/e091a63e3b3586e78259e7916764eca6/screenshot HTTP/1.1
User-Agent: selenium/4.1.2 (java windows)
Cache-Control: no-cache
Content-Type: application/json; charset=utf-8
host: localhost:58603
accept: */*

Response DefaultHttpResponse(decodeResult: success, version: HTTP/1.1)
HTTP/1.1 200 OK
Content-Type: application/json; charset=utf-8
cache-control: no-cache
content-length: 258000

17:30:15.259 [AsyncHttpClient-1-17] DEBUG org.asynchttpclient.netty.channel.ChannelManager - Adding key: http://localhost:58603 for channel [id: 0x8baebbd4, L:/127.0.0.1:58037 - R:localhost/127.0.0.1:58603]
17:30:15.269 [main] DEBUG net.serenitybdd.core.photography.Darkroom - Send negative for processing for target\site\serenity\7076024e0333a7a5a15041d0f5dd42da39af627ceeb861da9c0538a0c5f5c9f6.png
17:30:15.270 [Darkroom Processing Line] DEBUG net.serenitybdd.core.photography.DarkroomProcessingLine - Processing screenshot image in /var/screenshots/screenshot-310341544133246159
17:30:15.270 [Darkroom Processing Line] DEBUG net.serenitybdd.core.photography.DarkroomProcessingLine - Saving screenshot to target\site\serenity\7076024e0333a7a5a15041d0f5dd42da39af627ceeb861da9c0538a0c5f5c9f6.png
17:30:15.281 [Forwarding findElement on session e091a63e3b3586e78259e7916764eca6 to remote] DEBUG org.asynchttpclient.netty.request.NettyRequestSender - Using pooled Channel '[id: 0x8baebbd4, L:/127.0.0.1:58037 - R:localhost/127.0.0.1:58603]' for 'POST' to 'http://localhost:58603/session/e091a63e3b3586e78259e7916764eca6/element'
17:30:15.281 [Forwarding findElement on session e091a63e3b3586e78259e7916764eca6 to remote] DEBUG org.asynchttpclient.netty.request.NettyRequestSender - Using open Channel [id: 0x8baebbd4, L:/127.0.0.1:58037 - R:localhost/127.0.0.1:58603] for POST '/session/e091a63e3b3586e78259e7916764eca6/element'
17:30:15.290 [AsyncHttpClient-1-17] DEBUG org.asynchttpclient.netty.handler.HttpHandler - 

Request DefaultHttpRequest(decodeResult: success, version: HTTP/1.1)
POST /session/e091a63e3b3586e78259e7916764eca6/element HTTP/1.1
User-Agent: selenium/4.1.2 (java windows)
Content-Length: 50
Content-Type: application/json; charset=utf-8
host: localhost:58603
accept: */*

Response DefaultHttpResponse(decodeResult: success, version: HTTP/1.1)
HTTP/1.1 200 OK
Content-Type: application/json; charset=utf-8
cache-control: no-cache
content-length: 88

17:30:15.290 [AsyncHttpClient-1-17] DEBUG org.asynchttpclient.netty.channel.ChannelManager - Adding key: http://localhost:58603 for channel [id: 0x8baebbd4, L:/127.0.0.1:58037 - R:localhost/127.0.0.1:58603]
17:30:15.295 [Forwarding isElementDisplayed on session e091a63e3b3586e78259e7916764eca6 to remote] DEBUG org.asynchttpclient.netty.request.NettyRequestSender - Using pooled Channel '[id: 0x8baebbd4, L:/127.0.0.1:58037 - R:localhost/127.0.0.1:58603]' for 'POST' to 'http://localhost:58603/session/e091a63e3b3586e78259e7916764eca6/execute/sync'
17:30:15.295 [Forwarding isElementDisplayed on session e091a63e3b3586e78259e7916764eca6 to remote] DEBUG org.asynchttpclient.netty.request.NettyRequestSender - Using open Channel [id: 0x8baebbd4, L:/127.0.0.1:58037 - R:localhost/127.0.0.1:58603] for POST '/session/e091a63e3b3586e78259e7916764eca6/execute/sync'
17:30:15.315 [AsyncHttpClient-1-17] DEBUG org.asynchttpclient.netty.handler.HttpHandler - 

Request DefaultHttpRequest(decodeResult: success, version: HTTP/1.1)
POST /session/e091a63e3b3586e78259e7916764eca6/execute/sync HTTP/1.1
User-Agent: selenium/4.1.2 (java windows)
Content-Length: 48780
Content-Type: application/json; charset=utf-8
host: localhost:58603
accept: */*

Response DefaultHttpResponse(decodeResult: success, version: HTTP/1.1)
HTTP/1.1 200 OK
Content-Type: application/json; charset=utf-8
cache-control: no-cache
content-length: 14

17:30:15.316 [AsyncHttpClient-1-17] DEBUG org.asynchttpclient.netty.channel.ChannelManager - Adding key: http://localhost:58603 for channel [id: 0x8baebbd4, L:/127.0.0.1:58037 - R:localhost/127.0.0.1:58603]
17:30:15.319 [Forwarding findElement on session e091a63e3b3586e78259e7916764eca6 to remote] DEBUG org.asynchttpclient.netty.request.NettyRequestSender - Using pooled Channel '[id: 0x8baebbd4, L:/127.0.0.1:58037 - R:localhost/127.0.0.1:58603]' for 'POST' to 'http://localhost:58603/session/e091a63e3b3586e78259e7916764eca6/element'
17:30:15.319 [Forwarding findElement on session e091a63e3b3586e78259e7916764eca6 to remote] DEBUG org.asynchttpclient.netty.request.NettyRequestSender - Using open Channel [id: 0x8baebbd4, L:/127.0.0.1:58037 - R:localhost/127.0.0.1:58603] for POST '/session/e091a63e3b3586e78259e7916764eca6/element'
17:30:15.327 [AsyncHttpClient-1-17] DEBUG org.asynchttpclient.netty.handler.HttpHandler - 

Request DefaultHttpRequest(decodeResult: success, version: HTTP/1.1)
POST /session/e091a63e3b3586e78259e7916764eca6/element HTTP/1.1
User-Agent: selenium/4.1.2 (java windows)
Content-Length: 50
Content-Type: application/json; charset=utf-8
host: localhost:58603
accept: */*

Response DefaultHttpResponse(decodeResult: success, version: HTTP/1.1)
HTTP/1.1 200 OK
Content-Type: application/json; charset=utf-8
cache-control: no-cache
content-length: 88

17:30:15.327 [AsyncHttpClient-1-17] DEBUG org.asynchttpclient.netty.channel.ChannelManager - Adding key: http://localhost:58603 for channel [id: 0x8baebbd4, L:/127.0.0.1:58037 - R:localhost/127.0.0.1:58603]
17:30:15.329 [Forwarding getElementTagName on session e091a63e3b3586e78259e7916764eca6 to remote] DEBUG org.asynchttpclient.netty.request.NettyRequestSender - Using pooled Channel '[id: 0x8baebbd4, L:/127.0.0.1:58037 - R:localhost/127.0.0.1:58603]' for 'GET' to 'http://localhost:58603/session/e091a63e3b3586e78259e7916764eca6/element/8b676e80-01f7-43d0-988b-2d0071038325/name'
17:30:15.330 [Forwarding getElementTagName on session e091a63e3b3586e78259e7916764eca6 to remote] DEBUG org.asynchttpclient.netty.request.NettyRequestSender - Using open Channel [id: 0x8baebbd4, L:/127.0.0.1:58037 - R:localhost/127.0.0.1:58603] for GET '/session/e091a63e3b3586e78259e7916764eca6/element/8b676e80-01f7-43d0-988b-2d0071038325/name'
17:30:15.336 [AsyncHttpClient-1-17] DEBUG org.asynchttpclient.netty.handler.HttpHandler - 

Request DefaultFullHttpRequest(decodeResult: success, version: HTTP/1.1, content: EmptyByteBufBE)
GET /session/e091a63e3b3586e78259e7916764eca6/element/8b676e80-01f7-43d0-988b-2d0071038325/name HTTP/1.1
User-Agent: selenium/4.1.2 (java windows)
Cache-Control: no-cache
Content-Type: application/json; charset=utf-8
host: localhost:58603
accept: */*

Response DefaultHttpResponse(decodeResult: success, version: HTTP/1.1)
HTTP/1.1 200 OK
Content-Type: application/json; charset=utf-8
cache-control: no-cache
content-length: 18

17:30:15.336 [AsyncHttpClient-1-17] DEBUG org.asynchttpclient.netty.channel.ChannelManager - Adding key: http://localhost:58603 for channel [id: 0x8baebbd4, L:/127.0.0.1:58037 - R:localhost/127.0.0.1:58603]
17:30:15.338 [Forwarding getElementTagName on session e091a63e3b3586e78259e7916764eca6 to remote] DEBUG org.asynchttpclient.netty.request.NettyRequestSender - Using pooled Channel '[id: 0x8baebbd4, L:/127.0.0.1:58037 - R:localhost/127.0.0.1:58603]' for 'GET' to 'http://localhost:58603/session/e091a63e3b3586e78259e7916764eca6/element/8b676e80-01f7-43d0-988b-2d0071038325/name'
17:30:15.338 [Forwarding getElementTagName on session e091a63e3b3586e78259e7916764eca6 to remote] DEBUG org.asynchttpclient.netty.request.NettyRequestSender - Using open Channel [id: 0x8baebbd4, L:/127.0.0.1:58037 - R:localhost/127.0.0.1:58603] for GET '/session/e091a63e3b3586e78259e7916764eca6/element/8b676e80-01f7-43d0-988b-2d0071038325/name'
17:30:15.342 [AsyncHttpClient-1-17] DEBUG org.asynchttpclient.netty.handler.HttpHandler - 

Request DefaultFullHttpRequest(decodeResult: success, version: HTTP/1.1, content: EmptyByteBufBE)
GET /session/e091a63e3b3586e78259e7916764eca6/element/8b676e80-01f7-43d0-988b-2d0071038325/name HTTP/1.1
User-Agent: selenium/4.1.2 (java windows)
Cache-Control: no-cache
Content-Type: application/json; charset=utf-8
host: localhost:58603
accept: */*

Response DefaultHttpResponse(decodeResult: success, version: HTTP/1.1)
HTTP/1.1 200 OK
Content-Type: application/json; charset=utf-8
cache-control: no-cache
content-length: 18

17:30:15.342 [AsyncHttpClient-1-17] DEBUG org.asynchttpclient.netty.channel.ChannelManager - Adding key: http://localhost:58603 for channel [id: 0x8baebbd4, L:/127.0.0.1:58037 - R:localhost/127.0.0.1:58603]
17:30:15.346 [Forwarding isElementEnabled on session e091a63e3b3586e78259e7916764eca6 to remote] DEBUG org.asynchttpclient.netty.request.NettyRequestSender - Using pooled Channel '[id: 0x8baebbd4, L:/127.0.0.1:58037 - R:localhost/127.0.0.1:58603]' for 'GET' to 'http://localhost:58603/session/e091a63e3b3586e78259e7916764eca6/element/8b676e80-01f7-43d0-988b-2d0071038325/enabled'
17:30:15.347 [Forwarding isElementEnabled on session e091a63e3b3586e78259e7916764eca6 to remote] DEBUG org.asynchttpclient.netty.request.NettyRequestSender - Using open Channel [id: 0x8baebbd4, L:/127.0.0.1:58037 - R:localhost/127.0.0.1:58603] for GET '/session/e091a63e3b3586e78259e7916764eca6/element/8b676e80-01f7-43d0-988b-2d0071038325/enabled'
17:30:15.360 [AsyncHttpClient-1-17] DEBUG org.asynchttpclient.netty.handler.HttpHandler - 

Request DefaultFullHttpRequest(decodeResult: success, version: HTTP/1.1, content: EmptyByteBufBE)
GET /session/e091a63e3b3586e78259e7916764eca6/element/8b676e80-01f7-43d0-988b-2d0071038325/enabled HTTP/1.1
User-Agent: selenium/4.1.2 (java windows)
Cache-Control: no-cache
Content-Type: application/json; charset=utf-8
host: localhost:58603
accept: */*

Response DefaultHttpResponse(decodeResult: success, version: HTTP/1.1)
HTTP/1.1 200 OK
Content-Type: application/json; charset=utf-8
cache-control: no-cache
content-length: 14

17:30:15.360 [AsyncHttpClient-1-17] DEBUG org.asynchttpclient.netty.channel.ChannelManager - Adding key: http://localhost:58603 for channel [id: 0x8baebbd4, L:/127.0.0.1:58037 - R:localhost/127.0.0.1:58603]
17:30:15.362 [Forwarding isElementEnabled on session e091a63e3b3586e78259e7916764eca6 to remote] DEBUG org.asynchttpclient.netty.request.NettyRequestSender - Using pooled Channel '[id: 0x8baebbd4, L:/127.0.0.1:58037 - R:localhost/127.0.0.1:58603]' for 'GET' to 'http://localhost:58603/session/e091a63e3b3586e78259e7916764eca6/element/8b676e80-01f7-43d0-988b-2d0071038325/enabled'
17:30:15.362 [Forwarding isElementEnabled on session e091a63e3b3586e78259e7916764eca6 to remote] DEBUG org.asynchttpclient.netty.request.NettyRequestSender - Using open Channel [id: 0x8baebbd4, L:/127.0.0.1:58037 - R:localhost/127.0.0.1:58603] for GET '/session/e091a63e3b3586e78259e7916764eca6/element/8b676e80-01f7-43d0-988b-2d0071038325/enabled'
17:30:15.369 [AsyncHttpClient-1-17] DEBUG org.asynchttpclient.netty.handler.HttpHandler - 

Request DefaultFullHttpRequest(decodeResult: success, version: HTTP/1.1, content: EmptyByteBufBE)
GET /session/e091a63e3b3586e78259e7916764eca6/element/8b676e80-01f7-43d0-988b-2d0071038325/enabled HTTP/1.1
User-Agent: selenium/4.1.2 (java windows)
Cache-Control: no-cache
Content-Type: application/json; charset=utf-8
host: localhost:58603
accept: */*

Response DefaultHttpResponse(decodeResult: success, version: HTTP/1.1)
HTTP/1.1 200 OK
Content-Type: application/json; charset=utf-8
cache-control: no-cache
content-length: 14

17:30:15.369 [AsyncHttpClient-1-17] DEBUG org.asynchttpclient.netty.channel.ChannelManager - Adding key: http://localhost:58603 for channel [id: 0x8baebbd4, L:/127.0.0.1:58037 - R:localhost/127.0.0.1:58603]
17:30:15.370 [Forwarding findElement on session e091a63e3b3586e78259e7916764eca6 to remote] DEBUG org.asynchttpclient.netty.request.NettyRequestSender - Using pooled Channel '[id: 0x8baebbd4, L:/127.0.0.1:58037 - R:localhost/127.0.0.1:58603]' for 'POST' to 'http://localhost:58603/session/e091a63e3b3586e78259e7916764eca6/element'
17:30:15.370 [Forwarding findElement on session e091a63e3b3586e78259e7916764eca6 to remote] DEBUG org.asynchttpclient.netty.request.NettyRequestSender - Using open Channel [id: 0x8baebbd4, L:/127.0.0.1:58037 - R:localhost/127.0.0.1:58603] for POST '/session/e091a63e3b3586e78259e7916764eca6/element'
17:30:15.379 [AsyncHttpClient-1-17] DEBUG org.asynchttpclient.netty.handler.HttpHandler - 

Request DefaultHttpRequest(decodeResult: success, version: HTTP/1.1)
POST /session/e091a63e3b3586e78259e7916764eca6/element HTTP/1.1
User-Agent: selenium/4.1.2 (java windows)
Content-Length: 50
Content-Type: application/json; charset=utf-8
host: localhost:58603
accept: */*

Response DefaultHttpResponse(decodeResult: success, version: HTTP/1.1)
HTTP/1.1 200 OK
Content-Type: application/json; charset=utf-8
cache-control: no-cache
content-length: 88

17:30:15.379 [AsyncHttpClient-1-17] DEBUG org.asynchttpclient.netty.channel.ChannelManager - Adding key: http://localhost:58603 for channel [id: 0x8baebbd4, L:/127.0.0.1:58037 - R:localhost/127.0.0.1:58603]
17:30:15.381 [Forwarding clickElement on session e091a63e3b3586e78259e7916764eca6 to remote] DEBUG org.asynchttpclient.netty.request.NettyRequestSender - Using pooled Channel '[id: 0x8baebbd4, L:/127.0.0.1:58037 - R:localhost/127.0.0.1:58603]' for 'POST' to 'http://localhost:58603/session/e091a63e3b3586e78259e7916764eca6/element/8b676e80-01f7-43d0-988b-2d0071038325/click'
17:30:15.381 [Forwarding clickElement on session e091a63e3b3586e78259e7916764eca6 to remote] DEBUG org.asynchttpclient.netty.request.NettyRequestSender - Using open Channel [id: 0x8baebbd4, L:/127.0.0.1:58037 - R:localhost/127.0.0.1:58603] for POST '/session/e091a63e3b3586e78259e7916764eca6/element/8b676e80-01f7-43d0-988b-2d0071038325/click'
17:30:15.429 [AsyncHttpClient-1-17] DEBUG org.asynchttpclient.netty.handler.HttpHandler - 

Request DefaultHttpRequest(decodeResult: success, version: HTTP/1.1)
POST /session/e091a63e3b3586e78259e7916764eca6/element/8b676e80-01f7-43d0-988b-2d0071038325/click HTTP/1.1
User-Agent: selenium/4.1.2 (java windows)
Content-Length: 50
Content-Type: application/json; charset=utf-8
host: localhost:58603
accept: */*

Response DefaultHttpResponse(decodeResult: success, version: HTTP/1.1)
HTTP/1.1 200 OK
Content-Type: application/json; charset=utf-8
cache-control: no-cache
content-length: 14

17:30:15.429 [AsyncHttpClient-1-17] DEBUG org.asynchttpclient.netty.channel.ChannelManager - Adding key: http://localhost:58603 for channel [id: 0x8baebbd4, L:/127.0.0.1:58037 - R:localhost/127.0.0.1:58603]
  &amp#27;[32mAnd &amp#27;[0m&amp#27;[32mI click login button&amp#27;[0m                             &amp#27;[90m# starter.stepdefinitions.LoginStep.iClickLoginButton()&amp#27;[0m
17:30:15.437 [Forwarding screenshot on session e091a63e3b3586e78259e7916764eca6 to remote] DEBUG org.asynchttpclient.netty.request.NettyRequestSender - Using pooled Channel '[id: 0x8baebbd4, L:/127.0.0.1:58037 - R:localhost/127.0.0.1:58603]' for 'GET' to 'http://localhost:58603/session/e091a63e3b3586e78259e7916764eca6/screenshot'
17:30:15.437 [Forwarding screenshot on session e091a63e3b3586e78259e7916764eca6 to remote] DEBUG org.asynchttpclient.netty.request.NettyRequestSender - Using open Channel [id: 0x8baebbd4, L:/127.0.0.1:58037 - R:localhost/127.0.0.1:58603] for GET '/session/e091a63e3b3586e78259e7916764eca6/screenshot'
17:30:15.705 [AsyncHttpClient-1-17] DEBUG org.asynchttpclient.netty.handler.HttpHandler - 

Request DefaultFullHttpRequest(decodeResult: success, version: HTTP/1.1, content: EmptyByteBufBE)
GET /session/e091a63e3b3586e78259e7916764eca6/screenshot HTTP/1.1
User-Agent: selenium/4.1.2 (java windows)
Cache-Control: no-cache
Content-Type: application/json; charset=utf-8
host: localhost:58603
accept: */*

Response DefaultHttpResponse(decodeResult: success, version: HTTP/1.1)
HTTP/1.1 200 OK
Content-Type: application/json; charset=utf-8
cache-control: no-cache
content-length: 260496

17:30:15.706 [AsyncHttpClient-1-17] DEBUG org.asynchttpclient.netty.channel.ChannelManager - Adding key: http://localhost:58603 for channel [id: 0x8baebbd4, L:/127.0.0.1:58037 - R:localhost/127.0.0.1:58603]
17:30:15.715 [main] DEBUG net.serenitybdd.core.photography.Darkroom - Send negative for processing for target\site\serenity\b5b8d33da7f9f1babfaa54147819d68f60918c95d8af88d57ea173fe6a14db21.png
17:30:15.715 [Darkroom Processing Line] DEBUG net.serenitybdd.core.photography.DarkroomProcessingLine - Processing screenshot image in /var/screenshots/screenshot-8664468597962054432
17:30:15.716 [Darkroom Processing Line] DEBUG net.serenitybdd.core.photography.DarkroomProcessingLine - Saving screenshot to target\site\serenity\b5b8d33da7f9f1babfaa54147819d68f60918c95d8af88d57ea173fe6a14db21.png
17:30:15.727 [Forwarding findElement on session e091a63e3b3586e78259e7916764eca6 to remote] DEBUG org.asynchttpclient.netty.request.NettyRequestSender - Using pooled Channel '[id: 0x8baebbd4, L:/127.0.0.1:58037 - R:localhost/127.0.0.1:58603]' for 'POST' to 'http://localhost:58603/session/e091a63e3b3586e78259e7916764eca6/element'
17:30:15.727 [Forwarding findElement on session e091a63e3b3586e78259e7916764eca6 to remote] DEBUG org.asynchttpclient.netty.request.NettyRequestSender - Using open Channel [id: 0x8baebbd4, L:/127.0.0.1:58037 - R:localhost/127.0.0.1:58603] for POST '/session/e091a63e3b3586e78259e7916764eca6/element'
17:30:15.734 [AsyncHttpClient-1-17] DEBUG org.asynchttpclient.netty.handler.HttpHandler - 

Request DefaultHttpRequest(decodeResult: success, version: HTTP/1.1)
POST /session/e091a63e3b3586e78259e7916764eca6/element HTTP/1.1
User-Agent: selenium/4.1.2 (java windows)
Content-Length: 53
Content-Type: application/json; charset=utf-8
host: localhost:58603
accept: */*

Response DefaultHttpResponse(decodeResult: success, version: HTTP/1.1)
HTTP/1.1 200 OK
Content-Type: application/json; charset=utf-8
cache-control: no-cache
content-length: 88

17:30:15.734 [AsyncHttpClient-1-17] DEBUG org.asynchttpclient.netty.channel.ChannelManager - Adding key: http://localhost:58603 for channel [id: 0x8baebbd4, L:/127.0.0.1:58037 - R:localhost/127.0.0.1:58603]
17:30:15.738 [Forwarding getElementAttribute on session e091a63e3b3586e78259e7916764eca6 to remote] DEBUG org.asynchttpclient.netty.request.NettyRequestSender - Using pooled Channel '[id: 0x8baebbd4, L:/127.0.0.1:58037 - R:localhost/127.0.0.1:58603]' for 'POST' to 'http://localhost:58603/session/e091a63e3b3586e78259e7916764eca6/execute/sync'
17:30:15.738 [Forwarding getElementAttribute on session e091a63e3b3586e78259e7916764eca6 to remote] DEBUG org.asynchttpclient.netty.request.NettyRequestSender - Using open Channel [id: 0x8baebbd4, L:/127.0.0.1:58037 - R:localhost/127.0.0.1:58603] for POST '/session/e091a63e3b3586e78259e7916764eca6/execute/sync'
17:30:15.753 [AsyncHttpClient-1-17] DEBUG org.asynchttpclient.netty.handler.HttpHandler - 

Request DefaultHttpRequest(decodeResult: success, version: HTTP/1.1)
POST /session/e091a63e3b3586e78259e7916764eca6/execute/sync HTTP/1.1
User-Agent: selenium/4.1.2 (java windows)
Content-Length: 47340
Content-Type: application/json; charset=utf-8
host: localhost:58603
accept: */*

Response DefaultHttpResponse(decodeResult: success, version: HTTP/1.1)
HTTP/1.1 200 OK
Content-Type: application/json; charset=utf-8
cache-control: no-cache
content-length: 43

17:30:15.753 [AsyncHttpClient-1-17] DEBUG org.asynchttpclient.netty.channel.ChannelManager - Adding key: http://localhost:58603 for channel [id: 0x8baebbd4, L:/127.0.0.1:58037 - R:localhost/127.0.0.1:58603]
  &amp#27;[32mThen &amp#27;[0m&amp#27;[32mI will get empty username error message&amp#27;[0m         &amp#27;[90m# starter.stepdefinitions.LoginStep.iWillGetEmptyUsernameErrorMessage()&amp#27;[0m
17:30:15.761 [main] INFO  - 
  _____   ___   ___   _____     ___     _     ___   ___   ___   ___  
 |_   _| | __| / __| |_   _|   | _ \   /_\   / __| / __| | __| |   \ 
   | |   | _|  \__ \   | |     |  _/  / _ \  \__ \ \__ \ | _|  | |) |
   |_|   |___| |___/   |_|     |_|   /_/ \_\ |___/ |___/ |___| |___/ 

Login with empty username and valid password
----------------------------------------------------------------------
17:30:15.763 [AsyncHttpClient-1-3] DEBUG org.asynchttpclient.netty.handler.WebSocketHandler - Channel Closed: [id: 0xd01a6918, L:/127.0.0.1:58046 ! R:localhost/127.0.0.1:58038] with attribute NettyResponseFuture{currentRetry=5,
	isDone=1,
	isCancelled=0,
	asyncHandler=org.asynchttpclient.ws.WebSocketUpgradeHandler@56be634c,
	nettyRequest=org.asynchttpclient.netty.request.NettyRequest@5e6ad897,
	future=java.util.concurrent.CompletableFuture@7866cea[Completed normally],
	uri=ws://localhost:58038/devtools/browser/237e38f2-b9ec-49f8-8374-b449797f5f42,
	keepAlive=true,
	redirectCount=0,
	timeoutsHolder=null,
	inAuth=0,
	touch=1664965807817}
17:30:15.763 [AsyncHttpClient-1-3] DEBUG org.asynchttpclient.netty.channel.ChannelManager - Closing Channel [id: 0xd01a6918, L:/127.0.0.1:58046 ! R:localhost/127.0.0.1:58038] 
17:30:15.763 [Driver Command Executor] DEBUG org.asynchttpclient.netty.request.NettyRequestSender - Using pooled Channel '[id: 0x8baebbd4, L:/127.0.0.1:58037 - R:localhost/127.0.0.1:58603]' for 'DELETE' to 'http://localhost:58603/session/e091a63e3b3586e78259e7916764eca6'
17:30:15.763 [Driver Command Executor] DEBUG org.asynchttpclient.netty.request.NettyRequestSender - Using open Channel [id: 0x8baebbd4, L:/127.0.0.1:58037 - R:localhost/127.0.0.1:58603] for DELETE '/session/e091a63e3b3586e78259e7916764eca6'
17:30:15.807 [AsyncHttpClient-1-2] DEBUG org.asynchttpclient.netty.handler.HttpHandler - Unexpected I/O exception on channel [id: 0x4d8ce514, L:/127.0.0.1:58045 - R:localhost/127.0.0.1:58038]
java.net.SocketException: Connection reset
	at java.base/sun.nio.ch.SocketChannelImpl.throwConnectionReset(SocketChannelImpl.java:345)
	at java.base/sun.nio.ch.SocketChannelImpl.read(SocketChannelImpl.java:376)
	at io.netty.buffer.PooledByteBuf.setBytes(PooledByteBuf.java:258)
	at io.netty.buffer.AbstractByteBuf.writeBytes(AbstractByteBuf.java:1132)
	at io.netty.channel.socket.nio.NioSocketChannel.doReadBytes(NioSocketChannel.java:350)
	at io.netty.channel.nio.AbstractNioByteChannel$NioByteUnsafe.read(AbstractNioByteChannel.java:151)
	at io.netty.channel.nio.NioEventLoop.processSelectedKey(NioEventLoop.java:722)
	at io.netty.channel.nio.NioEventLoop.processSelectedKeysOptimized(NioEventLoop.java:658)
	at io.netty.channel.nio.NioEventLoop.processSelectedKeys(NioEventLoop.java:584)
	at io.netty.channel.nio.NioEventLoop.run(NioEventLoop.java:496)
	at io.netty.util.concurrent.SingleThreadEventExecutor$4.run(SingleThreadEventExecutor.java:986)
	at io.netty.util.internal.ThreadExecutorMap$2.run(ThreadExecutorMap.java:74)
	at io.netty.util.concurrent.FastThreadLocalRunnable.run(FastThreadLocalRunnable.java:30)
	at java.base/java.lang.Thread.run(Thread.java:830)
17:30:15.807 [AsyncHttpClient-1-2] DEBUG org.asynchttpclient.netty.channel.ChannelManager - Closing Channel [id: 0x4d8ce514, L:/127.0.0.1:58045 - R:localhost/127.0.0.1:58038] 
17:30:15.808 [AsyncHttpClient-1-2] DEBUG org.asynchttpclient.netty.handler.HttpHandler - Channel Closed: [id: 0x4d8ce514, L:/127.0.0.1:58045 ! R:localhost/127.0.0.1:58038] with attribute DISCARD
17:30:15.834 [AsyncHttpClient-1-17] DEBUG org.asynchttpclient.netty.handler.HttpHandler - 

Request DefaultFullHttpRequest(decodeResult: success, version: HTTP/1.1, content: EmptyByteBufBE)
DELETE /session/e091a63e3b3586e78259e7916764eca6 HTTP/1.1
User-Agent: selenium/4.1.2 (java windows)
Content-Type: application/json; charset=utf-8
host: localhost:58603
accept: */*

Response DefaultHttpResponse(decodeResult: success, version: HTTP/1.1)
HTTP/1.1 200 OK
Content-Type: application/json; charset=utf-8
cache-control: no-cache
content-length: 14

17:30:15.835 [AsyncHttpClient-1-17] DEBUG org.asynchttpclient.netty.channel.ChannelManager - Adding key: http://localhost:58603 for channel [id: 0x8baebbd4, L:/127.0.0.1:58037 - R:localhost/127.0.0.1:58603]
17:30:15.894 [AsyncHttpClient-1-17] DEBUG org.asynchttpclient.netty.handler.HttpHandler - Channel Closed: [id: 0x8baebbd4, L:/127.0.0.1:58037 ! R:localhost/127.0.0.1:58603] with attribute DISCARD
17:30:16.138 [AsyncHttpClient-1-1] DEBUG org.asynchttpclient.netty.channel.DefaultChannelPool - Entry count for : http://localhost:58038 : 1
17:30:16.138 [AsyncHttpClient-1-1] DEBUG org.asynchttpclient.netty.channel.DefaultChannelPool - Entry count for : http://localhost:58603 : 1
17:30:16.138 [AsyncHttpClient-1-1] DEBUG org.asynchttpclient.netty.channel.DefaultChannelPool - Adding Candidate expired Channel [id: 0x4d8ce514, L:/127.0.0.1:58045 ! R:localhost/127.0.0.1:58038] isIdleTimeoutExpired=false isRemotelyClosed=true isTtlExpired=false
17:30:16.138 [AsyncHttpClient-1-1] DEBUG org.asynchttpclient.netty.channel.DefaultChannelPool - Closing Idle Channel [id: 0x4d8ce514, L:/127.0.0.1:58045 ! R:localhost/127.0.0.1:58038]
17:30:16.138 [AsyncHttpClient-1-1] DEBUG org.asynchttpclient.netty.channel.DefaultChannelPool - Adding Candidate expired Channel [id: 0x8baebbd4, L:/127.0.0.1:58037 ! R:localhost/127.0.0.1:58603] isIdleTimeoutExpired=false isRemotelyClosed=true isTtlExpired=false
17:30:16.138 [AsyncHttpClient-1-1] DEBUG org.asynchttpclient.netty.channel.DefaultChannelPool - Closing Idle Channel [id: 0x8baebbd4, L:/127.0.0.1:58037 ! R:localhost/127.0.0.1:58603]
17:30:16.138 [AsyncHttpClient-1-1] DEBUG org.asynchttpclient.netty.channel.DefaultChannelPool - Closed 2 connections out of 2 in 0 ms
]]></system-out>
    <system-err><![CDATA[Starting ChromeDriver 106.0.5249.61 (511755355844955cd3e264779baf0dd38212a4d0-refs/branch-heads/5249@{#569}) on port 58603
Only local connections are allowed.
Please see https://chromedriver.chromium.org/security-considerations for suggestions on keeping ChromeDriver safe.
ChromeDriver was started successfully.
Oct 05, 2022 5:30:07 PM org.openqa.selenium.remote.ProtocolHandshake createSession
INFO: Detected dialect: W3C
Oct 05, 2022 5:30:07 PM org.openqa.selenium.devtools.CdpVersionFinder findNearestMatch
WARNING: Unable to find an exact match for CDP version 106, so returning the closest version found: a no-op implementation
Oct 05, 2022 5:30:07 PM org.openqa.selenium.devtools.CdpVersionFinder findNearestMatch
INFO: Unable to find CDP implementation matching 106.
Oct 05, 2022 5:30:07 PM org.openqa.selenium.chromium.ChromiumDriver lambda$new$3
WARNING: Unable to find version of CDP to use for . You may need to include a dependency on a specific version of the CDP using something similar to `org.seleniumhq.selenium:selenium-devtools-v86:4.1.2` where the version ("v86") matches the version of the chromium-based browser you're using and the version number of the artifact is the same as Selenium's.
]]></system-err>
  </testcase>
  <testcase name="Login with valid username and empty password" classname="Login" time="12.066">
    <system-out><![CDATA[
Scenario: Login with valid username and empty password &amp#27;[90m# src/test/resources/features/Login.feature:46&amp#27;[0m
17:30:16.415 [main] INFO io.cucumber.core.plugin.SerenityReporter - Running feature from file:///C:/Users/ASUS/Desktop/stupen/repo/21_Review%20Web%20UI%20Testing%20with%20Serenity/Praktikum/qaBooks/src/test/resources/features/Login.feature
17:30:16.417 [main] INFO  - 
  _____   ___   ___   _____     ___   _____     _     ___   _____   ___   ___  
 |_   _| | __| / __| |_   _|   / __| |_   _|   /_\   | _ \ |_   _| | __| |   \ 
   | |   | _|  \__ \   | |     \__ \   | |    / _ \  |   /   | |   | _|  | |) |
   |_|   |___| |___/   |_|     |___/   |_|   /_/ \_\ |_|_\   |_|   |___| |___/ 

Login with valid username and empty password(login;login-with-valid-username-and-empty-password)
--------------------------------------------------------------------------------
17:30:16.432 [main] INFO net.serenitybdd.core.webdriver.driverproviders.ChromeDriverProvider - Using automatically driver download
17:30:16.591 [main] DEBUG io.github.bonigarcia.wdm.cache.ResolutionCache - Resolution chrome=106 in cache (valid until 17:53:10 05/10/2022 WIB)
17:30:16.598 [main] DEBUG io.github.bonigarcia.wdm.cache.ResolutionCache - Resolution chrome106=106.0.5249.61 in cache (valid until 14:14:44 06/10/2022 WIB)
17:30:16.600 [main] INFO io.github.bonigarcia.wdm.WebDriverManager - Using chromedriver 106.0.5249.61 (resolved driver for Chrome 106)
17:30:16.615 [main] DEBUG io.github.bonigarcia.wdm.WebDriverManager - Driver chromedriver 106.0.5249.61 found in cache
17:30:16.615 [main] INFO io.github.bonigarcia.wdm.WebDriverManager - Exporting webdriver.chrome.driver as C:\Users\ASUS\.cache\selenium\chromedriver\win32\106.0.5249.61\chromedriver.exe
17:30:16.781 [main] DEBUG net.serenitybdd.core.webdriver.driverproviders.ProvideNewDriver - Instantiating driver
17:30:16.781 [main] DEBUG net.serenitybdd.core.webdriver.driverproviders.ProvideNewDriver - Driver capabilities: Capabilities {acceptInsecureCerts: false, base.url: https://demoqa.com/books, browserName: chrome, chrome.driver: src/test/resources/webdrive..., driver: chrome, goog:chromeOptions: {args: [], extensions: []}}
17:30:17.337 [AsyncHttpClient-1-4] DEBUG org.asynchttpclient.netty.channel.NettyConnectListener - Using new Channel '[id: 0xf316da75, L:/127.0.0.1:58104 - R:localhost/127.0.0.1:54442]' for 'POST' to '/session'
17:30:18.225 [AsyncHttpClient-1-4] DEBUG org.asynchttpclient.netty.handler.HttpHandler - 

Request DefaultHttpRequest(decodeResult: success, version: HTTP/1.1)
POST /session HTTP/1.1
User-Agent: selenium/4.1.2 (java windows)
Content-Length: 610
Content-Type: application/json; charset=utf-8
host: localhost:54442
accept: */*

Response DefaultHttpResponse(decodeResult: success, version: HTTP/1.1)
HTTP/1.1 200 OK
Content-Type: application/json; charset=utf-8
cache-control: no-cache
content-length: 788

17:30:18.226 [AsyncHttpClient-1-4] DEBUG org.asynchttpclient.netty.channel.ChannelManager - Adding key: http://localhost:54442 for channel [id: 0xf316da75, L:/127.0.0.1:58104 - R:localhost/127.0.0.1:54442]
17:30:18.236 [AsyncHttpClient-1-5] DEBUG org.asynchttpclient.netty.channel.NettyConnectListener - Using new Channel '[id: 0xf0a5b931, L:/127.0.0.1:58111 - R:localhost/127.0.0.1:58105]' for 'GET' to '/json/version'
17:30:18.237 [AsyncHttpClient-1-5] DEBUG org.asynchttpclient.netty.handler.HttpHandler - 

Request DefaultFullHttpRequest(decodeResult: success, version: HTTP/1.1, content: EmptyByteBufBE)
GET /json/version HTTP/1.1
User-Agent: selenium/4.1.2 (java windows)
host: localhost:58105
accept: */*

Response DefaultHttpResponse(decodeResult: success, version: HTTP/1.1)
HTTP/1.1 200 OK
Content-Type: application/json; charset=UTF-8
content-length: 423

17:30:18.237 [AsyncHttpClient-1-5] DEBUG org.asynchttpclient.netty.channel.ChannelManager - Adding key: http://localhost:58105 for channel [id: 0xf0a5b931, L:/127.0.0.1:58111 - R:localhost/127.0.0.1:58105]
17:30:18.240 [AsyncHttpClient-1-6] DEBUG org.asynchttpclient.netty.channel.NettyConnectListener - Using new Channel '[id: 0x0e5c4ec2, L:/127.0.0.1:58112 - R:localhost/127.0.0.1:58105]' for 'GET' to '/devtools/browser/7f230cc7-9281-4bf8-8916-21d08d7d0f00'
17:30:18.242 [AsyncHttpClient-1-6] DEBUG org.asynchttpclient.netty.handler.WebSocketHandler - 

Request DefaultFullHttpRequest(decodeResult: success, version: HTTP/1.1, content: EmptyByteBufBE)
GET /devtools/browser/7f230cc7-9281-4bf8-8916-21d08d7d0f00 HTTP/1.1
upgrade: websocket
connection: upgrade
sec-websocket-key: 3jitqDA7U7MRnlCbY7QbTg==
sec-websocket-version: 13
origin: http://localhost:58105
host: localhost:58105
accept: */*
user-agent: AHC/2.1

Response DefaultHttpResponse(decodeResult: success, version: HTTP/1.1)
HTTP/1.1 101 WebSocket Protocol Handshake
Upgrade: WebSocket
Connection: Upgrade
Sec-WebSocket-Accept: ttrrzlFNtIHtFwX7USTsBa+/d7c=

17:30:18.249 [Forwarding get on session cdab9b5b3f931bc9f8b68f564b15bf62 to remote] DEBUG org.asynchttpclient.netty.request.NettyRequestSender - Using pooled Channel '[id: 0xf316da75, L:/127.0.0.1:58104 - R:localhost/127.0.0.1:54442]' for 'POST' to 'http://localhost:54442/session/cdab9b5b3f931bc9f8b68f564b15bf62/url'
17:30:18.249 [Forwarding get on session cdab9b5b3f931bc9f8b68f564b15bf62 to remote] DEBUG org.asynchttpclient.netty.request.NettyRequestSender - Using open Channel [id: 0xf316da75, L:/127.0.0.1:58104 - R:localhost/127.0.0.1:54442] for POST '/session/cdab9b5b3f931bc9f8b68f564b15bf62/url'
17:30:18.340 [AsyncHttpClient-1-1] DEBUG org.asynchttpclient.netty.channel.DefaultChannelPool - Entry count for : http://localhost:58105 : 1
17:30:19.442 [AsyncHttpClient-1-1] DEBUG org.asynchttpclient.netty.channel.DefaultChannelPool - Entry count for : http://localhost:58105 : 1
17:30:20.535 [AsyncHttpClient-1-1] DEBUG org.asynchttpclient.netty.channel.DefaultChannelPool - Entry count for : http://localhost:58105 : 1
17:30:21.636 [AsyncHttpClient-1-1] DEBUG org.asynchttpclient.netty.channel.DefaultChannelPool - Entry count for : http://localhost:58105 : 1
17:30:22.737 [AsyncHttpClient-1-1] DEBUG org.asynchttpclient.netty.channel.DefaultChannelPool - Entry count for : http://localhost:58105 : 1
17:30:23.837 [AsyncHttpClient-1-1] DEBUG org.asynchttpclient.netty.channel.DefaultChannelPool - Entry count for : http://localhost:58105 : 1
17:30:24.939 [AsyncHttpClient-1-1] DEBUG org.asynchttpclient.netty.channel.DefaultChannelPool - Entry count for : http://localhost:58105 : 1
17:30:25.565 [AsyncHttpClient-1-4] DEBUG org.asynchttpclient.netty.handler.HttpHandler - 

Request DefaultHttpRequest(decodeResult: success, version: HTTP/1.1)
POST /session/cdab9b5b3f931bc9f8b68f564b15bf62/url HTTP/1.1
User-Agent: selenium/4.1.2 (java windows)
Content-Length: 60
Content-Type: application/json; charset=utf-8
host: localhost:54442
accept: */*

Response DefaultHttpResponse(decodeResult: success, version: HTTP/1.1)
HTTP/1.1 200 OK
Content-Type: application/json; charset=utf-8
cache-control: no-cache
content-length: 14

17:30:25.565 [AsyncHttpClient-1-4] DEBUG org.asynchttpclient.netty.channel.ChannelManager - Adding key: http://localhost:54442 for channel [id: 0xf316da75, L:/127.0.0.1:58104 - R:localhost/127.0.0.1:54442]
17:30:25.567 [Forwarding setTimeout on session cdab9b5b3f931bc9f8b68f564b15bf62 to remote] DEBUG org.asynchttpclient.netty.request.NettyRequestSender - Using pooled Channel '[id: 0xf316da75, L:/127.0.0.1:58104 - R:localhost/127.0.0.1:54442]' for 'POST' to 'http://localhost:54442/session/cdab9b5b3f931bc9f8b68f564b15bf62/timeouts'
17:30:25.567 [Forwarding setTimeout on session cdab9b5b3f931bc9f8b68f564b15bf62 to remote] DEBUG org.asynchttpclient.netty.request.NettyRequestSender - Using open Channel [id: 0xf316da75, L:/127.0.0.1:58104 - R:localhost/127.0.0.1:54442] for POST '/session/cdab9b5b3f931bc9f8b68f564b15bf62/timeouts'
17:30:25.568 [AsyncHttpClient-1-4] DEBUG org.asynchttpclient.netty.handler.HttpHandler - 

Request DefaultHttpRequest(decodeResult: success, version: HTTP/1.1)
POST /session/cdab9b5b3f931bc9f8b68f564b15bf62/timeouts HTTP/1.1
User-Agent: selenium/4.1.2 (java windows)
Content-Length: 22
Content-Type: application/json; charset=utf-8
host: localhost:54442
accept: */*

Response DefaultHttpResponse(decodeResult: success, version: HTTP/1.1)
HTTP/1.1 200 OK
Content-Type: application/json; charset=utf-8
cache-control: no-cache
content-length: 14

17:30:25.568 [AsyncHttpClient-1-4] DEBUG org.asynchttpclient.netty.channel.ChannelManager - Adding key: http://localhost:54442 for channel [id: 0xf316da75, L:/127.0.0.1:58104 - R:localhost/127.0.0.1:54442]
17:30:25.571 [Forwarding getCurrentUrl on session cdab9b5b3f931bc9f8b68f564b15bf62 to remote] DEBUG org.asynchttpclient.netty.request.NettyRequestSender - Using pooled Channel '[id: 0xf316da75, L:/127.0.0.1:58104 - R:localhost/127.0.0.1:54442]' for 'GET' to 'http://localhost:54442/session/cdab9b5b3f931bc9f8b68f564b15bf62/url'
17:30:25.571 [Forwarding getCurrentUrl on session cdab9b5b3f931bc9f8b68f564b15bf62 to remote] DEBUG org.asynchttpclient.netty.request.NettyRequestSender - Using open Channel [id: 0xf316da75, L:/127.0.0.1:58104 - R:localhost/127.0.0.1:54442] for GET '/session/cdab9b5b3f931bc9f8b68f564b15bf62/url'
17:30:25.577 [AsyncHttpClient-1-4] DEBUG org.asynchttpclient.netty.handler.HttpHandler - 

Request DefaultFullHttpRequest(decodeResult: success, version: HTTP/1.1, content: EmptyByteBufBE)
GET /session/cdab9b5b3f931bc9f8b68f564b15bf62/url HTTP/1.1
User-Agent: selenium/4.1.2 (java windows)
Cache-Control: no-cache
Content-Type: application/json; charset=utf-8
host: localhost:54442
accept: */*

Response DefaultHttpResponse(decodeResult: success, version: HTTP/1.1)
HTTP/1.1 200 OK
Content-Type: application/json; charset=utf-8
cache-control: no-cache
content-length: 37

17:30:25.577 [AsyncHttpClient-1-4] DEBUG org.asynchttpclient.netty.channel.ChannelManager - Adding key: http://localhost:54442 for channel [id: 0xf316da75, L:/127.0.0.1:58104 - R:localhost/127.0.0.1:54442]
17:30:25.582 [Forwarding findElement on session cdab9b5b3f931bc9f8b68f564b15bf62 to remote] DEBUG org.asynchttpclient.netty.request.NettyRequestSender - Using pooled Channel '[id: 0xf316da75, L:/127.0.0.1:58104 - R:localhost/127.0.0.1:54442]' for 'POST' to 'http://localhost:54442/session/cdab9b5b3f931bc9f8b68f564b15bf62/element'
17:30:25.583 [Forwarding findElement on session cdab9b5b3f931bc9f8b68f564b15bf62 to remote] DEBUG org.asynchttpclient.netty.request.NettyRequestSender - Using open Channel [id: 0xf316da75, L:/127.0.0.1:58104 - R:localhost/127.0.0.1:54442] for POST '/session/cdab9b5b3f931bc9f8b68f564b15bf62/element'
17:30:25.597 [AsyncHttpClient-1-4] DEBUG org.asynchttpclient.netty.handler.HttpHandler - 

Request DefaultHttpRequest(decodeResult: success, version: HTTP/1.1)
POST /session/cdab9b5b3f931bc9f8b68f564b15bf62/element HTTP/1.1
User-Agent: selenium/4.1.2 (java windows)
Content-Length: 50
Content-Type: application/json; charset=utf-8
host: localhost:54442
accept: */*

Response DefaultHttpResponse(decodeResult: success, version: HTTP/1.1)
HTTP/1.1 200 OK
Content-Type: application/json; charset=utf-8
cache-control: no-cache
content-length: 88

17:30:25.597 [AsyncHttpClient-1-4] DEBUG org.asynchttpclient.netty.channel.ChannelManager - Adding key: http://localhost:54442 for channel [id: 0xf316da75, L:/127.0.0.1:58104 - R:localhost/127.0.0.1:54442]
17:30:25.601 [Forwarding isElementDisplayed on session cdab9b5b3f931bc9f8b68f564b15bf62 to remote] DEBUG org.asynchttpclient.netty.request.NettyRequestSender - Using pooled Channel '[id: 0xf316da75, L:/127.0.0.1:58104 - R:localhost/127.0.0.1:54442]' for 'POST' to 'http://localhost:54442/session/cdab9b5b3f931bc9f8b68f564b15bf62/execute/sync'
17:30:25.601 [Forwarding isElementDisplayed on session cdab9b5b3f931bc9f8b68f564b15bf62 to remote] DEBUG org.asynchttpclient.netty.request.NettyRequestSender - Using open Channel [id: 0xf316da75, L:/127.0.0.1:58104 - R:localhost/127.0.0.1:54442] for POST '/session/cdab9b5b3f931bc9f8b68f564b15bf62/execute/sync'
17:30:25.616 [AsyncHttpClient-1-4] DEBUG org.asynchttpclient.netty.handler.HttpHandler - 

Request DefaultHttpRequest(decodeResult: success, version: HTTP/1.1)
POST /session/cdab9b5b3f931bc9f8b68f564b15bf62/execute/sync HTTP/1.1
User-Agent: selenium/4.1.2 (java windows)
Content-Length: 48780
Content-Type: application/json; charset=utf-8
host: localhost:54442
accept: */*

Response DefaultHttpResponse(decodeResult: success, version: HTTP/1.1)
HTTP/1.1 200 OK
Content-Type: application/json; charset=utf-8
cache-control: no-cache
content-length: 14

17:30:25.616 [AsyncHttpClient-1-4] DEBUG org.asynchttpclient.netty.channel.ChannelManager - Adding key: http://localhost:54442 for channel [id: 0xf316da75, L:/127.0.0.1:58104 - R:localhost/127.0.0.1:54442]
17:30:25.619 [Forwarding findElement on session cdab9b5b3f931bc9f8b68f564b15bf62 to remote] DEBUG org.asynchttpclient.netty.request.NettyRequestSender - Using pooled Channel '[id: 0xf316da75, L:/127.0.0.1:58104 - R:localhost/127.0.0.1:54442]' for 'POST' to 'http://localhost:54442/session/cdab9b5b3f931bc9f8b68f564b15bf62/element'
17:30:25.619 [Forwarding findElement on session cdab9b5b3f931bc9f8b68f564b15bf62 to remote] DEBUG org.asynchttpclient.netty.request.NettyRequestSender - Using open Channel [id: 0xf316da75, L:/127.0.0.1:58104 - R:localhost/127.0.0.1:54442] for POST '/session/cdab9b5b3f931bc9f8b68f564b15bf62/element'
17:30:25.628 [AsyncHttpClient-1-4] DEBUG org.asynchttpclient.netty.handler.HttpHandler - 

Request DefaultHttpRequest(decodeResult: success, version: HTTP/1.1)
POST /session/cdab9b5b3f931bc9f8b68f564b15bf62/element HTTP/1.1
User-Agent: selenium/4.1.2 (java windows)
Content-Length: 50
Content-Type: application/json; charset=utf-8
host: localhost:54442
accept: */*

Response DefaultHttpResponse(decodeResult: success, version: HTTP/1.1)
HTTP/1.1 200 OK
Content-Type: application/json; charset=utf-8
cache-control: no-cache
content-length: 88

17:30:25.628 [AsyncHttpClient-1-4] DEBUG org.asynchttpclient.netty.channel.ChannelManager - Adding key: http://localhost:54442 for channel [id: 0xf316da75, L:/127.0.0.1:58104 - R:localhost/127.0.0.1:54442]
17:30:25.630 [Forwarding getElementTagName on session cdab9b5b3f931bc9f8b68f564b15bf62 to remote] DEBUG org.asynchttpclient.netty.request.NettyRequestSender - Using pooled Channel '[id: 0xf316da75, L:/127.0.0.1:58104 - R:localhost/127.0.0.1:54442]' for 'GET' to 'http://localhost:54442/session/cdab9b5b3f931bc9f8b68f564b15bf62/element/8b92b551-d236-43e7-ac14-4cf1b38ee5a9/name'
17:30:25.630 [Forwarding getElementTagName on session cdab9b5b3f931bc9f8b68f564b15bf62 to remote] DEBUG org.asynchttpclient.netty.request.NettyRequestSender - Using open Channel [id: 0xf316da75, L:/127.0.0.1:58104 - R:localhost/127.0.0.1:54442] for GET '/session/cdab9b5b3f931bc9f8b68f564b15bf62/element/8b92b551-d236-43e7-ac14-4cf1b38ee5a9/name'
17:30:25.636 [AsyncHttpClient-1-4] DEBUG org.asynchttpclient.netty.handler.HttpHandler - 

Request DefaultFullHttpRequest(decodeResult: success, version: HTTP/1.1, content: EmptyByteBufBE)
GET /session/cdab9b5b3f931bc9f8b68f564b15bf62/element/8b92b551-d236-43e7-ac14-4cf1b38ee5a9/name HTTP/1.1
User-Agent: selenium/4.1.2 (java windows)
Cache-Control: no-cache
Content-Type: application/json; charset=utf-8
host: localhost:54442
accept: */*

Response DefaultHttpResponse(decodeResult: success, version: HTTP/1.1)
HTTP/1.1 200 OK
Content-Type: application/json; charset=utf-8
cache-control: no-cache
content-length: 18

17:30:25.636 [AsyncHttpClient-1-4] DEBUG org.asynchttpclient.netty.channel.ChannelManager - Adding key: http://localhost:54442 for channel [id: 0xf316da75, L:/127.0.0.1:58104 - R:localhost/127.0.0.1:54442]
17:30:25.638 [Forwarding getElementTagName on session cdab9b5b3f931bc9f8b68f564b15bf62 to remote] DEBUG org.asynchttpclient.netty.request.NettyRequestSender - Using pooled Channel '[id: 0xf316da75, L:/127.0.0.1:58104 - R:localhost/127.0.0.1:54442]' for 'GET' to 'http://localhost:54442/session/cdab9b5b3f931bc9f8b68f564b15bf62/element/8b92b551-d236-43e7-ac14-4cf1b38ee5a9/name'
17:30:25.638 [Forwarding getElementTagName on session cdab9b5b3f931bc9f8b68f564b15bf62 to remote] DEBUG org.asynchttpclient.netty.request.NettyRequestSender - Using open Channel [id: 0xf316da75, L:/127.0.0.1:58104 - R:localhost/127.0.0.1:54442] for GET '/session/cdab9b5b3f931bc9f8b68f564b15bf62/element/8b92b551-d236-43e7-ac14-4cf1b38ee5a9/name'
17:30:25.643 [AsyncHttpClient-1-4] DEBUG org.asynchttpclient.netty.handler.HttpHandler - 

Request DefaultFullHttpRequest(decodeResult: success, version: HTTP/1.1, content: EmptyByteBufBE)
GET /session/cdab9b5b3f931bc9f8b68f564b15bf62/element/8b92b551-d236-43e7-ac14-4cf1b38ee5a9/name HTTP/1.1
User-Agent: selenium/4.1.2 (java windows)
Cache-Control: no-cache
Content-Type: application/json; charset=utf-8
host: localhost:54442
accept: */*

Response DefaultHttpResponse(decodeResult: success, version: HTTP/1.1)
HTTP/1.1 200 OK
Content-Type: application/json; charset=utf-8
cache-control: no-cache
content-length: 18

17:30:25.644 [AsyncHttpClient-1-4] DEBUG org.asynchttpclient.netty.channel.ChannelManager - Adding key: http://localhost:54442 for channel [id: 0xf316da75, L:/127.0.0.1:58104 - R:localhost/127.0.0.1:54442]
17:30:25.645 [Forwarding isElementEnabled on session cdab9b5b3f931bc9f8b68f564b15bf62 to remote] DEBUG org.asynchttpclient.netty.request.NettyRequestSender - Using pooled Channel '[id: 0xf316da75, L:/127.0.0.1:58104 - R:localhost/127.0.0.1:54442]' for 'GET' to 'http://localhost:54442/session/cdab9b5b3f931bc9f8b68f564b15bf62/element/8b92b551-d236-43e7-ac14-4cf1b38ee5a9/enabled'
17:30:25.645 [Forwarding isElementEnabled on session cdab9b5b3f931bc9f8b68f564b15bf62 to remote] DEBUG org.asynchttpclient.netty.request.NettyRequestSender - Using open Channel [id: 0xf316da75, L:/127.0.0.1:58104 - R:localhost/127.0.0.1:54442] for GET '/session/cdab9b5b3f931bc9f8b68f564b15bf62/element/8b92b551-d236-43e7-ac14-4cf1b38ee5a9/enabled'
17:30:25.657 [AsyncHttpClient-1-4] DEBUG org.asynchttpclient.netty.handler.HttpHandler - 

Request DefaultFullHttpRequest(decodeResult: success, version: HTTP/1.1, content: EmptyByteBufBE)
GET /session/cdab9b5b3f931bc9f8b68f564b15bf62/element/8b92b551-d236-43e7-ac14-4cf1b38ee5a9/enabled HTTP/1.1
User-Agent: selenium/4.1.2 (java windows)
Cache-Control: no-cache
Content-Type: application/json; charset=utf-8
host: localhost:54442
accept: */*

Response DefaultHttpResponse(decodeResult: success, version: HTTP/1.1)
HTTP/1.1 200 OK
Content-Type: application/json; charset=utf-8
cache-control: no-cache
content-length: 14

17:30:25.657 [AsyncHttpClient-1-4] DEBUG org.asynchttpclient.netty.channel.ChannelManager - Adding key: http://localhost:54442 for channel [id: 0xf316da75, L:/127.0.0.1:58104 - R:localhost/127.0.0.1:54442]
17:30:25.659 [Forwarding isElementEnabled on session cdab9b5b3f931bc9f8b68f564b15bf62 to remote] DEBUG org.asynchttpclient.netty.request.NettyRequestSender - Using pooled Channel '[id: 0xf316da75, L:/127.0.0.1:58104 - R:localhost/127.0.0.1:54442]' for 'GET' to 'http://localhost:54442/session/cdab9b5b3f931bc9f8b68f564b15bf62/element/8b92b551-d236-43e7-ac14-4cf1b38ee5a9/enabled'
17:30:25.659 [Forwarding isElementEnabled on session cdab9b5b3f931bc9f8b68f564b15bf62 to remote] DEBUG org.asynchttpclient.netty.request.NettyRequestSender - Using open Channel [id: 0xf316da75, L:/127.0.0.1:58104 - R:localhost/127.0.0.1:54442] for GET '/session/cdab9b5b3f931bc9f8b68f564b15bf62/element/8b92b551-d236-43e7-ac14-4cf1b38ee5a9/enabled'
17:30:25.665 [AsyncHttpClient-1-4] DEBUG org.asynchttpclient.netty.handler.HttpHandler - 

Request DefaultFullHttpRequest(decodeResult: success, version: HTTP/1.1, content: EmptyByteBufBE)
GET /session/cdab9b5b3f931bc9f8b68f564b15bf62/element/8b92b551-d236-43e7-ac14-4cf1b38ee5a9/enabled HTTP/1.1
User-Agent: selenium/4.1.2 (java windows)
Cache-Control: no-cache
Content-Type: application/json; charset=utf-8
host: localhost:54442
accept: */*

Response DefaultHttpResponse(decodeResult: success, version: HTTP/1.1)
HTTP/1.1 200 OK
Content-Type: application/json; charset=utf-8
cache-control: no-cache
content-length: 14

17:30:25.666 [AsyncHttpClient-1-4] DEBUG org.asynchttpclient.netty.channel.ChannelManager - Adding key: http://localhost:54442 for channel [id: 0xf316da75, L:/127.0.0.1:58104 - R:localhost/127.0.0.1:54442]
17:30:25.667 [Forwarding findElement on session cdab9b5b3f931bc9f8b68f564b15bf62 to remote] DEBUG org.asynchttpclient.netty.request.NettyRequestSender - Using pooled Channel '[id: 0xf316da75, L:/127.0.0.1:58104 - R:localhost/127.0.0.1:54442]' for 'POST' to 'http://localhost:54442/session/cdab9b5b3f931bc9f8b68f564b15bf62/element'
17:30:25.667 [Forwarding findElement on session cdab9b5b3f931bc9f8b68f564b15bf62 to remote] DEBUG org.asynchttpclient.netty.request.NettyRequestSender - Using open Channel [id: 0xf316da75, L:/127.0.0.1:58104 - R:localhost/127.0.0.1:54442] for POST '/session/cdab9b5b3f931bc9f8b68f564b15bf62/element'
17:30:25.676 [AsyncHttpClient-1-4] DEBUG org.asynchttpclient.netty.handler.HttpHandler - 

Request DefaultHttpRequest(decodeResult: success, version: HTTP/1.1)
POST /session/cdab9b5b3f931bc9f8b68f564b15bf62/element HTTP/1.1
User-Agent: selenium/4.1.2 (java windows)
Content-Length: 50
Content-Type: application/json; charset=utf-8
host: localhost:54442
accept: */*

Response DefaultHttpResponse(decodeResult: success, version: HTTP/1.1)
HTTP/1.1 200 OK
Content-Type: application/json; charset=utf-8
cache-control: no-cache
content-length: 88

17:30:25.676 [AsyncHttpClient-1-4] DEBUG org.asynchttpclient.netty.channel.ChannelManager - Adding key: http://localhost:54442 for channel [id: 0xf316da75, L:/127.0.0.1:58104 - R:localhost/127.0.0.1:54442]
17:30:25.678 [Forwarding clickElement on session cdab9b5b3f931bc9f8b68f564b15bf62 to remote] DEBUG org.asynchttpclient.netty.request.NettyRequestSender - Using pooled Channel '[id: 0xf316da75, L:/127.0.0.1:58104 - R:localhost/127.0.0.1:54442]' for 'POST' to 'http://localhost:54442/session/cdab9b5b3f931bc9f8b68f564b15bf62/element/8b92b551-d236-43e7-ac14-4cf1b38ee5a9/click'
17:30:25.678 [Forwarding clickElement on session cdab9b5b3f931bc9f8b68f564b15bf62 to remote] DEBUG org.asynchttpclient.netty.request.NettyRequestSender - Using open Channel [id: 0xf316da75, L:/127.0.0.1:58104 - R:localhost/127.0.0.1:54442] for POST '/session/cdab9b5b3f931bc9f8b68f564b15bf62/element/8b92b551-d236-43e7-ac14-4cf1b38ee5a9/click'
17:30:26.001 [AsyncHttpClient-1-4] DEBUG org.asynchttpclient.netty.handler.HttpHandler - 

Request DefaultHttpRequest(decodeResult: success, version: HTTP/1.1)
POST /session/cdab9b5b3f931bc9f8b68f564b15bf62/element/8b92b551-d236-43e7-ac14-4cf1b38ee5a9/click HTTP/1.1
User-Agent: selenium/4.1.2 (java windows)
Content-Length: 50
Content-Type: application/json; charset=utf-8
host: localhost:54442
accept: */*

Response DefaultHttpResponse(decodeResult: success, version: HTTP/1.1)
HTTP/1.1 200 OK
Content-Type: application/json; charset=utf-8
cache-control: no-cache
content-length: 14

17:30:26.002 [AsyncHttpClient-1-4] DEBUG org.asynchttpclient.netty.channel.ChannelManager - Adding key: http://localhost:54442 for channel [id: 0xf316da75, L:/127.0.0.1:58104 - R:localhost/127.0.0.1:54442]
  &amp#27;[32mGiven &amp#27;[0m&amp#27;[32mI am on the login page&amp#27;[0m                         &amp#27;[90m# starter.stepdefinitions.LoginStep.iAmOnTheLoginPage()&amp#27;[0m
17:30:26.011 [Forwarding screenshot on session cdab9b5b3f931bc9f8b68f564b15bf62 to remote] DEBUG org.asynchttpclient.netty.request.NettyRequestSender - Using pooled Channel '[id: 0xf316da75, L:/127.0.0.1:58104 - R:localhost/127.0.0.1:54442]' for 'GET' to 'http://localhost:54442/session/cdab9b5b3f931bc9f8b68f564b15bf62/screenshot'
17:30:26.011 [Forwarding screenshot on session cdab9b5b3f931bc9f8b68f564b15bf62 to remote] DEBUG org.asynchttpclient.netty.request.NettyRequestSender - Using open Channel [id: 0xf316da75, L:/127.0.0.1:58104 - R:localhost/127.0.0.1:54442] for GET '/session/cdab9b5b3f931bc9f8b68f564b15bf62/screenshot'
17:30:26.039 [AsyncHttpClient-1-1] DEBUG org.asynchttpclient.netty.channel.DefaultChannelPool - Entry count for : http://localhost:58105 : 1
17:30:26.248 [AsyncHttpClient-1-4] DEBUG org.asynchttpclient.netty.handler.HttpHandler - 

Request DefaultFullHttpRequest(decodeResult: success, version: HTTP/1.1, content: EmptyByteBufBE)
GET /session/cdab9b5b3f931bc9f8b68f564b15bf62/screenshot HTTP/1.1
User-Agent: selenium/4.1.2 (java windows)
Cache-Control: no-cache
Content-Type: application/json; charset=utf-8
host: localhost:54442
accept: */*

Response DefaultHttpResponse(decodeResult: success, version: HTTP/1.1)
HTTP/1.1 200 OK
Content-Type: application/json; charset=utf-8
cache-control: no-cache
content-length: 359396

17:30:26.249 [AsyncHttpClient-1-4] DEBUG org.asynchttpclient.netty.channel.ChannelManager - Adding key: http://localhost:54442 for channel [id: 0xf316da75, L:/127.0.0.1:58104 - R:localhost/127.0.0.1:54442]
17:30:26.264 [main] DEBUG net.serenitybdd.core.photography.Darkroom - Send negative for processing for target\site\serenity\fc0b03789d3983cbdc30382476afa1639dcb86eb1c51c4fe29be87d7db2820bf.png
17:30:26.265 [Darkroom Processing Line] DEBUG net.serenitybdd.core.photography.DarkroomProcessingLine - Processing screenshot image in /var/screenshots/screenshot-5630375773609222122
17:30:26.265 [Darkroom Processing Line] DEBUG net.serenitybdd.core.photography.DarkroomProcessingLine - Saving screenshot to target\site\serenity\fc0b03789d3983cbdc30382476afa1639dcb86eb1c51c4fe29be87d7db2820bf.png
17:30:26.272 [Forwarding findElement on session cdab9b5b3f931bc9f8b68f564b15bf62 to remote] DEBUG org.asynchttpclient.netty.request.NettyRequestSender - Using pooled Channel '[id: 0xf316da75, L:/127.0.0.1:58104 - R:localhost/127.0.0.1:54442]' for 'POST' to 'http://localhost:54442/session/cdab9b5b3f931bc9f8b68f564b15bf62/element'
17:30:26.272 [Forwarding findElement on session cdab9b5b3f931bc9f8b68f564b15bf62 to remote] DEBUG org.asynchttpclient.netty.request.NettyRequestSender - Using open Channel [id: 0xf316da75, L:/127.0.0.1:58104 - R:localhost/127.0.0.1:54442] for POST '/session/cdab9b5b3f931bc9f8b68f564b15bf62/element'
17:30:26.288 [AsyncHttpClient-1-4] DEBUG org.asynchttpclient.netty.handler.HttpHandler - 

Request DefaultHttpRequest(decodeResult: success, version: HTTP/1.1)
POST /session/cdab9b5b3f931bc9f8b68f564b15bf62/element HTTP/1.1
User-Agent: selenium/4.1.2 (java windows)
Content-Length: 53
Content-Type: application/json; charset=utf-8
host: localhost:54442
accept: */*

Response DefaultHttpResponse(decodeResult: success, version: HTTP/1.1)
HTTP/1.1 200 OK
Content-Type: application/json; charset=utf-8
cache-control: no-cache
content-length: 88

17:30:26.288 [AsyncHttpClient-1-4] DEBUG org.asynchttpclient.netty.channel.ChannelManager - Adding key: http://localhost:54442 for channel [id: 0xf316da75, L:/127.0.0.1:58104 - R:localhost/127.0.0.1:54442]
17:30:26.290 [Forwarding clearElement on session cdab9b5b3f931bc9f8b68f564b15bf62 to remote] DEBUG org.asynchttpclient.netty.request.NettyRequestSender - Using pooled Channel '[id: 0xf316da75, L:/127.0.0.1:58104 - R:localhost/127.0.0.1:54442]' for 'POST' to 'http://localhost:54442/session/cdab9b5b3f931bc9f8b68f564b15bf62/element/c075ea66-9922-4344-907b-c7429e37173a/clear'
17:30:26.290 [Forwarding clearElement on session cdab9b5b3f931bc9f8b68f564b15bf62 to remote] DEBUG org.asynchttpclient.netty.request.NettyRequestSender - Using open Channel [id: 0xf316da75, L:/127.0.0.1:58104 - R:localhost/127.0.0.1:54442] for POST '/session/cdab9b5b3f931bc9f8b68f564b15bf62/element/c075ea66-9922-4344-907b-c7429e37173a/clear'
17:30:26.335 [AsyncHttpClient-1-4] DEBUG org.asynchttpclient.netty.handler.HttpHandler - 

Request DefaultHttpRequest(decodeResult: success, version: HTTP/1.1)
POST /session/cdab9b5b3f931bc9f8b68f564b15bf62/element/c075ea66-9922-4344-907b-c7429e37173a/clear HTTP/1.1
User-Agent: selenium/4.1.2 (java windows)
Content-Length: 50
Content-Type: application/json; charset=utf-8
host: localhost:54442
accept: */*

Response DefaultHttpResponse(decodeResult: success, version: HTTP/1.1)
HTTP/1.1 200 OK
Content-Type: application/json; charset=utf-8
cache-control: no-cache
content-length: 14

17:30:26.335 [AsyncHttpClient-1-4] DEBUG org.asynchttpclient.netty.channel.ChannelManager - Adding key: http://localhost:54442 for channel [id: 0xf316da75, L:/127.0.0.1:58104 - R:localhost/127.0.0.1:54442]
17:30:26.337 [Forwarding sendKeysToElement on session cdab9b5b3f931bc9f8b68f564b15bf62 to remote] DEBUG org.asynchttpclient.netty.request.NettyRequestSender - Using pooled Channel '[id: 0xf316da75, L:/127.0.0.1:58104 - R:localhost/127.0.0.1:54442]' for 'POST' to 'http://localhost:54442/session/cdab9b5b3f931bc9f8b68f564b15bf62/element/c075ea66-9922-4344-907b-c7429e37173a/value'
17:30:26.337 [Forwarding sendKeysToElement on session cdab9b5b3f931bc9f8b68f564b15bf62 to remote] DEBUG org.asynchttpclient.netty.request.NettyRequestSender - Using open Channel [id: 0xf316da75, L:/127.0.0.1:58104 - R:localhost/127.0.0.1:54442] for POST '/session/cdab9b5b3f931bc9f8b68f564b15bf62/element/c075ea66-9922-4344-907b-c7429e37173a/value'
17:30:26.409 [AsyncHttpClient-1-4] DEBUG org.asynchttpclient.netty.handler.HttpHandler - 

Request DefaultHttpRequest(decodeResult: success, version: HTTP/1.1)
POST /session/cdab9b5b3f931bc9f8b68f564b15bf62/element/c075ea66-9922-4344-907b-c7429e37173a/value HTTP/1.1
User-Agent: selenium/4.1.2 (java windows)
Content-Length: 131
Content-Type: application/json; charset=utf-8
host: localhost:54442
accept: */*

Response DefaultHttpResponse(decodeResult: success, version: HTTP/1.1)
HTTP/1.1 200 OK
Content-Type: application/json; charset=utf-8
cache-control: no-cache
content-length: 14

17:30:26.409 [AsyncHttpClient-1-4] DEBUG org.asynchttpclient.netty.channel.ChannelManager - Adding key: http://localhost:54442 for channel [id: 0xf316da75, L:/127.0.0.1:58104 - R:localhost/127.0.0.1:54442]
  &amp#27;[32mWhen &amp#27;[0m&amp#27;[32mI input valid username&amp#27;[0m                          &amp#27;[90m# starter.stepdefinitions.LoginStep.iInputValidUsername()&amp#27;[0m
17:30:26.421 [Forwarding screenshot on session cdab9b5b3f931bc9f8b68f564b15bf62 to remote] DEBUG org.asynchttpclient.netty.request.NettyRequestSender - Using pooled Channel '[id: 0xf316da75, L:/127.0.0.1:58104 - R:localhost/127.0.0.1:54442]' for 'GET' to 'http://localhost:54442/session/cdab9b5b3f931bc9f8b68f564b15bf62/screenshot'
17:30:26.421 [Forwarding screenshot on session cdab9b5b3f931bc9f8b68f564b15bf62 to remote] DEBUG org.asynchttpclient.netty.request.NettyRequestSender - Using open Channel [id: 0xf316da75, L:/127.0.0.1:58104 - R:localhost/127.0.0.1:54442] for GET '/session/cdab9b5b3f931bc9f8b68f564b15bf62/screenshot'
17:30:26.763 [AsyncHttpClient-1-4] DEBUG org.asynchttpclient.netty.handler.HttpHandler - 

Request DefaultFullHttpRequest(decodeResult: success, version: HTTP/1.1, content: EmptyByteBufBE)
GET /session/cdab9b5b3f931bc9f8b68f564b15bf62/screenshot HTTP/1.1
User-Agent: selenium/4.1.2 (java windows)
Cache-Control: no-cache
Content-Type: application/json; charset=utf-8
host: localhost:54442
accept: */*

Response DefaultHttpResponse(decodeResult: success, version: HTTP/1.1)
HTTP/1.1 200 OK
Content-Type: application/json; charset=utf-8
cache-control: no-cache
content-length: 342220

17:30:26.764 [AsyncHttpClient-1-4] DEBUG org.asynchttpclient.netty.channel.ChannelManager - Adding key: http://localhost:54442 for channel [id: 0xf316da75, L:/127.0.0.1:58104 - R:localhost/127.0.0.1:54442]
17:30:26.786 [main] DEBUG net.serenitybdd.core.photography.Darkroom - Send negative for processing for target\site\serenity\45182135c391b6432b74a8dbc48253e085e5e5ce5181cebb0c9fc32a79f2af04.png
17:30:26.786 [Darkroom Processing Line] DEBUG net.serenitybdd.core.photography.DarkroomProcessingLine - Processing screenshot image in /var/screenshots/screenshot-12071676944563325820
17:30:26.786 [Darkroom Processing Line] DEBUG net.serenitybdd.core.photography.DarkroomProcessingLine - Saving screenshot to target\site\serenity\45182135c391b6432b74a8dbc48253e085e5e5ce5181cebb0c9fc32a79f2af04.png
17:30:26.800 [Forwarding findElement on session cdab9b5b3f931bc9f8b68f564b15bf62 to remote] DEBUG org.asynchttpclient.netty.request.NettyRequestSender - Using pooled Channel '[id: 0xf316da75, L:/127.0.0.1:58104 - R:localhost/127.0.0.1:54442]' for 'POST' to 'http://localhost:54442/session/cdab9b5b3f931bc9f8b68f564b15bf62/element'
17:30:26.800 [Forwarding findElement on session cdab9b5b3f931bc9f8b68f564b15bf62 to remote] DEBUG org.asynchttpclient.netty.request.NettyRequestSender - Using open Channel [id: 0xf316da75, L:/127.0.0.1:58104 - R:localhost/127.0.0.1:54442] for POST '/session/cdab9b5b3f931bc9f8b68f564b15bf62/element'
17:30:26.817 [AsyncHttpClient-1-4] DEBUG org.asynchttpclient.netty.handler.HttpHandler - 

Request DefaultHttpRequest(decodeResult: success, version: HTTP/1.1)
POST /session/cdab9b5b3f931bc9f8b68f564b15bf62/element HTTP/1.1
User-Agent: selenium/4.1.2 (java windows)
Content-Length: 53
Content-Type: application/json; charset=utf-8
host: localhost:54442
accept: */*

Response DefaultHttpResponse(decodeResult: success, version: HTTP/1.1)
HTTP/1.1 200 OK
Content-Type: application/json; charset=utf-8
cache-control: no-cache
content-length: 88

17:30:26.817 [AsyncHttpClient-1-4] DEBUG org.asynchttpclient.netty.channel.ChannelManager - Adding key: http://localhost:54442 for channel [id: 0xf316da75, L:/127.0.0.1:58104 - R:localhost/127.0.0.1:54442]
17:30:26.820 [Forwarding clearElement on session cdab9b5b3f931bc9f8b68f564b15bf62 to remote] DEBUG org.asynchttpclient.netty.request.NettyRequestSender - Using pooled Channel '[id: 0xf316da75, L:/127.0.0.1:58104 - R:localhost/127.0.0.1:54442]' for 'POST' to 'http://localhost:54442/session/cdab9b5b3f931bc9f8b68f564b15bf62/element/eb5a9db6-2037-4e70-b5da-619b77043404/clear'
17:30:26.820 [Forwarding clearElement on session cdab9b5b3f931bc9f8b68f564b15bf62 to remote] DEBUG org.asynchttpclient.netty.request.NettyRequestSender - Using open Channel [id: 0xf316da75, L:/127.0.0.1:58104 - R:localhost/127.0.0.1:54442] for POST '/session/cdab9b5b3f931bc9f8b68f564b15bf62/element/eb5a9db6-2037-4e70-b5da-619b77043404/clear'
17:30:26.867 [AsyncHttpClient-1-4] DEBUG org.asynchttpclient.netty.handler.HttpHandler - 

Request DefaultHttpRequest(decodeResult: success, version: HTTP/1.1)
POST /session/cdab9b5b3f931bc9f8b68f564b15bf62/element/eb5a9db6-2037-4e70-b5da-619b77043404/clear HTTP/1.1
User-Agent: selenium/4.1.2 (java windows)
Content-Length: 50
Content-Type: application/json; charset=utf-8
host: localhost:54442
accept: */*

Response DefaultHttpResponse(decodeResult: success, version: HTTP/1.1)
HTTP/1.1 200 OK
Content-Type: application/json; charset=utf-8
cache-control: no-cache
content-length: 14

17:30:26.867 [AsyncHttpClient-1-4] DEBUG org.asynchttpclient.netty.channel.ChannelManager - Adding key: http://localhost:54442 for channel [id: 0xf316da75, L:/127.0.0.1:58104 - R:localhost/127.0.0.1:54442]
17:30:26.869 [Forwarding sendKeysToElement on session cdab9b5b3f931bc9f8b68f564b15bf62 to remote] DEBUG org.asynchttpclient.netty.request.NettyRequestSender - Using pooled Channel '[id: 0xf316da75, L:/127.0.0.1:58104 - R:localhost/127.0.0.1:54442]' for 'POST' to 'http://localhost:54442/session/cdab9b5b3f931bc9f8b68f564b15bf62/element/eb5a9db6-2037-4e70-b5da-619b77043404/value'
17:30:26.870 [Forwarding sendKeysToElement on session cdab9b5b3f931bc9f8b68f564b15bf62 to remote] DEBUG org.asynchttpclient.netty.request.NettyRequestSender - Using open Channel [id: 0xf316da75, L:/127.0.0.1:58104 - R:localhost/127.0.0.1:54442] for POST '/session/cdab9b5b3f931bc9f8b68f564b15bf62/element/eb5a9db6-2037-4e70-b5da-619b77043404/value'
17:30:26.932 [AsyncHttpClient-1-4] DEBUG org.asynchttpclient.netty.handler.HttpHandler - 

Request DefaultHttpRequest(decodeResult: success, version: HTTP/1.1)
POST /session/cdab9b5b3f931bc9f8b68f564b15bf62/element/eb5a9db6-2037-4e70-b5da-619b77043404/value HTTP/1.1
User-Agent: selenium/4.1.2 (java windows)
Content-Length: 82
Content-Type: application/json; charset=utf-8
host: localhost:54442
accept: */*

Response DefaultHttpResponse(decodeResult: success, version: HTTP/1.1)
HTTP/1.1 200 OK
Content-Type: application/json; charset=utf-8
cache-control: no-cache
content-length: 14

17:30:26.932 [AsyncHttpClient-1-4] DEBUG org.asynchttpclient.netty.channel.ChannelManager - Adding key: http://localhost:54442 for channel [id: 0xf316da75, L:/127.0.0.1:58104 - R:localhost/127.0.0.1:54442]
  &amp#27;[32mAnd &amp#27;[0m&amp#27;[32mI input empty password&amp#27;[0m                           &amp#27;[90m# starter.stepdefinitions.LoginStep.iInputEmptyPassword()&amp#27;[0m
17:30:26.943 [Forwarding screenshot on session cdab9b5b3f931bc9f8b68f564b15bf62 to remote] DEBUG org.asynchttpclient.netty.request.NettyRequestSender - Using pooled Channel '[id: 0xf316da75, L:/127.0.0.1:58104 - R:localhost/127.0.0.1:54442]' for 'GET' to 'http://localhost:54442/session/cdab9b5b3f931bc9f8b68f564b15bf62/screenshot'
17:30:26.943 [Forwarding screenshot on session cdab9b5b3f931bc9f8b68f564b15bf62 to remote] DEBUG org.asynchttpclient.netty.request.NettyRequestSender - Using open Channel [id: 0xf316da75, L:/127.0.0.1:58104 - R:localhost/127.0.0.1:54442] for GET '/session/cdab9b5b3f931bc9f8b68f564b15bf62/screenshot'
17:30:27.137 [AsyncHttpClient-1-1] DEBUG org.asynchttpclient.netty.channel.DefaultChannelPool - Entry count for : http://localhost:58105 : 1
17:30:27.232 [AsyncHttpClient-1-4] DEBUG org.asynchttpclient.netty.handler.HttpHandler - 

Request DefaultFullHttpRequest(decodeResult: success, version: HTTP/1.1, content: EmptyByteBufBE)
GET /session/cdab9b5b3f931bc9f8b68f564b15bf62/screenshot HTTP/1.1
User-Agent: selenium/4.1.2 (java windows)
Cache-Control: no-cache
Content-Type: application/json; charset=utf-8
host: localhost:54442
accept: */*

Response DefaultHttpResponse(decodeResult: success, version: HTTP/1.1)
HTTP/1.1 200 OK
Content-Type: application/json; charset=utf-8
cache-control: no-cache
content-length: 333360

17:30:27.233 [AsyncHttpClient-1-4] DEBUG org.asynchttpclient.netty.channel.ChannelManager - Adding key: http://localhost:54442 for channel [id: 0xf316da75, L:/127.0.0.1:58104 - R:localhost/127.0.0.1:54442]
17:30:27.249 [main] DEBUG net.serenitybdd.core.photography.Darkroom - Send negative for processing for target\site\serenity\3c94f35321aa22d1a0b09673036780882dd2e1b7e38a9191b8e640a8fef312f1.png
17:30:27.250 [Darkroom Processing Line] DEBUG net.serenitybdd.core.photography.DarkroomProcessingLine - Processing screenshot image in /var/screenshots/screenshot-4461883082301652594
17:30:27.250 [Darkroom Processing Line] DEBUG net.serenitybdd.core.photography.DarkroomProcessingLine - Saving screenshot to target\site\serenity\3c94f35321aa22d1a0b09673036780882dd2e1b7e38a9191b8e640a8fef312f1.png
17:30:27.262 [Forwarding findElement on session cdab9b5b3f931bc9f8b68f564b15bf62 to remote] DEBUG org.asynchttpclient.netty.request.NettyRequestSender - Using pooled Channel '[id: 0xf316da75, L:/127.0.0.1:58104 - R:localhost/127.0.0.1:54442]' for 'POST' to 'http://localhost:54442/session/cdab9b5b3f931bc9f8b68f564b15bf62/element'
17:30:27.262 [Forwarding findElement on session cdab9b5b3f931bc9f8b68f564b15bf62 to remote] DEBUG org.asynchttpclient.netty.request.NettyRequestSender - Using open Channel [id: 0xf316da75, L:/127.0.0.1:58104 - R:localhost/127.0.0.1:54442] for POST '/session/cdab9b5b3f931bc9f8b68f564b15bf62/element'
17:30:27.272 [AsyncHttpClient-1-4] DEBUG org.asynchttpclient.netty.handler.HttpHandler - 

Request DefaultHttpRequest(decodeResult: success, version: HTTP/1.1)
POST /session/cdab9b5b3f931bc9f8b68f564b15bf62/element HTTP/1.1
User-Agent: selenium/4.1.2 (java windows)
Content-Length: 50
Content-Type: application/json; charset=utf-8
host: localhost:54442
accept: */*

Response DefaultHttpResponse(decodeResult: success, version: HTTP/1.1)
HTTP/1.1 200 OK
Content-Type: application/json; charset=utf-8
cache-control: no-cache
content-length: 88

17:30:27.272 [AsyncHttpClient-1-4] DEBUG org.asynchttpclient.netty.channel.ChannelManager - Adding key: http://localhost:54442 for channel [id: 0xf316da75, L:/127.0.0.1:58104 - R:localhost/127.0.0.1:54442]
17:30:27.277 [Forwarding isElementDisplayed on session cdab9b5b3f931bc9f8b68f564b15bf62 to remote] DEBUG org.asynchttpclient.netty.request.NettyRequestSender - Using pooled Channel '[id: 0xf316da75, L:/127.0.0.1:58104 - R:localhost/127.0.0.1:54442]' for 'POST' to 'http://localhost:54442/session/cdab9b5b3f931bc9f8b68f564b15bf62/execute/sync'
17:30:27.278 [Forwarding isElementDisplayed on session cdab9b5b3f931bc9f8b68f564b15bf62 to remote] DEBUG org.asynchttpclient.netty.request.NettyRequestSender - Using open Channel [id: 0xf316da75, L:/127.0.0.1:58104 - R:localhost/127.0.0.1:54442] for POST '/session/cdab9b5b3f931bc9f8b68f564b15bf62/execute/sync'
17:30:27.302 [AsyncHttpClient-1-4] DEBUG org.asynchttpclient.netty.handler.HttpHandler - 

Request DefaultHttpRequest(decodeResult: success, version: HTTP/1.1)
POST /session/cdab9b5b3f931bc9f8b68f564b15bf62/execute/sync HTTP/1.1
User-Agent: selenium/4.1.2 (java windows)
Content-Length: 48780
Content-Type: application/json; charset=utf-8
host: localhost:54442
accept: */*

Response DefaultHttpResponse(decodeResult: success, version: HTTP/1.1)
HTTP/1.1 200 OK
Content-Type: application/json; charset=utf-8
cache-control: no-cache
content-length: 14

17:30:27.302 [AsyncHttpClient-1-4] DEBUG org.asynchttpclient.netty.channel.ChannelManager - Adding key: http://localhost:54442 for channel [id: 0xf316da75, L:/127.0.0.1:58104 - R:localhost/127.0.0.1:54442]
17:30:27.309 [Forwarding findElement on session cdab9b5b3f931bc9f8b68f564b15bf62 to remote] DEBUG org.asynchttpclient.netty.request.NettyRequestSender - Using pooled Channel '[id: 0xf316da75, L:/127.0.0.1:58104 - R:localhost/127.0.0.1:54442]' for 'POST' to 'http://localhost:54442/session/cdab9b5b3f931bc9f8b68f564b15bf62/element'
17:30:27.309 [Forwarding findElement on session cdab9b5b3f931bc9f8b68f564b15bf62 to remote] DEBUG org.asynchttpclient.netty.request.NettyRequestSender - Using open Channel [id: 0xf316da75, L:/127.0.0.1:58104 - R:localhost/127.0.0.1:54442] for POST '/session/cdab9b5b3f931bc9f8b68f564b15bf62/element'
17:30:27.317 [AsyncHttpClient-1-4] DEBUG org.asynchttpclient.netty.handler.HttpHandler - 

Request DefaultHttpRequest(decodeResult: success, version: HTTP/1.1)
POST /session/cdab9b5b3f931bc9f8b68f564b15bf62/element HTTP/1.1
User-Agent: selenium/4.1.2 (java windows)
Content-Length: 50
Content-Type: application/json; charset=utf-8
host: localhost:54442
accept: */*

Response DefaultHttpResponse(decodeResult: success, version: HTTP/1.1)
HTTP/1.1 200 OK
Content-Type: application/json; charset=utf-8
cache-control: no-cache
content-length: 88

17:30:27.317 [AsyncHttpClient-1-4] DEBUG org.asynchttpclient.netty.channel.ChannelManager - Adding key: http://localhost:54442 for channel [id: 0xf316da75, L:/127.0.0.1:58104 - R:localhost/127.0.0.1:54442]
17:30:27.320 [Forwarding getElementTagName on session cdab9b5b3f931bc9f8b68f564b15bf62 to remote] DEBUG org.asynchttpclient.netty.request.NettyRequestSender - Using pooled Channel '[id: 0xf316da75, L:/127.0.0.1:58104 - R:localhost/127.0.0.1:54442]' for 'GET' to 'http://localhost:54442/session/cdab9b5b3f931bc9f8b68f564b15bf62/element/00d993b5-0796-43aa-9e7a-8eab3e0ce9ee/name'
17:30:27.320 [Forwarding getElementTagName on session cdab9b5b3f931bc9f8b68f564b15bf62 to remote] DEBUG org.asynchttpclient.netty.request.NettyRequestSender - Using open Channel [id: 0xf316da75, L:/127.0.0.1:58104 - R:localhost/127.0.0.1:54442] for GET '/session/cdab9b5b3f931bc9f8b68f564b15bf62/element/00d993b5-0796-43aa-9e7a-8eab3e0ce9ee/name'
17:30:27.327 [AsyncHttpClient-1-4] DEBUG org.asynchttpclient.netty.handler.HttpHandler - 

Request DefaultFullHttpRequest(decodeResult: success, version: HTTP/1.1, content: EmptyByteBufBE)
GET /session/cdab9b5b3f931bc9f8b68f564b15bf62/element/00d993b5-0796-43aa-9e7a-8eab3e0ce9ee/name HTTP/1.1
User-Agent: selenium/4.1.2 (java windows)
Cache-Control: no-cache
Content-Type: application/json; charset=utf-8
host: localhost:54442
accept: */*

Response DefaultHttpResponse(decodeResult: success, version: HTTP/1.1)
HTTP/1.1 200 OK
Content-Type: application/json; charset=utf-8
cache-control: no-cache
content-length: 18

17:30:27.327 [AsyncHttpClient-1-4] DEBUG org.asynchttpclient.netty.channel.ChannelManager - Adding key: http://localhost:54442 for channel [id: 0xf316da75, L:/127.0.0.1:58104 - R:localhost/127.0.0.1:54442]
17:30:27.329 [Forwarding getElementTagName on session cdab9b5b3f931bc9f8b68f564b15bf62 to remote] DEBUG org.asynchttpclient.netty.request.NettyRequestSender - Using pooled Channel '[id: 0xf316da75, L:/127.0.0.1:58104 - R:localhost/127.0.0.1:54442]' for 'GET' to 'http://localhost:54442/session/cdab9b5b3f931bc9f8b68f564b15bf62/element/00d993b5-0796-43aa-9e7a-8eab3e0ce9ee/name'
17:30:27.329 [Forwarding getElementTagName on session cdab9b5b3f931bc9f8b68f564b15bf62 to remote] DEBUG org.asynchttpclient.netty.request.NettyRequestSender - Using open Channel [id: 0xf316da75, L:/127.0.0.1:58104 - R:localhost/127.0.0.1:54442] for GET '/session/cdab9b5b3f931bc9f8b68f564b15bf62/element/00d993b5-0796-43aa-9e7a-8eab3e0ce9ee/name'
17:30:27.333 [AsyncHttpClient-1-4] DEBUG org.asynchttpclient.netty.handler.HttpHandler - 

Request DefaultFullHttpRequest(decodeResult: success, version: HTTP/1.1, content: EmptyByteBufBE)
GET /session/cdab9b5b3f931bc9f8b68f564b15bf62/element/00d993b5-0796-43aa-9e7a-8eab3e0ce9ee/name HTTP/1.1
User-Agent: selenium/4.1.2 (java windows)
Cache-Control: no-cache
Content-Type: application/json; charset=utf-8
host: localhost:54442
accept: */*

Response DefaultHttpResponse(decodeResult: success, version: HTTP/1.1)
HTTP/1.1 200 OK
Content-Type: application/json; charset=utf-8
cache-control: no-cache
content-length: 18

17:30:27.333 [AsyncHttpClient-1-4] DEBUG org.asynchttpclient.netty.channel.ChannelManager - Adding key: http://localhost:54442 for channel [id: 0xf316da75, L:/127.0.0.1:58104 - R:localhost/127.0.0.1:54442]
17:30:27.337 [Forwarding isElementEnabled on session cdab9b5b3f931bc9f8b68f564b15bf62 to remote] DEBUG org.asynchttpclient.netty.request.NettyRequestSender - Using pooled Channel '[id: 0xf316da75, L:/127.0.0.1:58104 - R:localhost/127.0.0.1:54442]' for 'GET' to 'http://localhost:54442/session/cdab9b5b3f931bc9f8b68f564b15bf62/element/00d993b5-0796-43aa-9e7a-8eab3e0ce9ee/enabled'
17:30:27.337 [Forwarding isElementEnabled on session cdab9b5b3f931bc9f8b68f564b15bf62 to remote] DEBUG org.asynchttpclient.netty.request.NettyRequestSender - Using open Channel [id: 0xf316da75, L:/127.0.0.1:58104 - R:localhost/127.0.0.1:54442] for GET '/session/cdab9b5b3f931bc9f8b68f564b15bf62/element/00d993b5-0796-43aa-9e7a-8eab3e0ce9ee/enabled'
17:30:27.350 [AsyncHttpClient-1-4] DEBUG org.asynchttpclient.netty.handler.HttpHandler - 

Request DefaultFullHttpRequest(decodeResult: success, version: HTTP/1.1, content: EmptyByteBufBE)
GET /session/cdab9b5b3f931bc9f8b68f564b15bf62/element/00d993b5-0796-43aa-9e7a-8eab3e0ce9ee/enabled HTTP/1.1
User-Agent: selenium/4.1.2 (java windows)
Cache-Control: no-cache
Content-Type: application/json; charset=utf-8
host: localhost:54442
accept: */*

Response DefaultHttpResponse(decodeResult: success, version: HTTP/1.1)
HTTP/1.1 200 OK
Content-Type: application/json; charset=utf-8
cache-control: no-cache
content-length: 14

17:30:27.350 [AsyncHttpClient-1-4] DEBUG org.asynchttpclient.netty.channel.ChannelManager - Adding key: http://localhost:54442 for channel [id: 0xf316da75, L:/127.0.0.1:58104 - R:localhost/127.0.0.1:54442]
17:30:27.352 [Forwarding isElementEnabled on session cdab9b5b3f931bc9f8b68f564b15bf62 to remote] DEBUG org.asynchttpclient.netty.request.NettyRequestSender - Using pooled Channel '[id: 0xf316da75, L:/127.0.0.1:58104 - R:localhost/127.0.0.1:54442]' for 'GET' to 'http://localhost:54442/session/cdab9b5b3f931bc9f8b68f564b15bf62/element/00d993b5-0796-43aa-9e7a-8eab3e0ce9ee/enabled'
17:30:27.352 [Forwarding isElementEnabled on session cdab9b5b3f931bc9f8b68f564b15bf62 to remote] DEBUG org.asynchttpclient.netty.request.NettyRequestSender - Using open Channel [id: 0xf316da75, L:/127.0.0.1:58104 - R:localhost/127.0.0.1:54442] for GET '/session/cdab9b5b3f931bc9f8b68f564b15bf62/element/00d993b5-0796-43aa-9e7a-8eab3e0ce9ee/enabled'
17:30:27.360 [AsyncHttpClient-1-4] DEBUG org.asynchttpclient.netty.handler.HttpHandler - 

Request DefaultFullHttpRequest(decodeResult: success, version: HTTP/1.1, content: EmptyByteBufBE)
GET /session/cdab9b5b3f931bc9f8b68f564b15bf62/element/00d993b5-0796-43aa-9e7a-8eab3e0ce9ee/enabled HTTP/1.1
User-Agent: selenium/4.1.2 (java windows)
Cache-Control: no-cache
Content-Type: application/json; charset=utf-8
host: localhost:54442
accept: */*

Response DefaultHttpResponse(decodeResult: success, version: HTTP/1.1)
HTTP/1.1 200 OK
Content-Type: application/json; charset=utf-8
cache-control: no-cache
content-length: 14

17:30:27.360 [AsyncHttpClient-1-4] DEBUG org.asynchttpclient.netty.channel.ChannelManager - Adding key: http://localhost:54442 for channel [id: 0xf316da75, L:/127.0.0.1:58104 - R:localhost/127.0.0.1:54442]
17:30:27.362 [Forwarding findElement on session cdab9b5b3f931bc9f8b68f564b15bf62 to remote] DEBUG org.asynchttpclient.netty.request.NettyRequestSender - Using pooled Channel '[id: 0xf316da75, L:/127.0.0.1:58104 - R:localhost/127.0.0.1:54442]' for 'POST' to 'http://localhost:54442/session/cdab9b5b3f931bc9f8b68f564b15bf62/element'
17:30:27.362 [Forwarding findElement on session cdab9b5b3f931bc9f8b68f564b15bf62 to remote] DEBUG org.asynchttpclient.netty.request.NettyRequestSender - Using open Channel [id: 0xf316da75, L:/127.0.0.1:58104 - R:localhost/127.0.0.1:54442] for POST '/session/cdab9b5b3f931bc9f8b68f564b15bf62/element'
17:30:27.370 [AsyncHttpClient-1-4] DEBUG org.asynchttpclient.netty.handler.HttpHandler - 

Request DefaultHttpRequest(decodeResult: success, version: HTTP/1.1)
POST /session/cdab9b5b3f931bc9f8b68f564b15bf62/element HTTP/1.1
User-Agent: selenium/4.1.2 (java windows)
Content-Length: 50
Content-Type: application/json; charset=utf-8
host: localhost:54442
accept: */*

Response DefaultHttpResponse(decodeResult: success, version: HTTP/1.1)
HTTP/1.1 200 OK
Content-Type: application/json; charset=utf-8
cache-control: no-cache
content-length: 88

17:30:27.370 [AsyncHttpClient-1-4] DEBUG org.asynchttpclient.netty.channel.ChannelManager - Adding key: http://localhost:54442 for channel [id: 0xf316da75, L:/127.0.0.1:58104 - R:localhost/127.0.0.1:54442]
17:30:27.371 [Forwarding clickElement on session cdab9b5b3f931bc9f8b68f564b15bf62 to remote] DEBUG org.asynchttpclient.netty.request.NettyRequestSender - Using pooled Channel '[id: 0xf316da75, L:/127.0.0.1:58104 - R:localhost/127.0.0.1:54442]' for 'POST' to 'http://localhost:54442/session/cdab9b5b3f931bc9f8b68f564b15bf62/element/00d993b5-0796-43aa-9e7a-8eab3e0ce9ee/click'
17:30:27.372 [Forwarding clickElement on session cdab9b5b3f931bc9f8b68f564b15bf62 to remote] DEBUG org.asynchttpclient.netty.request.NettyRequestSender - Using open Channel [id: 0xf316da75, L:/127.0.0.1:58104 - R:localhost/127.0.0.1:54442] for POST '/session/cdab9b5b3f931bc9f8b68f564b15bf62/element/00d993b5-0796-43aa-9e7a-8eab3e0ce9ee/click'
17:30:27.417 [AsyncHttpClient-1-4] DEBUG org.asynchttpclient.netty.handler.HttpHandler - 

Request DefaultHttpRequest(decodeResult: success, version: HTTP/1.1)
POST /session/cdab9b5b3f931bc9f8b68f564b15bf62/element/00d993b5-0796-43aa-9e7a-8eab3e0ce9ee/click HTTP/1.1
User-Agent: selenium/4.1.2 (java windows)
Content-Length: 50
Content-Type: application/json; charset=utf-8
host: localhost:54442
accept: */*

Response DefaultHttpResponse(decodeResult: success, version: HTTP/1.1)
HTTP/1.1 200 OK
Content-Type: application/json; charset=utf-8
cache-control: no-cache
content-length: 14

17:30:27.417 [AsyncHttpClient-1-4] DEBUG org.asynchttpclient.netty.channel.ChannelManager - Adding key: http://localhost:54442 for channel [id: 0xf316da75, L:/127.0.0.1:58104 - R:localhost/127.0.0.1:54442]
  &amp#27;[32mAnd &amp#27;[0m&amp#27;[32mI click login button&amp#27;[0m                             &amp#27;[90m# starter.stepdefinitions.LoginStep.iClickLoginButton()&amp#27;[0m
17:30:27.428 [Forwarding screenshot on session cdab9b5b3f931bc9f8b68f564b15bf62 to remote] DEBUG org.asynchttpclient.netty.request.NettyRequestSender - Using pooled Channel '[id: 0xf316da75, L:/127.0.0.1:58104 - R:localhost/127.0.0.1:54442]' for 'GET' to 'http://localhost:54442/session/cdab9b5b3f931bc9f8b68f564b15bf62/screenshot'
17:30:27.428 [Forwarding screenshot on session cdab9b5b3f931bc9f8b68f564b15bf62 to remote] DEBUG org.asynchttpclient.netty.request.NettyRequestSender - Using open Channel [id: 0xf316da75, L:/127.0.0.1:58104 - R:localhost/127.0.0.1:54442] for GET '/session/cdab9b5b3f931bc9f8b68f564b15bf62/screenshot'
17:30:27.697 [AsyncHttpClient-1-4] DEBUG org.asynchttpclient.netty.handler.HttpHandler - 

Request DefaultFullHttpRequest(decodeResult: success, version: HTTP/1.1, content: EmptyByteBufBE)
GET /session/cdab9b5b3f931bc9f8b68f564b15bf62/screenshot HTTP/1.1
User-Agent: selenium/4.1.2 (java windows)
Cache-Control: no-cache
Content-Type: application/json; charset=utf-8
host: localhost:54442
accept: */*

Response DefaultHttpResponse(decodeResult: success, version: HTTP/1.1)
HTTP/1.1 200 OK
Content-Type: application/json; charset=utf-8
cache-control: no-cache
content-length: 335680

17:30:27.697 [AsyncHttpClient-1-4] DEBUG org.asynchttpclient.netty.channel.ChannelManager - Adding key: http://localhost:54442 for channel [id: 0xf316da75, L:/127.0.0.1:58104 - R:localhost/127.0.0.1:54442]
17:30:27.711 [main] DEBUG net.serenitybdd.core.photography.Darkroom - Send negative for processing for target\site\serenity\4008c656a3ded61a2447f9d94dad526cb9872dace473781fa055804ab8f6b5ac.png
17:30:27.711 [Darkroom Processing Line] DEBUG net.serenitybdd.core.photography.DarkroomProcessingLine - Processing screenshot image in /var/screenshots/screenshot-14754992424761141980
17:30:27.711 [Darkroom Processing Line] DEBUG net.serenitybdd.core.photography.DarkroomProcessingLine - Saving screenshot to target\site\serenity\4008c656a3ded61a2447f9d94dad526cb9872dace473781fa055804ab8f6b5ac.png
17:30:27.720 [Forwarding findElement on session cdab9b5b3f931bc9f8b68f564b15bf62 to remote] DEBUG org.asynchttpclient.netty.request.NettyRequestSender - Using pooled Channel '[id: 0xf316da75, L:/127.0.0.1:58104 - R:localhost/127.0.0.1:54442]' for 'POST' to 'http://localhost:54442/session/cdab9b5b3f931bc9f8b68f564b15bf62/element'
17:30:27.720 [Forwarding findElement on session cdab9b5b3f931bc9f8b68f564b15bf62 to remote] DEBUG org.asynchttpclient.netty.request.NettyRequestSender - Using open Channel [id: 0xf316da75, L:/127.0.0.1:58104 - R:localhost/127.0.0.1:54442] for POST '/session/cdab9b5b3f931bc9f8b68f564b15bf62/element'
17:30:27.729 [AsyncHttpClient-1-4] DEBUG org.asynchttpclient.netty.handler.HttpHandler - 

Request DefaultHttpRequest(decodeResult: success, version: HTTP/1.1)
POST /session/cdab9b5b3f931bc9f8b68f564b15bf62/element HTTP/1.1
User-Agent: selenium/4.1.2 (java windows)
Content-Length: 53
Content-Type: application/json; charset=utf-8
host: localhost:54442
accept: */*

Response DefaultHttpResponse(decodeResult: success, version: HTTP/1.1)
HTTP/1.1 200 OK
Content-Type: application/json; charset=utf-8
cache-control: no-cache
content-length: 88

17:30:27.729 [AsyncHttpClient-1-4] DEBUG org.asynchttpclient.netty.channel.ChannelManager - Adding key: http://localhost:54442 for channel [id: 0xf316da75, L:/127.0.0.1:58104 - R:localhost/127.0.0.1:54442]
17:30:27.734 [Forwarding getElementAttribute on session cdab9b5b3f931bc9f8b68f564b15bf62 to remote] DEBUG org.asynchttpclient.netty.request.NettyRequestSender - Using pooled Channel '[id: 0xf316da75, L:/127.0.0.1:58104 - R:localhost/127.0.0.1:54442]' for 'POST' to 'http://localhost:54442/session/cdab9b5b3f931bc9f8b68f564b15bf62/execute/sync'
17:30:27.734 [Forwarding getElementAttribute on session cdab9b5b3f931bc9f8b68f564b15bf62 to remote] DEBUG org.asynchttpclient.netty.request.NettyRequestSender - Using open Channel [id: 0xf316da75, L:/127.0.0.1:58104 - R:localhost/127.0.0.1:54442] for POST '/session/cdab9b5b3f931bc9f8b68f564b15bf62/execute/sync'
17:30:27.752 [AsyncHttpClient-1-4] DEBUG org.asynchttpclient.netty.handler.HttpHandler - 

Request DefaultHttpRequest(decodeResult: success, version: HTTP/1.1)
POST /session/cdab9b5b3f931bc9f8b68f564b15bf62/execute/sync HTTP/1.1
User-Agent: selenium/4.1.2 (java windows)
Content-Length: 47340
Content-Type: application/json; charset=utf-8
host: localhost:54442
accept: */*

Response DefaultHttpResponse(decodeResult: success, version: HTTP/1.1)
HTTP/1.1 200 OK
Content-Type: application/json; charset=utf-8
cache-control: no-cache
content-length: 43

17:30:27.752 [AsyncHttpClient-1-4] DEBUG org.asynchttpclient.netty.channel.ChannelManager - Adding key: http://localhost:54442 for channel [id: 0xf316da75, L:/127.0.0.1:58104 - R:localhost/127.0.0.1:54442]
  &amp#27;[32mThen &amp#27;[0m&amp#27;[32mI will get empty password error message&amp#27;[0m         &amp#27;[90m# starter.stepdefinitions.LoginStep.iWillGetEmptyPasswordErrorMessage()&amp#27;[0m
17:30:27.761 [main] INFO  - 
  _____   ___   ___   _____     ___     _     ___   ___   ___   ___  
 |_   _| | __| / __| |_   _|   | _ \   /_\   / __| / __| | __| |   \ 
   | |   | _|  \__ \   | |     |  _/  / _ \  \__ \ \__ \ | _|  | |) |
   |_|   |___| |___/   |_|     |_|   /_/ \_\ |___/ |___/ |___| |___/ 

Login with valid username and empty password
----------------------------------------------------------------------
17:30:27.762 [AsyncHttpClient-1-6] DEBUG org.asynchttpclient.netty.handler.WebSocketHandler - Channel Closed: [id: 0x0e5c4ec2, L:/127.0.0.1:58112 ! R:localhost/127.0.0.1:58105] with attribute NettyResponseFuture{currentRetry=5,
	isDone=1,
	isCancelled=0,
	asyncHandler=org.asynchttpclient.ws.WebSocketUpgradeHandler@4136db12,
	nettyRequest=org.asynchttpclient.netty.request.NettyRequest@bebf2a2,
	future=java.util.concurrent.CompletableFuture@39ac5b0e[Completed normally],
	uri=ws://localhost:58105/devtools/browser/7f230cc7-9281-4bf8-8916-21d08d7d0f00,
	keepAlive=true,
	redirectCount=0,
	timeoutsHolder=null,
	inAuth=0,
	touch=1664965818243}
17:30:27.763 [AsyncHttpClient-1-6] DEBUG org.asynchttpclient.netty.channel.ChannelManager - Closing Channel [id: 0x0e5c4ec2, L:/127.0.0.1:58112 ! R:localhost/127.0.0.1:58105] 
17:30:27.763 [Driver Command Executor] DEBUG org.asynchttpclient.netty.request.NettyRequestSender - Using pooled Channel '[id: 0xf316da75, L:/127.0.0.1:58104 - R:localhost/127.0.0.1:54442]' for 'DELETE' to 'http://localhost:54442/session/cdab9b5b3f931bc9f8b68f564b15bf62'
17:30:27.763 [Driver Command Executor] DEBUG org.asynchttpclient.netty.request.NettyRequestSender - Using open Channel [id: 0xf316da75, L:/127.0.0.1:58104 - R:localhost/127.0.0.1:54442] for DELETE '/session/cdab9b5b3f931bc9f8b68f564b15bf62'
17:30:27.823 [AsyncHttpClient-1-5] DEBUG org.asynchttpclient.netty.handler.HttpHandler - Unexpected I/O exception on channel [id: 0xf0a5b931, L:/127.0.0.1:58111 - R:localhost/127.0.0.1:58105]
java.net.SocketException: Connection reset
	at java.base/sun.nio.ch.SocketChannelImpl.throwConnectionReset(SocketChannelImpl.java:345)
	at java.base/sun.nio.ch.SocketChannelImpl.read(SocketChannelImpl.java:376)
	at io.netty.buffer.PooledByteBuf.setBytes(PooledByteBuf.java:258)
	at io.netty.buffer.AbstractByteBuf.writeBytes(AbstractByteBuf.java:1132)
	at io.netty.channel.socket.nio.NioSocketChannel.doReadBytes(NioSocketChannel.java:350)
	at io.netty.channel.nio.AbstractNioByteChannel$NioByteUnsafe.read(AbstractNioByteChannel.java:151)
	at io.netty.channel.nio.NioEventLoop.processSelectedKey(NioEventLoop.java:722)
	at io.netty.channel.nio.NioEventLoop.processSelectedKeysOptimized(NioEventLoop.java:658)
	at io.netty.channel.nio.NioEventLoop.processSelectedKeys(NioEventLoop.java:584)
	at io.netty.channel.nio.NioEventLoop.run(NioEventLoop.java:496)
	at io.netty.util.concurrent.SingleThreadEventExecutor$4.run(SingleThreadEventExecutor.java:986)
	at io.netty.util.internal.ThreadExecutorMap$2.run(ThreadExecutorMap.java:74)
	at io.netty.util.concurrent.FastThreadLocalRunnable.run(FastThreadLocalRunnable.java:30)
	at java.base/java.lang.Thread.run(Thread.java:830)
17:30:27.823 [AsyncHttpClient-1-5] DEBUG org.asynchttpclient.netty.channel.ChannelManager - Closing Channel [id: 0xf0a5b931, L:/127.0.0.1:58111 - R:localhost/127.0.0.1:58105] 
17:30:27.823 [AsyncHttpClient-1-5] DEBUG org.asynchttpclient.netty.handler.HttpHandler - Channel Closed: [id: 0xf0a5b931, L:/127.0.0.1:58111 ! R:localhost/127.0.0.1:58105] with attribute DISCARD
17:30:27.865 [AsyncHttpClient-1-4] DEBUG org.asynchttpclient.netty.handler.HttpHandler - 

Request DefaultFullHttpRequest(decodeResult: success, version: HTTP/1.1, content: EmptyByteBufBE)
DELETE /session/cdab9b5b3f931bc9f8b68f564b15bf62 HTTP/1.1
User-Agent: selenium/4.1.2 (java windows)
Content-Type: application/json; charset=utf-8
host: localhost:54442
accept: */*

Response DefaultHttpResponse(decodeResult: success, version: HTTP/1.1)
HTTP/1.1 200 OK
Content-Type: application/json; charset=utf-8
cache-control: no-cache
content-length: 14

17:30:27.865 [AsyncHttpClient-1-4] DEBUG org.asynchttpclient.netty.channel.ChannelManager - Adding key: http://localhost:54442 for channel [id: 0xf316da75, L:/127.0.0.1:58104 - R:localhost/127.0.0.1:54442]
17:30:27.953 [AsyncHttpClient-1-4] DEBUG org.asynchttpclient.netty.handler.HttpHandler - Channel Closed: [id: 0xf316da75, L:/127.0.0.1:58104 ! R:localhost/127.0.0.1:54442] with attribute DISCARD
17:30:28.240 [AsyncHttpClient-1-1] DEBUG org.asynchttpclient.netty.channel.DefaultChannelPool - Entry count for : http://localhost:58105 : 1
17:30:28.240 [AsyncHttpClient-1-1] DEBUG org.asynchttpclient.netty.channel.DefaultChannelPool - Entry count for : http://localhost:54442 : 1
17:30:28.240 [AsyncHttpClient-1-1] DEBUG org.asynchttpclient.netty.channel.DefaultChannelPool - Adding Candidate expired Channel [id: 0xf0a5b931, L:/127.0.0.1:58111 ! R:localhost/127.0.0.1:58105] isIdleTimeoutExpired=false isRemotelyClosed=true isTtlExpired=false
17:30:28.240 [AsyncHttpClient-1-1] DEBUG org.asynchttpclient.netty.channel.DefaultChannelPool - Closing Idle Channel [id: 0xf0a5b931, L:/127.0.0.1:58111 ! R:localhost/127.0.0.1:58105]
17:30:28.240 [AsyncHttpClient-1-1] DEBUG org.asynchttpclient.netty.channel.DefaultChannelPool - Adding Candidate expired Channel [id: 0xf316da75, L:/127.0.0.1:58104 ! R:localhost/127.0.0.1:54442] isIdleTimeoutExpired=false isRemotelyClosed=true isTtlExpired=false
17:30:28.240 [AsyncHttpClient-1-1] DEBUG org.asynchttpclient.netty.channel.DefaultChannelPool - Closing Idle Channel [id: 0xf316da75, L:/127.0.0.1:58104 ! R:localhost/127.0.0.1:54442]
17:30:28.240 [AsyncHttpClient-1-1] DEBUG org.asynchttpclient.netty.channel.DefaultChannelPool - Closed 2 connections out of 2 in 0 ms
]]></system-out>
    <system-err><![CDATA[Starting ChromeDriver 106.0.5249.61 (511755355844955cd3e264779baf0dd38212a4d0-refs/branch-heads/5249@{#569}) on port 54442
Only local connections are allowed.
Please see https://chromedriver.chromium.org/security-considerations for suggestions on keeping ChromeDriver safe.
ChromeDriver was started successfully.
Oct 05, 2022 5:30:18 PM org.openqa.selenium.remote.ProtocolHandshake createSession
INFO: Detected dialect: W3C
Oct 05, 2022 5:30:18 PM org.openqa.selenium.devtools.CdpVersionFinder findNearestMatch
WARNING: Unable to find an exact match for CDP version 106, so returning the closest version found: a no-op implementation
Oct 05, 2022 5:30:18 PM org.openqa.selenium.devtools.CdpVersionFinder findNearestMatch
INFO: Unable to find CDP implementation matching 106.
Oct 05, 2022 5:30:18 PM org.openqa.selenium.chromium.ChromiumDriver lambda$new$3
WARNING: Unable to find version of CDP to use for . You may need to include a dependency on a specific version of the CDP using something similar to `org.seleniumhq.selenium:selenium-devtools-v86:4.1.2` where the version ("v86") matches the version of the chromium-based browser you're using and the version number of the artifact is the same as Selenium's.
]]></system-err>
  </testcase>
</testsuite>